#
# There is insufficient memory for the Java Runtime Environment to continue.
# Native memory allocation (mmap) failed to map 352256 bytes for committing reserved memory.
# Possible reasons:
#   The system is out of physical RAM or swap space
#   In 32 bit mode, the process size limit was hit
# Possible solutions:
#   Reduce memory load on the system
#   Increase physical memory or swap space
#   Check if swap backing store is full
#   Use 64 bit Java on a 64 bit OS
#   Decrease Java heap size (-Xmx/-Xms)
#   Decrease number of Java threads
#   Decrease Java thread stack sizes (-Xss)
#   Set larger code cache with -XX:ReservedCodeCacheSize=
# This output file may be truncated or incomplete.
#
#  Out of Memory Error (os_linux.cpp:2643), pid=7009, tid=0x00007f69493cd700
#
# JRE version: OpenJDK Runtime Environment (8.0_131-b11) (build 1.8.0_131-8u131-b11-0ubuntu1.16.04.2-b11)
# Java VM: OpenJDK 64-Bit Server VM (25.131-b11 mixed mode linux-amd64 compressed oops)
# Failed to write core dump. Core dumps have been disabled. To enable core dumping, try "ulimit -c unlimited" before starting Java again
#

---------------  T H R E A D  ---------------

Current thread (0x00007f6944074800):  VMThread [stack: 0x00007f69492cd000,0x00007f69493ce000] [id=7023]

Stack: [0x00007f69492cd000,0x00007f69493ce000],  sp=0x00007f69493cc080,  free space=1020k
Native frames: (J=compiled Java code, j=interpreted, Vv=VM code, C=native code)
V  [libjvm.so+0xa673eb]
V  [libjvm.so+0x4c3bec]
V  [libjvm.so+0x8b58a0]
V  [libjvm.so+0x8afd1e]
V  [libjvm.so+0xa63ce4]
V  [libjvm.so+0x5c9fd9]
V  [libjvm.so+0x5ca4aa]
V  [libjvm.so+0x5b6b76]
V  [libjvm.so+0x4cb94c]
V  [libjvm.so+0x895851]
V  [libjvm.so+0x989563]
V  [libjvm.so+0x4c8592]
V  [libjvm.so+0x5b5180]
V  [libjvm.so+0x4ca268]
V  [libjvm.so+0x5b6188]
V  [libjvm.so+0x44b81f]
V  [libjvm.so+0xa684f1]
V  [libjvm.so+0xa6e187]
V  [libjvm.so+0xa6b957]
V  [libjvm.so+0xa6cddf]
V  [libjvm.so+0xa6d2d1]
V  [libjvm.so+0x8b2d82]

VM_Operation (0x00007f6934312280): GenCollectForAllocation, mode: safepoint, requested by thread 0x00007f6918355000


---------------  P R O C E S S  ---------------

Java Threads: ( => current thread )
  0x00007f692801c000 JavaThread "task-result-getter-3" daemon [_thread_blocked, id=7108, stack(0x00007f6911f44000,0x00007f6912045000)]
  0x00007f6930221000 JavaThread "task-result-getter-2" daemon [_thread_blocked, id=7102, stack(0x00007f6912045000,0x00007f6912146000)]
  0x00007f693018b000 JavaThread "stderr reader for python" daemon [_thread_in_native, id=7098, stack(0x00007f6912146000,0x00007f6912247000)]
  0x00007f6930189800 JavaThread "stdout reader for python" daemon [_thread_in_native, id=7097, stack(0x00007f6912247000,0x00007f6912348000)]
  0x00007f693016f000 JavaThread "process reaper" daemon [_thread_in_native, id=7096, stack(0x00007f6917bc7000,0x00007f6917c00000)]
  0x00007f693016c000 JavaThread "Idle Worker Monitor for python" daemon [_thread_blocked, id=7094, stack(0x00007f691304b000,0x00007f691314c000)]
  0x00007f693015b000 JavaThread "task-result-getter-1" daemon [_thread_blocked, id=7079, stack(0x00007f6912748000,0x00007f6912849000)]
  0x00007f691c067000 JavaThread "ForkJoinPool-3-worker-15" daemon [_thread_blocked, id=7077, stack(0x00007f6913d50000,0x00007f6913e51000)]
  0x00007f693012a800 JavaThread "task-result-getter-0" daemon [_thread_blocked, id=7072, stack(0x00007f691394e000,0x00007f6913a4f000)]
  0x00007f6918445000 JavaThread "ForkJoinPool-2-worker-11" daemon [_thread_blocked, id=7071, stack(0x00007f6913c4f000,0x00007f6913d50000)]
  0x00007f6925a68800 JavaThread "org.apache.hadoop.fs.FileSystem$Statistics$StatisticsDataReferenceCleaner" daemon [_thread_blocked, id=7068, stack(0x00007f691475f000,0x00007f6914860000)]
  0x00007f69249d5000 JavaThread "SparkListenerBus" daemon [_thread_blocked, id=7066, stack(0x00007f6914c60000,0x00007f6914d61000)]
  0x00007f69249d1000 JavaThread "context-cleaner-periodic-gc" daemon [_thread_blocked, id=7065, stack(0x00007f6914d61000,0x00007f6914e62000)]
  0x00007f69249cf000 JavaThread "Spark Context Cleaner" daemon [_thread_blocked, id=7064, stack(0x00007f6914e62000,0x00007f6914f63000)]
  0x00007f69247d1000 JavaThread "shuffle-server-5-1" daemon [_thread_in_native, id=7063, stack(0x00007f6915163000,0x00007f6915264000)]
  0x00007f692479b000 JavaThread "driver-heartbeater" daemon [_thread_blocked, id=7062, stack(0x00007f6915264000,0x00007f6915365000)]
  0x00007f692463c800 JavaThread "dag-scheduler-event-loop" daemon [_thread_blocked, id=7061, stack(0x00007f6915365000,0x00007f6915466000)]
  0x0000000000d9e800 JavaThread "netty-rpc-env-timeout" daemon [_thread_blocked, id=7060, stack(0x00007f6915466000,0x00007f6915567000)]
  0x00007f692461c800 JavaThread "Timer-0" daemon [_thread_blocked, id=7059, stack(0x00007f6915567000,0x00007f6915668000)]
  0x00007f693007c800 JavaThread "heartbeat-receiver-event-loop-thread" daemon [_thread_blocked, id=7058, stack(0x00007f6915668000,0x00007f6915769000)]
  0x00007f692465d800 JavaThread "SparkUI-37" daemon [_thread_blocked, id=7057, stack(0x00007f6915769000,0x00007f691586a000)]
  0x00007f692465b800 JavaThread "SparkUI-36" daemon [_thread_blocked, id=7056, stack(0x00007f691586a000,0x00007f691596b000)]
  0x00007f6924659800 JavaThread "SparkUI-35" daemon [_thread_blocked, id=7055, stack(0x00007f691596b000,0x00007f6915a6c000)]
  0x00007f6924658000 JavaThread "SparkUI-34" daemon [_thread_blocked, id=7054, stack(0x00007f6915a6c000,0x00007f6915b6d000)]
  0x00007f6924629000 JavaThread "SparkUI-33" daemon [_thread_blocked, id=7053, stack(0x00007f6915b6d000,0x00007f6915c6e000)]
  0x00007f6924627800 JavaThread "SparkUI-32" daemon [_thread_blocked, id=7052, stack(0x00007f6915c6e000,0x00007f6915d6f000)]
  0x00007f6924652000 JavaThread "SparkUI-31-acceptor-0@9024114-Spark@7c5be44{HTTP/1.1}{0.0.0.0:4040}" daemon [_thread_in_native, id=7051, stack(0x00007f6915d6f000,0x00007f6915e70000)]
  0x00007f6924651800 JavaThread "SparkUI-30-selector-ServerConnectorManager@3f7c3bfa/0" daemon [_thread_in_native, id=7050, stack(0x00007f6915e70000,0x00007f6915f71000)]
  0x00007f69245c2800 JavaThread "refresh progress" daemon [_thread_blocked, id=7048, stack(0x00007f6916171000,0x00007f6916272000)]
  0x00007f692448b000 JavaThread "map-output-dispatcher-7" daemon [_thread_blocked, id=7047, stack(0x00007f6916472000,0x00007f6916573000)]
  0x00007f6924489000 JavaThread "map-output-dispatcher-6" daemon [_thread_blocked, id=7046, stack(0x00007f6916573000,0x00007f6916674000)]
  0x00007f6924487000 JavaThread "map-output-dispatcher-5" daemon [_thread_blocked, id=7045, stack(0x00007f6916674000,0x00007f6916775000)]
  0x00007f6924460000 JavaThread "map-output-dispatcher-4" daemon [_thread_blocked, id=7044, stack(0x00007f6916775000,0x00007f6916876000)]
  0x00007f692445e000 JavaThread "map-output-dispatcher-3" daemon [_thread_blocked, id=7043, stack(0x00007f6916876000,0x00007f6916977000)]
  0x00007f69244a0800 JavaThread "map-output-dispatcher-2" daemon [_thread_blocked, id=7042, stack(0x00007f6916977000,0x00007f6916a78000)]
  0x00007f692449f000 JavaThread "map-output-dispatcher-1" daemon [_thread_blocked, id=7041, stack(0x00007f6916a78000,0x00007f6916b79000)]
  0x00007f69243c9000 JavaThread "map-output-dispatcher-0" daemon [_thread_blocked, id=7040, stack(0x00007f6916b79000,0x00007f6916c7a000)]
  0x00007f6924560000 JavaThread "rpc-server-3-1" daemon [_thread_in_native, id=7039, stack(0x00007f6916c7a000,0x00007f6916d7b000)]
  0x00007f69243fd000 JavaThread "dispatcher-event-loop-1" daemon [_thread_blocked, id=7038, stack(0x00007f69171a1000,0x00007f69172a2000)]
  0x00007f6924406000 JavaThread "dispatcher-event-loop-0" daemon [_thread_blocked, id=7037, stack(0x00007f6917ac6000,0x00007f6917bc7000)]
  0x00007f6918355000 JavaThread "Thread-2" [_thread_blocked, id=7033, stack(0x00007f6934213000,0x00007f6934314000)]
  0x00007f6944cf7000 JavaThread "Thread-1" [_thread_in_native, id=7032, stack(0x00007f6934314000,0x00007f6934415000)]
  0x00007f6944ce9800 JavaThread "pool-1-thread-1" [_thread_blocked, id=7031, stack(0x00007f6934415000,0x00007f6934516000)]
  0x00007f69440af800 JavaThread "Service Thread" daemon [_thread_blocked, id=7029, stack(0x00007f6948b2f000,0x00007f6948c30000)]
  0x00007f69440ac800 JavaThread "C1 CompilerThread1" daemon [_thread_blocked, id=7028, stack(0x00007f6948c30000,0x00007f6948d31000)]
  0x00007f69440aa000 JavaThread "C2 CompilerThread0" daemon [_thread_blocked, id=7027, stack(0x00007f6948d31000,0x00007f6948e32000)]
  0x00007f69440a8000 JavaThread "Signal Dispatcher" daemon [_thread_blocked, id=7026, stack(0x00007f6948e32000,0x00007f6948f33000)]
  0x00007f6944081000 JavaThread "Finalizer" daemon [_thread_blocked, id=7025, stack(0x00007f69490cb000,0x00007f69491cc000)]
  0x00007f694407c800 JavaThread "Reference Handler" daemon [_thread_blocked, id=7024, stack(0x00007f69491cc000,0x00007f69492cd000)]
  0x00007f6944010800 JavaThread "main" [_thread_in_native, id=7022, stack(0x00007f694dac2000,0x00007f694dbc3000)]

Other Threads:
=>0x00007f6944074800 VMThread [stack: 0x00007f69492cd000,0x00007f69493ce000] [id=7023]
  0x00007f69440b6800 WatcherThread [stack: 0x00007f6948a2e000,0x00007f6948b2f000] [id=7030]

VM state:at safepoint (normal execution)

VM Mutex/Monitor currently owned by a thread:  ([mutex/lock_event])
[0x00007f694400d050] Threads_lock - owner thread: 0x00007f6944074800
[0x00007f694400d550] Heap_lock - owner thread: 0x00007f6918355000

Heap:
 def new generation   total 78464K, used 78444K [0x00000000c0000000, 0x00000000c5520000, 0x00000000d5550000)
  eden space 69760K,  99% used [0x00000000c0000000, 0x00000000c441b2c8, 0x00000000c4420000)
  from space 8704K, 100% used [0x00000000c4420000, 0x00000000c4ca0000, 0x00000000c4ca0000)
  to   space 8704K,  96% used [0x00000000c4ca0000, 0x00000000c54d5140, 0x00000000c5520000)
 tenured generation   total 180724K, used 180482K [0x00000000d5550000, 0x00000000e05cd000, 0x0000000100000000)
   the space 180724K,  99% used [0x00000000d5550000, 0x00000000e0590a50, 0x00000000e0590c00, 0x00000000e05cd000)
 Metaspace       used 69172K, capacity 69904K, committed 70144K, reserved 1110016K
  class space    used 9506K, capacity 9669K, committed 9728K, reserved 1048576K

Card table byte_map: [0x00007f6949f69000,0x00007f694a16a000] byte_map_base: 0x00007f6949969000

Polling page: 0x00007f694dbce000

CodeCache: size=245760Kb used=26416Kb max_used=26432Kb free=219343Kb
 bounds [0x00007f6935000000, 0x00007f6936a10000, 0x00007f6944000000]
 total_blobs=9414 nmethods=8814 adapters=511
 compilation: enabled

Compilation events (10 events):
Event: 4151.971 Thread 0x00007f69440ac800 nmethod 11254 0x00007f69354c01d0 code [0x00007f69354c0340, 0x00007f69354c0560]
Event: 4151.972 Thread 0x00007f69440ac800 11255       3       org.apache.spark.scheduler.TaskSchedulerImpl::log (5 bytes)
Event: 4151.972 Thread 0x00007f69440ac800 nmethod 11255 0x00007f6936a02e90 code [0x00007f6936a03000, 0x00007f6936a03180]
Event: 4151.973 Thread 0x00007f69440ac800 11256       3       org.apache.spark.scheduler.TaskInfo::launchTime (5 bytes)
Event: 4151.973 Thread 0x00007f69440ac800 nmethod 11256 0x00007f6935207550 code [0x00007f69352076a0, 0x00007f69352077f0]
Event: 4151.978 Thread 0x00007f69440ac800 11257   !   3       org.apache.hadoop.fs.FileSystem::exists (17 bytes)
Event: 4151.978 Thread 0x00007f69440ac800 nmethod 11257 0x00007f693564c5d0 code [0x00007f693564c740, 0x00007f693564c9c0]
Event: 4151.982 Thread 0x00007f69440aa000 nmethod 11250 0x00007f6935d1b9d0 code [0x00007f6935d1bb20, 0x00007f6935d1bb98]
Event: 4230.460 Thread 0x00007f69440ac800 11258       3       py4j.commands.CallCommand::execute (76 bytes)
Event: 4230.465 Thread 0x00007f69440ac800 nmethod 11258 0x00007f6935adddd0 code [0x00007f6935ade080, 0x00007f6935adf4f0]

GC Heap History (10 events):
Event: 4151.216 GC heap after
Heap after GC invocations=999 (full 58):
 def new generation   total 78464K, used 671K [0x00000000c0000000, 0x00000000c5520000, 0x00000000d5550000)
  eden space 69760K,   0% used [0x00000000c0000000, 0x00000000c0000000, 0x00000000c4420000)
  from space 8704K,   7% used [0x00000000c4420000, 0x00000000c44c7c10, 0x00000000c4ca0000)
  to   space 8704K,   0% used [0x00000000c4ca0000, 0x00000000c4ca0000, 0x00000000c5520000)
 tenured generation   total 174188K, used 144269K [0x00000000d5550000, 0x00000000dff6b000, 0x0000000100000000)
   the space 174188K,  82% used [0x00000000d5550000, 0x00000000de233540, 0x00000000de233600, 0x00000000dff6b000)
 Metaspace       used 69165K, capacity 69904K, committed 70144K, reserved 1110016K
  class space    used 9506K, capacity 9669K, committed 9728K, reserved 1048576K
}
Event: 4151.278 GC heap before
{Heap before GC invocations=999 (full 58):
 def new generation   total 78464K, used 70431K [0x00000000c0000000, 0x00000000c5520000, 0x00000000d5550000)
  eden space 69760K, 100% used [0x00000000c0000000, 0x00000000c4420000, 0x00000000c4420000)
  from space 8704K,   7% used [0x00000000c4420000, 0x00000000c44c7c10, 0x00000000c4ca0000)
  to   space 8704K,   0% used [0x00000000c4ca0000, 0x00000000c4ca0000, 0x00000000c5520000)
 tenured generation   total 174188K, used 144269K [0x00000000d5550000, 0x00000000dff6b000, 0x0000000100000000)
   the space 174188K,  82% used [0x00000000d5550000, 0x00000000de233540, 0x00000000de233600, 0x00000000dff6b000)
 Metaspace       used 69165K, capacity 69904K, committed 70144K, reserved 1110016K
  class space    used 9506K, capacity 9669K, committed 9728K, reserved 1048576K
Event: 4151.281 GC heap after
Heap after GC invocations=1000 (full 58):
 def new generation   total 78464K, used 574K [0x00000000c0000000, 0x00000000c5520000, 0x00000000d5550000)
  eden space 69760K,   0% used [0x00000000c0000000, 0x00000000c0000000, 0x00000000c4420000)
  from space 8704K,   6% used [0x00000000c4ca0000, 0x00000000c4d2f920, 0x00000000c5520000)
  to   space 8704K,   0% used [0x00000000c4420000, 0x00000000c4420000, 0x00000000c4ca0000)
 tenured generation   total 174188K, used 144269K [0x00000000d5550000, 0x00000000dff6b000, 0x0000000100000000)
   the space 174188K,  82% used [0x00000000d5550000, 0x00000000de233540, 0x00000000de233600, 0x00000000dff6b000)
 Metaspace       used 69165K, capacity 69904K, committed 70144K, reserved 1110016K
  class space    used 9506K, capacity 9669K, committed 9728K, reserved 1048576K
}
Event: 4151.453 GC heap before
{Heap before GC invocations=1000 (full 58):
 def new generation   total 78464K, used 70334K [0x00000000c0000000, 0x00000000c5520000, 0x00000000d5550000)
  eden space 69760K, 100% used [0x00000000c0000000, 0x00000000c4420000, 0x00000000c4420000)
  from space 8704K,   6% used [0x00000000c4ca0000, 0x00000000c4d2f920, 0x00000000c5520000)
  to   space 8704K,   0% used [0x00000000c4420000, 0x00000000c4420000, 0x00000000c4ca0000)
 tenured generation   total 174188K, used 144269K [0x00000000d5550000, 0x00000000dff6b000, 0x0000000100000000)
   the space 174188K,  82% used [0x00000000d5550000, 0x00000000de233540, 0x00000000de233600, 0x00000000dff6b000)
 Metaspace       used 69170K, capacity 69904K, committed 70144K, reserved 1110016K
  class space    used 9506K, capacity 9669K, committed 9728K, reserved 1048576K
Event: 4151.461 GC heap after
Heap after GC invocations=1001 (full 58):
 def new generation   total 78464K, used 8704K [0x00000000c0000000, 0x00000000c5520000, 0x00000000d5550000)
  eden space 69760K,   0% used [0x00000000c0000000, 0x00000000c0000000, 0x00000000c4420000)
  from space 8704K, 100% used [0x00000000c4420000, 0x00000000c4ca0000, 0x00000000c4ca0000)
  to   space 8704K,   0% used [0x00000000c4ca0000, 0x00000000c4ca0000, 0x00000000c5520000)
 tenured generation   total 174188K, used 145312K [0x00000000d5550000, 0x00000000dff6b000, 0x0000000100000000)
   the space 174188K,  83% used [0x00000000d5550000, 0x00000000de338030, 0x00000000de338200, 0x00000000dff6b000)
 Metaspace       used 69170K, capacity 69904K, committed 70144K, reserved 1110016K
  class space    used 9506K, capacity 9669K, committed 9728K, reserved 1048576K
}
Event: 4151.660 GC heap before
{Heap before GC invocations=1001 (full 58):
 def new generation   total 78464K, used 78464K [0x00000000c0000000, 0x00000000c5520000, 0x00000000d5550000)
  eden space 69760K, 100% used [0x00000000c0000000, 0x00000000c4420000, 0x00000000c4420000)
  from space 8704K, 100% used [0x00000000c4420000, 0x00000000c4ca0000, 0x00000000c4ca0000)
  to   space 8704K,   0% used [0x00000000c4ca0000, 0x00000000c4ca0000, 0x00000000c5520000)
 tenured generation   total 174188K, used 145312K [0x00000000d5550000, 0x00000000dff6b000, 0x0000000100000000)
   the space 174188K,  83% used [0x00000000d5550000, 0x00000000de338030, 0x00000000de338200, 0x00000000dff6b000)
 Metaspace       used 69170K, capacity 69904K, committed 70144K, reserved 1110016K
  class space    used 9506K, capacity 9669K, committed 9728K, reserved 1048576K
Event: 4151.668 GC heap after
Heap after GC invocations=1002 (full 58):
 def new generation   total 78464K, used 2459K [0x00000000c0000000, 0x00000000c5520000, 0x00000000d5550000)
  eden space 69760K,   0% used [0x00000000c0000000, 0x00000000c0000000, 0x00000000c4420000)
  from space 8704K,  28% used [0x00000000c4ca0000, 0x00000000c4f06de0, 0x00000000c5520000)
  to   space 8704K,   0% used [0x00000000c4420000, 0x00000000c4420000, 0x00000000c4ca0000)
 tenured generation   total 174188K, used 153252K [0x00000000d5550000, 0x00000000dff6b000, 0x0000000100000000)
   the space 174188K,  87% used [0x00000000d5550000, 0x00000000deaf90c8, 0x00000000deaf9200, 0x00000000dff6b000)
 Metaspace       used 69170K, capacity 69904K, committed 70144K, reserved 1110016K
  class space    used 9506K, capacity 9669K, committed 9728K, reserved 1048576K
}
Event: 4151.851 GC heap before
{Heap before GC invocations=1002 (full 58):
 def new generation   total 78464K, used 72219K [0x00000000c0000000, 0x00000000c5520000, 0x00000000d5550000)
  eden space 69760K, 100% used [0x00000000c0000000, 0x00000000c4420000, 0x00000000c4420000)
  from space 8704K,  28% used [0x00000000c4ca0000, 0x00000000c4f06de0, 0x00000000c5520000)
  to   space 8704K,   0% used [0x00000000c4420000, 0x00000000c4420000, 0x00000000c4ca0000)
 tenured generation   total 174188K, used 153252K [0x00000000d5550000, 0x00000000dff6b000, 0x0000000100000000)
   the space 174188K,  87% used [0x00000000d5550000, 0x00000000deaf90c8, 0x00000000deaf9200, 0x00000000dff6b000)
 Metaspace       used 69170K, capacity 69904K, committed 70144K, reserved 1110016K
  class space    used 9506K, capacity 9669K, committed 9728K, reserved 1048576K
Event: 4151.856 GC heap after
Heap after GC invocations=1003 (full 58):
 def new generation   total 78464K, used 8704K [0x00000000c0000000, 0x00000000c5520000, 0x00000000d5550000)
  eden space 69760K,   0% used [0x00000000c0000000, 0x00000000c0000000, 0x00000000c4420000)
  from space 8704K, 100% used [0x00000000c4420000, 0x00000000c4ca0000, 0x00000000c4ca0000)
  to   space 8704K,   0% used [0x00000000c4ca0000, 0x00000000c4ca0000, 0x00000000c5520000)
 tenured generation   total 174188K, used 153366K [0x00000000d5550000, 0x00000000dff6b000, 0x0000000100000000)
   the space 174188K,  88% used [0x00000000d5550000, 0x00000000deb15b80, 0x00000000deb15c00, 0x00000000dff6b000)
 Metaspace       used 69170K, capacity 69904K, committed 70144K, reserved 1110016K
  class space    used 9506K, capacity 9669K, committed 9728K, reserved 1048576K
}
Event: 4230.561 GC heap before
{Heap before GC invocations=1003 (full 58):
 def new generation   total 78464K, used 78444K [0x00000000c0000000, 0x00000000c5520000, 0x00000000d5550000)
  eden space 69760K,  99% used [0x00000000c0000000, 0x00000000c441b2c8, 0x00000000c4420000)
  from space 8704K, 100% used [0x00000000c4420000, 0x00000000c4ca0000, 0x00000000c4ca0000)
  to   space 8704K,   0% used [0x00000000c4ca0000, 0x00000000c4ca0000, 0x00000000c5520000)
 tenured generation   total 174188K, used 153366K [0x00000000d5550000, 0x00000000dff6b000, 0x0000000100000000)
   the space 174188K,  88% used [0x00000000d5550000, 0x00000000deb15b80, 0x00000000deb15c00, 0x00000000dff6b000)
 Metaspace       used 69172K, capacity 69904K, committed 70144K, reserved 1110016K
  class space    used 9506K, capacity 9669K, committed 9728K, reserved 1048576K

Deoptimization events (10 events):
Event: 2879.389 Thread 0x00007f69243fd000 Uncommon trap: reason=bimorphic action=maybe_recompile pc=0x00007f6935fa8884 method=scala.collection.convert.Decorators$AsScala.asScala()Ljava/lang/Object; @ 4
Event: 2886.749 Thread 0x00007f692479b000 Uncommon trap: reason=bimorphic action=maybe_recompile pc=0x00007f6935fa8884 method=scala.collection.convert.Decorators$AsScala.asScala()Ljava/lang/Object; @ 4
Event: 3158.397 Thread 0x00007f6918355000 Uncommon trap: reason=predicate action=maybe_recompile pc=0x00007f6935188558 method=java.util.Arrays.fill([Ljava/lang/Object;IILjava/lang/Object;)V @ 16
Event: 3225.203 Thread 0x00007f6918355000 Uncommon trap: reason=array_check action=maybe_recompile pc=0x00007f6935bcebc8 method=java.util.Arrays.fill([Ljava/lang/Object;IILjava/lang/Object;)V @ 20
Event: 3225.207 Thread 0x00007f6918355000 Uncommon trap: reason=array_check action=maybe_recompile pc=0x00007f6935bcebc8 method=java.util.Arrays.fill([Ljava/lang/Object;IILjava/lang/Object;)V @ 20
Event: 3295.915 Thread 0x00007f6918355000 Uncommon trap: reason=array_check action=maybe_recompile pc=0x00007f6935bcebc8 method=java.util.Arrays.fill([Ljava/lang/Object;IILjava/lang/Object;)V @ 20
Event: 3297.762 Thread 0x00007f6918355000 Uncommon trap: reason=array_check action=maybe_recompile pc=0x00007f6935bcebc8 method=java.util.Arrays.fill([Ljava/lang/Object;IILjava/lang/Object;)V @ 20
Event: 3976.850 Thread 0x00007f693007c800 Uncommon trap: reason=unstable_if action=reinterpret pc=0x00007f69368db1cc method=scala.concurrent.impl.Promise$DefaultPromise.scala$concurrent$impl$Promise$DefaultPromise$$dispatchOrAddCallback(Lscala/concurrent/impl/CallbackRunnable;)V @ 72
Event: 4022.890 Thread 0x0000000000d9e800 Uncommon trap: reason=unstable_if action=reinterpret pc=0x00007f69358074a0 method=scala.concurrent.impl.Promise$.scala$concurrent$impl$Promise$$resolveTry(Lscala/util/Try;)Lscala/util/Try; @ 4
Event: 4065.687 Thread 0x00007f692479b000 Uncommon trap: reason=unstable_if action=reinterpret pc=0x00007f6935561308 method=java.lang.ref.SoftReference.get()Ljava/lang/Object; @ 6

Internal exceptions (10 events):
Event: 168.106 Thread 0x00007f6930179000 Exception <a 'java/lang/NoSuchMethodError': <clinit>> (0x00000000c2b6bdd8) thrown at [/build/openjdk-8-VTMhfL/openjdk-8-8u131-b11/src/hotspot/src/share/vm/prims/jni.cpp, line 1613]
Event: 1278.934 Thread 0x00007f69302db000 Implicit null exception at 0x00007f6935d5efec to 0x00007f6935d606c5
Event: 1278.934 Thread 0x00007f69302db000 Implicit null exception at 0x00007f6935cd5e2d to 0x00007f6935cd5fa1
Event: 1278.934 Thread 0x00007f69302db000 Implicit null exception at 0x00007f6936185f98 to 0x00007f6936186791
Event: 1278.934 Thread 0x00007f69302db000 Implicit null exception at 0x00007f6935db5372 to 0x00007f6935db6b69
Event: 1278.934 Thread 0x00007f69302db000 Implicit null exception at 0x00007f6935da7854 to 0x00007f6935da79ad
Event: 1278.934 Thread 0x00007f69302db000 Implicit null exception at 0x00007f6935dc306c to 0x00007f6935dc4795
Event: 1654.116 Thread 0x00007f6918355000 Implicit null exception at 0x00007f693630c35f to 0x00007f693630d575
Event: 2878.865 Thread 0x00007f692801c800 Implicit null exception at 0x00007f693553c322 to 0x00007f6935542b49
Event: 4065.570 Thread 0x00007f692479b000 Implicit null exception at 0x00007f6935560b7f to 0x00007f69355612c9

Events (10 events):
Event: 4211.982 Executing VM operation: RevokeBias done
Event: 4211.982 Thread 0x00007f6924c14800 Thread exited: 0x00007f6924c14800
Event: 4230.450 loading class PythonRDD
Event: 4230.451 loading class PythonRDD done
Event: 4230.455 loading class java/lang/PythonRDD
Event: 4230.455 loading class java/lang/PythonRDD done
Event: 4230.455 loading class org/apache/spark/api/java/PythonRDD
Event: 4230.455 loading class org/apache/spark/api/java/PythonRDD done
Event: 4230.466 Thread 0x00007f69440ac800 flushing nmethod 0x00007f6935fd48d0
Event: 4230.554 Executing VM operation: GenCollectForAllocation


Dynamic libraries:
00400000-00401000 r-xp 00000000 ca:01 783016                             /usr/lib/jvm/java-8-openjdk-amd64/jre/bin/java
00600000-00601000 r--p 00000000 ca:01 783016                             /usr/lib/jvm/java-8-openjdk-amd64/jre/bin/java
00601000-00602000 rw-p 00001000 ca:01 783016                             /usr/lib/jvm/java-8-openjdk-amd64/jre/bin/java
00d78000-00fc8000 rw-p 00000000 00:00 0                                  [heap]
c0000000-c5520000 rw-p 00000000 00:00 0 
c5520000-d5550000 ---p 00000000 00:00 0 
d5550000-e05cd000 rw-p 00000000 00:00 0 
e0623000-100000000 ---p 00000000 00:00 0 
100000000-100980000 rw-p 00000000 00:00 0 
100980000-140000000 ---p 00000000 00:00 0 
7f6910fb4000-7f69110b4000 rw-p 00000000 00:00 0 
7f69110b4000-7f69111b7000 ---p 00000000 00:00 0 
7f69111b7000-7f69112b5000 rw-p 00000000 00:00 0 
7f69112b5000-7f69112b8000 ---p 00000000 00:00 0 
7f69112b8000-7f69113b6000 rw-p 00000000 00:00 0 
7f69113b6000-7f69113b9000 ---p 00000000 00:00 0 
7f69113b9000-7f69114b7000 rw-p 00000000 00:00 0 
7f69114b7000-7f69114ba000 ---p 00000000 00:00 0 
7f69114ba000-7f69117b8000 rw-p 00000000 00:00 0 
7f69117b8000-7f69117f5000 r-xp 00000000 ca:01 96575                      /tmp/snappy-1.1.2-c2cbf403-6505-46f3-a14f-b84f9be2a4f0-libsnappyjava.so
7f69117f5000-7f69119f5000 ---p 0003d000 ca:01 96575                      /tmp/snappy-1.1.2-c2cbf403-6505-46f3-a14f-b84f9be2a4f0-libsnappyjava.so
7f69119f5000-7f69119f8000 rw-p 0003d000 ca:01 96575                      /tmp/snappy-1.1.2-c2cbf403-6505-46f3-a14f-b84f9be2a4f0-libsnappyjava.so
7f69119f8000-7f6911c0a000 rw-p 00000000 00:00 0 
7f6911c0a000-7f6911c0d000 ---p 00000000 00:00 0 
7f6911c0d000-7f6911d0b000 rw-p 00000000 00:00 0 
7f6911d0b000-7f6911d0e000 ---p 00000000 00:00 0 
7f6911d0e000-7f6911f44000 rw-p 00000000 00:00 0 
7f6911f44000-7f6911f47000 ---p 00000000 00:00 0 
7f6911f47000-7f6912045000 rw-p 00000000 00:00 0 
7f6912045000-7f6912048000 ---p 00000000 00:00 0 
7f6912048000-7f6912146000 rw-p 00000000 00:00 0 
7f6912146000-7f6912149000 ---p 00000000 00:00 0 
7f6912149000-7f6912247000 rw-p 00000000 00:00 0 
7f6912247000-7f691224a000 ---p 00000000 00:00 0 
7f691224a000-7f6912548000 rw-p 00000000 00:00 0 
7f6912548000-7f6912748000 rw-p 00000000 00:00 0 
7f6912748000-7f691274b000 ---p 00000000 00:00 0 
7f691274b000-7f6912849000 rw-p 00000000 00:00 0 
7f6912849000-7f691284c000 ---p 00000000 00:00 0 
7f691284c000-7f6912b4a000 rw-p 00000000 00:00 0 
7f6912b4a000-7f6912d4a000 rw-p 00000000 00:00 0 
7f6912d4a000-7f6912f4a000 rw-p 00000000 00:00 0 
7f6912f4a000-7f6912f4d000 ---p 00000000 00:00 0 
7f6912f4d000-7f691304b000 rw-p 00000000 00:00 0 
7f691304b000-7f691304e000 ---p 00000000 00:00 0 
7f691304e000-7f691314c000 rw-p 00000000 00:00 0 
7f691314c000-7f691314f000 ---p 00000000 00:00 0 
7f691314f000-7f691324d000 rw-p 00000000 00:00 0 
7f691324d000-7f6913250000 ---p 00000000 00:00 0 
7f6913250000-7f691354e000 rw-p 00000000 00:00 0 
7f691354e000-7f691374e000 rw-p 00000000 00:00 0 
7f691374e000-7f691394e000 rw-p 00000000 00:00 0 
7f691394e000-7f6913951000 ---p 00000000 00:00 0 
7f6913951000-7f6913c4f000 rw-p 00000000 00:00 0 
7f6913c4f000-7f6913c52000 ---p 00000000 00:00 0 
7f6913c52000-7f6913d50000 rw-p 00000000 00:00 0 
7f6913d50000-7f6913d53000 ---p 00000000 00:00 0 
7f6913d53000-7f6913e51000 rw-p 00000000 00:00 0 
7f6913e51000-7f6913e54000 ---p 00000000 00:00 0 
7f6913e54000-7f6913f52000 rw-p 00000000 00:00 0 
7f6913f52000-7f6913f5f000 r-xp 00000000 ca:01 75110                      /tmp/liblz4-java5465920549957637084.so
7f6913f5f000-7f691415e000 ---p 0000d000 ca:01 75110                      /tmp/liblz4-java5465920549957637084.so
7f691415e000-7f691415f000 rw-p 0000c000 ca:01 75110                      /tmp/liblz4-java5465920549957637084.so
7f691415f000-7f691435f000 rw-p 00000000 00:00 0 
7f691435f000-7f691455f000 rw-p 00000000 00:00 0 
7f691455f000-7f691475f000 rw-p 00000000 00:00 0 
7f691475f000-7f6914762000 ---p 00000000 00:00 0 
7f6914762000-7f6914a60000 rw-p 00000000 00:00 0 
7f6914a60000-7f6914c60000 rw-p 00000000 00:00 0 
7f6914c60000-7f6914c63000 ---p 00000000 00:00 0 
7f6914c63000-7f6914d61000 rw-p 00000000 00:00 0 
7f6914d61000-7f6914d64000 ---p 00000000 00:00 0 
7f6914d64000-7f6914e62000 rw-p 00000000 00:00 0 
7f6914e62000-7f6914e65000 ---p 00000000 00:00 0 
7f6914e65000-7f6915163000 rw-p 00000000 00:00 0 
7f6915163000-7f6915166000 ---p 00000000 00:00 0 
7f6915166000-7f6915264000 rw-p 00000000 00:00 0 
7f6915264000-7f6915267000 ---p 00000000 00:00 0 
7f6915267000-7f6915365000 rw-p 00000000 00:00 0 
7f6915365000-7f6915368000 ---p 00000000 00:00 0 
7f6915368000-7f6915466000 rw-p 00000000 00:00 0 
7f6915466000-7f6915469000 ---p 00000000 00:00 0 
7f6915469000-7f6915567000 rw-p 00000000 00:00 0 
7f6915567000-7f691556a000 ---p 00000000 00:00 0 
7f691556a000-7f6915668000 rw-p 00000000 00:00 0 
7f6915668000-7f691566b000 ---p 00000000 00:00 0 
7f691566b000-7f6915769000 rw-p 00000000 00:00 0 
7f6915769000-7f691576c000 ---p 00000000 00:00 0 
7f691576c000-7f691586a000 rw-p 00000000 00:00 0 
7f691586a000-7f691586d000 ---p 00000000 00:00 0 
7f691586d000-7f691596b000 rw-p 00000000 00:00 0 
7f691596b000-7f691596e000 ---p 00000000 00:00 0 
7f691596e000-7f6915a6c000 rw-p 00000000 00:00 0 
7f6915a6c000-7f6915a6f000 ---p 00000000 00:00 0 
7f6915a6f000-7f6915b6d000 rw-p 00000000 00:00 0 
7f6915b6d000-7f6915b70000 ---p 00000000 00:00 0 
7f6915b70000-7f6915c6e000 rw-p 00000000 00:00 0 
7f6915c6e000-7f6915c71000 ---p 00000000 00:00 0 
7f6915c71000-7f6915d6f000 rw-p 00000000 00:00 0 
7f6915d6f000-7f6915d72000 ---p 00000000 00:00 0 
7f6915d72000-7f6915e70000 rw-p 00000000 00:00 0 
7f6915e70000-7f6915e73000 ---p 00000000 00:00 0 
7f6915e73000-7f6916171000 rw-p 00000000 00:00 0 
7f6916171000-7f6916174000 ---p 00000000 00:00 0 
7f6916174000-7f6916472000 rw-p 00000000 00:00 0 
7f6916472000-7f6916475000 ---p 00000000 00:00 0 
7f6916475000-7f6916573000 rw-p 00000000 00:00 0 
7f6916573000-7f6916576000 ---p 00000000 00:00 0 
7f6916576000-7f6916674000 rw-p 00000000 00:00 0 
7f6916674000-7f6916677000 ---p 00000000 00:00 0 
7f6916677000-7f6916775000 rw-p 00000000 00:00 0 
7f6916775000-7f6916778000 ---p 00000000 00:00 0 
7f6916778000-7f6916876000 rw-p 00000000 00:00 0 
7f6916876000-7f6916879000 ---p 00000000 00:00 0 
7f6916879000-7f6916977000 rw-p 00000000 00:00 0 
7f6916977000-7f691697a000 ---p 00000000 00:00 0 
7f691697a000-7f6916a78000 rw-p 00000000 00:00 0 
7f6916a78000-7f6916a7b000 ---p 00000000 00:00 0 
7f6916a7b000-7f6916b79000 rw-p 00000000 00:00 0 
7f6916b79000-7f6916b7c000 ---p 00000000 00:00 0 
7f6916b7c000-7f6916c7a000 rw-p 00000000 00:00 0 
7f6916c7a000-7f6916c7d000 ---p 00000000 00:00 0 
7f6916c7d000-7f6916d7b000 rw-p 00000000 00:00 0 
7f6916d7b000-7f6916d8c000 r-xp 00000000 ca:01 782977                     /usr/lib/jvm/java-8-openjdk-amd64/jre/lib/amd64/libnio.so
7f6916d8c000-7f6916f8c000 ---p 00011000 ca:01 782977                     /usr/lib/jvm/java-8-openjdk-amd64/jre/lib/amd64/libnio.so
7f6916f8c000-7f6916f8d000 r--p 00011000 ca:01 782977                     /usr/lib/jvm/java-8-openjdk-amd64/jre/lib/amd64/libnio.so
7f6916f8d000-7f6916f8e000 rw-p 00012000 ca:01 782977                     /usr/lib/jvm/java-8-openjdk-amd64/jre/lib/amd64/libnio.so
7f6916f8e000-7f691718e000 rw-p 00000000 00:00 0 
7f691718e000-7f69171a1000 r--s 00346000 ca:01 782998                     /usr/lib/jvm/java-8-openjdk-amd64/jre/lib/resources.jar
7f69171a1000-7f69171a4000 ---p 00000000 00:00 0 
7f69171a4000-7f69174a2000 rw-p 00000000 00:00 0 
7f69174a2000-7f69174b9000 r-xp 00000000 ca:01 2130                       /lib/x86_64-linux-gnu/libresolv-2.23.so
7f69174b9000-7f69176b9000 ---p 00017000 ca:01 2130                       /lib/x86_64-linux-gnu/libresolv-2.23.so
7f69176b9000-7f69176ba000 r--p 00017000 ca:01 2130                       /lib/x86_64-linux-gnu/libresolv-2.23.so
7f69176ba000-7f69176bb000 rw-p 00018000 ca:01 2130                       /lib/x86_64-linux-gnu/libresolv-2.23.so
7f69176bb000-7f69176bd000 rw-p 00000000 00:00 0 
7f69176bd000-7f69176c2000 r-xp 00000000 ca:01 2133                       /lib/x86_64-linux-gnu/libnss_dns-2.23.so
7f69176c2000-7f69178c2000 ---p 00005000 ca:01 2133                       /lib/x86_64-linux-gnu/libnss_dns-2.23.so
7f69178c2000-7f69178c3000 r--p 00005000 ca:01 2133                       /lib/x86_64-linux-gnu/libnss_dns-2.23.so
7f69178c3000-7f69178c4000 rw-p 00006000 ca:01 2133                       /lib/x86_64-linux-gnu/libnss_dns-2.23.so
7f69178c4000-7f69178c5000 r-xp 00000000 ca:01 782969                     /usr/lib/jvm/java-8-openjdk-amd64/jre/lib/amd64/libjaas_unix.so
7f69178c5000-7f6917ac4000 ---p 00001000 ca:01 782969                     /usr/lib/jvm/java-8-openjdk-amd64/jre/lib/amd64/libjaas_unix.so
7f6917ac4000-7f6917ac5000 r--p 00000000 ca:01 782969                     /usr/lib/jvm/java-8-openjdk-amd64/jre/lib/amd64/libjaas_unix.so
7f6917ac5000-7f6917ac6000 rw-p 00001000 ca:01 782969                     /usr/lib/jvm/java-8-openjdk-amd64/jre/lib/amd64/libjaas_unix.so
7f6917ac6000-7f6917ac9000 ---p 00000000 00:00 0 
7f6917ac9000-7f6917bc7000 rw-p 00000000 00:00 0 
7f6917bc7000-7f6917bca000 ---p 00000000 00:00 0 
7f6917bca000-7f6917e00000 rw-p 00000000 00:00 0 
7f6917e00000-7f6918000000 rw-p 00000000 00:00 0 
7f6918000000-7f6918fca000 rw-p 00000000 00:00 0 
7f6918fca000-7f691c000000 ---p 00000000 00:00 0 
7f691c000000-7f691c269000 rw-p 00000000 00:00 0 
7f691c269000-7f6920000000 ---p 00000000 00:00 0 
7f6920000000-7f692022a000 rw-p 00000000 00:00 0 
7f692022a000-7f6924000000 ---p 00000000 00:00 0 
7f6924000000-7f6926677000 rw-p 00000000 00:00 0 
7f6926677000-7f6928000000 ---p 00000000 00:00 0 
7f6928000000-7f692821f000 rw-p 00000000 00:00 0 
7f692821f000-7f692c000000 ---p 00000000 00:00 0 
7f692c000000-7f692c223000 rw-p 00000000 00:00 0 
7f692c223000-7f6930000000 ---p 00000000 00:00 0 
7f6930000000-7f6930681000 rw-p 00000000 00:00 0 
7f6930681000-7f6934000000 ---p 00000000 00:00 0 
7f6934004000-7f6934009000 r--s 0009a000 ca:01 782999                     /usr/lib/jvm/java-8-openjdk-amd64/jre/lib/jsse.jar
7f6934009000-7f6934012000 r-xp 00000000 ca:01 782942                     /usr/lib/jvm/java-8-openjdk-amd64/jre/lib/amd64/libmanagement.so
7f6934012000-7f6934211000 ---p 00009000 ca:01 782942                     /usr/lib/jvm/java-8-openjdk-amd64/jre/lib/amd64/libmanagement.so
7f6934211000-7f6934212000 r--p 00008000 ca:01 782942                     /usr/lib/jvm/java-8-openjdk-amd64/jre/lib/amd64/libmanagement.so
7f6934212000-7f6934213000 rw-p 00009000 ca:01 782942                     /usr/lib/jvm/java-8-openjdk-amd64/jre/lib/amd64/libmanagement.so
7f6934213000-7f6934216000 ---p 00000000 00:00 0 
7f6934216000-7f6934314000 rw-p 00000000 00:00 0 
7f6934314000-7f6934317000 ---p 00000000 00:00 0 
7f6934317000-7f6934415000 rw-p 00000000 00:00 0 
7f6934415000-7f6934418000 ---p 00000000 00:00 0 
7f6934418000-7f6934716000 rw-p 00000000 00:00 0 
7f6934716000-7f6934a17000 rw-p 00000000 00:00 0 
7f6934a17000-7f6934a2e000 r-xp 00000000 ca:01 782965                     /usr/lib/jvm/java-8-openjdk-amd64/jre/lib/amd64/libnet.so
7f6934a2e000-7f6934c2d000 ---p 00017000 ca:01 782965                     /usr/lib/jvm/java-8-openjdk-amd64/jre/lib/amd64/libnet.so
7f6934c2d000-7f6934c2e000 r--p 00016000 ca:01 782965                     /usr/lib/jvm/java-8-openjdk-amd64/jre/lib/amd64/libnet.so
7f6934c2e000-7f6934c2f000 rw-p 00017000 ca:01 782965                     /usr/lib/jvm/java-8-openjdk-amd64/jre/lib/amd64/libnet.so
7f6934c2f000-7f6934c7b000 r--s 00411000 ca:01 783503                     /home/ubuntu/spark-2.1.1-bin-hadoop2.7/jars/scala-reflect-2.11.8.jar
7f6934c7b000-7f6934c7d000 r--s 00012000 ca:01 783408                     /home/ubuntu/spark-2.1.1-bin-hadoop2.7/jars/compress-lzf-1.0.3.jar
7f6934c7d000-7f6934c7f000 r--s 0000e000 ca:01 782500                     /home/ubuntu/spark-2.1.1-bin-hadoop2.7/jars/oro-2.0.8.jar
7f6934c7f000-7f6934c86000 r--s 00049000 ca:01 783498                     /home/ubuntu/spark-2.1.1-bin-hadoop2.7/jars/univocity-parsers-2.2.1.jar
7f6934c86000-7f6934cf1000 r--s 00784000 ca:01 782499                     /home/ubuntu/spark-2.1.1-bin-hadoop2.7/jars/hadoop-hdfs-2.7.3.jar
7f6934cf1000-7f6934cf2000 r--s 00006000 ca:01 783449                     /home/ubuntu/spark-2.1.1-bin-hadoop2.7/jars/jackson-xc-1.9.13.jar
7f6934cf2000-7f6934d0d000 r--s 001d8000 ca:01 783259                     /home/ubuntu/spark-2.1.1-bin-hadoop2.7/jars/jets3t-0.9.3.jar
7f6934d0d000-7f6934d0f000 r--s 00015000 ca:01 783251                     /home/ubuntu/spark-2.1.1-bin-hadoop2.7/jars/hadoop-auth-2.7.3.jar
7f6934d0f000-7f6934d14000 r--s 0002a000 ca:01 783263                     /home/ubuntu/spark-2.1.1-bin-hadoop2.7/jars/commons-beanutils-1.7.0.jar
7f6934d14000-7f6934d19000 r--s 00068000 ca:01 783452                     /home/ubuntu/spark-2.1.1-bin-hadoop2.7/jars/antlr-2.7.7.jar
7f6934d19000-7f6934d1a000 r--s 00003000 ca:01 783281                     /home/ubuntu/spark-2.1.1-bin-hadoop2.7/jars/xmlenc-0.52.jar
7f6934d1a000-7f6934d29000 r--s 0009f000 ca:01 783412                     /home/ubuntu/spark-2.1.1-bin-hadoop2.7/jars/guice-3.0.jar
7f6934d29000-7f6934d36000 r--s 000b1000 ca:01 783249                     /home/ubuntu/spark-2.1.1-bin-hadoop2.7/jars/hadoop-mapreduce-client-common-2.7.3.jar
7f6934d36000-7f6934d37000 r--s 00004000 ca:01 783512                     /home/ubuntu/spark-2.1.1-bin-hadoop2.7/jars/osgi-resource-locator-1.0.1.jar
7f6934d37000-7f6934d39000 r--s 00000000 ca:01 783482                     /home/ubuntu/spark-2.1.1-bin-hadoop2.7/jars/jul-to-slf4j-1.7.16.jar
7f6934d39000-7f6934d3a000 r--s 00001000 ca:01 783297                     /home/ubuntu/spark-2.1.1-bin-hadoop2.7/jars/minlog-1.3.0.jar
7f6934d3a000-7f6934d43000 r--s 00062000 ca:01 783267                     /home/ubuntu/spark-2.1.1-bin-hadoop2.7/jars/avro-1.7.7.jar
7f6934d43000-7f6934d45000 r--s 00009000 ca:01 783436                     /home/ubuntu/spark-2.1.1-bin-hadoop2.7/jars/jackson-module-paranamer-2.6.5.jar
7f6934d45000-7f6934d48000 r--s 0000e000 ca:01 783262                     /home/ubuntu/spark-2.1.1-bin-hadoop2.7/jars/jersey-container-servlet-core-2.22.2.jar
7f6934d48000-7f6934d4f000 r--s 00058000 ca:01 783296                     /home/ubuntu/spark-2.1.1-bin-hadoop2.7/jars/hadoop-yarn-server-common-2.7.3.jar
7f6934d4f000-7f6934d67000 r--s 000d6000 ca:01 783258                     /home/ubuntu/spark-2.1.1-bin-hadoop2.7/jars/jersey-guava-2.22.2.jar
7f6934d67000-7f6934d88000 r--s 0019b000 ca:01 783457                     /home/ubuntu/spark-2.1.1-bin-hadoop2.7/jars/spark-hive-thriftserver_2.11-2.1.1.jar
7f6934d88000-7f6934d93000 r--s 0005d000 ca:01 783499                     /home/ubuntu/spark-2.1.1-bin-hadoop2.7/jars/scala-parser-combinators_2.11-1.0.4.jar
7f6934d93000-7f6934e1e000 r--s 0069e000 ca:01 783391                     /home/ubuntu/spark-2.1.1-bin-hadoop2.7/jars/spark-catalyst_2.11-2.1.1.jar
7f6934e1e000-7f6934e20000 r--s 00010000 ca:01 783430                     /home/ubuntu/spark-2.1.1-bin-hadoop2.7/jars/jersey-media-jaxb-2.22.2.jar
7f6934e20000-7f6934e22000 r--s 00100000 ca:01 783488                     /home/ubuntu/spark-2.1.1-bin-hadoop2.7/jars/snappy-java-1.1.2.6.jar
7f6934e22000-7f6934e23000 r--s 00000000 ca:01 783287                     /home/ubuntu/spark-2.1.1-bin-hadoop2.7/jars/javax.inject-1.jar
7f6934e23000-7f6934e24000 r--s 00008000 ca:01 783490                     /home/ubuntu/spark-2.1.1-bin-hadoop2.7/jars/commons-compiler-3.0.0.jar
7f6934e24000-7f6934e26000 r--s 00005000 ca:01 783419                     /home/ubuntu/spark-2.1.1-bin-hadoop2.7/jars/stax-api-1.0.1.jar
7f6934e26000-7f6934e2d000 r--s 00046000 ca:01 783458                     /home/ubuntu/spark-2.1.1-bin-hadoop2.7/jars/libfb303-0.9.3.jar
7f6934e2d000-7f6934e31000 r--s 00029000 ca:01 783278                     /home/ubuntu/spark-2.1.1-bin-hadoop2.7/jars/hk2-locator-2.4.0-b34.jar
7f6934e31000-7f6934e33000 r--s 0000e000 ca:01 783438                     /home/ubuntu/spark-2.1.1-bin-hadoop2.7/jars/spark-repl_2.11-2.1.1.jar
7f6934e33000-7f6934e39000 r--s 00040000 ca:01 783387                     /home/ubuntu/spark-2.1.1-bin-hadoop2.7/jars/parquet-encoding-1.8.1.jar
7f6934e39000-7f6934e3d000 r--s 00028000 ca:01 783295                     /home/ubuntu/spark-2.1.1-bin-hadoop2.7/jars/spark-mllib-local_2.11-2.1.1.jar
7f6934e3d000-7f6934e56000 r--s 00164000 ca:01 783416                     /home/ubuntu/spark-2.1.1-bin-hadoop2.7/jars/hadoop-mapreduce-client-core-2.7.3.jar
7f6934e56000-7f6934e64000 r--s 0009d000 ca:01 783301                     /home/ubuntu/spark-2.1.1-bin-hadoop2.7/jars/jersey-common-2.22.2.jar
7f6934e64000-7f6934e6f000 r--s 000b0000 ca:01 783409                     /home/ubuntu/spark-2.1.1-bin-hadoop2.7/jars/jtransforms-2.4.0.jar
7f6934e6f000-7f6934e93000 r--s 001cd000 ca:01 783501                     /home/ubuntu/spark-2.1.1-bin-hadoop2.7/jars/commons-math3-3.4.1.jar
7f6934e93000-7f6934f6b000 r--s 00a88000 ca:01 783247                     /home/ubuntu/spark-2.1.1-bin-hadoop2.7/jars/spark-core_2.11-2.1.1.jar
7f6934f6b000-7f6934f6f000 r--s 0002a000 ca:01 783425                     /home/ubuntu/spark-2.1.1-bin-hadoop2.7/jars/commons-io-2.4.jar
7f6934f6f000-7f6934f76000 r--s 0003f000 ca:01 783290                     /home/ubuntu/spark-2.1.1-bin-hadoop2.7/jars/commons-codec-1.10.jar
7f6934f76000-7f6934f7f000 r--s 0006f000 ca:01 783402                     /home/ubuntu/spark-2.1.1-bin-hadoop2.7/jars/log4j-1.2.17.jar
7f6934f7f000-7f6935000000 r--s 005d9000 ca:01 783424                     /home/ubuntu/spark-2.1.1-bin-hadoop2.7/jars/spark-sql_2.11-2.1.1.jar
7f6935000000-7f6936a10000 rwxp 00000000 00:00 0 
7f6936a10000-7f6944000000 ---p 00000000 00:00 0 
7f6944000000-7f6944f1e000 rw-p 00000000 00:00 0 
7f6944f1e000-7f6948000000 ---p 00000000 00:00 0 
7f6948000000-7f6948001000 r--s 0000a000 ca:01 783374                     /home/ubuntu/spark-2.1.1-bin-hadoop2.7/jars/apacheds-i18n-2.0.0-M15.jar
7f6948001000-7f6948002000 r--s 00001000 ca:01 783379                     /home/ubuntu/spark-2.1.1-bin-hadoop2.7/jars/pmml-schema-1.2.15.jar
7f6948002000-7f6948005000 r--s 00006000 ca:01 783399                     /home/ubuntu/spark-2.1.1-bin-hadoop2.7/jars/jsr305-1.3.9.jar
7f6948005000-7f6948007000 r--s 00038000 ca:01 783450                     /home/ubuntu/spark-2.1.1-bin-hadoop2.7/jars/lz4-1.3.0.jar
7f6948007000-7f694800a000 r--s 00009000 ca:01 783429                     /home/ubuntu/spark-2.1.1-bin-hadoop2.7/jars/jackson-annotations-2.6.5.jar
7f694800a000-7f694800c000 r--s 00014000 ca:01 783395                     /home/ubuntu/spark-2.1.1-bin-hadoop2.7/jars/spire-macros_2.11-0.7.4.jar
7f694800c000-7f694800f000 r--s 00017000 ca:01 783461                     /home/ubuntu/spark-2.1.1-bin-hadoop2.7/jars/jaxb-api-2.2.2.jar
7f694800f000-7f6948017000 r--s 0006e000 ca:01 783443                     /home/ubuntu/spark-2.1.1-bin-hadoop2.7/jars/commons-lang3-3.5.jar
7f6948017000-7f6948024000 r--s 00083000 ca:01 783285                     /home/ubuntu/spark-2.1.1-bin-hadoop2.7/jars/commons-collections-3.2.2.jar
7f6948024000-7f6948026000 r--s 00000000 ca:01 783437                     /home/ubuntu/spark-2.1.1-bin-hadoop2.7/jars/aopalliance-1.0.jar
7f6948026000-7f6948029000 r--s 00021000 ca:01 783283                     /home/ubuntu/spark-2.1.1-bin-hadoop2.7/jars/xbean-asm5-shaded-4.4.jar
7f6948029000-7f694802d000 r--s 00029000 ca:01 783252                     /home/ubuntu/spark-2.1.1-bin-hadoop2.7/jars/breeze-macros_2.11-0.12.jar
7f694802d000-7f6948061000 r--s 00277000 ca:01 783279                     /home/ubuntu/spark-2.1.1-bin-hadoop2.7/jars/parquet-hadoop-bundle-1.6.0.jar
7f6948061000-7f6948063000 r--s 00009000 ca:01 783485                     /home/ubuntu/spark-2.1.1-bin-hadoop2.7/jars/commons-cli-1.2.jar
7f6948063000-7f6948077000 r--s 000ec000 ca:01 782503                     /home/ubuntu/spark-2.1.1-bin-hadoop2.7/jars/parquet-jackson-1.8.1.jar
7f6948077000-7f694807b000 r--s 00035000 ca:01 783284                     /home/ubuntu/spark-2.1.1-bin-hadoop2.7/jars/jackson-core-asl-1.9.13.jar
7f694807b000-7f694807f000 r--s 00028000 ca:01 783260                     /home/ubuntu/spark-2.1.1-bin-hadoop2.7/jars/jetty-util-6.1.26.jar
7f694807f000-7f6948083000 r--s 00030000 ca:01 782496                     /home/ubuntu/spark-2.1.1-bin-hadoop2.7/jars/commons-net-2.2.jar
7f6948083000-7f6948086000 r--s 0000d000 ca:01 783420                     /home/ubuntu/spark-2.1.1-bin-hadoop2.7/jars/spark-network-shuffle_2.11-2.1.1.jar
7f6948086000-7f6948088000 r--s 0000f000 ca:01 783393                     /home/ubuntu/spark-2.1.1-bin-hadoop2.7/jars/curator-client-2.6.0.jar
7f6948088000-7f6948089000 r--s 00009000 ca:01 783288                     /home/ubuntu/spark-2.1.1-bin-hadoop2.7/jars/json4s-jackson_2.11-3.2.11.jar
7f6948089000-7f694809f000 r--s 00124000 ca:01 783479                     /home/ubuntu/spark-2.1.1-bin-hadoop2.7/jars/ivy-2.4.0.jar
7f694809f000-7f69480b5000 r--s 000d1000 ca:01 783272                     /home/ubuntu/spark-2.1.1-bin-hadoop2.7/jars/parquet-column-1.8.1.jar
7f69480b5000-7f69480bc000 r--s 00058000 ca:01 783276                     /home/ubuntu/spark-2.1.1-bin-hadoop2.7/jars/parquet-format-2.3.0-incubating.jar
7f69480bc000-7f69480be000 r--s 00006000 ca:01 783275                     /home/ubuntu/spark-2.1.1-bin-hadoop2.7/jars/paranamer-2.3.jar
7f69480be000-7f69480c2000 r--s 00025000 ca:01 783496                     /home/ubuntu/spark-2.1.1-bin-hadoop2.7/jars/jersey-client-2.22.2.jar
7f69480c2000-7f69480c5000 r--s 00015000 ca:01 783401                     /home/ubuntu/spark-2.1.1-bin-hadoop2.7/jars/pyrolite-4.13.jar
7f69480c5000-7f69480ca000 r--s 0004e000 ca:01 783269                     /home/ubuntu/spark-2.1.1-bin-hadoop2.7/jars/datanucleus-api-jdo-3.2.6.jar
7f69480ca000-7f69480cb000 r--s 00003000 ca:01 783473                     /home/ubuntu/spark-2.1.1-bin-hadoop2.7/jars/metrics-json-3.1.2.jar
7f69480cb000-7f69480fa000 r--s 002e5000 ca:01 783492                     /home/ubuntu/spark-2.1.1-bin-hadoop2.7/jars/derby-10.12.1.1.jar
7f69480fa000-7f694813a000 r--s 00277000 ca:01 783445                     /home/ubuntu/spark-2.1.1-bin-hadoop2.7/jars/bcprov-jdk15on-1.51.jar
7f694813a000-7f694813c000 r--s 00004000 ca:01 783448                     /home/ubuntu/spark-2.1.1-bin-hadoop2.7/jars/metrics-graphite-3.1.2.jar
7f694813c000-7f6948165000 r--s 001ee000 ca:01 783508                     /home/ubuntu/spark-2.1.1-bin-hadoop2.7/jars/guava-14.0.1.jar
7f6948165000-7f6948176000 r--s 00089000 ca:01 783381                     /home/ubuntu/spark-2.1.1-bin-hadoop2.7/jars/joda-time-2.9.3.jar
7f6948176000-7f6948178000 r--s 00010000 ca:01 783380                     /home/ubuntu/spark-2.1.1-bin-hadoop2.7/jars/hadoop-mapreduce-client-shuffle-2.7.3.jar
7f6948178000-7f694817a000 r--s 00003000 ca:01 783489                     /home/ubuntu/spark-2.1.1-bin-hadoop2.7/jars/base64-2.3.8.jar
7f694817a000-7f694817c000 r--s 00003000 ca:01 783364                     /home/ubuntu/spark-2.1.1-bin-hadoop2.7/jars/api-asn1-api-1.0.0-M20.jar
7f694817c000-7f6948194000 r--s 00115000 ca:01 783470                     /home/ubuntu/spark-2.1.1-bin-hadoop2.7/jars/netty-3.8.0.Final.jar
7f6948194000-7f6948198000 r--s 0001a000 ca:01 783266                     /home/ubuntu/spark-2.1.1-bin-hadoop2.7/jars/hk2-utils-2.4.0-b34.jar
7f6948198000-7f69481bf000 r--s 0020f000 ca:01 783404                     /home/ubuntu/spark-2.1.1-bin-hadoop2.7/jars/netty-all-4.0.42.Final.jar
7f69481bf000-7f69481c5000 r--s 00063000 ca:01 783495                     /home/ubuntu/spark-2.1.1-bin-hadoop2.7/jars/jodd-core-3.5.2.jar
7f69481c5000-7f69481c7000 r--s 0000b000 ca:01 783486                     /home/ubuntu/spark-2.1.1-bin-hadoop2.7/jars/chill-java-0.8.0.jar
7f69481c7000-7f69481cb000 r--s 00019000 ca:01 783446                     /home/ubuntu/spark-2.1.1-bin-hadoop2.7/jars/javax.ws.rs-api-2.0.1.jar
7f69481cb000-7f69481d1000 r--s 0002c000 ca:01 783474                     /home/ubuntu/spark-2.1.1-bin-hadoop2.7/jars/jdo-api-3.0.1.jar
7f69481d1000-7f69481df000 r--s 000b1000 ca:01 783432                     /home/ubuntu/spark-2.1.1-bin-hadoop2.7/jars/jackson-mapper-asl-1.9.13.jar
7f69481df000-7f69481e2000 r--s 00012000 ca:01 783289                     /home/ubuntu/spark-2.1.1-bin-hadoop2.7/jars/json4s-ast_2.11-3.2.11.jar
7f69481e2000-7f69481e5000 r--s 0001a000 ca:01 783480                     /home/ubuntu/spark-2.1.1-bin-hadoop2.7/jars/py4j-0.10.4.jar
7f69481e5000-7f694821b000 r--s 0031c000 ca:01 783253                     /home/ubuntu/spark-2.1.1-bin-hadoop2.7/jars/hadoop-common-2.7.3.jar
7f694821b000-7f694821d000 r--s 00003000 ca:01 783472                     /home/ubuntu/spark-2.1.1-bin-hadoop2.7/jars/JavaEWAH-0.3.2.jar
7f694821d000-7f6948291000 r--s 00574000 ca:01 783417                     /home/ubuntu/spark-2.1.1-bin-hadoop2.7/jars/spark-mllib_2.11-2.1.1.jar
7f6948291000-7f69482a3000 r--s 00112000 ca:01 783481                     /home/ubuntu/spark-2.1.1-bin-hadoop2.7/jars/arpack_combined_all-0.1.jar
7f69482a3000-7f69482a4000 r--s 00009000 ca:01 782498                     /home/ubuntu/spark-2.1.1-bin-hadoop2.7/jars/hadoop-annotations-2.7.3.jar
7f69482a4000-7f69482a6000 r--s 00027000 ca:01 783451                     /home/ubuntu/spark-2.1.1-bin-hadoop2.7/jars/core-1.1.2.jar
7f69482a6000-7f69482b3000 r--s 000a7000 ca:01 783385                     /home/ubuntu/spark-2.1.1-bin-hadoop2.7/jars/httpclient-4.5.2.jar
7f69482b3000-7f69482bb000 r--s 00078000 ca:01 783466                     /home/ubuntu/spark-2.1.1-bin-hadoop2.7/jars/mail-1.4.7.jar
7f69482bb000-7f69482bc000 r--s 00006000 ca:01 783433                     /home/ubuntu/spark-2.1.1-bin-hadoop2.7/jars/hadoop-client-2.7.3.jar
7f69482bc000-7f69482c4000 r--s 00059000 ca:01 783298                     /home/ubuntu/spark-2.1.1-bin-hadoop2.7/jars/javolution-5.5.1.jar
7f69482c4000-7f69482cb000 r--s 0007d000 ca:01 783400                     /home/ubuntu/spark-2.1.1-bin-hadoop2.7/jars/jetty-6.1.26.jar
7f69482cb000-7f69482ce000 r--s 0002f000 ca:01 783250                     /home/ubuntu/spark-2.1.1-bin-hadoop2.7/jars/RoaringBitmap-0.5.11.jar
7f69482ce000-7f69482de000 r--s 000a0000 ca:01 783286                     /home/ubuntu/spark-2.1.1-bin-hadoop2.7/jars/spark-yarn_2.11-2.1.1.jar
7f69482de000-7f69482e0000 r--s 0000d000 ca:01 783403                     /home/ubuntu/spark-2.1.1-bin-hadoop2.7/jars/hadoop-yarn-server-web-proxy-2.7.3.jar
7f69482e0000-7f69482e3000 r--s 00022000 ca:01 783467                     /home/ubuntu/spark-2.1.1-bin-hadoop2.7/jars/stringtemplate-3.2.1.jar
7f69482e3000-7f69482fc000 r--s 00114000 ca:01 783264                     /home/ubuntu/spark-2.1.1-bin-hadoop2.7/jars/spark-hive_2.11-2.1.1.jar
7f69482fc000-7f69482fd000 r--s 0000b000 ca:01 783386                     /home/ubuntu/spark-2.1.1-bin-hadoop2.7/jars/snappy-0.2.jar
7f69482fd000-7f694831a000 r--s 001d5000 ca:01 783506                     /home/ubuntu/spark-2.1.1-bin-hadoop2.7/jars/hadoop-yarn-api-2.7.3.jar
7f694831a000-7f694831e000 r--s 00031000 ca:01 783270                     /home/ubuntu/spark-2.1.1-bin-hadoop2.7/jars/jline-2.12.1.jar
7f694831e000-7f6948320000 r--s 00012000 ca:01 783464                     /home/ubuntu/spark-2.1.1-bin-hadoop2.7/jars/api-util-1.0.0-M20.jar
7f6948320000-7f6948322000 r--s 0000f000 ca:01 783254                     /home/ubuntu/spark-2.1.1-bin-hadoop2.7/jars/activation-1.1.1.jar
7f6948322000-7f694832e000 r--s 000b6000 ca:01 783477                     /home/ubuntu/spark-2.1.1-bin-hadoop2.7/jars/zookeeper-3.4.6.jar
7f694832e000-7f69483d7000 r--s 00a4f000 ca:01 783462                     /home/ubuntu/spark-2.1.1-bin-hadoop2.7/jars/hive-exec-1.2.1.spark2.jar
7f69483d7000-7f69483db000 r--s 00020000 ca:01 783398                     /home/ubuntu/spark-2.1.1-bin-hadoop2.7/jars/commons-digester-1.8.jar
7f69483db000-7f69483e0000 r--s 00028000 ca:01 783487                     /home/ubuntu/spark-2.1.1-bin-hadoop2.7/jars/avro-mapred-1.7.7-hadoop2.jar
7f69483e0000-7f69483e4000 r--s 00014000 ca:01 783502                     /home/ubuntu/spark-2.1.1-bin-hadoop2.7/jars/xz-1.0.jar
7f69483e4000-7f69483e8000 r--s 00018000 ca:01 783271                     /home/ubuntu/spark-2.1.1-bin-hadoop2.7/jars/metrics-core-3.1.2.jar
7f69483e8000-7f69483eb000 r--s 00014000 ca:01 783439                     /home/ubuntu/spark-2.1.1-bin-hadoop2.7/jars/super-csv-2.2.0.jar
7f69483eb000-7f69483fd000 r--s 00097000 ca:01 783465                     /home/ubuntu/spark-2.1.1-bin-hadoop2.7/jars/apacheds-kerberos-codec-2.0.0-M15.jar
7f69483fd000-7f6948401000 r--s 0002c000 ca:01 783426                     /home/ubuntu/spark-2.1.1-bin-hadoop2.7/jars/avro-ipc-1.7.7.jar
7f6948401000-7f6948403000 r--s 00003000 ca:01 783411                     /home/ubuntu/spark-2.1.1-bin-hadoop2.7/jars/jcl-over-slf4j-1.7.16.jar
7f6948403000-7f6948406000 r--s 00016000 ca:01 783280                     /home/ubuntu/spark-2.1.1-bin-hadoop2.7/jars/jsp-api-2.1.jar
7f6948406000-7f694840e000 r--s 0007b000 ca:01 783415                     /home/ubuntu/spark-2.1.1-bin-hadoop2.7/jars/protobuf-java-2.5.0.jar
7f694840e000-7f6948415000 r--s 00039000 ca:01 783405                     /home/ubuntu/spark-2.1.1-bin-hadoop2.7/jars/calcite-avatica-1.2.0-incubating.jar
7f6948415000-7f694842e000 r--s 00150000 ca:01 783384                     /home/ubuntu/spark-2.1.1-bin-hadoop2.7/jars/htrace-core-3.1.0-incubating.jar
7f694842e000-7f6948440000 r--s 000b3000 ca:01 783475                     /home/ubuntu/spark-2.1.1-bin-hadoop2.7/jars/scalap-2.11.8.jar
7f6948440000-7f6948446000 r--s 00028000 ca:01 783423                     /home/ubuntu/spark-2.1.1-bin-hadoop2.7/jars/curator-framework-2.6.0.jar
7f6948446000-7f694846b000 rw-p 00000000 00:00 0 
7f694846b000-7f6948577000 r--s 00dba000 ca:01 783505                     /home/ubuntu/spark-2.1.1-bin-hadoop2.7/jars/scala-compiler-2.11.8.jar
7f6948577000-7f694858f000 r--s 00115000 ca:01 782501                     /home/ubuntu/spark-2.1.1-bin-hadoop2.7/jars/xercesImpl-2.9.1.jar
7f694858f000-7f6948596000 r--s 00051000 ca:01 783246                     /home/ubuntu/spark-2.1.1-bin-hadoop2.7/jars/kryo-shaded-3.0.3.jar
7f6948596000-7f69485a3000 r--s 0009e000 ca:01 783469                     /home/ubuntu/spark-2.1.1-bin-hadoop2.7/jars/spark-graphx_2.11-2.1.1.jar
7f69485a3000-7f69485fc000 r--s 00522000 ca:01 783511                     /home/ubuntu/spark-2.1.1-bin-hadoop2.7/jars/scala-library-2.11.8.jar
7f69485fc000-7f69485fd000 r--s 00004000 ca:01 783394                     /home/ubuntu/spark-2.1.1-bin-hadoop2.7/jars/opencsv-2.3.jar
7f69485fd000-7f69485fe000 r--s 00002000 ca:01 783442                     /home/ubuntu/spark-2.1.1-bin-hadoop2.7/jars/jpam-1.1.jar
7f69485fe000-7f694861f000 rw-p 00000000 00:00 0 
7f694861f000-7f69486ef000 r--s 00cf0000 ca:01 782504                     /home/ubuntu/spark-2.1.1-bin-hadoop2.7/jars/breeze_2.11-0.12.jar
7f69486ef000-7f6948706000 r--s 00183000 ca:01 783431                     /home/ubuntu/spark-2.1.1-bin-hadoop2.7/jars/hadoop-yarn-common-2.7.3.jar
7f6948706000-7f694870b000 r--s 0002a000 ca:01 783413                     /home/ubuntu/spark-2.1.1-bin-hadoop2.7/jars/gson-2.2.4.jar
7f694870b000-7f694870d000 r--s 00017000 ca:01 783294                     /home/ubuntu/spark-2.1.1-bin-hadoop2.7/jars/hive-jdbc-1.2.1.spark2.jar
7f694870d000-7f6948712000 r--s 00032000 ca:01 783510                     /home/ubuntu/spark-2.1.1-bin-hadoop2.7/jars/chill_2.11-0.8.0.jar
7f6948712000-7f6948714000 r--s 00008000 ca:01 783268                     /home/ubuntu/spark-2.1.1-bin-hadoop2.7/jars/parquet-common-1.8.1.jar
7f6948714000-7f694871b000 r--s 00036000 ca:01 783382                     /home/ubuntu/spark-2.1.1-bin-hadoop2.7/jars/curator-recipes-2.6.0.jar
7f694871b000-7f6948731000 r--s 000d3000 ca:01 783383                     /home/ubuntu/spark-2.1.1-bin-hadoop2.7/jars/jersey-server-2.22.2.jar
7f6948731000-7f6948732000 r--s 00003000 ca:01 783277                     /home/ubuntu/spark-2.1.1-bin-hadoop2.7/jars/spark-tags_2.11-2.1.1.jar
7f6948732000-7f6948734000 r--s 00005000 ca:01 783421                     /home/ubuntu/spark-2.1.1-bin-hadoop2.7/jars/javax.annotation-api-1.2.jar
7f6948734000-7f6948736000 r--s 00004000 ca:01 783274                     /home/ubuntu/spark-2.1.1-bin-hadoop2.7/jars/stax-api-1.0-2.jar
7f6948736000-7f6948737000 r--s 00009000 ca:01 783491                     /home/ubuntu/spark-2.1.1-bin-hadoop2.7/jars/slf4j-api-1.7.16.jar
7f6948737000-7f694873b000 r--s 00036000 ca:01 783497                     /home/ubuntu/spark-2.1.1-bin-hadoop2.7/jars/ST4-4.0.4.jar
7f694873b000-7f694873d000 r--s 00003000 ca:01 783257                     /home/ubuntu/spark-2.1.1-bin-hadoop2.7/jars/jersey-container-servlet-2.22.2.jar
7f694873d000-7f694873e000 r--s 00009000 ca:01 783476                     /home/ubuntu/spark-2.1.1-bin-hadoop2.7/jars/hive-cli-1.2.1.spark2.jar
7f694873e000-7f6948741000 r--s 00026000 ca:01 783453                     /home/ubuntu/spark-2.1.1-bin-hadoop2.7/jars/hadoop-yarn-client-2.7.3.jar
7f6948741000-7f6948746000 r--s 00041000 ca:01 783418                     /home/ubuntu/spark-2.1.1-bin-hadoop2.7/jars/commons-lang-2.6.jar
7f6948746000-7f694874c000 r--s 00045000 ca:01 783292                     /home/ubuntu/spark-2.1.1-bin-hadoop2.7/jars/commons-httpclient-3.1.jar
7f694874c000-7f694874f000 r--s 00015000 ca:01 783378                     /home/ubuntu/spark-2.1.1-bin-hadoop2.7/jars/commons-pool-1.5.4.jar
7f694874f000-7f6948750000 r--s 00001000 ca:01 783484                     /home/ubuntu/spark-2.1.1-bin-hadoop2.7/jars/javax.inject-2.4.0-b34.jar
7f6948750000-7f6948751000 r--s 00002000 ca:01 783273                     /home/ubuntu/spark-2.1.1-bin-hadoop2.7/jars/java-xmlbuilder-1.0.jar
7f6948751000-7f694875a000 r--s 00097000 ca:01 783483                     /home/ubuntu/spark-2.1.1-bin-hadoop2.7/jars/pmml-model-1.2.15.jar
7f694875a000-7f694877c000 r--s 00335000 ca:01 783428                     /home/ubuntu/spark-2.1.1-bin-hadoop2.7/jars/mesos-1.0.0-shaded-protobuf.jar
7f694877c000-7f694877d000 r--s 00004000 ca:01 783388                     /home/ubuntu/spark-2.1.1-bin-hadoop2.7/jars/jackson-jaxrs-1.9.13.jar
7f694877d000-7f6948780000 r--s 00015000 ca:01 782497                     /home/ubuntu/spark-2.1.1-bin-hadoop2.7/jars/javax.servlet-api-3.1.0.jar
7f6948780000-7f6948787000 r--s 00049000 ca:01 783414                     /home/ubuntu/spark-2.1.1-bin-hadoop2.7/jars/httpcore-4.4.4.jar
7f6948787000-7f694878a000 r--s 00028000 ca:01 783244                     /home/ubuntu/spark-2.1.1-bin-hadoop2.7/jars/stream-2.7.0.jar
7f694878a000-7f6948794000 r--s 00086000 ca:01 783396                     /home/ubuntu/spark-2.1.1-bin-hadoop2.7/jars/json4s-core_2.11-3.2.11.jar
7f6948794000-7f69487a2000 r--s 00078000 ca:01 783434                     /home/ubuntu/spark-2.1.1-bin-hadoop2.7/jars/spark-mesos_2.11-2.1.1.jar
7f69487a2000-7f69487ad000 r--s 00062000 ca:01 783407                     /home/ubuntu/spark-2.1.1-bin-hadoop2.7/jars/calcite-linq4j-1.2.0-incubating.jar
7f69487ad000-7f69487b0000 r--s 000fd000 ca:01 783291                     /home/ubuntu/spark-2.1.1-bin-hadoop2.7/jars/leveldbjni-all-1.8.jar
7f69487b0000-7f69487dd000 r--s 001d4000 ca:01 783509                     /home/ubuntu/spark-2.1.1-bin-hadoop2.7/jars/spark-streaming_2.11-2.1.1.jar
7f69487dd000-7f69487df000 r--s 00006000 ca:01 783265                     /home/ubuntu/spark-2.1.1-bin-hadoop2.7/jars/spark-sketch_2.11-2.1.1.jar
7f69487df000-7f69487f5000 r--s 001a4000 ca:01 783300                     /home/ubuntu/spark-2.1.1-bin-hadoop2.7/jars/datanucleus-rdbms-3.2.9.jar
7f69487f5000-7f6948823000 r--s 00212000 ca:01 783390                     /home/ubuntu/spark-2.1.1-bin-hadoop2.7/jars/spark-network-common_2.11-2.1.1.jar
7f6948823000-7f6948829000 r--s 00044000 ca:01 783441                     /home/ubuntu/spark-2.1.1-bin-hadoop2.7/jars/antlr4-runtime-4.5.3.jar
7f6948829000-7f694882b000 r--s 0000e000 ca:01 783468                     /home/ubuntu/spark-2.1.1-bin-hadoop2.7/jars/guice-servlet-3.0.jar
7f694882b000-7f694882d000 r--s 0000e000 ca:01 783455                     /home/ubuntu/spark-2.1.1-bin-hadoop2.7/jars/commons-logging-1.1.3.jar
7f694882d000-7f6948837000 r--s 000a5000 ca:01 783444                     /home/ubuntu/spark-2.1.1-bin-hadoop2.7/jars/javassist-3.18.1-GA.jar
7f6948837000-7f6948839000 r--s 00009000 ca:01 783494                     /home/ubuntu/spark-2.1.1-bin-hadoop2.7/jars/objenesis-2.1.jar
7f6948839000-7f694883b000 r--s 0000a000 ca:01 783299                     /home/ubuntu/spark-2.1.1-bin-hadoop2.7/jars/spark-unsafe_2.11-2.1.1.jar
7f694883b000-7f6948841000 r--s 00034000 ca:01 783460                     /home/ubuntu/spark-2.1.1-bin-hadoop2.7/jars/libthrift-0.9.3.jar
7f6948841000-7f69488a4000 r--s 004de000 ca:01 783397                     /home/ubuntu/spark-2.1.1-bin-hadoop2.7/jars/hive-metastore-1.2.1.spark2.jar
7f69488a4000-7f69488ab000 r--s 0005d000 ca:01 783454                     /home/ubuntu/spark-2.1.1-bin-hadoop2.7/jars/mx4j-3.0.2.jar
7f69488ab000-7f69488c3000 r--s 001b6000 ca:01 783256                     /home/ubuntu/spark-2.1.1-bin-hadoop2.7/jars/datanucleus-core-3.2.10.jar
7f69488c3000-7f69488c5000 r--s 0000e000 ca:01 783447                     /home/ubuntu/spark-2.1.1-bin-hadoop2.7/jars/hadoop-mapreduce-client-jobclient-2.7.3.jar
7f69488c5000-7f69488c7000 r--s 0000f000 ca:01 783435                     /home/ubuntu/spark-2.1.1-bin-hadoop2.7/jars/spark-launcher_2.11-2.1.1.jar
7f69488c7000-7f69488c8000 r--s 00004000 ca:01 783389                     /home/ubuntu/spark-2.1.1-bin-hadoop2.7/jars/eigenbase-properties-1.1.5.jar
7f69488c8000-7f69488cc000 r--s 0003c000 ca:01 783500                     /home/ubuntu/spark-2.1.1-bin-hadoop2.7/jars/jackson-core-2.6.5.jar
7f69488cc000-7f69488d1000 r--s 00036000 ca:01 783261                     /home/ubuntu/spark-2.1.1-bin-hadoop2.7/jars/commons-compress-1.4.1.jar
7f69488d1000-7f69488db000 r--s 000aa000 ca:01 783440                     /home/ubuntu/spark-2.1.1-bin-hadoop2.7/jars/janino-3.0.0.jar
7f69488db000-7f69488e1000 r--s 00043000 ca:01 783504                     /home/ubuntu/spark-2.1.1-bin-hadoop2.7/jars/commons-configuration-1.6.jar
7f69488e1000-7f694890d000 r--s 001c9000 ca:01 783459                     /home/ubuntu/spark-2.1.1-bin-hadoop2.7/jars/shapeless_2.11-2.0.0.jar
7f694890d000-7f6948917000 r--s 0007b000 ca:01 783493                     /home/ubuntu/spark-2.1.1-bin-hadoop2.7/jars/hadoop-mapreduce-client-app-2.7.3.jar
7f6948917000-7f694896c000 r--s 0069c000 ca:01 783282                     /home/ubuntu/spark-2.1.1-bin-hadoop2.7/jars/spire_2.11-0.7.4.jar
7f694896c000-7f694896d000 r--s 00002000 ca:01 783377                     /home/ubuntu/spark-2.1.1-bin-hadoop2.7/jars/slf4j-log4j12-1.7.16.jar
7f694896d000-7f694896f000 r--s 00002000 ca:01 783293                     /home/ubuntu/spark-2.1.1-bin-hadoop2.7/jars/aopalliance-repackaged-2.4.0-b34.jar
7f694896f000-7f6948973000 r--s 0000c000 ca:01 783375                     /home/ubuntu/spark-2.1.1-bin-hadoop2.7/jars/validation-api-1.1.0.Final.jar
7f6948973000-7f6948975000 r--s 00008000 ca:01 783248                     /home/ubuntu/spark-2.1.1-bin-hadoop2.7/jars/metrics-jvm-3.1.2.jar
7f6948975000-7f6948978000 r--s 00025000 ca:01 783376                     /home/ubuntu/spark-2.1.1-bin-hadoop2.7/jars/commons-dbcp-1.4.jar
7f6948978000-7f6948982000 r--s 00095000 ca:01 783406                     /home/ubuntu/spark-2.1.1-bin-hadoop2.7/jars/scala-xml_2.11-1.0.2.jar
7f6948982000-7f6948987000 r--s 00027000 ca:01 783507                     /home/ubuntu/spark-2.1.1-bin-hadoop2.7/jars/hk2-api-2.4.0-b34.jar
7f6948987000-7f694898b000 r--s 00025000 ca:01 782502                     /home/ubuntu/spark-2.1.1-bin-hadoop2.7/jars/antlr-runtime-3.4.jar
7f694898b000-7f694898e000 r--s 00019000 ca:01 782495                     /home/ubuntu/spark-2.1.1-bin-hadoop2.7/jars/bonecp-0.8.0.RELEASE.jar
7f694898e000-7f694899f000 r--s 0010d000 ca:01 783392                     /home/ubuntu/spark-2.1.1-bin-hadoop2.7/jars/jackson-databind-2.6.5.jar
7f694899f000-7f69489a1000 r--s 0001f000 ca:01 783471                     /home/ubuntu/spark-2.1.1-bin-hadoop2.7/jars/commons-crypto-1.0.0.jar
7f69489a1000-7f69489a5000 r--s 0002f000 ca:01 783456                     /home/ubuntu/spark-2.1.1-bin-hadoop2.7/jars/commons-beanutils-core-1.8.0.jar
7f69489a5000-7f69489aa000 r--s 00031000 ca:01 783422                     /home/ubuntu/spark-2.1.1-bin-hadoop2.7/jars/parquet-hadoop-1.8.1.jar
7f69489aa000-7f69489b7000 r--s 00071000 ca:01 783478                     /home/ubuntu/spark-2.1.1-bin-hadoop2.7/jars/jackson-module-scala_2.11-2.6.5.jar
7f69489b7000-7f69489b9000 r--s 00020000 ca:01 783427                     /home/ubuntu/spark-2.1.1-bin-hadoop2.7/jars/hive-beeline-1.2.1.spark2.jar
7f69489b9000-7f69489c1000 r--s 00066000 ca:01 783410                     /home/ubuntu/spark-2.1.1-bin-hadoop2.7/jars/apache-log4j-extras-1.2.17.jar
7f69489c1000-7f69489f8000 r--s 00325000 ca:01 783463                     /home/ubuntu/spark-2.1.1-bin-hadoop2.7/jars/calcite-core-1.2.0-incubating.jar
7f69489f8000-7f6948a13000 r--s 00394000 ca:01 782932                     /usr/lib/jvm/java-8-openjdk-amd64/jre/lib/ext/cldrdata.jar
7f6948a13000-7f6948a2e000 r--s 001d6000 ca:01 782934                     /usr/lib/jvm/java-8-openjdk-amd64/jre/lib/ext/nashorn.jar
7f6948a2e000-7f6948a2f000 ---p 00000000 00:00 0 
7f6948a2f000-7f6948b2f000 rw-p 00000000 00:00 0 
7f6948b2f000-7f6948b32000 ---p 00000000 00:00 0 
7f6948b32000-7f6948c30000 rw-p 00000000 00:00 0 
7f6948c30000-7f6948c33000 ---p 00000000 00:00 0 
7f6948c33000-7f6948d31000 rw-p 00000000 00:00 0 
7f6948d31000-7f6948d34000 ---p 00000000 00:00 0 
7f6948d34000-7f6948e32000 rw-p 00000000 00:00 0 
7f6948e32000-7f6948e35000 ---p 00000000 00:00 0 
7f6948e35000-7f6948f33000 rw-p 00000000 00:00 0 
7f6948f33000-7f69490cb000 r--p 00000000 ca:01 28937                      /usr/lib/locale/locale-archive
7f69490cb000-7f69490ce000 ---p 00000000 00:00 0 
7f69490ce000-7f69491cc000 rw-p 00000000 00:00 0 
7f69491cc000-7f69491cf000 ---p 00000000 00:00 0 
7f69491cf000-7f69492cd000 rw-p 00000000 00:00 0 
7f69492cd000-7f69492ce000 ---p 00000000 00:00 0 
7f69492ce000-7f69493ce000 rw-p 00000000 00:00 0 
7f69493ce000-7f694959d000 r--s 03c07000 ca:01 782979                     /usr/lib/jvm/java-8-openjdk-amd64/jre/lib/rt.jar
7f694959d000-7f6949e13000 rw-p 00000000 00:00 0 
7f6949e13000-7f6949e6c000 rw-p 00000000 00:00 0 
7f6949e6c000-7f6949f69000 ---p 00000000 00:00 0 
7f6949f69000-7f6949f94000 rw-p 00000000 00:00 0 
7f6949f94000-7f694a013000 ---p 00000000 00:00 0 
7f694a013000-7f694a06c000 rw-p 00000000 00:00 0 
7f694a06c000-7f694a169000 ---p 00000000 00:00 0 
7f694a169000-7f694a1d3000 rw-p 00000000 00:00 0 
7f694a1d3000-7f694a52a000 ---p 00000000 00:00 0 
7f694a52a000-7f694a532000 r-xp 00000000 ca:01 782956                     /usr/lib/jvm/java-8-openjdk-amd64/jre/lib/amd64/libzip.so
7f694a532000-7f694a731000 ---p 00008000 ca:01 782956                     /usr/lib/jvm/java-8-openjdk-amd64/jre/lib/amd64/libzip.so
7f694a731000-7f694a732000 r--p 00007000 ca:01 782956                     /usr/lib/jvm/java-8-openjdk-amd64/jre/lib/amd64/libzip.so
7f694a732000-7f694a733000 rw-p 00008000 ca:01 782956                     /usr/lib/jvm/java-8-openjdk-amd64/jre/lib/amd64/libzip.so
7f694a733000-7f694a73e000 r-xp 00000000 ca:01 2072                       /lib/x86_64-linux-gnu/libnss_files-2.23.so
7f694a73e000-7f694a93d000 ---p 0000b000 ca:01 2072                       /lib/x86_64-linux-gnu/libnss_files-2.23.so
7f694a93d000-7f694a93e000 r--p 0000a000 ca:01 2072                       /lib/x86_64-linux-gnu/libnss_files-2.23.so
7f694a93e000-7f694a93f000 rw-p 0000b000 ca:01 2072                       /lib/x86_64-linux-gnu/libnss_files-2.23.so
7f694a93f000-7f694a945000 rw-p 00000000 00:00 0 
7f694a945000-7f694a950000 r-xp 00000000 ca:01 2061                       /lib/x86_64-linux-gnu/libnss_nis-2.23.so
7f694a950000-7f694ab4f000 ---p 0000b000 ca:01 2061                       /lib/x86_64-linux-gnu/libnss_nis-2.23.so
7f694ab4f000-7f694ab50000 r--p 0000a000 ca:01 2061                       /lib/x86_64-linux-gnu/libnss_nis-2.23.so
7f694ab50000-7f694ab51000 rw-p 0000b000 ca:01 2061                       /lib/x86_64-linux-gnu/libnss_nis-2.23.so
7f694ab51000-7f694ab67000 r-xp 00000000 ca:01 2065                       /lib/x86_64-linux-gnu/libnsl-2.23.so
7f694ab67000-7f694ad66000 ---p 00016000 ca:01 2065                       /lib/x86_64-linux-gnu/libnsl-2.23.so
7f694ad66000-7f694ad67000 r--p 00015000 ca:01 2065                       /lib/x86_64-linux-gnu/libnsl-2.23.so
7f694ad67000-7f694ad68000 rw-p 00016000 ca:01 2065                       /lib/x86_64-linux-gnu/libnsl-2.23.so
7f694ad68000-7f694ad6a000 rw-p 00000000 00:00 0 
7f694ad6a000-7f694ad72000 r-xp 00000000 ca:01 2074                       /lib/x86_64-linux-gnu/libnss_compat-2.23.so
7f694ad72000-7f694af71000 ---p 00008000 ca:01 2074                       /lib/x86_64-linux-gnu/libnss_compat-2.23.so
7f694af71000-7f694af72000 r--p 00007000 ca:01 2074                       /lib/x86_64-linux-gnu/libnss_compat-2.23.so
7f694af72000-7f694af73000 rw-p 00008000 ca:01 2074                       /lib/x86_64-linux-gnu/libnss_compat-2.23.so
7f694af73000-7f694afa0000 r-xp 00000000 ca:01 782951                     /usr/lib/jvm/java-8-openjdk-amd64/jre/lib/amd64/libjava.so
7f694afa0000-7f694b19f000 ---p 0002d000 ca:01 782951                     /usr/lib/jvm/java-8-openjdk-amd64/jre/lib/amd64/libjava.so
7f694b19f000-7f694b1a0000 r--p 0002c000 ca:01 782951                     /usr/lib/jvm/java-8-openjdk-amd64/jre/lib/amd64/libjava.so
7f694b1a0000-7f694b1a2000 rw-p 0002d000 ca:01 782951                     /usr/lib/jvm/java-8-openjdk-amd64/jre/lib/amd64/libjava.so
7f694b1a2000-7f694b1b1000 r-xp 00000000 ca:01 782948                     /usr/lib/jvm/java-8-openjdk-amd64/jre/lib/amd64/libverify.so
7f694b1b1000-7f694b3b0000 ---p 0000f000 ca:01 782948                     /usr/lib/jvm/java-8-openjdk-amd64/jre/lib/amd64/libverify.so
7f694b3b0000-7f694b3b2000 r--p 0000e000 ca:01 782948                     /usr/lib/jvm/java-8-openjdk-amd64/jre/lib/amd64/libverify.so
7f694b3b2000-7f694b3b3000 rw-p 00010000 ca:01 782948                     /usr/lib/jvm/java-8-openjdk-amd64/jre/lib/amd64/libverify.so
7f694b3b3000-7f694b3ba000 r-xp 00000000 ca:01 2077                       /lib/x86_64-linux-gnu/librt-2.23.so
7f694b3ba000-7f694b5b9000 ---p 00007000 ca:01 2077                       /lib/x86_64-linux-gnu/librt-2.23.so
7f694b5b9000-7f694b5ba000 r--p 00006000 ca:01 2077                       /lib/x86_64-linux-gnu/librt-2.23.so
7f694b5ba000-7f694b5bb000 rw-p 00007000 ca:01 2077                       /lib/x86_64-linux-gnu/librt-2.23.so
7f694b5bb000-7f694b5d1000 r-xp 00000000 ca:01 2038                       /lib/x86_64-linux-gnu/libgcc_s.so.1
7f694b5d1000-7f694b7d0000 ---p 00016000 ca:01 2038                       /lib/x86_64-linux-gnu/libgcc_s.so.1
7f694b7d0000-7f694b7d1000 rw-p 00015000 ca:01 2038                       /lib/x86_64-linux-gnu/libgcc_s.so.1
7f694b7d1000-7f694b8d9000 r-xp 00000000 ca:01 2064                       /lib/x86_64-linux-gnu/libm-2.23.so
7f694b8d9000-7f694bad8000 ---p 00108000 ca:01 2064                       /lib/x86_64-linux-gnu/libm-2.23.so
7f694bad8000-7f694bad9000 r--p 00107000 ca:01 2064                       /lib/x86_64-linux-gnu/libm-2.23.so
7f694bad9000-7f694bada000 rw-p 00108000 ca:01 2064                       /lib/x86_64-linux-gnu/libm-2.23.so
7f694bada000-7f694bc4c000 r-xp 00000000 ca:01 25778                      /usr/lib/x86_64-linux-gnu/libstdc++.so.6.0.21
7f694bc4c000-7f694be4c000 ---p 00172000 ca:01 25778                      /usr/lib/x86_64-linux-gnu/libstdc++.so.6.0.21
7f694be4c000-7f694be56000 r--p 00172000 ca:01 25778                      /usr/lib/x86_64-linux-gnu/libstdc++.so.6.0.21
7f694be56000-7f694be58000 rw-p 0017c000 ca:01 25778                      /usr/lib/x86_64-linux-gnu/libstdc++.so.6.0.21
7f694be58000-7f694be5c000 rw-p 00000000 00:00 0 
7f694be5c000-7f694caad000 r-xp 00000000 ca:01 782947                     /usr/lib/jvm/java-8-openjdk-amd64/jre/lib/amd64/server/libjvm.so
7f694caad000-7f694ccad000 ---p 00c51000 ca:01 782947                     /usr/lib/jvm/java-8-openjdk-amd64/jre/lib/amd64/server/libjvm.so
7f694ccad000-7f694cd40000 r--p 00c51000 ca:01 782947                     /usr/lib/jvm/java-8-openjdk-amd64/jre/lib/amd64/server/libjvm.so
7f694cd40000-7f694cd69000 rw-p 00ce4000 ca:01 782947                     /usr/lib/jvm/java-8-openjdk-amd64/jre/lib/amd64/server/libjvm.so
7f694cd69000-7f694cd99000 rw-p 00000000 00:00 0 
7f694cd99000-7f694cdb1000 r-xp 00000000 ca:01 2082                       /lib/x86_64-linux-gnu/libpthread-2.23.so
7f694cdb1000-7f694cfb0000 ---p 00018000 ca:01 2082                       /lib/x86_64-linux-gnu/libpthread-2.23.so
7f694cfb0000-7f694cfb1000 r--p 00017000 ca:01 2082                       /lib/x86_64-linux-gnu/libpthread-2.23.so
7f694cfb1000-7f694cfb2000 rw-p 00018000 ca:01 2082                       /lib/x86_64-linux-gnu/libpthread-2.23.so
7f694cfb2000-7f694cfb6000 rw-p 00000000 00:00 0 
7f694cfb6000-7f694cfb9000 r-xp 00000000 ca:01 2060                       /lib/x86_64-linux-gnu/libdl-2.23.so
7f694cfb9000-7f694d1b8000 ---p 00003000 ca:01 2060                       /lib/x86_64-linux-gnu/libdl-2.23.so
7f694d1b8000-7f694d1b9000 r--p 00002000 ca:01 2060                       /lib/x86_64-linux-gnu/libdl-2.23.so
7f694d1b9000-7f694d1ba000 rw-p 00003000 ca:01 2060                       /lib/x86_64-linux-gnu/libdl-2.23.so
7f694d1ba000-7f694d1d3000 r-xp 00000000 ca:01 2187                       /lib/x86_64-linux-gnu/libz.so.1.2.8
7f694d1d3000-7f694d3d2000 ---p 00019000 ca:01 2187                       /lib/x86_64-linux-gnu/libz.so.1.2.8
7f694d3d2000-7f694d3d3000 r--p 00018000 ca:01 2187                       /lib/x86_64-linux-gnu/libz.so.1.2.8
7f694d3d3000-7f694d3d4000 rw-p 00019000 ca:01 2187                       /lib/x86_64-linux-gnu/libz.so.1.2.8
7f694d3d4000-7f694d593000 r-xp 00000000 ca:01 2066                       /lib/x86_64-linux-gnu/libc-2.23.so
7f694d593000-7f694d793000 ---p 001bf000 ca:01 2066                       /lib/x86_64-linux-gnu/libc-2.23.so
7f694d793000-7f694d797000 r--p 001bf000 ca:01 2066                       /lib/x86_64-linux-gnu/libc-2.23.so
7f694d797000-7f694d799000 rw-p 001c3000 ca:01 2066                       /lib/x86_64-linux-gnu/libc-2.23.so
7f694d799000-7f694d79d000 rw-p 00000000 00:00 0 
7f694d79d000-7f694d7aa000 r-xp 00000000 ca:01 782964                     /usr/lib/jvm/java-8-openjdk-amd64/jre/lib/amd64/jli/libjli.so
7f694d7aa000-7f694d9aa000 ---p 0000d000 ca:01 782964                     /usr/lib/jvm/java-8-openjdk-amd64/jre/lib/amd64/jli/libjli.so
7f694d9aa000-7f694d9ab000 r--p 0000d000 ca:01 782964                     /usr/lib/jvm/java-8-openjdk-amd64/jre/lib/amd64/jli/libjli.so
7f694d9ab000-7f694d9ac000 rw-p 0000e000 ca:01 782964                     /usr/lib/jvm/java-8-openjdk-amd64/jre/lib/amd64/jli/libjli.so
7f694d9ac000-7f694d9d2000 r-xp 00000000 ca:01 2069                       /lib/x86_64-linux-gnu/ld-2.23.so
7f694d9d2000-7f694d9d5000 r--s 0000f000 ca:01 782931                     /usr/lib/jvm/java-8-openjdk-amd64/jre/lib/ext/icedtea-sound.jar
7f694d9d5000-7f694d9d7000 r--s 00001000 ca:01 782925                     /usr/lib/jvm/java-8-openjdk-amd64/jre/lib/ext/dnsns.jar
7f694d9d7000-7f694d9dc000 r--s 0003b000 ca:01 782930                     /usr/lib/jvm/java-8-openjdk-amd64/jre/lib/ext/sunjce_provider.jar
7f694d9dc000-7f694d9e0000 r--s 00037000 ca:01 782927                     /usr/lib/jvm/java-8-openjdk-amd64/jre/lib/ext/sunpkcs11.jar
7f694d9e0000-7f694d9ea000 r--s 00116000 ca:01 782933                     /usr/lib/jvm/java-8-openjdk-amd64/jre/lib/ext/localedata.jar
7f694d9ea000-7f694daba000 rw-p 00000000 00:00 0 
7f694daba000-7f694dac2000 rw-s 00000000 ca:01 1280110                    /tmp/hsperfdata_ubuntu/7009
7f694dac2000-7f694dac5000 ---p 00000000 00:00 0 
7f694dac5000-7f694dbc8000 rw-p 00000000 00:00 0 
7f694dbc8000-7f694dbc9000 r--s 00003000 ca:01 783255                     /home/ubuntu/spark-2.1.1-bin-hadoop2.7/jars/jta-1.1.jar
7f694dbc9000-7f694dbca000 r--s 00010000 ca:01 782928                     /usr/lib/jvm/java-8-openjdk-amd64/jre/lib/ext/zipfs.jar
7f694dbca000-7f694dbcb000 r--s 0000a000 ca:01 782926                     /usr/lib/jvm/java-8-openjdk-amd64/jre/lib/ext/jaccess.jar
7f694dbcb000-7f694dbcd000 r--s 00008000 ca:01 782929                     /usr/lib/jvm/java-8-openjdk-amd64/jre/lib/ext/sunec.jar
7f694dbcd000-7f694dbce000 rw-p 00000000 00:00 0 
7f694dbce000-7f694dbcf000 ---p 00000000 00:00 0 
7f694dbcf000-7f694dbd1000 rw-p 00000000 00:00 0 
7f694dbd1000-7f694dbd2000 r--p 00025000 ca:01 2069                       /lib/x86_64-linux-gnu/ld-2.23.so
7f694dbd2000-7f694dbd3000 rw-p 00026000 ca:01 2069                       /lib/x86_64-linux-gnu/ld-2.23.so
7f694dbd3000-7f694dbd4000 rw-p 00000000 00:00 0 
7ffcda8cc000-7ffcda8ed000 rw-p 00000000 00:00 0                          [stack]
7ffcda960000-7ffcda962000 r--p 00000000 00:00 0                          [vvar]
7ffcda962000-7ffcda964000 r-xp 00000000 00:00 0                          [vdso]
ffffffffff600000-ffffffffff601000 r-xp 00000000 00:00 0                  [vsyscall]

VM Arguments:
jvm_args: -Xmx1g 
java_command: org.apache.spark.deploy.SparkSubmit pyspark-shell
java_class_path (initial): /home/ubuntu/spark-2.1.1-bin-hadoop2.7/conf/:/home/ubuntu/spark-2.1.1-bin-hadoop2.7/jars/calcite-core-1.2.0-incubating.jar:/home/ubuntu/spark-2.1.1-bin-hadoop2.7/jars/apache-log4j-extras-1.2.17.jar:/home/ubuntu/spark-2.1.1-bin-hadoop2.7/jars/hive-beeline-1.2.1.spark2.jar:/home/ubuntu/spark-2.1.1-bin-hadoop2.7/jars/jackson-module-scala_2.11-2.6.5.jar:/home/ubuntu/spark-2.1.1-bin-hadoop2.7/jars/parquet-hadoop-1.8.1.jar:/home/ubuntu/spark-2.1.1-bin-hadoop2.7/jars/commons-beanutils-core-1.8.0.jar:/home/ubuntu/spark-2.1.1-bin-hadoop2.7/jars/commons-crypto-1.0.0.jar:/home/ubuntu/spark-2.1.1-bin-hadoop2.7/jars/jackson-databind-2.6.5.jar:/home/ubuntu/spark-2.1.1-bin-hadoop2.7/jars/bonecp-0.8.0.RELEASE.jar:/home/ubuntu/spark-2.1.1-bin-hadoop2.7/jars/antlr-runtime-3.4.jar:/home/ubuntu/spark-2.1.1-bin-hadoop2.7/jars/hk2-api-2.4.0-b34.jar:/home/ubuntu/spark-2.1.1-bin-hadoop2.7/jars/scala-xml_2.11-1.0.2.jar:/home/ubuntu/spark-2.1.1-bin-hadoop2.7/jars/commons-dbcp-1.4.jar:/home/ubuntu/spark-2.1.1-bin-hadoop2.7/jars/metrics-jvm-3.1.2.jar:/home/ubuntu/spark-2.1.1-bin-hadoop2.7/jars/validation-api-1.1.0.Final.jar:/home/ubuntu/spark-2.1.1-bin-hadoop2.7/jars/aopalliance-repackaged-2.4.0-b34.jar:/home/ubuntu/spark-2.1.1-bin-hadoop2.7/jars/jta-1.1.jar:/home/ubuntu/spark-2.1.1-bin-hadoop2.7/jars/slf4j-log4j12-1.7.16.jar:/home/ubuntu/spark-2.1.1-bin-hadoop2.7/jars/spire_2.11-0.7.4.jar:/home/ubuntu/spark-2.1.1-bin-hadoop2.7/jars/hadoop-mapreduce-client-app-2.7.3.jar:/home/ubuntu/spark-2.1.1-bin-hadoop2.7/jars/shapeless_2.11-2.0.0.jar:/home/ubuntu/spark-2.1.1-bin-hadoop2.7/jars/commons-configuration-1.6.jar:/home/ubuntu/spark-2.1.1-bin-hadoop2.7/jars/janino-3.0.0.jar:/home/ubuntu/spark-2.1.1-bin-hadoop2.7/jars/commons-compress-1.4.1.jar:/home/ubuntu/spark-2.1.1-bin-hadoop2.7/jars/jackson-core-2.6.5.jar:/home/ubuntu/spark-2.1.1-bin-hadoop2.7/jars/eigenbase-properties-1.1.5.jar:/home/ubuntu/spark-2.1.1-bin-hadoop2.7/jars/spark-launcher_2.11-2.1.1.jar:/home/ubuntu/
Launcher Type: SUN_STANDARD

Environment Variables:
PATH=/home/ubuntu/bin:/home/ubuntu/.local/bin:/home/ubuntu/spark-2.1.1-bin-hadoop2.7:/home/ubuntu/anaconda3/bin:/home/ubuntu/1+1/bin:/usr/local/sbin:/usr/local/bin:/usr/sbin:/usr/bin:/sbin:/bin:/usr/games:/usr/local/games:/snap/bin
SHELL=/bin/bash

Signal Handlers:
SIGSEGV: [libjvm.so+0xa67f40], sa_mask[0]=11111111011111111101111111111110, sa_flags=SA_RESTART|SA_SIGINFO
SIGBUS: [libjvm.so+0xa67f40], sa_mask[0]=11111111011111111101111111111110, sa_flags=SA_RESTART|SA_SIGINFO
SIGFPE: [libjvm.so+0x8b0ec0], sa_mask[0]=11111111011111111101111111111110, sa_flags=SA_RESTART|SA_SIGINFO
SIGPIPE: [libjvm.so+0x8b0ec0], sa_mask[0]=11111111011111111101111111111110, sa_flags=SA_RESTART|SA_SIGINFO
SIGXFSZ: [libjvm.so+0x8b0ec0], sa_mask[0]=11111111011111111101111111111110, sa_flags=SA_RESTART|SA_SIGINFO
SIGILL: [libjvm.so+0x8b0ec0], sa_mask[0]=11111111011111111101111111111110, sa_flags=SA_RESTART|SA_SIGINFO
SIGUSR1: SIG_DFL, sa_mask[0]=00000000000000000000000000000000, sa_flags=none
SIGUSR2: [libjvm.so+0x8b0d70], sa_mask[0]=00000000000000000000000000000000, sa_flags=SA_RESTART|SA_SIGINFO
SIGHUP: [libjvm.so+0x8b1240], sa_mask[0]=11111111011111111101111111111110, sa_flags=SA_RESTART|SA_SIGINFO
SIGINT: SIG_IGN, sa_mask[0]=00000000000000000000000000000000, sa_flags=none
SIGTERM: [libjvm.so+0x8b1240], sa_mask[0]=11111111011111111101111111111110, sa_flags=SA_RESTART|SA_SIGINFO
SIGQUIT: [libjvm.so+0x8b1240], sa_mask[0]=11111111011111111101111111111110, sa_flags=SA_RESTART|SA_SIGINFO


---------------  S Y S T E M  ---------------

OS:DISTRIB_ID=Ubuntu
DISTRIB_RELEASE=16.04
DISTRIB_CODENAME=xenial
DISTRIB_DESCRIPTION="Ubuntu 16.04.2 LTS"

uname:Linux 4.4.0-1017-aws #26-Ubuntu SMP Fri Apr 28 19:48:19 UTC 2017 x86_64
libc:glibc 2.23 NPTL 2.23 
rlimit: STACK 8192k, CORE 0k, NPROC 3902, NOFILE 65536, AS infinity
load average:1.53 2.96 2.11

/proc/meminfo:
MemTotal:        1014440 kB
MemFree:           59700 kB
MemAvailable:          0 kB
Buffers:             256 kB
Cached:             9040 kB
SwapCached:            0 kB
Active:           892344 kB
Inactive:           5396 kB
Active(anon):     891352 kB
Inactive(anon):     3992 kB
Active(file):        992 kB
Inactive(file):     1404 kB
Unevictable:        3656 kB
Mlocked:            3656 kB
SwapTotal:             0 kB
SwapFree:              0 kB
Dirty:                56 kB
Writeback:             0 kB
AnonPages:        892120 kB
Mapped:             4720 kB
Shmem:              4460 kB
Slab:              32228 kB
SReclaimable:      15148 kB
SUnreclaim:        17080 kB
KernelStack:        3520 kB
PageTables:         6276 kB
NFS_Unstable:          0 kB
Bounce:                0 kB
WritebackTmp:          0 kB
CommitLimit:      507220 kB
Committed_AS:    1190284 kB
VmallocTotal:   34359738367 kB
VmallocUsed:           0 kB
VmallocChunk:          0 kB
HardwareCorrupted:     0 kB
AnonHugePages:    544768 kB
CmaTotal:              0 kB
CmaFree:               0 kB
HugePages_Total:       0
HugePages_Free:        0
HugePages_Rsvd:        0
HugePages_Surp:        0
Hugepagesize:       2048 kB
DirectMap4k:       45056 kB
DirectMap2M:     1003520 kB


CPU:total 1 (initial active 1) (1 cores per cpu, 1 threads per core) family 6 model 63 stepping 2, cmov, cx8, fxsr, mmx, sse, sse2, sse3, ssse3, sse4.1, sse4.2, popcnt, avx, avx2, aes, clmul, erms, lzcnt, tsc, bmi1, bmi2

/proc/cpuinfo:
processor	: 0
vendor_id	: GenuineIntel
cpu family	: 6
model		: 63
model name	: Intel(R) Xeon(R) CPU E5-2676 v3 @ 2.40GHz
stepping	: 2
microcode	: 0x36
cpu MHz		: 2400.044
cache size	: 30720 KB
physical id	: 0
siblings	: 1
core id		: 0
cpu cores	: 1
apicid		: 0
initial apicid	: 0
fpu		: yes
fpu_exception	: yes
cpuid level	: 13
wp		: yes
flags		: fpu vme de pse tsc msr pae mce cx8 apic sep mtrr pge mca cmov pat pse36 clflush mmx fxsr sse sse2 ht syscall nx rdtscp lm constant_tsc rep_good nopl xtopology eagerfpu pni pclmulqdq ssse3 fma cx16 pcid sse4_1 sse4_2 x2apic movbe popcnt tsc_deadline_timer aes xsave avx f16c rdrand hypervisor lahf_lm abm fsgsbase bmi1 avx2 smep bmi2 erms invpcid xsaveopt
bugs		:
bogomips	: 4800.08
clflush size	: 64
cache_alignment	: 64
address sizes	: 46 bits physical, 48 bits virtual
power management:



Memory: 4k page, physical 1014440k(59700k free), swap 0k(0k free)

vm_info: OpenJDK 64-Bit Server VM (25.131-b11) for linux-amd64 JRE (1.8.0_131-8u131-b11-0ubuntu1.16.04.2-b11), built on May  6 2017 02:45:27 by "buildd" with gcc 5.4.0 20160609

time: Fri May 26 13:47:13 2017
elapsed time: 4230 seconds (0d 1h 10m 30s)

