#
# There is insufficient memory for the Java Runtime Environment to continue.
# Native memory allocation (mmap) failed to map 148324352 bytes for committing reserved memory.
# Possible reasons:
#   The system is out of physical RAM or swap space
#   In 32 bit mode, the process size limit was hit
# Possible solutions:
#   Reduce memory load on the system
#   Increase physical memory or swap space
#   Check if swap backing store is full
#   Use 64 bit Java on a 64 bit OS
#   Decrease Java heap size (-Xmx/-Xms)
#   Decrease number of Java threads
#   Decrease Java thread stack sizes (-Xss)
#   Set larger code cache with -XX:ReservedCodeCacheSize=
# This output file may be truncated or incomplete.
#
#  Out of Memory Error (os_linux.cpp:2643), pid=7786, tid=0x00007ff87cc49700
#
# JRE version: OpenJDK Runtime Environment (8.0_131-b11) (build 1.8.0_131-8u131-b11-0ubuntu1.16.04.2-b11)
# Java VM: OpenJDK 64-Bit Server VM (25.131-b11 mixed mode linux-amd64 compressed oops)
# Failed to write core dump. Core dumps have been disabled. To enable core dumping, try "ulimit -c unlimited" before starting Java again
#

---------------  T H R E A D  ---------------

Current thread (0x00007ff878074800):  VMThread [stack: 0x00007ff87cb49000,0x00007ff87cc4a000] [id=7800]

Stack: [0x00007ff87cb49000,0x00007ff87cc4a000],  sp=0x00007ff87cc48510,  free space=1021k
Native frames: (J=compiled Java code, j=interpreted, Vv=VM code, C=native code)
V  [libjvm.so+0xa673eb]
V  [libjvm.so+0x4c3bec]
V  [libjvm.so+0x8b58a0]
V  [libjvm.so+0x8afd1e]
V  [libjvm.so+0xa63ce4]
V  [libjvm.so+0x5c9d40]
V  [libjvm.so+0x5c9abe]
V  [libjvm.so+0x5b6378]
V  [libjvm.so+0x44b81f]
V  [libjvm.so+0xa684f1]
V  [libjvm.so+0xa6e187]
V  [libjvm.so+0xa6b957]
V  [libjvm.so+0xa6cddf]
V  [libjvm.so+0xa6d2d1]
V  [libjvm.so+0x8b2d82]

VM_Operation (0x00007ff8449a1e50): GenCollectForAllocation, mode: safepoint, requested by thread 0x00007ff8641f4800


---------------  P R O C E S S  ---------------

Java Threads: ( => current thread )
  0x00007ff878b76000 JavaThread "Worker Monitor for python" daemon [_thread_blocked, id=8969, stack(0x00007ff8464ff000,0x00007ff846600000)]
  0x00007ff878141800 JavaThread "stdout writer for python" daemon [_thread_blocked, id=8968, stack(0x00007ff847503000,0x00007ff847604000)]
  0x00007ff878140000 JavaThread "process reaper" daemon [_thread_blocked, id=8963, stack(0x00007ff868009000,0x00007ff868042000)]
  0x00007ff85c04a800 JavaThread "Executor task launch worker for task 19145" daemon [_thread_blocked, id=8961, stack(0x00007ff84409f000,0x00007ff8441a0000)]
  0x0000000001b9e800 JavaThread "ForkJoinPool-5-worker-11" daemon [_thread_blocked, id=8960, stack(0x00007ff84b9fc000,0x00007ff84bafd000)]
  0x00007ff8641f4800 JavaThread "Executor task launch worker for task 19147" daemon [_thread_blocked, id=8958, stack(0x00007ff8448a3000,0x00007ff8449a4000)]
  0x00007ff8540af800 JavaThread "block-manager-slave-async-thread-pool-78" daemon [_thread_blocked, id=8957, stack(0x00007ff843d9c000,0x00007ff843e9d000)]
  0x00007ff8540af000 JavaThread "block-manager-slave-async-thread-pool-77" daemon [_thread_blocked, id=8956, stack(0x00007ff843e9d000,0x00007ff843f9e000)]
  0x00007ff85402a800 JavaThread "block-manager-slave-async-thread-pool-76" daemon [_thread_blocked, id=8955, stack(0x00007ff8463fe000,0x00007ff8464ff000)]
  0x00007ff8641f5800 JavaThread "block-manager-ask-thread-pool-20" daemon [_thread_blocked, id=8953, stack(0x00007ff845ffc000,0x00007ff8460fd000)]
  0x00007ff85c02d000 JavaThread "ForkJoinPool-4-worker-11" daemon [_thread_blocked, id=8948, stack(0x00007ff84399a000,0x00007ff843a9b000)]
  0x00007ff85409a000 JavaThread "ForkJoinPool-3-worker-13" daemon [_thread_blocked, id=8714, stack(0x00007ff8460fd000,0x00007ff8461fe000)]
  0x00007ff84c4cc000 JavaThread "Thread-19" [_thread_in_native, id=8467, stack(0x00007ff847202000,0x00007ff847303000)]
  0x00007ff84cdb3000 JavaThread "Thread-18" [_thread_blocked, id=8230, stack(0x00007ff843f9e000,0x00007ff84409f000)]
  0x00007ff850105000 JavaThread "stderr reader for python" daemon [_thread_in_native, id=7862, stack(0x00007ff8449a4000,0x00007ff844aa5000)]
  0x00007ff850103800 JavaThread "stdout reader for python" daemon [_thread_in_native, id=7861, stack(0x00007ff844aa5000,0x00007ff844ba6000)]
  0x00007ff850100000 JavaThread "process reaper" daemon [_thread_in_native, id=7860, stack(0x00007ff86805a000,0x00007ff868093000)]
  0x00007ff8500fe800 JavaThread "Idle Worker Monitor for python" daemon [_thread_blocked, id=7858, stack(0x00007ff844ba6000,0x00007ff844ca7000)]
  0x00007ff8640f1000 JavaThread "task-result-getter-3" daemon [_thread_blocked, id=7857, stack(0x00007ff8454f9000,0x00007ff8455fa000)]
  0x00007ff8640ef800 JavaThread "task-result-getter-2" daemon [_thread_blocked, id=7856, stack(0x00007ff8457fa000,0x00007ff8458fb000)]
  0x00007ff8640e7800 JavaThread "task-result-getter-1" daemon [_thread_blocked, id=7855, stack(0x00007ff8458fb000,0x00007ff8459fc000)]
  0x00007ff85c04b800 JavaThread "task-result-getter-0" daemon [_thread_blocked, id=7850, stack(0x00007ff847000000,0x00007ff847101000)]
  0x00007ff84c4f6000 JavaThread "ForkJoinPool-2-worker-11" daemon [_thread_blocked, id=7849, stack(0x00007ff847101000,0x00007ff847202000)]
  0x00007ff858b7a800 JavaThread "org.apache.hadoop.fs.FileSystem$Statistics$StatisticsDataReferenceCleaner" daemon [_thread_blocked, id=7845, stack(0x00007ff847e11000,0x00007ff847f12000)]
  0x00007ff858ea3800 JavaThread "SparkListenerBus" daemon [_thread_blocked, id=7843, stack(0x00007ff8483fd000,0x00007ff8484fe000)]
  0x00007ff858e89800 JavaThread "context-cleaner-periodic-gc" daemon [_thread_blocked, id=7842, stack(0x00007ff8484fe000,0x00007ff8485ff000)]
  0x00007ff858d76000 JavaThread "Spark Context Cleaner" daemon [_thread_blocked, id=7841, stack(0x00007ff8485ff000,0x00007ff848700000)]
  0x00007ff85891b000 JavaThread "shuffle-server-5-1" daemon [_thread_in_native, id=7840, stack(0x00007ff848900000,0x00007ff848a01000)]
  0x00007ff858914000 JavaThread "driver-heartbeater" daemon [_thread_blocked, id=7839, stack(0x00007ff848a01000,0x00007ff848b02000)]
  0x00007ff85890d000 JavaThread "dag-scheduler-event-loop" daemon [_thread_blocked, id=7838, stack(0x00007ff848b02000,0x00007ff848c03000)]
  0x0000000001b90800 JavaThread "netty-rpc-env-timeout" daemon [_thread_blocked, id=7837, stack(0x00007ff848c03000,0x00007ff848d04000)]
  0x00007ff8588c8000 JavaThread "Timer-0" daemon [_thread_blocked, id=7836, stack(0x00007ff848d04000,0x00007ff848e05000)]
  0x00007ff864071000 JavaThread "heartbeat-receiver-event-loop-thread" daemon [_thread_blocked, id=7835, stack(0x00007ff848e05000,0x00007ff848f06000)]
  0x00007ff8588d2000 JavaThread "SparkUI-37" daemon [_thread_blocked, id=7834, stack(0x00007ff848f06000,0x00007ff849007000)]
  0x00007ff8588cf800 JavaThread "SparkUI-36" daemon [_thread_blocked, id=7833, stack(0x00007ff849007000,0x00007ff849108000)]
  0x00007ff8588cd800 JavaThread "SparkUI-35" daemon [_thread_blocked, id=7832, stack(0x00007ff849108000,0x00007ff849209000)]
  0x00007ff8588cb800 JavaThread "SparkUI-34" daemon [_thread_blocked, id=7831, stack(0x00007ff849209000,0x00007ff84930a000)]
  0x00007ff858b26800 JavaThread "SparkUI-33" daemon [_thread_blocked, id=7830, stack(0x00007ff84930a000,0x00007ff84940b000)]
  0x00007ff858b24800 JavaThread "SparkUI-32" daemon [_thread_blocked, id=7829, stack(0x00007ff84940b000,0x00007ff84950c000)]
  0x00007ff858ad7000 JavaThread "SparkUI-31-acceptor-0@419ac1f-Spark@ade52ec{HTTP/1.1}{0.0.0.0:4040}" daemon [_thread_in_native, id=7828, stack(0x00007ff84950c000,0x00007ff84960d000)]
  0x00007ff858ad6000 JavaThread "SparkUI-30-selector-ServerConnectorManager@2e84c8db/0" daemon [_thread_in_native, id=7827, stack(0x00007ff84960d000,0x00007ff84970e000)]
  0x00007ff8588a1800 JavaThread "refresh progress" daemon [_thread_blocked, id=7825, stack(0x00007ff8499af000,0x00007ff849ab0000)]
  0x00007ff858889000 JavaThread "map-output-dispatcher-7" daemon [_thread_blocked, id=7824, stack(0x00007ff849cb0000,0x00007ff849db1000)]
  0x00007ff858887000 JavaThread "map-output-dispatcher-6" daemon [_thread_blocked, id=7823, stack(0x00007ff849db1000,0x00007ff849eb2000)]
  0x00007ff8586eb000 JavaThread "map-output-dispatcher-5" daemon [_thread_blocked, id=7822, stack(0x00007ff849eb2000,0x00007ff849fb3000)]
  0x00007ff8586e9000 JavaThread "map-output-dispatcher-4" daemon [_thread_blocked, id=7821, stack(0x00007ff849fb3000,0x00007ff84a0b4000)]
  0x00007ff8586e7800 JavaThread "map-output-dispatcher-3" daemon [_thread_blocked, id=7820, stack(0x00007ff84a0b4000,0x00007ff84a1b5000)]
  0x00007ff8586e6000 JavaThread "map-output-dispatcher-2" daemon [_thread_blocked, id=7819, stack(0x00007ff84a1b5000,0x00007ff84a2b6000)]
  0x00007ff8586e4000 JavaThread "map-output-dispatcher-1" daemon [_thread_blocked, id=7818, stack(0x00007ff84a2b6000,0x00007ff84a3b7000)]
  0x00007ff8586e3000 JavaThread "map-output-dispatcher-0" daemon [_thread_blocked, id=7817, stack(0x00007ff84a3b7000,0x00007ff84a4b8000)]
  0x00007ff8586d5800 JavaThread "rpc-server-3-1" daemon [_thread_in_native, id=7816, stack(0x00007ff84a4b8000,0x00007ff84a5b9000)]
  0x00007ff858594800 JavaThread "dispatcher-event-loop-1" daemon [_thread_blocked, id=7815, stack(0x00007ff84a9cc000,0x00007ff84aacd000)]
  0x00007ff858593800 JavaThread "dispatcher-event-loop-0" daemon [_thread_blocked, id=7814, stack(0x00007ff84b2f1000,0x00007ff84b3f2000)]
  0x00007ff878d67000 JavaThread "Thread-1" [_thread_in_native, id=7809, stack(0x00007ff84bafd000,0x00007ff84bbfe000)]
  0x00007ff878d59800 JavaThread "pool-1-thread-1" [_thread_blocked, id=7808, stack(0x00007ff84bbfe000,0x00007ff84bcff000)]
  0x00007ff8780af800 JavaThread "Service Thread" daemon [_thread_blocked, id=7806, stack(0x00007ff87c3ab000,0x00007ff87c4ac000)]
  0x00007ff8780ac800 JavaThread "C1 CompilerThread1" daemon [_thread_blocked, id=7805, stack(0x00007ff87c4ac000,0x00007ff87c5ad000)]
  0x00007ff8780aa000 JavaThread "C2 CompilerThread0" daemon [_thread_blocked, id=7804, stack(0x00007ff87c5ad000,0x00007ff87c6ae000)]
  0x00007ff8780a8000 JavaThread "Signal Dispatcher" daemon [_thread_blocked, id=7803, stack(0x00007ff87c6ae000,0x00007ff87c7af000)]
  0x00007ff878081000 JavaThread "Finalizer" daemon [_thread_blocked, id=7802, stack(0x00007ff87c947000,0x00007ff87ca48000)]
  0x00007ff87807c800 JavaThread "Reference Handler" daemon [_thread_blocked, id=7801, stack(0x00007ff87ca48000,0x00007ff87cb49000)]
  0x00007ff878010800 JavaThread "main" [_thread_in_native, id=7799, stack(0x00007ff88133f000,0x00007ff881440000)]

Other Threads:
=>0x00007ff878074800 VMThread [stack: 0x00007ff87cb49000,0x00007ff87cc4a000] [id=7800]
  0x00007ff8780b6800 WatcherThread [stack: 0x00007ff87c2aa000,0x00007ff87c3ab000] [id=7807]

VM state:at safepoint (normal execution)

VM Mutex/Monitor currently owned by a thread:  ([mutex/lock_event])
[0x00007ff87800d050] Threads_lock - owner thread: 0x00007ff878074800
[0x00007ff87800d550] Heap_lock - owner thread: 0x00007ff8641f4800

Heap:
 def new generation   total 103168K, used 0K [0x00000000c0000000, 0x00000000c6ff0000, 0x00000000d5550000)
  eden space 91712K,   0% used [0x00000000c0000000, 0x00000000c0000000, 0x00000000c5990000)
  from space 11456K,   0% used [0x00000000c5990000, 0x00000000c5990000, 0x00000000c64c0000)
  to   space 11456K,   0% used [0x00000000c64c0000, 0x00000000c64c0000, 0x00000000c6ff0000)
 tenured generation   total 245484K, used 234198K [0x00000000d5550000, 0x00000000e450b000, 0x0000000100000000)
   the space 245484K,  95% used [0x00000000d5550000, 0x00000000e3a05b50, 0x00000000e3a05c00, 0x00000000e450b000)
 Metaspace       used 82218K, capacity 83930K, committed 84096K, reserved 1122304K
  class space    used 11083K, capacity 11340K, committed 11392K, reserved 1048576K

Card table byte_map: [0x00007ff87d7e5000,0x00007ff87d9e6000] byte_map_base: 0x00007ff87d1e5000

Polling page: 0x00007ff88144b000

CodeCache: size=245760Kb used=46135Kb max_used=46273Kb free=199624Kb
 bounds [0x00007ff869000000, 0x00007ff86bd90000, 0x00007ff878000000]
 total_blobs=14922 nmethods=14302 adapters=530
 compilation: enabled

Compilation events (10 events):
Event: 5482.099 Thread 0x00007ff8780ac800 22206       3       org.apache.spark.sql.execution.datasources.parquet.ParquetRowConverter::org$apache$spark$internal$Logging$$log__$eq (6 bytes)
Event: 5482.099 Thread 0x00007ff8780ac800 nmethod 22206 0x00007ff86b8c5750 code [0x00007ff86b8c58a0, 0x00007ff86b8c5a10]
Event: 5482.106 Thread 0x00007ff8780ac800 22207       1       org.apache.parquet.hadoop.codec.SnappyCodec::getDecompressorType (4 bytes)
Event: 5482.106 Thread 0x00007ff8780ac800 nmethod 22207 0x00007ff869b9b290 code [0x00007ff869b9b3e0, 0x00007ff869b9b4f0]
Event: 5482.110 Thread 0x00007ff8780ac800 22208       1       org.apache.parquet.io.MessageColumnIO::access$100 (5 bytes)
Event: 5482.110 Thread 0x00007ff8780ac800 nmethod 22208 0x00007ff86aed1110 code [0x00007ff86aed1260, 0x00007ff86aed1350]
Event: 5482.110 Thread 0x00007ff8780ac800 22209       1       org.apache.parquet.io.MessageColumnIO::access$200 (5 bytes)
Event: 5482.110 Thread 0x00007ff8780ac800 nmethod 22209 0x00007ff86aed0e10 code [0x00007ff86aed0f60, 0x00007ff86aed1050]
Event: 5482.417 Thread 0x00007ff8780ac800 22210       3       org.apache.parquet.column.values.plain.BooleanPlainValuesReader::initFromPage (54 bytes)
Event: 5482.418 Thread 0x00007ff8780ac800 nmethod 22210 0x00007ff8696509d0 code [0x00007ff869650b40, 0x00007ff869650ce0]

GC Heap History (10 events):
Event: 5481.513 GC heap after
Heap after GC invocations=5068 (full 54):
 def new generation   total 103168K, used 5483K [0x00000000c0000000, 0x00000000c6ff0000, 0x00000000d5550000)
  eden space 91712K,   0% used [0x00000000c0000000, 0x00000000c0000000, 0x00000000c5990000)
  from space 11456K,  47% used [0x00000000c64c0000, 0x00000000c6a1add0, 0x00000000c6ff0000)
  to   space 11456K,   0% used [0x00000000c5990000, 0x00000000c5990000, 0x00000000c64c0000)
 tenured generation   total 229096K, used 198164K [0x00000000d5550000, 0x00000000e350a000, 0x0000000100000000)
   the space 229096K,  86% used [0x00000000d5550000, 0x00000000e16d53e8, 0x00000000e16d5400, 0x00000000e350a000)
 Metaspace       used 82213K, capacity 83930K, committed 84096K, reserved 1122304K
  class space    used 11083K, capacity 11340K, committed 11392K, reserved 1048576K
}
Event: 5481.706 GC heap before
{Heap before GC invocations=5068 (full 54):
 def new generation   total 103168K, used 97195K [0x00000000c0000000, 0x00000000c6ff0000, 0x00000000d5550000)
  eden space 91712K, 100% used [0x00000000c0000000, 0x00000000c5990000, 0x00000000c5990000)
  from space 11456K,  47% used [0x00000000c64c0000, 0x00000000c6a1add0, 0x00000000c6ff0000)
  to   space 11456K,   0% used [0x00000000c5990000, 0x00000000c5990000, 0x00000000c64c0000)
 tenured generation   total 229096K, used 198164K [0x00000000d5550000, 0x00000000e350a000, 0x0000000100000000)
   the space 229096K,  86% used [0x00000000d5550000, 0x00000000e16d53e8, 0x00000000e16d5400, 0x00000000e350a000)
 Metaspace       used 82213K, capacity 83930K, committed 84096K, reserved 1122304K
  class space    used 11083K, capacity 11340K, committed 11392K, reserved 1048576K
Event: 5481.715 GC heap after
Heap after GC invocations=5069 (full 54):
 def new generation   total 103168K, used 6912K [0x00000000c0000000, 0x00000000c6ff0000, 0x00000000d5550000)
  eden space 91712K,   0% used [0x00000000c0000000, 0x00000000c0000000, 0x00000000c5990000)
  from space 11456K,  60% used [0x00000000c5990000, 0x00000000c6050218, 0x00000000c64c0000)
  to   space 11456K,   0% used [0x00000000c64c0000, 0x00000000c64c0000, 0x00000000c6ff0000)
 tenured generation   total 229096K, used 214548K [0x00000000d5550000, 0x00000000e350a000, 0x0000000100000000)
   the space 229096K,  93% used [0x00000000d5550000, 0x00000000e26d53f8, 0x00000000e26d5400, 0x00000000e350a000)
 Metaspace       used 82213K, capacity 83930K, committed 84096K, reserved 1122304K
  class space    used 11083K, capacity 11340K, committed 11392K, reserved 1048576K
}
Event: 5481.936 GC heap before
{Heap before GC invocations=5069 (full 54):
 def new generation   total 103168K, used 98624K [0x00000000c0000000, 0x00000000c6ff0000, 0x00000000d5550000)
  eden space 91712K, 100% used [0x00000000c0000000, 0x00000000c5990000, 0x00000000c5990000)
  from space 11456K,  60% used [0x00000000c5990000, 0x00000000c6050218, 0x00000000c64c0000)
  to   space 11456K,   0% used [0x00000000c64c0000, 0x00000000c64c0000, 0x00000000c6ff0000)
 tenured generation   total 229096K, used 214548K [0x00000000d5550000, 0x00000000e350a000, 0x0000000100000000)
   the space 229096K,  93% used [0x00000000d5550000, 0x00000000e26d53f8, 0x00000000e26d5400, 0x00000000e350a000)
 Metaspace       used 82216K, capacity 83930K, committed 84096K, reserved 1122304K
  class space    used 11083K, capacity 11340K, committed 11392K, reserved 1048576K
Event: 5481.941 GC heap after
Heap after GC invocations=5070 (full 54):
 def new generation   total 103168K, used 5263K [0x00000000c0000000, 0x00000000c6ff0000, 0x00000000d5550000)
  eden space 91712K,   0% used [0x00000000c0000000, 0x00000000c0000000, 0x00000000c5990000)
  from space 11456K,  45% used [0x00000000c64c0000, 0x00000000c69e3eb0, 0x00000000c6ff0000)
  to   space 11456K,   0% used [0x00000000c5990000, 0x00000000c5990000, 0x00000000c64c0000)
 tenured generation   total 229096K, used 216578K [0x00000000d5550000, 0x00000000e350a000, 0x0000000100000000)
   the space 229096K,  94% used [0x00000000d5550000, 0x00000000e28d0868, 0x00000000e28d0a00, 0x00000000e350a000)
 Metaspace       used 82216K, capacity 83930K, committed 84096K, reserved 1122304K
  class space    used 11083K, capacity 11340K, committed 11392K, reserved 1048576K
}
Event: 5482.152 GC heap before
{Heap before GC invocations=5070 (full 54):
 def new generation   total 103168K, used 96975K [0x00000000c0000000, 0x00000000c6ff0000, 0x00000000d5550000)
  eden space 91712K, 100% used [0x00000000c0000000, 0x00000000c5990000, 0x00000000c5990000)
  from space 11456K,  45% used [0x00000000c64c0000, 0x00000000c69e3eb0, 0x00000000c6ff0000)
  to   space 11456K,   0% used [0x00000000c5990000, 0x00000000c5990000, 0x00000000c64c0000)
 tenured generation   total 229096K, used 216578K [0x00000000d5550000, 0x00000000e350a000, 0x0000000100000000)
   the space 229096K,  94% used [0x00000000d5550000, 0x00000000e28d0868, 0x00000000e28d0a00, 0x00000000e350a000)
 Metaspace       used 82217K, capacity 83930K, committed 84096K, reserved 1122304K
  class space    used 11083K, capacity 11340K, committed 11392K, reserved 1048576K
Event: 5482.157 GC heap after
Heap after GC invocations=5071 (full 54):
 def new generation   total 103168K, used 5438K [0x00000000c0000000, 0x00000000c6ff0000, 0x00000000d5550000)
  eden space 91712K,   0% used [0x00000000c0000000, 0x00000000c0000000, 0x00000000c5990000)
  from space 11456K,  47% used [0x00000000c5990000, 0x00000000c5edfa20, 0x00000000c64c0000)
  to   space 11456K,   0% used [0x00000000c64c0000, 0x00000000c64c0000, 0x00000000c6ff0000)
 tenured generation   total 229096K, used 216578K [0x00000000d5550000, 0x00000000e350a000, 0x0000000100000000)
   the space 229096K,  94% used [0x00000000d5550000, 0x00000000e28d0868, 0x00000000e28d0a00, 0x00000000e350a000)
 Metaspace       used 82217K, capacity 83930K, committed 84096K, reserved 1122304K
  class space    used 11083K, capacity 11340K, committed 11392K, reserved 1048576K
}
Event: 5482.396 GC heap before
{Heap before GC invocations=5071 (full 54):
 def new generation   total 103168K, used 97150K [0x00000000c0000000, 0x00000000c6ff0000, 0x00000000d5550000)
  eden space 91712K, 100% used [0x00000000c0000000, 0x00000000c5990000, 0x00000000c5990000)
  from space 11456K,  47% used [0x00000000c5990000, 0x00000000c5edfa20, 0x00000000c64c0000)
  to   space 11456K,   0% used [0x00000000c64c0000, 0x00000000c64c0000, 0x00000000c6ff0000)
 tenured generation   total 229096K, used 216578K [0x00000000d5550000, 0x00000000e350a000, 0x0000000100000000)
   the space 229096K,  94% used [0x00000000d5550000, 0x00000000e28d0868, 0x00000000e28d0a00, 0x00000000e350a000)
 Metaspace       used 82217K, capacity 83930K, committed 84096K, reserved 1122304K
  class space    used 11083K, capacity 11340K, committed 11392K, reserved 1048576K
Event: 5482.401 GC heap after
Heap after GC invocations=5072 (full 54):
 def new generation   total 103168K, used 6495K [0x00000000c0000000, 0x00000000c6ff0000, 0x00000000d5550000)
  eden space 91712K,   0% used [0x00000000c0000000, 0x00000000c0000000, 0x00000000c5990000)
  from space 11456K,  56% used [0x00000000c64c0000, 0x00000000c6b17f30, 0x00000000c6ff0000)
  to   space 11456K,   0% used [0x00000000c5990000, 0x00000000c5990000, 0x00000000c64c0000)
 tenured generation   total 229096K, used 216578K [0x00000000d5550000, 0x00000000e350a000, 0x0000000100000000)
   the space 229096K,  94% used [0x00000000d5550000, 0x00000000e28d0868, 0x00000000e28d0a00, 0x00000000e350a000)
 Metaspace       used 82217K, capacity 83930K, committed 84096K, reserved 1122304K
  class space    used 11083K, capacity 11340K, committed 11392K, reserved 1048576K
}
Event: 5482.567 GC heap before
{Heap before GC invocations=5072 (full 54):
 def new generation   total 103168K, used 98207K [0x00000000c0000000, 0x00000000c6ff0000, 0x00000000d5550000)
  eden space 91712K, 100% used [0x00000000c0000000, 0x00000000c5990000, 0x00000000c5990000)
  from space 11456K,  56% used [0x00000000c64c0000, 0x00000000c6b17f30, 0x00000000c6ff0000)
  to   space 11456K,   0% used [0x00000000c5990000, 0x00000000c5990000, 0x00000000c64c0000)
 tenured generation   total 229096K, used 216578K [0x00000000d5550000, 0x00000000e350a000, 0x0000000100000000)
   the space 229096K,  94% used [0x00000000d5550000, 0x00000000e28d0868, 0x00000000e28d0a00, 0x00000000e350a000)
 Metaspace       used 82218K, capacity 83930K, committed 84096K, reserved 1122304K
  class space    used 11083K, capacity 11340K, committed 11392K, reserved 1048576K

Deoptimization events (10 events):
Event: 5451.553 Thread 0x00007ff8641f4800 Uncommon trap: reason=unstable_if action=reinterpret pc=0x00007ff86bd266a0 method=org.apache.spark.sql.catalyst.expressions.GeneratedClass$GeneratedIterator.agg_doAggregateWithoutKey$(Lorg/apache/spark/sql/catalyst/expressions/GeneratedClass$GeneratedIter
Event: 5451.691 Thread 0x00007ff85890d000 Uncommon trap: reason=speculate_class_check action=maybe_recompile pc=0x00007ff86a20ee44 method=scala.collection.TraversableOnce$class.nonEmpty(Lscala/collection/TraversableOnce;)Z @ 1
Event: 5451.958 Thread 0x00007ff84cdb3000 Uncommon trap: reason=unstable_if action=reinterpret pc=0x00007ff869b7dd18 method=org.apache.spark.sql.catalyst.analysis.TypeCoercion$$anonfun$1.apply(Lorg/apache/spark/sql/types/DataType;Lorg/apache/spark/sql/types/DataType;)Lscala/Option; @ 346
Event: 5452.131 Thread 0x00007ff84cdb3000 Uncommon trap: reason=unstable_if action=reinterpret pc=0x00007ff86b24eed8 method=org.apache.spark.sql.catalyst.analysis.Analyzer$FixNullability$$anonfun$apply$23.applyOrElse(Lorg/apache/spark/sql/catalyst/plans/logical/LogicalPlan;Lscala/Function1;)Ljava
Event: 5452.131 Thread 0x00007ff84cdb3000 Uncommon trap: reason=class_check action=maybe_recompile pc=0x00007ff86a7a9e10 method=org.apache.spark.sql.catalyst.analysis.CheckAnalysis$$anonfun$checkAnalysis$1$$anonfun$apply$2.applyOrElse(Lorg/apache/spark/sql/catalyst/expressions/Expression;Lscala/F
Event: 5476.618 Thread 0x00007ff84cdb3000 Uncommon trap: reason=unstable_if action=reinterpret pc=0x00007ff86b7a73ac method=org.apache.spark.util.Utils$$anonfun$getCallSite$1.apply(Ljava/lang/StackTraceElement;)Ljava/lang/Object; @ 144
Event: 5476.643 Thread 0x00007ff84cdb3000 Uncommon trap: reason=speculate_class_check action=maybe_recompile pc=0x00007ff86a797450 method=scala.Option.getOrElse(Lscala/Function0;)Ljava/lang/Object; @ 17
Event: 5476.643 Thread 0x00007ff84cdb3000 Uncommon trap: reason=speculate_class_check action=maybe_recompile pc=0x00007ff86a797450 method=scala.Option.getOrElse(Lscala/Function0;)Ljava/lang/Object; @ 17
Event: 5476.781 Thread 0x00007ff8641f4800 Uncommon trap: reason=class_check action=maybe_recompile pc=0x00007ff86bc7a988 method=org.apache.spark.sql.execution.datasources.FileFormatWriter$SingleDirectoryWriteTask.execute(Lscala/collection/Iterator;)Lscala/collection/immutable/Set; @ 1
Event: 5476.950 Thread 0x00007ff8641f4800 Uncommon trap: reason=predicate action=maybe_recompile pc=0x00007ff86b2008ac method=org.apache.spark.sql.execution.datasources.FileFormatWriter$SingleDirectoryWriteTask.execute(Lscala/collection/Iterator;)Lscala/collection/immutable/Set; @ 0

Internal exceptions (10 events):
Event: 4349.461 Thread 0x00007ff85c02d000 Exception <a 'java/net/SocketException': Socket closed> (0x00000000c5031958) thrown at [/build/openjdk-8-VTMhfL/openjdk-8-8u131-b11/src/hotspot/src/share/vm/prims/jni.cpp, line 735]
Event: 4738.317 Thread 0x00007ff85013d800 Exception <a 'java/net/SocketException': Socket closed> (0x00000000c3cb0580) thrown at [/build/openjdk-8-VTMhfL/openjdk-8-8u131-b11/src/hotspot/src/share/vm/prims/jni.cpp, line 735]
Event: 4868.163 Thread 0x00007ff8641f5800 Implicit null exception at 0x00007ff86b7d9a54 to 0x00007ff86b7dae59
Event: 4868.172 Thread 0x00007ff84cdb3000 Exception <a 'java/lang/reflect/InvocationTargetException'> (0x00000000c48154f0) thrown at [/build/openjdk-8-VTMhfL/openjdk-8-8u131-b11/src/hotspot/src/share/vm/runtime/reflection.cpp, line 1092]
Event: 5451.347 Thread 0x00007ff85890d000 Exception <a 'java/lang/NoSuchMethodError': <clinit>> (0x00000000c245db98) thrown at [/build/openjdk-8-VTMhfL/openjdk-8-8u131-b11/src/hotspot/src/share/vm/prims/jni.cpp, line 1613]
Event: 5451.461 Thread 0x00007ff8641f4800 Implicit null exception at 0x00007ff86b948bd2 to 0x00007ff86b948d15
Event: 5451.696 Thread 0x00007ff85c04a800 Exception <a 'java/lang/NoSuchMethodError': <clinit>> (0x00000000c55bd7c0) thrown at [/build/openjdk-8-VTMhfL/openjdk-8-8u131-b11/src/hotspot/src/share/vm/prims/jni.cpp, line 1613]
Event: 5476.728 Thread 0x00007ff85890d000 Exception <a 'java/lang/NoSuchMethodError': <clinit>> (0x00000000c4ffb780) thrown at [/build/openjdk-8-VTMhfL/openjdk-8-8u131-b11/src/hotspot/src/share/vm/prims/jni.cpp, line 1613]
Event: 5476.729 Thread 0x00007ff85890d000 Exception <a 'java/lang/NoSuchMethodError': <clinit>> (0x00000000c5009288) thrown at [/build/openjdk-8-VTMhfL/openjdk-8-8u131-b11/src/hotspot/src/share/vm/prims/jni.cpp, line 1613]
Event: 5476.748 Thread 0x00007ff858594800 Exception <a 'java/lang/NoSuchMethodError': <clinit>> (0x00000000c55d66f8) thrown at [/build/openjdk-8-VTMhfL/openjdk-8-8u131-b11/src/hotspot/src/share/vm/prims/jni.cpp, line 1613]

Events (10 events):
Event: 5481.812 Thread 0x00007ff8780ac800 flushing nmethod 0x00007ff86b7d9510
Event: 5481.812 Thread 0x00007ff8780ac800 flushing nmethod 0x00007ff86b8f0810
Event: 5481.822 Thread 0x00007ff8780ac800 flushing nmethod 0x00007ff86bcaad10
Event: 5481.935 Executing VM operation: GenCollectForAllocation
Event: 5481.941 Executing VM operation: GenCollectForAllocation done
Event: 5482.152 Executing VM operation: GenCollectForAllocation
Event: 5482.157 Executing VM operation: GenCollectForAllocation done
Event: 5482.396 Executing VM operation: GenCollectForAllocation
Event: 5482.401 Executing VM operation: GenCollectForAllocation done
Event: 5482.567 Executing VM operation: GenCollectForAllocation


Dynamic libraries:
00400000-00401000 r-xp 00000000 ca:01 783016                             /usr/lib/jvm/java-8-openjdk-amd64/jre/bin/java
00600000-00601000 r--p 00000000 ca:01 783016                             /usr/lib/jvm/java-8-openjdk-amd64/jre/bin/java
00601000-00602000 rw-p 00001000 ca:01 783016                             /usr/lib/jvm/java-8-openjdk-amd64/jre/bin/java
01b6d000-01cef000 rw-p 00000000 00:00 0                                  [heap]
c0000000-c6ff0000 rw-p 00000000 00:00 0 
c6ff0000-d5550000 ---p 00000000 00:00 0 
d5550000-e450b000 rw-p 00000000 00:00 0 
ed27f000-100000000 ---p 00000000 00:00 0 
100000000-100b20000 rw-p 00000000 00:00 0 
100b20000-140000000 ---p 00000000 00:00 0 
7ff84359a000-7ff84369a000 rw-p 00000000 00:00 0 
7ff84369a000-7ff84379a000 ---p 00000000 00:00 0 
7ff84379a000-7ff84399a000 rw-p 00000000 00:00 0 
7ff84399a000-7ff84399d000 ---p 00000000 00:00 0 
7ff84399d000-7ff843a9b000 rw-p 00000000 00:00 0 
7ff843a9b000-7ff843a9e000 ---p 00000000 00:00 0 
7ff843a9e000-7ff843d9c000 rw-p 00000000 00:00 0 
7ff843d9c000-7ff843d9f000 ---p 00000000 00:00 0 
7ff843d9f000-7ff843e9d000 rw-p 00000000 00:00 0 
7ff843e9d000-7ff843ea0000 ---p 00000000 00:00 0 
7ff843ea0000-7ff843f9e000 rw-p 00000000 00:00 0 
7ff843f9e000-7ff843fa1000 ---p 00000000 00:00 0 
7ff843fa1000-7ff84409f000 rw-p 00000000 00:00 0 
7ff84409f000-7ff8440a2000 ---p 00000000 00:00 0 
7ff8440a2000-7ff8441a0000 rw-p 00000000 00:00 0 
7ff8441a0000-7ff8441a3000 ---p 00000000 00:00 0 
7ff8441a3000-7ff8442a1000 rw-p 00000000 00:00 0 
7ff8442a1000-7ff8442a4000 ---p 00000000 00:00 0 
7ff8442a4000-7ff8445a2000 rw-p 00000000 00:00 0 
7ff8445a2000-7ff8447a2000 rw-p 00000000 00:00 0 
7ff8447a2000-7ff8447a5000 ---p 00000000 00:00 0 
7ff8447a5000-7ff8448a3000 rw-p 00000000 00:00 0 
7ff8448a3000-7ff8448a6000 ---p 00000000 00:00 0 
7ff8448a6000-7ff8449a4000 rw-p 00000000 00:00 0 
7ff8449a4000-7ff8449a7000 ---p 00000000 00:00 0 
7ff8449a7000-7ff844aa5000 rw-p 00000000 00:00 0 
7ff844aa5000-7ff844aa8000 ---p 00000000 00:00 0 
7ff844aa8000-7ff844ba6000 rw-p 00000000 00:00 0 
7ff844ba6000-7ff844ba9000 ---p 00000000 00:00 0 
7ff844ba9000-7ff844ea7000 rw-p 00000000 00:00 0 
7ff844ea7000-7ff8450a7000 rw-p 00000000 00:00 0 
7ff8450a7000-7ff8452a7000 rw-p 00000000 00:00 0 
7ff8452a7000-7ff8452e4000 r-xp 00000000 ca:01 2070                       /tmp/snappy-1.1.2-4c7169f1-2158-49c5-ab82-f1a5c6327cd0-libsnappyjava.so
7ff8452e4000-7ff8454e4000 ---p 0003d000 ca:01 2070                       /tmp/snappy-1.1.2-4c7169f1-2158-49c5-ab82-f1a5c6327cd0-libsnappyjava.so
7ff8454e4000-7ff8454e7000 rw-p 0003d000 ca:01 2070                       /tmp/snappy-1.1.2-4c7169f1-2158-49c5-ab82-f1a5c6327cd0-libsnappyjava.so
7ff8454e7000-7ff8454f9000 rw-p 00000000 00:00 0 
7ff8454f9000-7ff8454fc000 ---p 00000000 00:00 0 
7ff8454fc000-7ff8457fa000 rw-p 00000000 00:00 0 
7ff8457fa000-7ff8457fd000 ---p 00000000 00:00 0 
7ff8457fd000-7ff8458fb000 rw-p 00000000 00:00 0 
7ff8458fb000-7ff8458fe000 ---p 00000000 00:00 0 
7ff8458fe000-7ff845bfc000 rw-p 00000000 00:00 0 
7ff845bfc000-7ff845dfc000 rw-p 00000000 00:00 0 
7ff845dfc000-7ff845ffc000 rw-p 00000000 00:00 0 
7ff845ffc000-7ff845fff000 ---p 00000000 00:00 0 
7ff845fff000-7ff8460fd000 rw-p 00000000 00:00 0 
7ff8460fd000-7ff846100000 ---p 00000000 00:00 0 
7ff846100000-7ff8463fe000 rw-p 00000000 00:00 0 
7ff8463fe000-7ff846401000 ---p 00000000 00:00 0 
7ff846401000-7ff8464ff000 rw-p 00000000 00:00 0 
7ff8464ff000-7ff846502000 ---p 00000000 00:00 0 
7ff846502000-7ff846800000 rw-p 00000000 00:00 0 
7ff846800000-7ff846a00000 rw-p 00000000 00:00 0 
7ff846a00000-7ff846c00000 rw-p 00000000 00:00 0 
7ff846c00000-7ff846e00000 rw-p 00000000 00:00 0 
7ff846e00000-7ff847000000 rw-p 00000000 00:00 0 
7ff847000000-7ff847003000 ---p 00000000 00:00 0 
7ff847003000-7ff847101000 rw-p 00000000 00:00 0 
7ff847101000-7ff847104000 ---p 00000000 00:00 0 
7ff847104000-7ff847202000 rw-p 00000000 00:00 0 
7ff847202000-7ff847205000 ---p 00000000 00:00 0 
7ff847205000-7ff847503000 rw-p 00000000 00:00 0 
7ff847503000-7ff847506000 ---p 00000000 00:00 0 
7ff847506000-7ff847604000 rw-p 00000000 00:00 0 
7ff847604000-7ff847611000 r-xp 00000000 ca:01 2024                       /tmp/liblz4-java3059129827747350338.so
7ff847611000-7ff847810000 ---p 0000d000 ca:01 2024                       /tmp/liblz4-java3059129827747350338.so
7ff847810000-7ff847811000 rw-p 0000c000 ca:01 2024                       /tmp/liblz4-java3059129827747350338.so
7ff847811000-7ff847a11000 rw-p 00000000 00:00 0 
7ff847a11000-7ff847c11000 rw-p 00000000 00:00 0 
7ff847c11000-7ff847e11000 rw-p 00000000 00:00 0 
7ff847e11000-7ff847e14000 ---p 00000000 00:00 0 
7ff847e14000-7ff848112000 rw-p 00000000 00:00 0 
7ff848112000-7ff848312000 rw-p 00000000 00:00 0 
7ff8483fd000-7ff848400000 ---p 00000000 00:00 0 
7ff848400000-7ff8484fe000 rw-p 00000000 00:00 0 
7ff8484fe000-7ff848501000 ---p 00000000 00:00 0 
7ff848501000-7ff8485ff000 rw-p 00000000 00:00 0 
7ff8485ff000-7ff848602000 ---p 00000000 00:00 0 
7ff848602000-7ff848900000 rw-p 00000000 00:00 0 
7ff848900000-7ff848903000 ---p 00000000 00:00 0 
7ff848903000-7ff848a01000 rw-p 00000000 00:00 0 
7ff848a01000-7ff848a04000 ---p 00000000 00:00 0 
7ff848a04000-7ff848b02000 rw-p 00000000 00:00 0 
7ff848b02000-7ff848b05000 ---p 00000000 00:00 0 
7ff848b05000-7ff848c03000 rw-p 00000000 00:00 0 
7ff848c03000-7ff848c06000 ---p 00000000 00:00 0 
7ff848c06000-7ff848d04000 rw-p 00000000 00:00 0 
7ff848d04000-7ff848d07000 ---p 00000000 00:00 0 
7ff848d07000-7ff848e05000 rw-p 00000000 00:00 0 
7ff848e05000-7ff848e08000 ---p 00000000 00:00 0 
7ff848e08000-7ff848f06000 rw-p 00000000 00:00 0 
7ff848f06000-7ff848f09000 ---p 00000000 00:00 0 
7ff848f09000-7ff849007000 rw-p 00000000 00:00 0 
7ff849007000-7ff84900a000 ---p 00000000 00:00 0 
7ff84900a000-7ff849108000 rw-p 00000000 00:00 0 
7ff849108000-7ff84910b000 ---p 00000000 00:00 0 
7ff84910b000-7ff849209000 rw-p 00000000 00:00 0 
7ff849209000-7ff84920c000 ---p 00000000 00:00 0 
7ff84920c000-7ff84930a000 rw-p 00000000 00:00 0 
7ff84930a000-7ff84930d000 ---p 00000000 00:00 0 
7ff84930d000-7ff84940b000 rw-p 00000000 00:00 0 
7ff84940b000-7ff84940e000 ---p 00000000 00:00 0 
7ff84940e000-7ff84950c000 rw-p 00000000 00:00 0 
7ff84950c000-7ff84950f000 ---p 00000000 00:00 0 
7ff84950f000-7ff84960d000 rw-p 00000000 00:00 0 
7ff84960d000-7ff849610000 ---p 00000000 00:00 0 
7ff849610000-7ff84990e000 rw-p 00000000 00:00 0 
7ff8499af000-7ff8499b2000 ---p 00000000 00:00 0 
7ff8499b2000-7ff849cb0000 rw-p 00000000 00:00 0 
7ff849cb0000-7ff849cb3000 ---p 00000000 00:00 0 
7ff849cb3000-7ff849db1000 rw-p 00000000 00:00 0 
7ff849db1000-7ff849db4000 ---p 00000000 00:00 0 
7ff849db4000-7ff849eb2000 rw-p 00000000 00:00 0 
7ff849eb2000-7ff849eb5000 ---p 00000000 00:00 0 
7ff849eb5000-7ff849fb3000 rw-p 00000000 00:00 0 
7ff849fb3000-7ff849fb6000 ---p 00000000 00:00 0 
7ff849fb6000-7ff84a0b4000 rw-p 00000000 00:00 0 
7ff84a0b4000-7ff84a0b7000 ---p 00000000 00:00 0 
7ff84a0b7000-7ff84a1b5000 rw-p 00000000 00:00 0 
7ff84a1b5000-7ff84a1b8000 ---p 00000000 00:00 0 
7ff84a1b8000-7ff84a2b6000 rw-p 00000000 00:00 0 
7ff84a2b6000-7ff84a2b9000 ---p 00000000 00:00 0 
7ff84a2b9000-7ff84a3b7000 rw-p 00000000 00:00 0 
7ff84a3b7000-7ff84a3ba000 ---p 00000000 00:00 0 
7ff84a3ba000-7ff84a4b8000 rw-p 00000000 00:00 0 
7ff84a4b8000-7ff84a4bb000 ---p 00000000 00:00 0 
7ff84a4bb000-7ff84a5b9000 rw-p 00000000 00:00 0 
7ff84a5b9000-7ff84a5ca000 r-xp 00000000 ca:01 782977                     /usr/lib/jvm/java-8-openjdk-amd64/jre/lib/amd64/libnio.so
7ff84a5ca000-7ff84a7ca000 ---p 00011000 ca:01 782977                     /usr/lib/jvm/java-8-openjdk-amd64/jre/lib/amd64/libnio.so
7ff84a7ca000-7ff84a7cb000 r--p 00011000 ca:01 782977                     /usr/lib/jvm/java-8-openjdk-amd64/jre/lib/amd64/libnio.so
7ff84a7cb000-7ff84a7cc000 rw-p 00012000 ca:01 782977                     /usr/lib/jvm/java-8-openjdk-amd64/jre/lib/amd64/libnio.so
7ff84a7cc000-7ff84a9cc000 rw-p 00000000 00:00 0 
7ff84a9cc000-7ff84a9cf000 ---p 00000000 00:00 0 
7ff84a9cf000-7ff84accd000 rw-p 00000000 00:00 0 
7ff84accd000-7ff84ace4000 r-xp 00000000 ca:01 54252                      /lib/x86_64-linux-gnu/libresolv-2.23.so
7ff84ace4000-7ff84aee4000 ---p 00017000 ca:01 54252                      /lib/x86_64-linux-gnu/libresolv-2.23.so
7ff84aee4000-7ff84aee5000 r--p 00017000 ca:01 54252                      /lib/x86_64-linux-gnu/libresolv-2.23.so
7ff84aee5000-7ff84aee6000 rw-p 00018000 ca:01 54252                      /lib/x86_64-linux-gnu/libresolv-2.23.so
7ff84aee6000-7ff84aee8000 rw-p 00000000 00:00 0 
7ff84aee8000-7ff84aeed000 r-xp 00000000 ca:01 50316                      /lib/x86_64-linux-gnu/libnss_dns-2.23.so
7ff84aeed000-7ff84b0ed000 ---p 00005000 ca:01 50316                      /lib/x86_64-linux-gnu/libnss_dns-2.23.so
7ff84b0ed000-7ff84b0ee000 r--p 00005000 ca:01 50316                      /lib/x86_64-linux-gnu/libnss_dns-2.23.so
7ff84b0ee000-7ff84b0ef000 rw-p 00006000 ca:01 50316                      /lib/x86_64-linux-gnu/libnss_dns-2.23.so
7ff84b0ef000-7ff84b0f0000 r-xp 00000000 ca:01 782969                     /usr/lib/jvm/java-8-openjdk-amd64/jre/lib/amd64/libjaas_unix.so
7ff84b0f0000-7ff84b2ef000 ---p 00001000 ca:01 782969                     /usr/lib/jvm/java-8-openjdk-amd64/jre/lib/amd64/libjaas_unix.so
7ff84b2ef000-7ff84b2f0000 r--p 00000000 ca:01 782969                     /usr/lib/jvm/java-8-openjdk-amd64/jre/lib/amd64/libjaas_unix.so
7ff84b2f0000-7ff84b2f1000 rw-p 00001000 ca:01 782969                     /usr/lib/jvm/java-8-openjdk-amd64/jre/lib/amd64/libjaas_unix.so
7ff84b2f1000-7ff84b2f4000 ---p 00000000 00:00 0 
7ff84b2f4000-7ff84b5f2000 rw-p 00000000 00:00 0 
7ff84b5f2000-7ff84b7f2000 rw-p 00000000 00:00 0 
7ff84b7f2000-7ff84b7fb000 r-xp 00000000 ca:01 782942                     /usr/lib/jvm/java-8-openjdk-amd64/jre/lib/amd64/libmanagement.so
7ff84b7fb000-7ff84b9fa000 ---p 00009000 ca:01 782942                     /usr/lib/jvm/java-8-openjdk-amd64/jre/lib/amd64/libmanagement.so
7ff84b9fa000-7ff84b9fb000 r--p 00008000 ca:01 782942                     /usr/lib/jvm/java-8-openjdk-amd64/jre/lib/amd64/libmanagement.so
7ff84b9fb000-7ff84b9fc000 rw-p 00009000 ca:01 782942                     /usr/lib/jvm/java-8-openjdk-amd64/jre/lib/amd64/libmanagement.so
7ff84b9fc000-7ff84b9ff000 ---p 00000000 00:00 0 
7ff84b9ff000-7ff84bafd000 rw-p 00000000 00:00 0 
7ff84bafd000-7ff84bb00000 ---p 00000000 00:00 0 
7ff84bb00000-7ff84bbfe000 rw-p 00000000 00:00 0 
7ff84bbfe000-7ff84bc01000 ---p 00000000 00:00 0 
7ff84bc01000-7ff84c000000 rw-p 00000000 00:00 0 
7ff84c000000-7ff84d30a000 rw-p 00000000 00:00 0 
7ff84d30a000-7ff850000000 ---p 00000000 00:00 0 
7ff850000000-7ff850274000 rw-p 00000000 00:00 0 
7ff850274000-7ff854000000 ---p 00000000 00:00 0 
7ff854000000-7ff854514000 rw-p 00000000 00:00 0 
7ff854514000-7ff858000000 ---p 00000000 00:00 0 
7ff858000000-7ff85b3f3000 rw-p 00000000 00:00 0 
7ff85b3f3000-7ff85c000000 ---p 00000000 00:00 0 
7ff85c000000-7ff85c07a000 rw-p 00000000 00:00 0 
7ff85c07a000-7ff860000000 ---p 00000000 00:00 0 
7ff860000000-7ff86004e000 rw-p 00000000 00:00 0 
7ff86004e000-7ff864000000 ---p 00000000 00:00 0 
7ff864000000-7ff8645ba000 rw-p 00000000 00:00 0 
7ff8645ba000-7ff868000000 ---p 00000000 00:00 0 
7ff868009000-7ff86800c000 ---p 00000000 00:00 0 
7ff86800c000-7ff868042000 rw-p 00000000 00:00 0 
7ff868042000-7ff868047000 r--s 0009a000 ca:01 782999                     /usr/lib/jvm/java-8-openjdk-amd64/jre/lib/jsse.jar
7ff868047000-7ff86805a000 r--s 00346000 ca:01 782998                     /usr/lib/jvm/java-8-openjdk-amd64/jre/lib/resources.jar
7ff86805a000-7ff86805d000 ---p 00000000 00:00 0 
7ff86805d000-7ff868293000 rw-p 00000000 00:00 0 
7ff868293000-7ff8682aa000 r-xp 00000000 ca:01 782965                     /usr/lib/jvm/java-8-openjdk-amd64/jre/lib/amd64/libnet.so
7ff8682aa000-7ff8684a9000 ---p 00017000 ca:01 782965                     /usr/lib/jvm/java-8-openjdk-amd64/jre/lib/amd64/libnet.so
7ff8684a9000-7ff8684aa000 r--p 00016000 ca:01 782965                     /usr/lib/jvm/java-8-openjdk-amd64/jre/lib/amd64/libnet.so
7ff8684aa000-7ff8684ab000 rw-p 00017000 ca:01 782965                     /usr/lib/jvm/java-8-openjdk-amd64/jre/lib/amd64/libnet.so
7ff8684ab000-7ff8684f7000 r--s 00411000 ca:01 783503                     /home/ubuntu/spark-2.1.1-bin-hadoop2.7/jars/scala-reflect-2.11.8.jar
7ff8684f7000-7ff8684f9000 r--s 00012000 ca:01 783408                     /home/ubuntu/spark-2.1.1-bin-hadoop2.7/jars/compress-lzf-1.0.3.jar
7ff8684f9000-7ff8684fb000 r--s 0000e000 ca:01 782500                     /home/ubuntu/spark-2.1.1-bin-hadoop2.7/jars/oro-2.0.8.jar
7ff8684fb000-7ff868502000 r--s 00049000 ca:01 783498                     /home/ubuntu/spark-2.1.1-bin-hadoop2.7/jars/univocity-parsers-2.2.1.jar
7ff868502000-7ff86856d000 r--s 00784000 ca:01 782499                     /home/ubuntu/spark-2.1.1-bin-hadoop2.7/jars/hadoop-hdfs-2.7.3.jar
7ff86856d000-7ff86856e000 r--s 00006000 ca:01 783449                     /home/ubuntu/spark-2.1.1-bin-hadoop2.7/jars/jackson-xc-1.9.13.jar
7ff86856e000-7ff868589000 r--s 001d8000 ca:01 783259                     /home/ubuntu/spark-2.1.1-bin-hadoop2.7/jars/jets3t-0.9.3.jar
7ff868589000-7ff86858b000 r--s 00015000 ca:01 783251                     /home/ubuntu/spark-2.1.1-bin-hadoop2.7/jars/hadoop-auth-2.7.3.jar
7ff86858b000-7ff868590000 r--s 0002a000 ca:01 783263                     /home/ubuntu/spark-2.1.1-bin-hadoop2.7/jars/commons-beanutils-1.7.0.jar
7ff868590000-7ff868595000 r--s 00068000 ca:01 783452                     /home/ubuntu/spark-2.1.1-bin-hadoop2.7/jars/antlr-2.7.7.jar
7ff868595000-7ff868596000 r--s 00003000 ca:01 783281                     /home/ubuntu/spark-2.1.1-bin-hadoop2.7/jars/xmlenc-0.52.jar
7ff868596000-7ff8685a5000 r--s 0009f000 ca:01 783412                     /home/ubuntu/spark-2.1.1-bin-hadoop2.7/jars/guice-3.0.jar
7ff8685a5000-7ff8685b2000 r--s 000b1000 ca:01 783249                     /home/ubuntu/spark-2.1.1-bin-hadoop2.7/jars/hadoop-mapreduce-client-common-2.7.3.jar
7ff8685b2000-7ff8685b3000 r--s 00004000 ca:01 783512                     /home/ubuntu/spark-2.1.1-bin-hadoop2.7/jars/osgi-resource-locator-1.0.1.jar
7ff8685b3000-7ff8685b5000 r--s 00000000 ca:01 783482                     /home/ubuntu/spark-2.1.1-bin-hadoop2.7/jars/jul-to-slf4j-1.7.16.jar
7ff8685b5000-7ff8685b6000 r--s 00001000 ca:01 783297                     /home/ubuntu/spark-2.1.1-bin-hadoop2.7/jars/minlog-1.3.0.jar
7ff8685b6000-7ff8685bf000 r--s 00062000 ca:01 783267                     /home/ubuntu/spark-2.1.1-bin-hadoop2.7/jars/avro-1.7.7.jar
7ff8685bf000-7ff8685c1000 r--s 00009000 ca:01 783436                     /home/ubuntu/spark-2.1.1-bin-hadoop2.7/jars/jackson-module-paranamer-2.6.5.jar
7ff8685c1000-7ff8685c4000 r--s 0000e000 ca:01 783262                     /home/ubuntu/spark-2.1.1-bin-hadoop2.7/jars/jersey-container-servlet-core-2.22.2.jar
7ff8685c4000-7ff8685cb000 r--s 00058000 ca:01 783296                     /home/ubuntu/spark-2.1.1-bin-hadoop2.7/jars/hadoop-yarn-server-common-2.7.3.jar
7ff8685cb000-7ff8685e3000 r--s 000d6000 ca:01 783258                     /home/ubuntu/spark-2.1.1-bin-hadoop2.7/jars/jersey-guava-2.22.2.jar
7ff8685e3000-7ff868604000 r--s 0019b000 ca:01 783457                     /home/ubuntu/spark-2.1.1-bin-hadoop2.7/jars/spark-hive-thriftserver_2.11-2.1.1.jar
7ff868604000-7ff86860f000 r--s 0005d000 ca:01 783499                     /home/ubuntu/spark-2.1.1-bin-hadoop2.7/jars/scala-parser-combinators_2.11-1.0.4.jar
7ff86860f000-7ff86869a000 r--s 0069e000 ca:01 783391                     /home/ubuntu/spark-2.1.1-bin-hadoop2.7/jars/spark-catalyst_2.11-2.1.1.jar
7ff86869a000-7ff86869c000 r--s 00010000 ca:01 783430                     /home/ubuntu/spark-2.1.1-bin-hadoop2.7/jars/jersey-media-jaxb-2.22.2.jar
7ff86869c000-7ff86869e000 r--s 00100000 ca:01 783488                     /home/ubuntu/spark-2.1.1-bin-hadoop2.7/jars/snappy-java-1.1.2.6.jar
7ff86869e000-7ff86869f000 r--s 00000000 ca:01 783287                     /home/ubuntu/spark-2.1.1-bin-hadoop2.7/jars/javax.inject-1.jar
7ff86869f000-7ff8686a0000 r--s 00008000 ca:01 783490                     /home/ubuntu/spark-2.1.1-bin-hadoop2.7/jars/commons-compiler-3.0.0.jar
7ff8686a0000-7ff8686a2000 r--s 00005000 ca:01 783419                     /home/ubuntu/spark-2.1.1-bin-hadoop2.7/jars/stax-api-1.0.1.jar
7ff8686a2000-7ff8686a9000 r--s 00046000 ca:01 783458                     /home/ubuntu/spark-2.1.1-bin-hadoop2.7/jars/libfb303-0.9.3.jar
7ff8686a9000-7ff8686ad000 r--s 00029000 ca:01 783278                     /home/ubuntu/spark-2.1.1-bin-hadoop2.7/jars/hk2-locator-2.4.0-b34.jar
7ff8686ad000-7ff8686af000 r--s 0000e000 ca:01 783438                     /home/ubuntu/spark-2.1.1-bin-hadoop2.7/jars/spark-repl_2.11-2.1.1.jar
7ff8686af000-7ff8686b5000 r--s 00040000 ca:01 783387                     /home/ubuntu/spark-2.1.1-bin-hadoop2.7/jars/parquet-encoding-1.8.1.jar
7ff8686b5000-7ff8686b9000 r--s 00028000 ca:01 783295                     /home/ubuntu/spark-2.1.1-bin-hadoop2.7/jars/spark-mllib-local_2.11-2.1.1.jar
7ff8686b9000-7ff8686d2000 r--s 00164000 ca:01 783416                     /home/ubuntu/spark-2.1.1-bin-hadoop2.7/jars/hadoop-mapreduce-client-core-2.7.3.jar
7ff8686d2000-7ff8686d3000 r--s 0000a000 ca:01 783374                     /home/ubuntu/spark-2.1.1-bin-hadoop2.7/jars/apacheds-i18n-2.0.0-M15.jar
7ff8686d3000-7ff8686d4000 r--s 00001000 ca:01 783379                     /home/ubuntu/spark-2.1.1-bin-hadoop2.7/jars/pmml-schema-1.2.15.jar
7ff8686d4000-7ff8686e2000 r--s 0009d000 ca:01 783301                     /home/ubuntu/spark-2.1.1-bin-hadoop2.7/jars/jersey-common-2.22.2.jar
7ff8686e2000-7ff8686ed000 r--s 000b0000 ca:01 783409                     /home/ubuntu/spark-2.1.1-bin-hadoop2.7/jars/jtransforms-2.4.0.jar
7ff8686ed000-7ff868711000 r--s 001cd000 ca:01 783501                     /home/ubuntu/spark-2.1.1-bin-hadoop2.7/jars/commons-math3-3.4.1.jar
7ff868711000-7ff8687e9000 r--s 00a88000 ca:01 783247                     /home/ubuntu/spark-2.1.1-bin-hadoop2.7/jars/spark-core_2.11-2.1.1.jar
7ff8687e9000-7ff8687ed000 r--s 0002a000 ca:01 783425                     /home/ubuntu/spark-2.1.1-bin-hadoop2.7/jars/commons-io-2.4.jar
7ff8687ed000-7ff8687f0000 r--s 00006000 ca:01 783399                     /home/ubuntu/spark-2.1.1-bin-hadoop2.7/jars/jsr305-1.3.9.jar
7ff8687f0000-7ff8687f7000 r--s 0003f000 ca:01 783290                     /home/ubuntu/spark-2.1.1-bin-hadoop2.7/jars/commons-codec-1.10.jar
7ff8687f7000-7ff868800000 r--s 0006f000 ca:01 783402                     /home/ubuntu/spark-2.1.1-bin-hadoop2.7/jars/log4j-1.2.17.jar
7ff868800000-7ff868802000 r--s 00038000 ca:01 783450                     /home/ubuntu/spark-2.1.1-bin-hadoop2.7/jars/lz4-1.3.0.jar
7ff868802000-7ff868805000 r--s 00009000 ca:01 783429                     /home/ubuntu/spark-2.1.1-bin-hadoop2.7/jars/jackson-annotations-2.6.5.jar
7ff868805000-7ff868807000 r--s 00014000 ca:01 783395                     /home/ubuntu/spark-2.1.1-bin-hadoop2.7/jars/spire-macros_2.11-0.7.4.jar
7ff868807000-7ff868888000 r--s 005d9000 ca:01 783424                     /home/ubuntu/spark-2.1.1-bin-hadoop2.7/jars/spark-sql_2.11-2.1.1.jar
7ff868888000-7ff86888b000 r--s 00017000 ca:01 783461                     /home/ubuntu/spark-2.1.1-bin-hadoop2.7/jars/jaxb-api-2.2.2.jar
7ff86888b000-7ff868893000 r--s 0006e000 ca:01 783443                     /home/ubuntu/spark-2.1.1-bin-hadoop2.7/jars/commons-lang3-3.5.jar
7ff868893000-7ff8688a0000 r--s 00083000 ca:01 783285                     /home/ubuntu/spark-2.1.1-bin-hadoop2.7/jars/commons-collections-3.2.2.jar
7ff8688a0000-7ff8688a2000 r--s 00000000 ca:01 783437                     /home/ubuntu/spark-2.1.1-bin-hadoop2.7/jars/aopalliance-1.0.jar
7ff8688a2000-7ff8688a5000 r--s 00021000 ca:01 783283                     /home/ubuntu/spark-2.1.1-bin-hadoop2.7/jars/xbean-asm5-shaded-4.4.jar
7ff8688a5000-7ff8688a9000 r--s 00029000 ca:01 783252                     /home/ubuntu/spark-2.1.1-bin-hadoop2.7/jars/breeze-macros_2.11-0.12.jar
7ff8688a9000-7ff8688dd000 r--s 00277000 ca:01 783279                     /home/ubuntu/spark-2.1.1-bin-hadoop2.7/jars/parquet-hadoop-bundle-1.6.0.jar
7ff8688dd000-7ff8688df000 r--s 00009000 ca:01 783485                     /home/ubuntu/spark-2.1.1-bin-hadoop2.7/jars/commons-cli-1.2.jar
7ff8688df000-7ff8688f3000 r--s 000ec000 ca:01 782503                     /home/ubuntu/spark-2.1.1-bin-hadoop2.7/jars/parquet-jackson-1.8.1.jar
7ff8688f3000-7ff8688f7000 r--s 00035000 ca:01 783284                     /home/ubuntu/spark-2.1.1-bin-hadoop2.7/jars/jackson-core-asl-1.9.13.jar
7ff8688f7000-7ff8688fb000 r--s 00028000 ca:01 783260                     /home/ubuntu/spark-2.1.1-bin-hadoop2.7/jars/jetty-util-6.1.26.jar
7ff8688fb000-7ff8688ff000 r--s 00030000 ca:01 782496                     /home/ubuntu/spark-2.1.1-bin-hadoop2.7/jars/commons-net-2.2.jar
7ff8688ff000-7ff868902000 r--s 0000d000 ca:01 783420                     /home/ubuntu/spark-2.1.1-bin-hadoop2.7/jars/spark-network-shuffle_2.11-2.1.1.jar
7ff868902000-7ff868904000 r--s 0000f000 ca:01 783393                     /home/ubuntu/spark-2.1.1-bin-hadoop2.7/jars/curator-client-2.6.0.jar
7ff868904000-7ff868905000 r--s 00009000 ca:01 783288                     /home/ubuntu/spark-2.1.1-bin-hadoop2.7/jars/json4s-jackson_2.11-3.2.11.jar
7ff868905000-7ff86891b000 r--s 00124000 ca:01 783479                     /home/ubuntu/spark-2.1.1-bin-hadoop2.7/jars/ivy-2.4.0.jar
7ff86891b000-7ff868931000 r--s 000d1000 ca:01 783272                     /home/ubuntu/spark-2.1.1-bin-hadoop2.7/jars/parquet-column-1.8.1.jar
7ff868931000-7ff868938000 r--s 00058000 ca:01 783276                     /home/ubuntu/spark-2.1.1-bin-hadoop2.7/jars/parquet-format-2.3.0-incubating.jar
7ff868938000-7ff86893a000 r--s 00006000 ca:01 783275                     /home/ubuntu/spark-2.1.1-bin-hadoop2.7/jars/paranamer-2.3.jar
7ff86893a000-7ff86893e000 r--s 00025000 ca:01 783496                     /home/ubuntu/spark-2.1.1-bin-hadoop2.7/jars/jersey-client-2.22.2.jar
7ff86893e000-7ff868941000 r--s 00015000 ca:01 783401                     /home/ubuntu/spark-2.1.1-bin-hadoop2.7/jars/pyrolite-4.13.jar
7ff868941000-7ff868946000 r--s 0004e000 ca:01 783269                     /home/ubuntu/spark-2.1.1-bin-hadoop2.7/jars/datanucleus-api-jdo-3.2.6.jar
7ff868946000-7ff868947000 r--s 00003000 ca:01 783473                     /home/ubuntu/spark-2.1.1-bin-hadoop2.7/jars/metrics-json-3.1.2.jar
7ff868947000-7ff868976000 r--s 002e5000 ca:01 783492                     /home/ubuntu/spark-2.1.1-bin-hadoop2.7/jars/derby-10.12.1.1.jar
7ff868976000-7ff8689b6000 r--s 00277000 ca:01 783445                     /home/ubuntu/spark-2.1.1-bin-hadoop2.7/jars/bcprov-jdk15on-1.51.jar
7ff8689b6000-7ff8689b8000 r--s 00004000 ca:01 783448                     /home/ubuntu/spark-2.1.1-bin-hadoop2.7/jars/metrics-graphite-3.1.2.jar
7ff8689b8000-7ff8689e1000 r--s 001ee000 ca:01 783508                     /home/ubuntu/spark-2.1.1-bin-hadoop2.7/jars/guava-14.0.1.jar
7ff8689e1000-7ff8689f2000 r--s 00089000 ca:01 783381                     /home/ubuntu/spark-2.1.1-bin-hadoop2.7/jars/joda-time-2.9.3.jar
7ff8689f2000-7ff8689f4000 r--s 00010000 ca:01 783380                     /home/ubuntu/spark-2.1.1-bin-hadoop2.7/jars/hadoop-mapreduce-client-shuffle-2.7.3.jar
7ff8689f4000-7ff8689f6000 r--s 00003000 ca:01 783489                     /home/ubuntu/spark-2.1.1-bin-hadoop2.7/jars/base64-2.3.8.jar
7ff8689f6000-7ff8689f8000 r--s 00003000 ca:01 783364                     /home/ubuntu/spark-2.1.1-bin-hadoop2.7/jars/api-asn1-api-1.0.0-M20.jar
7ff8689f8000-7ff868a10000 r--s 00115000 ca:01 783470                     /home/ubuntu/spark-2.1.1-bin-hadoop2.7/jars/netty-3.8.0.Final.jar
7ff868a10000-7ff868a14000 r--s 0001a000 ca:01 783266                     /home/ubuntu/spark-2.1.1-bin-hadoop2.7/jars/hk2-utils-2.4.0-b34.jar
7ff868a14000-7ff868a3b000 r--s 0020f000 ca:01 783404                     /home/ubuntu/spark-2.1.1-bin-hadoop2.7/jars/netty-all-4.0.42.Final.jar
7ff868a3b000-7ff868a41000 r--s 00063000 ca:01 783495                     /home/ubuntu/spark-2.1.1-bin-hadoop2.7/jars/jodd-core-3.5.2.jar
7ff868a41000-7ff868a43000 r--s 0000b000 ca:01 783486                     /home/ubuntu/spark-2.1.1-bin-hadoop2.7/jars/chill-java-0.8.0.jar
7ff868a43000-7ff868a47000 r--s 00019000 ca:01 783446                     /home/ubuntu/spark-2.1.1-bin-hadoop2.7/jars/javax.ws.rs-api-2.0.1.jar
7ff868a47000-7ff868a4d000 r--s 0002c000 ca:01 783474                     /home/ubuntu/spark-2.1.1-bin-hadoop2.7/jars/jdo-api-3.0.1.jar
7ff868a4d000-7ff868a5b000 r--s 000b1000 ca:01 783432                     /home/ubuntu/spark-2.1.1-bin-hadoop2.7/jars/jackson-mapper-asl-1.9.13.jar
7ff868a5b000-7ff868a5e000 r--s 00012000 ca:01 783289                     /home/ubuntu/spark-2.1.1-bin-hadoop2.7/jars/json4s-ast_2.11-3.2.11.jar
7ff868a5e000-7ff868a61000 r--s 0001a000 ca:01 783480                     /home/ubuntu/spark-2.1.1-bin-hadoop2.7/jars/py4j-0.10.4.jar
7ff868a61000-7ff868a97000 r--s 0031c000 ca:01 783253                     /home/ubuntu/spark-2.1.1-bin-hadoop2.7/jars/hadoop-common-2.7.3.jar
7ff868a97000-7ff868a99000 r--s 00003000 ca:01 783472                     /home/ubuntu/spark-2.1.1-bin-hadoop2.7/jars/JavaEWAH-0.3.2.jar
7ff868a99000-7ff868b0d000 r--s 00574000 ca:01 783417                     /home/ubuntu/spark-2.1.1-bin-hadoop2.7/jars/spark-mllib_2.11-2.1.1.jar
7ff868b0d000-7ff868b1f000 r--s 00112000 ca:01 783481                     /home/ubuntu/spark-2.1.1-bin-hadoop2.7/jars/arpack_combined_all-0.1.jar
7ff868b1f000-7ff868b20000 r--s 00009000 ca:01 782498                     /home/ubuntu/spark-2.1.1-bin-hadoop2.7/jars/hadoop-annotations-2.7.3.jar
7ff868b20000-7ff868b22000 r--s 00027000 ca:01 783451                     /home/ubuntu/spark-2.1.1-bin-hadoop2.7/jars/core-1.1.2.jar
7ff868b22000-7ff868b2f000 r--s 000a7000 ca:01 783385                     /home/ubuntu/spark-2.1.1-bin-hadoop2.7/jars/httpclient-4.5.2.jar
7ff868b2f000-7ff868b37000 r--s 00078000 ca:01 783466                     /home/ubuntu/spark-2.1.1-bin-hadoop2.7/jars/mail-1.4.7.jar
7ff868b37000-7ff868b38000 r--s 00006000 ca:01 783433                     /home/ubuntu/spark-2.1.1-bin-hadoop2.7/jars/hadoop-client-2.7.3.jar
7ff868b38000-7ff868b40000 r--s 00059000 ca:01 783298                     /home/ubuntu/spark-2.1.1-bin-hadoop2.7/jars/javolution-5.5.1.jar
7ff868b40000-7ff868b47000 r--s 0007d000 ca:01 783400                     /home/ubuntu/spark-2.1.1-bin-hadoop2.7/jars/jetty-6.1.26.jar
7ff868b47000-7ff868b4a000 r--s 0002f000 ca:01 783250                     /home/ubuntu/spark-2.1.1-bin-hadoop2.7/jars/RoaringBitmap-0.5.11.jar
7ff868b4a000-7ff868b5a000 r--s 000a0000 ca:01 783286                     /home/ubuntu/spark-2.1.1-bin-hadoop2.7/jars/spark-yarn_2.11-2.1.1.jar
7ff868b5a000-7ff868b5c000 r--s 0000d000 ca:01 783403                     /home/ubuntu/spark-2.1.1-bin-hadoop2.7/jars/hadoop-yarn-server-web-proxy-2.7.3.jar
7ff868b5c000-7ff868b5f000 r--s 00022000 ca:01 783467                     /home/ubuntu/spark-2.1.1-bin-hadoop2.7/jars/stringtemplate-3.2.1.jar
7ff868b5f000-7ff868b78000 r--s 00114000 ca:01 783264                     /home/ubuntu/spark-2.1.1-bin-hadoop2.7/jars/spark-hive_2.11-2.1.1.jar
7ff868b78000-7ff868b79000 r--s 0000b000 ca:01 783386                     /home/ubuntu/spark-2.1.1-bin-hadoop2.7/jars/snappy-0.2.jar
7ff868b79000-7ff868b96000 r--s 001d5000 ca:01 783506                     /home/ubuntu/spark-2.1.1-bin-hadoop2.7/jars/hadoop-yarn-api-2.7.3.jar
7ff868b96000-7ff868b9a000 r--s 00031000 ca:01 783270                     /home/ubuntu/spark-2.1.1-bin-hadoop2.7/jars/jline-2.12.1.jar
7ff868b9a000-7ff868b9c000 r--s 00012000 ca:01 783464                     /home/ubuntu/spark-2.1.1-bin-hadoop2.7/jars/api-util-1.0.0-M20.jar
7ff868b9c000-7ff868b9e000 r--s 0000f000 ca:01 783254                     /home/ubuntu/spark-2.1.1-bin-hadoop2.7/jars/activation-1.1.1.jar
7ff868b9e000-7ff868baa000 r--s 000b6000 ca:01 783477                     /home/ubuntu/spark-2.1.1-bin-hadoop2.7/jars/zookeeper-3.4.6.jar
7ff868baa000-7ff868c53000 r--s 00a4f000 ca:01 783462                     /home/ubuntu/spark-2.1.1-bin-hadoop2.7/jars/hive-exec-1.2.1.spark2.jar
7ff868c53000-7ff868c57000 r--s 00020000 ca:01 783398                     /home/ubuntu/spark-2.1.1-bin-hadoop2.7/jars/commons-digester-1.8.jar
7ff868c57000-7ff868c5c000 r--s 00028000 ca:01 783487                     /home/ubuntu/spark-2.1.1-bin-hadoop2.7/jars/avro-mapred-1.7.7-hadoop2.jar
7ff868c5c000-7ff868c60000 r--s 00014000 ca:01 783502                     /home/ubuntu/spark-2.1.1-bin-hadoop2.7/jars/xz-1.0.jar
7ff868c60000-7ff868c64000 r--s 00018000 ca:01 783271                     /home/ubuntu/spark-2.1.1-bin-hadoop2.7/jars/metrics-core-3.1.2.jar
7ff868c64000-7ff868c67000 r--s 00014000 ca:01 783439                     /home/ubuntu/spark-2.1.1-bin-hadoop2.7/jars/super-csv-2.2.0.jar
7ff868c67000-7ff868c79000 r--s 00097000 ca:01 783465                     /home/ubuntu/spark-2.1.1-bin-hadoop2.7/jars/apacheds-kerberos-codec-2.0.0-M15.jar
7ff868c79000-7ff868c7d000 r--s 0002c000 ca:01 783426                     /home/ubuntu/spark-2.1.1-bin-hadoop2.7/jars/avro-ipc-1.7.7.jar
7ff868c7d000-7ff868c7f000 r--s 00003000 ca:01 783411                     /home/ubuntu/spark-2.1.1-bin-hadoop2.7/jars/jcl-over-slf4j-1.7.16.jar
7ff868c7f000-7ff868c82000 r--s 00016000 ca:01 783280                     /home/ubuntu/spark-2.1.1-bin-hadoop2.7/jars/jsp-api-2.1.jar
7ff868c82000-7ff868c8a000 r--s 0007b000 ca:01 783415                     /home/ubuntu/spark-2.1.1-bin-hadoop2.7/jars/protobuf-java-2.5.0.jar
7ff868c8a000-7ff868c91000 r--s 00039000 ca:01 783405                     /home/ubuntu/spark-2.1.1-bin-hadoop2.7/jars/calcite-avatica-1.2.0-incubating.jar
7ff868c91000-7ff868caa000 r--s 00150000 ca:01 783384                     /home/ubuntu/spark-2.1.1-bin-hadoop2.7/jars/htrace-core-3.1.0-incubating.jar
7ff868caa000-7ff868cbc000 r--s 000b3000 ca:01 783475                     /home/ubuntu/spark-2.1.1-bin-hadoop2.7/jars/scalap-2.11.8.jar
7ff868cbc000-7ff868cc2000 r--s 00028000 ca:01 783423                     /home/ubuntu/spark-2.1.1-bin-hadoop2.7/jars/curator-framework-2.6.0.jar
7ff868cc2000-7ff868ce7000 rw-p 00000000 00:00 0 
7ff868ce7000-7ff868df3000 r--s 00dba000 ca:01 783505                     /home/ubuntu/spark-2.1.1-bin-hadoop2.7/jars/scala-compiler-2.11.8.jar
7ff868df3000-7ff868e0b000 r--s 00115000 ca:01 782501                     /home/ubuntu/spark-2.1.1-bin-hadoop2.7/jars/xercesImpl-2.9.1.jar
7ff868e0b000-7ff868e12000 r--s 00051000 ca:01 783246                     /home/ubuntu/spark-2.1.1-bin-hadoop2.7/jars/kryo-shaded-3.0.3.jar
7ff868e12000-7ff868e1f000 r--s 0009e000 ca:01 783469                     /home/ubuntu/spark-2.1.1-bin-hadoop2.7/jars/spark-graphx_2.11-2.1.1.jar
7ff868e1f000-7ff868e78000 r--s 00522000 ca:01 783511                     /home/ubuntu/spark-2.1.1-bin-hadoop2.7/jars/scala-library-2.11.8.jar
7ff868e78000-7ff868e79000 r--s 00004000 ca:01 783394                     /home/ubuntu/spark-2.1.1-bin-hadoop2.7/jars/opencsv-2.3.jar
7ff868e79000-7ff868e7a000 r--s 00002000 ca:01 783442                     /home/ubuntu/spark-2.1.1-bin-hadoop2.7/jars/jpam-1.1.jar
7ff868e7a000-7ff868e9b000 rw-p 00000000 00:00 0 
7ff868e9b000-7ff868f6b000 r--s 00cf0000 ca:01 782504                     /home/ubuntu/spark-2.1.1-bin-hadoop2.7/jars/breeze_2.11-0.12.jar
7ff868f6b000-7ff868f82000 r--s 00183000 ca:01 783431                     /home/ubuntu/spark-2.1.1-bin-hadoop2.7/jars/hadoop-yarn-common-2.7.3.jar
7ff868f82000-7ff868f87000 r--s 0002a000 ca:01 783413                     /home/ubuntu/spark-2.1.1-bin-hadoop2.7/jars/gson-2.2.4.jar
7ff868f87000-7ff868f89000 r--s 00017000 ca:01 783294                     /home/ubuntu/spark-2.1.1-bin-hadoop2.7/jars/hive-jdbc-1.2.1.spark2.jar
7ff868f89000-7ff868f8e000 r--s 00032000 ca:01 783510                     /home/ubuntu/spark-2.1.1-bin-hadoop2.7/jars/chill_2.11-0.8.0.jar
7ff868f8e000-7ff868f90000 r--s 00008000 ca:01 783268                     /home/ubuntu/spark-2.1.1-bin-hadoop2.7/jars/parquet-common-1.8.1.jar
7ff868f90000-7ff868f97000 r--s 00036000 ca:01 783382                     /home/ubuntu/spark-2.1.1-bin-hadoop2.7/jars/curator-recipes-2.6.0.jar
7ff868f97000-7ff868fad000 r--s 000d3000 ca:01 783383                     /home/ubuntu/spark-2.1.1-bin-hadoop2.7/jars/jersey-server-2.22.2.jar
7ff868fad000-7ff868fae000 r--s 00003000 ca:01 783277                     /home/ubuntu/spark-2.1.1-bin-hadoop2.7/jars/spark-tags_2.11-2.1.1.jar
7ff868fae000-7ff868fb0000 r--s 00005000 ca:01 783421                     /home/ubuntu/spark-2.1.1-bin-hadoop2.7/jars/javax.annotation-api-1.2.jar
7ff868fb0000-7ff868fb2000 r--s 00004000 ca:01 783274                     /home/ubuntu/spark-2.1.1-bin-hadoop2.7/jars/stax-api-1.0-2.jar
7ff868fb2000-7ff868fb3000 r--s 00009000 ca:01 783491                     /home/ubuntu/spark-2.1.1-bin-hadoop2.7/jars/slf4j-api-1.7.16.jar
7ff868fb3000-7ff868fb7000 r--s 00036000 ca:01 783497                     /home/ubuntu/spark-2.1.1-bin-hadoop2.7/jars/ST4-4.0.4.jar
7ff868fb7000-7ff868fb9000 r--s 00003000 ca:01 783257                     /home/ubuntu/spark-2.1.1-bin-hadoop2.7/jars/jersey-container-servlet-2.22.2.jar
7ff868fb9000-7ff868fba000 r--s 00009000 ca:01 783476                     /home/ubuntu/spark-2.1.1-bin-hadoop2.7/jars/hive-cli-1.2.1.spark2.jar
7ff868fba000-7ff868fbd000 r--s 00026000 ca:01 783453                     /home/ubuntu/spark-2.1.1-bin-hadoop2.7/jars/hadoop-yarn-client-2.7.3.jar
7ff868fbd000-7ff868fc2000 r--s 00041000 ca:01 783418                     /home/ubuntu/spark-2.1.1-bin-hadoop2.7/jars/commons-lang-2.6.jar
7ff868fc2000-7ff868fc8000 r--s 00045000 ca:01 783292                     /home/ubuntu/spark-2.1.1-bin-hadoop2.7/jars/commons-httpclient-3.1.jar
7ff868fc8000-7ff868fcb000 r--s 00015000 ca:01 783378                     /home/ubuntu/spark-2.1.1-bin-hadoop2.7/jars/commons-pool-1.5.4.jar
7ff868fcb000-7ff868fcc000 r--s 00001000 ca:01 783484                     /home/ubuntu/spark-2.1.1-bin-hadoop2.7/jars/javax.inject-2.4.0-b34.jar
7ff868fcc000-7ff868fcd000 r--s 00002000 ca:01 783273                     /home/ubuntu/spark-2.1.1-bin-hadoop2.7/jars/java-xmlbuilder-1.0.jar
7ff868fcd000-7ff868fd6000 r--s 00097000 ca:01 783483                     /home/ubuntu/spark-2.1.1-bin-hadoop2.7/jars/pmml-model-1.2.15.jar
7ff868fd6000-7ff868ff8000 r--s 00335000 ca:01 783428                     /home/ubuntu/spark-2.1.1-bin-hadoop2.7/jars/mesos-1.0.0-shaded-protobuf.jar
7ff868ff8000-7ff868ff9000 r--s 00004000 ca:01 783388                     /home/ubuntu/spark-2.1.1-bin-hadoop2.7/jars/jackson-jaxrs-1.9.13.jar
7ff868ff9000-7ff869000000 r--s 00049000 ca:01 783414                     /home/ubuntu/spark-2.1.1-bin-hadoop2.7/jars/httpcore-4.4.4.jar
7ff869000000-7ff86bd90000 rwxp 00000000 00:00 0 
7ff86bd90000-7ff878000000 ---p 00000000 00:00 0 
7ff878000000-7ff878e6c000 rw-p 00000000 00:00 0 
7ff878e6c000-7ff87c000000 ---p 00000000 00:00 0 
7ff87c000000-7ff87c003000 r--s 00015000 ca:01 782497                     /home/ubuntu/spark-2.1.1-bin-hadoop2.7/jars/javax.servlet-api-3.1.0.jar
7ff87c003000-7ff87c006000 r--s 00028000 ca:01 783244                     /home/ubuntu/spark-2.1.1-bin-hadoop2.7/jars/stream-2.7.0.jar
7ff87c006000-7ff87c010000 r--s 00086000 ca:01 783396                     /home/ubuntu/spark-2.1.1-bin-hadoop2.7/jars/json4s-core_2.11-3.2.11.jar
7ff87c010000-7ff87c01e000 r--s 00078000 ca:01 783434                     /home/ubuntu/spark-2.1.1-bin-hadoop2.7/jars/spark-mesos_2.11-2.1.1.jar
7ff87c01e000-7ff87c029000 r--s 00062000 ca:01 783407                     /home/ubuntu/spark-2.1.1-bin-hadoop2.7/jars/calcite-linq4j-1.2.0-incubating.jar
7ff87c029000-7ff87c02c000 r--s 000fd000 ca:01 783291                     /home/ubuntu/spark-2.1.1-bin-hadoop2.7/jars/leveldbjni-all-1.8.jar
7ff87c02c000-7ff87c059000 r--s 001d4000 ca:01 783509                     /home/ubuntu/spark-2.1.1-bin-hadoop2.7/jars/spark-streaming_2.11-2.1.1.jar
7ff87c059000-7ff87c05b000 r--s 00006000 ca:01 783265                     /home/ubuntu/spark-2.1.1-bin-hadoop2.7/jars/spark-sketch_2.11-2.1.1.jar
7ff87c05b000-7ff87c071000 r--s 001a4000 ca:01 783300                     /home/ubuntu/spark-2.1.1-bin-hadoop2.7/jars/datanucleus-rdbms-3.2.9.jar
7ff87c071000-7ff87c09f000 r--s 00212000 ca:01 783390                     /home/ubuntu/spark-2.1.1-bin-hadoop2.7/jars/spark-network-common_2.11-2.1.1.jar
7ff87c09f000-7ff87c0a5000 r--s 00044000 ca:01 783441                     /home/ubuntu/spark-2.1.1-bin-hadoop2.7/jars/antlr4-runtime-4.5.3.jar
7ff87c0a5000-7ff87c0a7000 r--s 0000e000 ca:01 783468                     /home/ubuntu/spark-2.1.1-bin-hadoop2.7/jars/guice-servlet-3.0.jar
7ff87c0a7000-7ff87c0a9000 r--s 0000e000 ca:01 783455                     /home/ubuntu/spark-2.1.1-bin-hadoop2.7/jars/commons-logging-1.1.3.jar
7ff87c0a9000-7ff87c0b3000 r--s 000a5000 ca:01 783444                     /home/ubuntu/spark-2.1.1-bin-hadoop2.7/jars/javassist-3.18.1-GA.jar
7ff87c0b3000-7ff87c0b5000 r--s 00009000 ca:01 783494                     /home/ubuntu/spark-2.1.1-bin-hadoop2.7/jars/objenesis-2.1.jar
7ff87c0b5000-7ff87c0b7000 r--s 0000a000 ca:01 783299                     /home/ubuntu/spark-2.1.1-bin-hadoop2.7/jars/spark-unsafe_2.11-2.1.1.jar
7ff87c0b7000-7ff87c0bd000 r--s 00034000 ca:01 783460                     /home/ubuntu/spark-2.1.1-bin-hadoop2.7/jars/libthrift-0.9.3.jar
7ff87c0bd000-7ff87c120000 r--s 004de000 ca:01 783397                     /home/ubuntu/spark-2.1.1-bin-hadoop2.7/jars/hive-metastore-1.2.1.spark2.jar
7ff87c120000-7ff87c127000 r--s 0005d000 ca:01 783454                     /home/ubuntu/spark-2.1.1-bin-hadoop2.7/jars/mx4j-3.0.2.jar
7ff87c127000-7ff87c13f000 r--s 001b6000 ca:01 783256                     /home/ubuntu/spark-2.1.1-bin-hadoop2.7/jars/datanucleus-core-3.2.10.jar
7ff87c13f000-7ff87c141000 r--s 0000e000 ca:01 783447                     /home/ubuntu/spark-2.1.1-bin-hadoop2.7/jars/hadoop-mapreduce-client-jobclient-2.7.3.jar
7ff87c141000-7ff87c143000 r--s 0000f000 ca:01 783435                     /home/ubuntu/spark-2.1.1-bin-hadoop2.7/jars/spark-launcher_2.11-2.1.1.jar
7ff87c143000-7ff87c144000 r--s 00004000 ca:01 783389                     /home/ubuntu/spark-2.1.1-bin-hadoop2.7/jars/eigenbase-properties-1.1.5.jar
7ff87c144000-7ff87c148000 r--s 0003c000 ca:01 783500                     /home/ubuntu/spark-2.1.1-bin-hadoop2.7/jars/jackson-core-2.6.5.jar
7ff87c148000-7ff87c14d000 r--s 00036000 ca:01 783261                     /home/ubuntu/spark-2.1.1-bin-hadoop2.7/jars/commons-compress-1.4.1.jar
7ff87c14d000-7ff87c157000 r--s 000aa000 ca:01 783440                     /home/ubuntu/spark-2.1.1-bin-hadoop2.7/jars/janino-3.0.0.jar
7ff87c157000-7ff87c15d000 r--s 00043000 ca:01 783504                     /home/ubuntu/spark-2.1.1-bin-hadoop2.7/jars/commons-configuration-1.6.jar
7ff87c15d000-7ff87c189000 r--s 001c9000 ca:01 783459                     /home/ubuntu/spark-2.1.1-bin-hadoop2.7/jars/shapeless_2.11-2.0.0.jar
7ff87c189000-7ff87c193000 r--s 0007b000 ca:01 783493                     /home/ubuntu/spark-2.1.1-bin-hadoop2.7/jars/hadoop-mapreduce-client-app-2.7.3.jar
7ff87c193000-7ff87c1e8000 r--s 0069c000 ca:01 783282                     /home/ubuntu/spark-2.1.1-bin-hadoop2.7/jars/spire_2.11-0.7.4.jar
7ff87c1e8000-7ff87c1e9000 r--s 00002000 ca:01 783377                     /home/ubuntu/spark-2.1.1-bin-hadoop2.7/jars/slf4j-log4j12-1.7.16.jar
7ff87c1e9000-7ff87c1eb000 r--s 00002000 ca:01 783293                     /home/ubuntu/spark-2.1.1-bin-hadoop2.7/jars/aopalliance-repackaged-2.4.0-b34.jar
7ff87c1eb000-7ff87c1ef000 r--s 0000c000 ca:01 783375                     /home/ubuntu/spark-2.1.1-bin-hadoop2.7/jars/validation-api-1.1.0.Final.jar
7ff87c1ef000-7ff87c1f1000 r--s 00008000 ca:01 783248                     /home/ubuntu/spark-2.1.1-bin-hadoop2.7/jars/metrics-jvm-3.1.2.jar
7ff87c1f1000-7ff87c1f4000 r--s 00025000 ca:01 783376                     /home/ubuntu/spark-2.1.1-bin-hadoop2.7/jars/commons-dbcp-1.4.jar
7ff87c1f4000-7ff87c1fe000 r--s 00095000 ca:01 783406                     /home/ubuntu/spark-2.1.1-bin-hadoop2.7/jars/scala-xml_2.11-1.0.2.jar
7ff87c1fe000-7ff87c203000 r--s 00027000 ca:01 783507                     /home/ubuntu/spark-2.1.1-bin-hadoop2.7/jars/hk2-api-2.4.0-b34.jar
7ff87c203000-7ff87c207000 r--s 00025000 ca:01 782502                     /home/ubuntu/spark-2.1.1-bin-hadoop2.7/jars/antlr-runtime-3.4.jar
7ff87c207000-7ff87c20a000 r--s 00019000 ca:01 782495                     /home/ubuntu/spark-2.1.1-bin-hadoop2.7/jars/bonecp-0.8.0.RELEASE.jar
7ff87c20a000-7ff87c21b000 r--s 0010d000 ca:01 783392                     /home/ubuntu/spark-2.1.1-bin-hadoop2.7/jars/jackson-databind-2.6.5.jar
7ff87c21b000-7ff87c21d000 r--s 0001f000 ca:01 783471                     /home/ubuntu/spark-2.1.1-bin-hadoop2.7/jars/commons-crypto-1.0.0.jar
7ff87c21d000-7ff87c221000 r--s 0002f000 ca:01 783456                     /home/ubuntu/spark-2.1.1-bin-hadoop2.7/jars/commons-beanutils-core-1.8.0.jar
7ff87c221000-7ff87c226000 r--s 00031000 ca:01 783422                     /home/ubuntu/spark-2.1.1-bin-hadoop2.7/jars/parquet-hadoop-1.8.1.jar
7ff87c226000-7ff87c233000 r--s 00071000 ca:01 783478                     /home/ubuntu/spark-2.1.1-bin-hadoop2.7/jars/jackson-module-scala_2.11-2.6.5.jar
7ff87c233000-7ff87c235000 r--s 00020000 ca:01 783427                     /home/ubuntu/spark-2.1.1-bin-hadoop2.7/jars/hive-beeline-1.2.1.spark2.jar
7ff87c235000-7ff87c23d000 r--s 00066000 ca:01 783410                     /home/ubuntu/spark-2.1.1-bin-hadoop2.7/jars/apache-log4j-extras-1.2.17.jar
7ff87c23d000-7ff87c274000 r--s 00325000 ca:01 783463                     /home/ubuntu/spark-2.1.1-bin-hadoop2.7/jars/calcite-core-1.2.0-incubating.jar
7ff87c274000-7ff87c28f000 r--s 00394000 ca:01 782932                     /usr/lib/jvm/java-8-openjdk-amd64/jre/lib/ext/cldrdata.jar
7ff87c28f000-7ff87c2aa000 r--s 001d6000 ca:01 782934                     /usr/lib/jvm/java-8-openjdk-amd64/jre/lib/ext/nashorn.jar
7ff87c2aa000-7ff87c2ab000 ---p 00000000 00:00 0 
7ff87c2ab000-7ff87c3ab000 rw-p 00000000 00:00 0 
7ff87c3ab000-7ff87c3ae000 ---p 00000000 00:00 0 
7ff87c3ae000-7ff87c4ac000 rw-p 00000000 00:00 0 
7ff87c4ac000-7ff87c4af000 ---p 00000000 00:00 0 
7ff87c4af000-7ff87c5ad000 rw-p 00000000 00:00 0 
7ff87c5ad000-7ff87c5b0000 ---p 00000000 00:00 0 
7ff87c5b0000-7ff87c6ae000 rw-p 00000000 00:00 0 
7ff87c6ae000-7ff87c6b1000 ---p 00000000 00:00 0 
7ff87c6b1000-7ff87c7af000 rw-p 00000000 00:00 0 
7ff87c7af000-7ff87c947000 r--p 00000000 ca:01 2078                       /usr/lib/locale/locale-archive
7ff87c947000-7ff87c94a000 ---p 00000000 00:00 0 
7ff87c94a000-7ff87ca48000 rw-p 00000000 00:00 0 
7ff87ca48000-7ff87ca4b000 ---p 00000000 00:00 0 
7ff87ca4b000-7ff87cb49000 rw-p 00000000 00:00 0 
7ff87cb49000-7ff87cb4a000 ---p 00000000 00:00 0 
7ff87cb4a000-7ff87cc4a000 rw-p 00000000 00:00 0 
7ff87cc4a000-7ff87ce19000 r--s 03c07000 ca:01 782979                     /usr/lib/jvm/java-8-openjdk-amd64/jre/lib/rt.jar
7ff87ce19000-7ff87d68f000 rw-p 00000000 00:00 0 
7ff87d68f000-7ff87d707000 rw-p 00000000 00:00 0 
7ff87d707000-7ff87d7e5000 ---p 00000000 00:00 0 
7ff87d7e5000-7ff87d81d000 rw-p 00000000 00:00 0 
7ff87d81d000-7ff87d88f000 ---p 00000000 00:00 0 
7ff87d88f000-7ff87d908000 rw-p 00000000 00:00 0 
7ff87d908000-7ff87d9e5000 ---p 00000000 00:00 0 
7ff87d9e5000-7ff87da9d000 rw-p 00000000 00:00 0 
7ff87da9d000-7ff87dda6000 ---p 00000000 00:00 0 
7ff87dda6000-7ff87ddae000 r-xp 00000000 ca:01 782956                     /usr/lib/jvm/java-8-openjdk-amd64/jre/lib/amd64/libzip.so
7ff87ddae000-7ff87dfad000 ---p 00008000 ca:01 782956                     /usr/lib/jvm/java-8-openjdk-amd64/jre/lib/amd64/libzip.so
7ff87dfad000-7ff87dfae000 r--p 00007000 ca:01 782956                     /usr/lib/jvm/java-8-openjdk-amd64/jre/lib/amd64/libzip.so
7ff87dfae000-7ff87dfaf000 rw-p 00008000 ca:01 782956                     /usr/lib/jvm/java-8-openjdk-amd64/jre/lib/amd64/libzip.so
7ff87dfaf000-7ff87dfba000 r-xp 00000000 ca:01 50319                      /lib/x86_64-linux-gnu/libnss_files-2.23.so
7ff87dfba000-7ff87e1b9000 ---p 0000b000 ca:01 50319                      /lib/x86_64-linux-gnu/libnss_files-2.23.so
7ff87e1b9000-7ff87e1ba000 r--p 0000a000 ca:01 50319                      /lib/x86_64-linux-gnu/libnss_files-2.23.so
7ff87e1ba000-7ff87e1bb000 rw-p 0000b000 ca:01 50319                      /lib/x86_64-linux-gnu/libnss_files-2.23.so
7ff87e1bb000-7ff87e1c1000 rw-p 00000000 00:00 0 
7ff87e1c1000-7ff87e1cc000 r-xp 00000000 ca:01 50336                      /lib/x86_64-linux-gnu/libnss_nis-2.23.so
7ff87e1cc000-7ff87e3cb000 ---p 0000b000 ca:01 50336                      /lib/x86_64-linux-gnu/libnss_nis-2.23.so
7ff87e3cb000-7ff87e3cc000 r--p 0000a000 ca:01 50336                      /lib/x86_64-linux-gnu/libnss_nis-2.23.so
7ff87e3cc000-7ff87e3cd000 rw-p 0000b000 ca:01 50336                      /lib/x86_64-linux-gnu/libnss_nis-2.23.so
7ff87e3cd000-7ff87e3e3000 r-xp 00000000 ca:01 29089                      /lib/x86_64-linux-gnu/libnsl-2.23.so
7ff87e3e3000-7ff87e5e2000 ---p 00016000 ca:01 29089                      /lib/x86_64-linux-gnu/libnsl-2.23.so
7ff87e5e2000-7ff87e5e3000 r--p 00015000 ca:01 29089                      /lib/x86_64-linux-gnu/libnsl-2.23.so
7ff87e5e3000-7ff87e5e4000 rw-p 00016000 ca:01 29089                      /lib/x86_64-linux-gnu/libnsl-2.23.so
7ff87e5e4000-7ff87e5e6000 rw-p 00000000 00:00 0 
7ff87e5e6000-7ff87e5ee000 r-xp 00000000 ca:01 50957                      /lib/x86_64-linux-gnu/libnss_compat-2.23.so
7ff87e5ee000-7ff87e7ed000 ---p 00008000 ca:01 50957                      /lib/x86_64-linux-gnu/libnss_compat-2.23.so
7ff87e7ed000-7ff87e7ee000 r--p 00007000 ca:01 50957                      /lib/x86_64-linux-gnu/libnss_compat-2.23.so
7ff87e7ee000-7ff87e7ef000 rw-p 00008000 ca:01 50957                      /lib/x86_64-linux-gnu/libnss_compat-2.23.so
7ff87e7ef000-7ff87e81c000 r-xp 00000000 ca:01 782951                     /usr/lib/jvm/java-8-openjdk-amd64/jre/lib/amd64/libjava.so
7ff87e81c000-7ff87ea1b000 ---p 0002d000 ca:01 782951                     /usr/lib/jvm/java-8-openjdk-amd64/jre/lib/amd64/libjava.so
7ff87ea1b000-7ff87ea1c000 r--p 0002c000 ca:01 782951                     /usr/lib/jvm/java-8-openjdk-amd64/jre/lib/amd64/libjava.so
7ff87ea1c000-7ff87ea1e000 rw-p 0002d000 ca:01 782951                     /usr/lib/jvm/java-8-openjdk-amd64/jre/lib/amd64/libjava.so
7ff87ea1e000-7ff87ea2d000 r-xp 00000000 ca:01 782948                     /usr/lib/jvm/java-8-openjdk-amd64/jre/lib/amd64/libverify.so
7ff87ea2d000-7ff87ec2c000 ---p 0000f000 ca:01 782948                     /usr/lib/jvm/java-8-openjdk-amd64/jre/lib/amd64/libverify.so
7ff87ec2c000-7ff87ec2e000 r--p 0000e000 ca:01 782948                     /usr/lib/jvm/java-8-openjdk-amd64/jre/lib/amd64/libverify.so
7ff87ec2e000-7ff87ec2f000 rw-p 00010000 ca:01 782948                     /usr/lib/jvm/java-8-openjdk-amd64/jre/lib/amd64/libverify.so
7ff87ec2f000-7ff87ec36000 r-xp 00000000 ca:01 50529                      /lib/x86_64-linux-gnu/librt-2.23.so
7ff87ec36000-7ff87ee35000 ---p 00007000 ca:01 50529                      /lib/x86_64-linux-gnu/librt-2.23.so
7ff87ee35000-7ff87ee36000 r--p 00006000 ca:01 50529                      /lib/x86_64-linux-gnu/librt-2.23.so
7ff87ee36000-7ff87ee37000 rw-p 00007000 ca:01 50529                      /lib/x86_64-linux-gnu/librt-2.23.so
7ff87ee37000-7ff87ee4d000 r-xp 00000000 ca:01 2038                       /lib/x86_64-linux-gnu/libgcc_s.so.1
7ff87ee4d000-7ff87f04c000 ---p 00016000 ca:01 2038                       /lib/x86_64-linux-gnu/libgcc_s.so.1
7ff87f04c000-7ff87f04d000 rw-p 00015000 ca:01 2038                       /lib/x86_64-linux-gnu/libgcc_s.so.1
7ff87f04d000-7ff87f155000 r-xp 00000000 ca:01 54628                      /lib/x86_64-linux-gnu/libm-2.23.so
7ff87f155000-7ff87f354000 ---p 00108000 ca:01 54628                      /lib/x86_64-linux-gnu/libm-2.23.so
7ff87f354000-7ff87f355000 r--p 00107000 ca:01 54628                      /lib/x86_64-linux-gnu/libm-2.23.so
7ff87f355000-7ff87f356000 rw-p 00108000 ca:01 54628                      /lib/x86_64-linux-gnu/libm-2.23.so
7ff87f356000-7ff87f4c8000 r-xp 00000000 ca:01 25778                      /usr/lib/x86_64-linux-gnu/libstdc++.so.6.0.21
7ff87f4c8000-7ff87f6c8000 ---p 00172000 ca:01 25778                      /usr/lib/x86_64-linux-gnu/libstdc++.so.6.0.21
7ff87f6c8000-7ff87f6d2000 r--p 00172000 ca:01 25778                      /usr/lib/x86_64-linux-gnu/libstdc++.so.6.0.21
7ff87f6d2000-7ff87f6d4000 rw-p 0017c000 ca:01 25778                      /usr/lib/x86_64-linux-gnu/libstdc++.so.6.0.21
7ff87f6d4000-7ff87f6d8000 rw-p 00000000 00:00 0 
7ff87f6d8000-7ff880329000 r-xp 00000000 ca:01 782947                     /usr/lib/jvm/java-8-openjdk-amd64/jre/lib/amd64/server/libjvm.so
7ff880329000-7ff880529000 ---p 00c51000 ca:01 782947                     /usr/lib/jvm/java-8-openjdk-amd64/jre/lib/amd64/server/libjvm.so
7ff880529000-7ff8805bc000 r--p 00c51000 ca:01 782947                     /usr/lib/jvm/java-8-openjdk-amd64/jre/lib/amd64/server/libjvm.so
7ff8805bc000-7ff8805e5000 rw-p 00ce4000 ca:01 782947                     /usr/lib/jvm/java-8-openjdk-amd64/jre/lib/amd64/server/libjvm.so
7ff8805e5000-7ff880615000 rw-p 00000000 00:00 0 
7ff880615000-7ff88062d000 r-xp 00000000 ca:01 50326                      /lib/x86_64-linux-gnu/libpthread-2.23.so
7ff88062d000-7ff88082c000 ---p 00018000 ca:01 50326                      /lib/x86_64-linux-gnu/libpthread-2.23.so
7ff88082c000-7ff88082d000 r--p 00017000 ca:01 50326                      /lib/x86_64-linux-gnu/libpthread-2.23.so
7ff88082d000-7ff88082e000 rw-p 00018000 ca:01 50326                      /lib/x86_64-linux-gnu/libpthread-2.23.so
7ff88082e000-7ff880832000 rw-p 00000000 00:00 0 
7ff880832000-7ff880835000 r-xp 00000000 ca:01 50751                      /lib/x86_64-linux-gnu/libdl-2.23.so
7ff880835000-7ff880a34000 ---p 00003000 ca:01 50751                      /lib/x86_64-linux-gnu/libdl-2.23.so
7ff880a34000-7ff880a35000 r--p 00002000 ca:01 50751                      /lib/x86_64-linux-gnu/libdl-2.23.so
7ff880a35000-7ff880a36000 rw-p 00003000 ca:01 50751                      /lib/x86_64-linux-gnu/libdl-2.23.so
7ff880a36000-7ff880a4f000 r-xp 00000000 ca:01 2187                       /lib/x86_64-linux-gnu/libz.so.1.2.8
7ff880a4f000-7ff880c4e000 ---p 00019000 ca:01 2187                       /lib/x86_64-linux-gnu/libz.so.1.2.8
7ff880c4e000-7ff880c4f000 r--p 00018000 ca:01 2187                       /lib/x86_64-linux-gnu/libz.so.1.2.8
7ff880c4f000-7ff880c50000 rw-p 00019000 ca:01 2187                       /lib/x86_64-linux-gnu/libz.so.1.2.8
7ff880c50000-7ff880e10000 r-xp 00000000 ca:01 55181                      /lib/x86_64-linux-gnu/libc-2.23.so
7ff880e10000-7ff881010000 ---p 001c0000 ca:01 55181                      /lib/x86_64-linux-gnu/libc-2.23.so
7ff881010000-7ff881014000 r--p 001c0000 ca:01 55181                      /lib/x86_64-linux-gnu/libc-2.23.so
7ff881014000-7ff881016000 rw-p 001c4000 ca:01 55181                      /lib/x86_64-linux-gnu/libc-2.23.so
7ff881016000-7ff88101a000 rw-p 00000000 00:00 0 
7ff88101a000-7ff881027000 r-xp 00000000 ca:01 782964                     /usr/lib/jvm/java-8-openjdk-amd64/jre/lib/amd64/jli/libjli.so
7ff881027000-7ff881227000 ---p 0000d000 ca:01 782964                     /usr/lib/jvm/java-8-openjdk-amd64/jre/lib/amd64/jli/libjli.so
7ff881227000-7ff881228000 r--p 0000d000 ca:01 782964                     /usr/lib/jvm/java-8-openjdk-amd64/jre/lib/amd64/jli/libjli.so
7ff881228000-7ff881229000 rw-p 0000e000 ca:01 782964                     /usr/lib/jvm/java-8-openjdk-amd64/jre/lib/amd64/jli/libjli.so
7ff881229000-7ff88124f000 r-xp 00000000 ca:01 50279                      /lib/x86_64-linux-gnu/ld-2.23.so
7ff88124f000-7ff881252000 r--s 0000f000 ca:01 782931                     /usr/lib/jvm/java-8-openjdk-amd64/jre/lib/ext/icedtea-sound.jar
7ff881252000-7ff881254000 r--s 00001000 ca:01 782925                     /usr/lib/jvm/java-8-openjdk-amd64/jre/lib/ext/dnsns.jar
7ff881254000-7ff881259000 r--s 0003b000 ca:01 782930                     /usr/lib/jvm/java-8-openjdk-amd64/jre/lib/ext/sunjce_provider.jar
7ff881259000-7ff88125d000 r--s 00037000 ca:01 782927                     /usr/lib/jvm/java-8-openjdk-amd64/jre/lib/ext/sunpkcs11.jar
7ff88125d000-7ff881267000 r--s 00116000 ca:01 782933                     /usr/lib/jvm/java-8-openjdk-amd64/jre/lib/ext/localedata.jar
7ff881267000-7ff881337000 rw-p 00000000 00:00 0 
7ff881337000-7ff88133f000 rw-s 00000000 ca:01 1300476                    /tmp/hsperfdata_ubuntu/7786
7ff88133f000-7ff881342000 ---p 00000000 00:00 0 
7ff881342000-7ff881445000 rw-p 00000000 00:00 0 
7ff881445000-7ff881446000 r--s 00003000 ca:01 783255                     /home/ubuntu/spark-2.1.1-bin-hadoop2.7/jars/jta-1.1.jar
7ff881446000-7ff881447000 r--s 00010000 ca:01 782928                     /usr/lib/jvm/java-8-openjdk-amd64/jre/lib/ext/zipfs.jar
7ff881447000-7ff881448000 r--s 0000a000 ca:01 782926                     /usr/lib/jvm/java-8-openjdk-amd64/jre/lib/ext/jaccess.jar
7ff881448000-7ff88144a000 r--s 00008000 ca:01 782929                     /usr/lib/jvm/java-8-openjdk-amd64/jre/lib/ext/sunec.jar
7ff88144a000-7ff88144b000 rw-p 00000000 00:00 0 
7ff88144b000-7ff88144c000 ---p 00000000 00:00 0 
7ff88144c000-7ff88144e000 rw-p 00000000 00:00 0 
7ff88144e000-7ff88144f000 r--p 00025000 ca:01 50279                      /lib/x86_64-linux-gnu/ld-2.23.so
7ff88144f000-7ff881450000 rw-p 00026000 ca:01 50279                      /lib/x86_64-linux-gnu/ld-2.23.so
7ff881450000-7ff881451000 rw-p 00000000 00:00 0 
7ffd6a7a2000-7ffd6a7c3000 rw-p 00000000 00:00 0                          [stack]
7ffd6a7db000-7ffd6a7dd000 r--p 00000000 00:00 0                          [vvar]
7ffd6a7dd000-7ffd6a7df000 r-xp 00000000 00:00 0                          [vdso]
ffffffffff600000-ffffffffff601000 r-xp 00000000 00:00 0                  [vsyscall]

VM Arguments:
jvm_args: -Xmx1g 
java_command: org.apache.spark.deploy.SparkSubmit pyspark-shell
java_class_path (initial): /home/ubuntu/spark-2.1.1-bin-hadoop2.7/conf/:/home/ubuntu/spark-2.1.1-bin-hadoop2.7/jars/calcite-core-1.2.0-incubating.jar:/home/ubuntu/spark-2.1.1-bin-hadoop2.7/jars/apache-log4j-extras-1.2.17.jar:/home/ubuntu/spark-2.1.1-bin-hadoop2.7/jars/hive-beeline-1.2.1.spark2.jar:/home/ubuntu/spark-2.1.1-bin-hadoop2.7/jars/jackson-module-scala_2.11-2.6.5.jar:/home/ubuntu/spark-2.1.1-bin-hadoop2.7/jars/parquet-hadoop-1.8.1.jar:/home/ubuntu/spark-2.1.1-bin-hadoop2.7/jars/commons-beanutils-core-1.8.0.jar:/home/ubuntu/spark-2.1.1-bin-hadoop2.7/jars/commons-crypto-1.0.0.jar:/home/ubuntu/spark-2.1.1-bin-hadoop2.7/jars/jackson-databind-2.6.5.jar:/home/ubuntu/spark-2.1.1-bin-hadoop2.7/jars/bonecp-0.8.0.RELEASE.jar:/home/ubuntu/spark-2.1.1-bin-hadoop2.7/jars/antlr-runtime-3.4.jar:/home/ubuntu/spark-2.1.1-bin-hadoop2.7/jars/hk2-api-2.4.0-b34.jar:/home/ubuntu/spark-2.1.1-bin-hadoop2.7/jars/scala-xml_2.11-1.0.2.jar:/home/ubuntu/spark-2.1.1-bin-hadoop2.7/jars/commons-dbcp-1.4.jar:/home/ubuntu/spark-2.1.1-bin-hadoop2.7/jars/metrics-jvm-3.1.2.jar:/home/ubuntu/spark-2.1.1-bin-hadoop2.7/jars/validation-api-1.1.0.Final.jar:/home/ubuntu/spark-2.1.1-bin-hadoop2.7/jars/aopalliance-repackaged-2.4.0-b34.jar:/home/ubuntu/spark-2.1.1-bin-hadoop2.7/jars/jta-1.1.jar:/home/ubuntu/spark-2.1.1-bin-hadoop2.7/jars/slf4j-log4j12-1.7.16.jar:/home/ubuntu/spark-2.1.1-bin-hadoop2.7/jars/spire_2.11-0.7.4.jar:/home/ubuntu/spark-2.1.1-bin-hadoop2.7/jars/hadoop-mapreduce-client-app-2.7.3.jar:/home/ubuntu/spark-2.1.1-bin-hadoop2.7/jars/shapeless_2.11-2.0.0.jar:/home/ubuntu/spark-2.1.1-bin-hadoop2.7/jars/commons-configuration-1.6.jar:/home/ubuntu/spark-2.1.1-bin-hadoop2.7/jars/janino-3.0.0.jar:/home/ubuntu/spark-2.1.1-bin-hadoop2.7/jars/commons-compress-1.4.1.jar:/home/ubuntu/spark-2.1.1-bin-hadoop2.7/jars/jackson-core-2.6.5.jar:/home/ubuntu/spark-2.1.1-bin-hadoop2.7/jars/eigenbase-properties-1.1.5.jar:/home/ubuntu/spark-2.1.1-bin-hadoop2.7/jars/spark-launcher_2.11-2.1.1.jar:/home/ubuntu/
Launcher Type: SUN_STANDARD

Environment Variables:
PATH=/home/ubuntu/bin:/home/ubuntu/.local/bin:/home/ubuntu/spark-2.1.1-bin-hadoop2.7:/home/ubuntu/anaconda3/bin:/home/ubuntu/1+1/bin:/usr/local/sbin:/usr/local/bin:/usr/sbin:/usr/bin:/sbin:/bin:/usr/games:/usr/local/games:/snap/bin
SHELL=/bin/bash

Signal Handlers:
SIGSEGV: [libjvm.so+0xa67f40], sa_mask[0]=11111111011111111101111111111110, sa_flags=SA_RESTART|SA_SIGINFO
SIGBUS: [libjvm.so+0xa67f40], sa_mask[0]=11111111011111111101111111111110, sa_flags=SA_RESTART|SA_SIGINFO
SIGFPE: [libjvm.so+0x8b0ec0], sa_mask[0]=11111111011111111101111111111110, sa_flags=SA_RESTART|SA_SIGINFO
SIGPIPE: [libjvm.so+0x8b0ec0], sa_mask[0]=11111111011111111101111111111110, sa_flags=SA_RESTART|SA_SIGINFO
SIGXFSZ: [libjvm.so+0x8b0ec0], sa_mask[0]=11111111011111111101111111111110, sa_flags=SA_RESTART|SA_SIGINFO
SIGILL: [libjvm.so+0x8b0ec0], sa_mask[0]=11111111011111111101111111111110, sa_flags=SA_RESTART|SA_SIGINFO
SIGUSR1: SIG_DFL, sa_mask[0]=00000000000000000000000000000000, sa_flags=none
SIGUSR2: [libjvm.so+0x8b0d70], sa_mask[0]=00000000000000000000000000000000, sa_flags=SA_RESTART|SA_SIGINFO
SIGHUP: [libjvm.so+0x8b1240], sa_mask[0]=11111111011111111101111111111110, sa_flags=SA_RESTART|SA_SIGINFO
SIGINT: SIG_IGN, sa_mask[0]=00000000000000000000000000000000, sa_flags=none
SIGTERM: [libjvm.so+0x8b1240], sa_mask[0]=11111111011111111101111111111110, sa_flags=SA_RESTART|SA_SIGINFO
SIGQUIT: [libjvm.so+0x8b1240], sa_mask[0]=11111111011111111101111111111110, sa_flags=SA_RESTART|SA_SIGINFO


---------------  S Y S T E M  ---------------

OS:DISTRIB_ID=Ubuntu
DISTRIB_RELEASE=16.04
DISTRIB_CODENAME=xenial
DISTRIB_DESCRIPTION="Ubuntu 16.04.2 LTS"

uname:Linux 4.4.0-1018-aws #27-Ubuntu SMP Fri May 19 17:20:58 UTC 2017 x86_64
libc:glibc 2.23 NPTL 2.23 
rlimit: STACK 8192k, CORE 0k, NPROC 3903, NOFILE 65536, AS infinity
load average:0.24 0.09 0.15

/proc/meminfo:
MemTotal:        1014660 kB
MemFree:           99140 kB
MemAvailable:      69144 kB
Buffers:            5476 kB
Cached:            61080 kB
SwapCached:            0 kB
Active:           811848 kB
Inactive:          36860 kB
Active(anon):     785088 kB
Inactive(anon):     2736 kB
Active(file):      26760 kB
Inactive(file):    34124 kB
Unevictable:        3656 kB
Mlocked:            3656 kB
SwapTotal:             0 kB
SwapFree:              0 kB
Dirty:               216 kB
Writeback:             0 kB
AnonPages:        785860 kB
Mapped:            24404 kB
Shmem:              3200 kB
Slab:              38760 kB
SReclaimable:      21948 kB
SUnreclaim:        16812 kB
KernelStack:        3664 kB
PageTables:         6296 kB
NFS_Unstable:          0 kB
Bounce:                0 kB
WritebackTmp:          0 kB
CommitLimit:      507328 kB
Committed_AS:    1086228 kB
VmallocTotal:   34359738367 kB
VmallocUsed:           0 kB
VmallocChunk:          0 kB
HardwareCorrupted:     0 kB
AnonHugePages:    534528 kB
CmaTotal:              0 kB
CmaFree:               0 kB
HugePages_Total:       0
HugePages_Free:        0
HugePages_Rsvd:        0
HugePages_Surp:        0
Hugepagesize:       2048 kB
DirectMap4k:       45056 kB
DirectMap2M:     1003520 kB


CPU:total 1 (initial active 1) (1 cores per cpu, 1 threads per core) family 6 model 63 stepping 2, cmov, cx8, fxsr, mmx, sse, sse2, sse3, ssse3, sse4.1, sse4.2, popcnt, avx, avx2, aes, clmul, erms, lzcnt, tsc, bmi1, bmi2

/proc/cpuinfo:
processor	: 0
vendor_id	: GenuineIntel
cpu family	: 6
model		: 63
model name	: Intel(R) Xeon(R) CPU E5-2676 v3 @ 2.40GHz
stepping	: 2
microcode	: 0x36
cpu MHz		: 2400.090
cache size	: 30720 KB
physical id	: 0
siblings	: 1
core id		: 0
cpu cores	: 1
apicid		: 0
initial apicid	: 0
fpu		: yes
fpu_exception	: yes
cpuid level	: 13
wp		: yes
flags		: fpu vme de pse tsc msr pae mce cx8 apic sep mtrr pge mca cmov pat pse36 clflush mmx fxsr sse sse2 ht syscall nx rdtscp lm constant_tsc rep_good nopl xtopology eagerfpu pni pclmulqdq ssse3 fma cx16 pcid sse4_1 sse4_2 x2apic movbe popcnt tsc_deadline_timer aes xsave avx f16c rdrand hypervisor lahf_lm abm fsgsbase bmi1 avx2 smep bmi2 erms invpcid xsaveopt
bugs		:
bogomips	: 4800.18
clflush size	: 64
cache_alignment	: 64
address sizes	: 46 bits physical, 48 bits virtual
power management:



Memory: 4k page, physical 1014660k(99140k free), swap 0k(0k free)

vm_info: OpenJDK 64-Bit Server VM (25.131-b11) for linux-amd64 JRE (1.8.0_131-8u131-b11-0ubuntu1.16.04.2-b11), built on May  6 2017 02:45:27 by "buildd" with gcc 5.4.0 20160609

time: Fri Jun 23 10:49:16 2017
elapsed time: 5482 seconds (0d 1h 31m 22s)

