#
# There is insufficient memory for the Java Runtime Environment to continue.
# Native memory allocation (mmap) failed to map 65536 bytes for committing reserved memory.
# Possible reasons:
#   The system is out of physical RAM or swap space
#   In 32 bit mode, the process size limit was hit
# Possible solutions:
#   Reduce memory load on the system
#   Increase physical memory or swap space
#   Check if swap backing store is full
#   Use 64 bit Java on a 64 bit OS
#   Decrease Java heap size (-Xmx/-Xms)
#   Decrease number of Java threads
#   Decrease Java thread stack sizes (-Xss)
#   Set larger code cache with -XX:ReservedCodeCacheSize=
# This output file may be truncated or incomplete.
#
#  Out of Memory Error (os_linux.cpp:2643), pid=2004, tid=0x00007f58f395c700
#
# JRE version: OpenJDK Runtime Environment (8.0_131-b11) (build 1.8.0_131-8u131-b11-0ubuntu1.16.04.2-b11)
# Java VM: OpenJDK 64-Bit Server VM (25.131-b11 mixed mode linux-amd64 compressed oops)
# Failed to write core dump. Core dumps have been disabled. To enable core dumping, try "ulimit -c unlimited" before starting Java again
#

---------------  T H R E A D  ---------------

Current thread (0x00007f59040ac800):  JavaThread "C1 CompilerThread1" daemon [_thread_in_vm, id=2023, stack(0x00007f58f385c000,0x00007f58f395d000)]

Stack: [0x00007f58f385c000,0x00007f58f395d000],  sp=0x00007f58f395b010,  free space=1020k
Native frames: (J=compiled Java code, j=interpreted, Vv=VM code, C=native code)
V  [libjvm.so+0xa673eb]
V  [libjvm.so+0x4c3bec]
V  [libjvm.so+0x8b58a0]
V  [libjvm.so+0x8afd1e]
V  [libjvm.so+0xa63ce4]
V  [libjvm.so+0x5e653d]
V  [libjvm.so+0x444f76]
V  [libjvm.so+0x8858b8]
V  [libjvm.so+0x3dd27f]
V  [libjvm.so+0x3218d4]
V  [libjvm.so+0x321c22]
V  [libjvm.so+0x322907]
V  [libjvm.so+0x473c2c]
V  [libjvm.so+0x475a67]
V  [libjvm.so+0xa0ba07]
V  [libjvm.so+0xa0becc]
V  [libjvm.so+0x8b2d82]
C  [libpthread.so.0+0x76ba]  start_thread+0xca


Current CompileTask:
C1:3553971 7396       3       org.apache.spark.storage.BlockManagerMasterEndpoint$$anonfun$receiveAndReply$1::applyOrElse (1071 bytes)


---------------  P R O C E S S  ---------------

Java Threads: ( => current thread )
  0x00007f58e4022000 JavaThread "task-result-getter-3" daemon [_thread_blocked, id=2111, stack(0x00007f58d03d9000,0x00007f58d04da000)]
  0x00007f58ec15a800 JavaThread "task-result-getter-2" daemon [_thread_blocked, id=2094, stack(0x00007f58d00d6000,0x00007f58d01d7000)]
  0x00007f58ec148800 JavaThread "task-result-getter-1" daemon [_thread_blocked, id=2085, stack(0x00007f58cfed4000,0x00007f58cffd5000)]
  0x00007f58ec141800 JavaThread "task-result-getter-0" daemon [_thread_blocked, id=2077, stack(0x00007f58d07db000,0x00007f58d08dc000)]
  0x00007f58d8020800 JavaThread "stderr reader for python" daemon [_thread_in_native, id=2073, stack(0x00007f58d08dc000,0x00007f58d09dd000)]
  0x00007f58d801f800 JavaThread "stdout reader for python" daemon [_thread_in_native, id=2072, stack(0x00007f58d09dd000,0x00007f58d0ade000)]
  0x00007f58d801d000 JavaThread "process reaper" daemon [_thread_in_native, id=2071, stack(0x00007f58f1803000,0x00007f58f183c000)]
  0x00007f58d8018000 JavaThread "Idle Worker Monitor for python" daemon [_thread_blocked, id=2069, stack(0x00007f58d0ade000,0x00007f58d0bdf000)]
  0x00007f58e10d1000 JavaThread "org.apache.hadoop.fs.FileSystem$Statistics$StatisticsDataReferenceCleaner" daemon [_thread_blocked, id=2063, stack(0x00007f58d22ed000,0x00007f58d23ee000)]
  0x00007f58e0a6e000 JavaThread "SparkListenerBus" daemon [_thread_blocked, id=2061, stack(0x00007f58d27ee000,0x00007f58d28ef000)]
  0x00007f58e0960000 JavaThread "context-cleaner-periodic-gc" daemon [_thread_blocked, id=2060, stack(0x00007f58d28ef000,0x00007f58d29f0000)]
  0x00007f58e095e800 JavaThread "Spark Context Cleaner" daemon [_thread_blocked, id=2059, stack(0x00007f58d29f0000,0x00007f58d2af1000)]
  0x00007f58e0820800 JavaThread "shuffle-server-5-1" daemon [_thread_in_native, id=2058, stack(0x00007f58d2cf1000,0x00007f58d2df2000)]
  0x00007f58e081c000 JavaThread "driver-heartbeater" daemon [_thread_blocked, id=2057, stack(0x00007f58d2df2000,0x00007f58d2ef3000)]
  0x00007f58e0827800 JavaThread "dag-scheduler-event-loop" daemon [_thread_blocked, id=2056, stack(0x00007f58d2ef3000,0x00007f58d2ff4000)]
  0x0000000002463800 JavaThread "netty-rpc-env-timeout" daemon [_thread_blocked, id=2055, stack(0x00007f58d2ff4000,0x00007f58d30f5000)]
  0x00007f58e0621000 JavaThread "Timer-0" daemon [_thread_blocked, id=2054, stack(0x00007f58d30f5000,0x00007f58d31f6000)]
  0x00007f58ec06a800 JavaThread "heartbeat-receiver-event-loop-thread" daemon [_thread_blocked, id=2053, stack(0x00007f58d31f6000,0x00007f58d32f7000)]
  0x00007f58e077f000 JavaThread "SparkUI-37" daemon [_thread_blocked, id=2052, stack(0x00007f58d32f7000,0x00007f58d33f8000)]
  0x00007f58e077d800 JavaThread "SparkUI-36" daemon [_thread_blocked, id=2051, stack(0x00007f58d33f8000,0x00007f58d34f9000)]
  0x00007f58e057b800 JavaThread "SparkUI-35" daemon [_thread_blocked, id=2050, stack(0x00007f58d34f9000,0x00007f58d35fa000)]
  0x00007f58e0579800 JavaThread "SparkUI-34" daemon [_thread_blocked, id=2049, stack(0x00007f58d35fa000,0x00007f58d36fb000)]
  0x00007f58e0577800 JavaThread "SparkUI-33" daemon [_thread_blocked, id=2048, stack(0x00007f58d36fb000,0x00007f58d37fc000)]
  0x00007f58e0575800 JavaThread "SparkUI-32" daemon [_thread_blocked, id=2047, stack(0x00007f58d37fc000,0x00007f58d38fd000)]
  0x00007f58e0712800 JavaThread "SparkUI-31-acceptor-0@3584508a-Spark@3b43a84a{HTTP/1.1}{0.0.0.0:4040}" daemon [_thread_in_native, id=2046, stack(0x00007f58d38fd000,0x00007f58d39fe000)]
  0x00007f58e0715000 JavaThread "SparkUI-30-selector-ServerConnectorManager@4b1590e/0" daemon [_thread_in_native, id=2045, stack(0x00007f58d39fe000,0x00007f58d3aff000)]
  0x00007f58e05ca000 JavaThread "refresh progress" daemon [_thread_blocked, id=2043, stack(0x00007f58d3cff000,0x00007f58d3e00000)]
  0x00007f58e05d9800 JavaThread "map-output-dispatcher-7" daemon [_thread_blocked, id=2042, stack(0x00007f58f00a7000,0x00007f58f01a8000)]
  0x00007f58e0558800 JavaThread "map-output-dispatcher-6" daemon [_thread_blocked, id=2041, stack(0x00007f58f01a8000,0x00007f58f02a9000)]
  0x00007f58e0557000 JavaThread "map-output-dispatcher-5" daemon [_thread_blocked, id=2040, stack(0x00007f58f02a9000,0x00007f58f03aa000)]
  0x00007f58e051a800 JavaThread "map-output-dispatcher-4" daemon [_thread_blocked, id=2039, stack(0x00007f58f03aa000,0x00007f58f04ab000)]
  0x00007f58e0519000 JavaThread "map-output-dispatcher-3" daemon [_thread_blocked, id=2038, stack(0x00007f58f04ab000,0x00007f58f05ac000)]
  0x00007f58e04fb800 JavaThread "map-output-dispatcher-2" daemon [_thread_blocked, id=2037, stack(0x00007f58f05ac000,0x00007f58f06ad000)]
  0x00007f58e04f9800 JavaThread "map-output-dispatcher-1" daemon [_thread_blocked, id=2036, stack(0x00007f58f06ad000,0x00007f58f07ae000)]
  0x00007f58e0556000 JavaThread "map-output-dispatcher-0" daemon [_thread_blocked, id=2035, stack(0x00007f58f07ae000,0x00007f58f08af000)]
  0x00007f58e04e0800 JavaThread "rpc-server-3-1" daemon [_thread_in_native, id=2034, stack(0x00007f58f08af000,0x00007f58f09b0000)]
  0x00007f58e0343000 JavaThread "dispatcher-event-loop-1" daemon [_thread_blocked, id=2033, stack(0x00007f58f0dd6000,0x00007f58f0ed7000)]
  0x00007f58e0342000 JavaThread "dispatcher-event-loop-0" daemon [_thread_blocked, id=2032, stack(0x00007f58f1702000,0x00007f58f1803000)]
  0x00007f58d4434000 JavaThread "Thread-2" [_thread_in_native, id=2028, stack(0x00007f58f1e46000,0x00007f58f1f47000)]
  0x00007f5904cf1800 JavaThread "Thread-1" [_thread_in_native, id=2027, stack(0x00007f58f1f47000,0x00007f58f2048000)]
  0x00007f5904ce2000 JavaThread "pool-1-thread-1" [_thread_blocked, id=2026, stack(0x00007f58f2048000,0x00007f58f2149000)]
  0x00007f59040af800 JavaThread "Service Thread" daemon [_thread_blocked, id=2024, stack(0x00007f58f375b000,0x00007f58f385c000)]
=>0x00007f59040ac800 JavaThread "C1 CompilerThread1" daemon [_thread_in_vm, id=2023, stack(0x00007f58f385c000,0x00007f58f395d000)]
  0x00007f59040aa000 JavaThread "C2 CompilerThread0" daemon [_thread_blocked, id=2022, stack(0x00007f58f395d000,0x00007f58f3a5e000)]
  0x00007f59040a8000 JavaThread "Signal Dispatcher" daemon [_thread_blocked, id=2021, stack(0x00007f58f3a5e000,0x00007f58f3b5f000)]
  0x00007f5904081000 JavaThread "Finalizer" daemon [_thread_blocked, id=2020, stack(0x00007f58f3cf7000,0x00007f58f3df8000)]
  0x00007f590407c800 JavaThread "Reference Handler" daemon [_thread_blocked, id=2019, stack(0x00007f58f3df8000,0x00007f58f3ef9000)]
  0x00007f5904010800 JavaThread "main" [_thread_in_native, id=2017, stack(0x00007f590b6f5000,0x00007f590b7f6000)]

Other Threads:
  0x00007f5904074800 VMThread [stack: 0x00007f58f3ef9000,0x00007f58f3ffa000] [id=2018]
  0x00007f59040b6800 WatcherThread [stack: 0x00007f58f365a000,0x00007f58f375b000] [id=2025]

VM state:not at safepoint (normal execution)

VM Mutex/Monitor currently owned by a thread:  ([mutex/lock_event])
[0x00007f590400c3d0] CodeCache_lock - owner thread: 0x00007f59040ac800
[0x00007f590400da50] Compile_lock - owner thread: 0x00007f59040ac800
[0x00007f590400db50] MethodCompileQueue_lock - owner thread: 0x00007f59040ac800

Heap:
 def new generation   total 97408K, used 31416K [0x00000000c0000000, 0x00000000c69b0000, 0x00000000d5550000)
  eden space 86592K,  34% used [0x00000000c0000000, 0x00000000c1cc8700, 0x00000000c5490000)
  from space 10816K,  17% used [0x00000000c5f20000, 0x00000000c6105bf8, 0x00000000c69b0000)
  to   space 10816K,   0% used [0x00000000c5490000, 0x00000000c5490000, 0x00000000c5f20000)
 tenured generation   total 216304K, used 130932K [0x00000000d5550000, 0x00000000e288c000, 0x0000000100000000)
   the space 216304K,  60% used [0x00000000d5550000, 0x00000000dd52d390, 0x00000000dd52d400, 0x00000000e288c000)
 Metaspace       used 67383K, capacity 67974K, committed 68096K, reserved 1107968K
  class space    used 9531K, capacity 9676K, committed 9728K, reserved 1048576K

Card table byte_map: [0x00007f58f4a3f000,0x00007f58f4c40000] byte_map_base: 0x00007f58f443f000

Polling page: 0x00007f590b801000

CodeCache: size=245760Kb used=18354Kb max_used=18677Kb free=227405Kb
 bounds [0x00007f58f5000000, 0x00007f58f6270000, 0x00007f5904000000]
 total_blobs=6696 nmethods=6102 adapters=505
 compilation: enabled

Compilation events (10 events):
Event: 3396.328 Thread 0x00007f59040aa000 nmethod 7391 0x00007f58f602a710 code [0x00007f58f602a860, 0x00007f58f602a8f8]
Event: 3396.610 Thread 0x00007f59040aa000 7392   !   4       io.netty.channel.nio.NioEventLoop::select (331 bytes)
Event: 3423.192 Thread 0x00007f59040ac800 7394       3       scala.collection.mutable.HashMap::foreach (14 bytes)
Event: 3429.383 Thread 0x00007f59040ac800 nmethod 7394 0x00007f58f61d0bd0 code [0x00007f58f61d0d60, 0x00007f58f61d11a0]
Event: 3429.538 Thread 0x00007f59040ac800 7395       3       scala.collection.mutable.HashMap$$anonfun$foreach$1::<init> (10 bytes)
Event: 3433.699 Thread 0x00007f59040ac800 nmethod 7395 0x00007f58f5ac11d0 code [0x00007f58f5ac1340, 0x00007f58f5ac15d0]
Event: 3446.200 Thread 0x00007f59040aa000 nmethod 7392 0x00007f58f5a86ad0 code [0x00007f58f5a86ca0, 0x00007f58f5a87468]
Event: 3446.221 Thread 0x00007f59040aa000 7393       4       scala.collection.TraversableLike$class::to (34 bytes)
Event: 3450.647 Thread 0x00007f59040aa000 nmethod 7393 0x00007f58f5a25f90 code [0x00007f58f5a261c0, 0x00007f58f5a26a98]
Event: 3553.091 Thread 0x00007f59040ac800 7396       3       org.apache.spark.storage.BlockManagerMasterEndpoint$$anonfun$receiveAndReply$1::applyOrElse (1071 bytes)

GC Heap History (10 events):
Event: 2226.476 GC heap before
{Heap before GC invocations=195 (full 13):
 def new generation   total 97408K, used 91575K [0x00000000c0000000, 0x00000000c69b0000, 0x00000000d5550000)
  eden space 86592K, 100% used [0x00000000c0000000, 0x00000000c5490000, 0x00000000c5490000)
  from space 10816K,  46% used [0x00000000c5490000, 0x00000000c596ddb8, 0x00000000c5f20000)
  to   space 10816K,   0% used [0x00000000c5f20000, 0x00000000c5f20000, 0x00000000c69b0000)
 tenured generation   total 216304K, used 121305K [0x00000000d5550000, 0x00000000e288c000, 0x0000000100000000)
   the space 216304K,  56% used [0x00000000d5550000, 0x00000000dcbc66f8, 0x00000000dcbc6800, 0x00000000e288c000)
 Metaspace       used 67305K, capacity 67910K, committed 68096K, reserved 1107968K
  class space    used 9531K, capacity 9676K, committed 9728K, reserved 1048576K
Event: 2226.480 GC heap after
Heap after GC invocations=196 (full 13):
 def new generation   total 97408K, used 5029K [0x00000000c0000000, 0x00000000c69b0000, 0x00000000d5550000)
  eden space 86592K,   0% used [0x00000000c0000000, 0x00000000c0000000, 0x00000000c5490000)
  from space 10816K,  46% used [0x00000000c5f20000, 0x00000000c6409408, 0x00000000c69b0000)
  to   space 10816K,   0% used [0x00000000c5490000, 0x00000000c5490000, 0x00000000c5f20000)
 tenured generation   total 216304K, used 121305K [0x00000000d5550000, 0x00000000e288c000, 0x0000000100000000)
   the space 216304K,  56% used [0x00000000d5550000, 0x00000000dcbc66f8, 0x00000000dcbc6800, 0x00000000e288c000)
 Metaspace       used 67305K, capacity 67910K, committed 68096K, reserved 1107968K
  class space    used 9531K, capacity 9676K, committed 9728K, reserved 1048576K
}
Event: 2226.616 GC heap before
{Heap before GC invocations=196 (full 13):
 def new generation   total 97408K, used 91621K [0x00000000c0000000, 0x00000000c69b0000, 0x00000000d5550000)
  eden space 86592K, 100% used [0x00000000c0000000, 0x00000000c5490000, 0x00000000c5490000)
  from space 10816K,  46% used [0x00000000c5f20000, 0x00000000c6409408, 0x00000000c69b0000)
  to   space 10816K,   0% used [0x00000000c5490000, 0x00000000c5490000, 0x00000000c5f20000)
 tenured generation   total 216304K, used 121305K [0x00000000d5550000, 0x00000000e288c000, 0x0000000100000000)
   the space 216304K,  56% used [0x00000000d5550000, 0x00000000dcbc66f8, 0x00000000dcbc6800, 0x00000000e288c000)
 Metaspace       used 67305K, capacity 67910K, committed 68096K, reserved 1107968K
  class space    used 9531K, capacity 9676K, committed 9728K, reserved 1048576K
Event: 2226.623 GC heap after
Heap after GC invocations=197 (full 13):
 def new generation   total 97408K, used 10068K [0x00000000c0000000, 0x00000000c69b0000, 0x00000000d5550000)
  eden space 86592K,   0% used [0x00000000c0000000, 0x00000000c0000000, 0x00000000c5490000)
  from space 10816K,  93% used [0x00000000c5490000, 0x00000000c5e65250, 0x00000000c5f20000)
  to   space 10816K,   0% used [0x00000000c5f20000, 0x00000000c5f20000, 0x00000000c69b0000)
 tenured generation   total 216304K, used 121305K [0x00000000d5550000, 0x00000000e288c000, 0x0000000100000000)
   the space 216304K,  56% used [0x00000000d5550000, 0x00000000dcbc66f8, 0x00000000dcbc6800, 0x00000000e288c000)
 Metaspace       used 67305K, capacity 67910K, committed 68096K, reserved 1107968K
  class space    used 9531K, capacity 9676K, committed 9728K, reserved 1048576K
}
Event: 2226.720 GC heap before
{Heap before GC invocations=197 (full 13):
 def new generation   total 97408K, used 96660K [0x00000000c0000000, 0x00000000c69b0000, 0x00000000d5550000)
  eden space 86592K, 100% used [0x00000000c0000000, 0x00000000c5490000, 0x00000000c5490000)
  from space 10816K,  93% used [0x00000000c5490000, 0x00000000c5e65250, 0x00000000c5f20000)
  to   space 10816K,   0% used [0x00000000c5f20000, 0x00000000c5f20000, 0x00000000c69b0000)
 tenured generation   total 216304K, used 121305K [0x00000000d5550000, 0x00000000e288c000, 0x0000000100000000)
   the space 216304K,  56% used [0x00000000d5550000, 0x00000000dcbc66f8, 0x00000000dcbc6800, 0x00000000e288c000)
 Metaspace       used 67305K, capacity 67910K, committed 68096K, reserved 1107968K
  class space    used 9531K, capacity 9676K, committed 9728K, reserved 1048576K
Event: 2226.726 GC heap after
Heap after GC invocations=198 (full 13):
 def new generation   total 97408K, used 1233K [0x00000000c0000000, 0x00000000c69b0000, 0x00000000d5550000)
  eden space 86592K,   0% used [0x00000000c0000000, 0x00000000c0000000, 0x00000000c5490000)
  from space 10816K,  11% used [0x00000000c5f20000, 0x00000000c60546e0, 0x00000000c69b0000)
  to   space 10816K,   0% used [0x00000000c5490000, 0x00000000c5490000, 0x00000000c5f20000)
 tenured generation   total 216304K, used 130932K [0x00000000d5550000, 0x00000000e288c000, 0x0000000100000000)
   the space 216304K,  60% used [0x00000000d5550000, 0x00000000dd52d390, 0x00000000dd52d400, 0x00000000e288c000)
 Metaspace       used 67305K, capacity 67910K, committed 68096K, reserved 1107968K
  class space    used 9531K, capacity 9676K, committed 9728K, reserved 1048576K
}
Event: 2226.824 GC heap before
{Heap before GC invocations=198 (full 13):
 def new generation   total 97408K, used 87825K [0x00000000c0000000, 0x00000000c69b0000, 0x00000000d5550000)
  eden space 86592K, 100% used [0x00000000c0000000, 0x00000000c5490000, 0x00000000c5490000)
  from space 10816K,  11% used [0x00000000c5f20000, 0x00000000c60546e0, 0x00000000c69b0000)
  to   space 10816K,   0% used [0x00000000c5490000, 0x00000000c5490000, 0x00000000c5f20000)
 tenured generation   total 216304K, used 130932K [0x00000000d5550000, 0x00000000e288c000, 0x0000000100000000)
   the space 216304K,  60% used [0x00000000d5550000, 0x00000000dd52d390, 0x00000000dd52d400, 0x00000000e288c000)
 Metaspace       used 67305K, capacity 67910K, committed 68096K, reserved 1107968K
  class space    used 9531K, capacity 9676K, committed 9728K, reserved 1048576K
Event: 2226.827 GC heap after
Heap after GC invocations=199 (full 13):
 def new generation   total 97408K, used 1623K [0x00000000c0000000, 0x00000000c69b0000, 0x00000000d5550000)
  eden space 86592K,   0% used [0x00000000c0000000, 0x00000000c0000000, 0x00000000c5490000)
  from space 10816K,  15% used [0x00000000c5490000, 0x00000000c5625cc0, 0x00000000c5f20000)
  to   space 10816K,   0% used [0x00000000c5f20000, 0x00000000c5f20000, 0x00000000c69b0000)
 tenured generation   total 216304K, used 130932K [0x00000000d5550000, 0x00000000e288c000, 0x0000000100000000)
   the space 216304K,  60% used [0x00000000d5550000, 0x00000000dd52d390, 0x00000000dd52d400, 0x00000000e288c000)
 Metaspace       used 67305K, capacity 67910K, committed 68096K, reserved 1107968K
  class space    used 9531K, capacity 9676K, committed 9728K, reserved 1048576K
}
Event: 2226.929 GC heap before
{Heap before GC invocations=199 (full 13):
 def new generation   total 97408K, used 88215K [0x00000000c0000000, 0x00000000c69b0000, 0x00000000d5550000)
  eden space 86592K, 100% used [0x00000000c0000000, 0x00000000c5490000, 0x00000000c5490000)
  from space 10816K,  15% used [0x00000000c5490000, 0x00000000c5625cc0, 0x00000000c5f20000)
  to   space 10816K,   0% used [0x00000000c5f20000, 0x00000000c5f20000, 0x00000000c69b0000)
 tenured generation   total 216304K, used 130932K [0x00000000d5550000, 0x00000000e288c000, 0x0000000100000000)
   the space 216304K,  60% used [0x00000000d5550000, 0x00000000dd52d390, 0x00000000dd52d400, 0x00000000e288c000)
 Metaspace       used 67305K, capacity 67910K, committed 68096K, reserved 1107968K
  class space    used 9531K, capacity 9676K, committed 9728K, reserved 1048576K
Event: 2226.932 GC heap after
Heap after GC invocations=200 (full 13):
 def new generation   total 97408K, used 1942K [0x00000000c0000000, 0x00000000c69b0000, 0x00000000d5550000)
  eden space 86592K,   0% used [0x00000000c0000000, 0x00000000c0000000, 0x00000000c5490000)
  from space 10816K,  17% used [0x00000000c5f20000, 0x00000000c6105bf8, 0x00000000c69b0000)
  to   space 10816K,   0% used [0x00000000c5490000, 0x00000000c5490000, 0x00000000c5f20000)
 tenured generation   total 216304K, used 130932K [0x00000000d5550000, 0x00000000e288c000, 0x0000000100000000)
   the space 216304K,  60% used [0x00000000d5550000, 0x00000000dd52d390, 0x00000000dd52d400, 0x00000000e288c000)
 Metaspace       used 67305K, capacity 67910K, committed 68096K, reserved 1107968K
  class space    used 9531K, capacity 9676K, committed 9728K, reserved 1048576K
}

Deoptimization events (10 events):
Event: 2223.859 Thread 0x00007f58e4019000 Uncommon trap: reason=unstable_if action=reinterpret pc=0x00007f58f5545630 method=org.apache.parquet.column.statistics.LongStatistics.updateStats(J)V @ 4
Event: 2223.859 Thread 0x00007f58e4019000 Uncommon trap: reason=unstable_if action=reinterpret pc=0x00007f58f6015910 method=org.apache.parquet.column.statistics.LongStatistics.updateStats(J)V @ 4
Event: 2223.859 Thread 0x00007f58e4019000 Uncommon trap: reason=unstable_if action=reinterpret pc=0x00007f58f61a27f8 method=org.apache.parquet.column.statistics.DoubleStatistics.updateStats(DD)V @ 6
Event: 2647.737 Thread 0x00007f58e077d800 Uncommon trap: reason=unstable_if action=reinterpret pc=0x00007f58f5b5878c method=java.util.concurrent.locks.ReentrantLock$Sync.nonfairTryAcquire(I)Z @ 34
Event: 2647.737 Thread 0x00007f58e077f000 Uncommon trap: reason=unstable_if action=reinterpret pc=0x00007f58f5b5878c method=java.util.concurrent.locks.ReentrantLock$Sync.nonfairTryAcquire(I)Z @ 34
Event: 2647.737 Thread 0x00007f58e0577800 Uncommon trap: reason=unstable_if action=reinterpret pc=0x00007f58f5b5878c method=java.util.concurrent.locks.ReentrantLock$Sync.nonfairTryAcquire(I)Z @ 34
Event: 2647.737 Thread 0x00007f58e0575800 Uncommon trap: reason=unstable_if action=reinterpret pc=0x00007f58f5b5878c method=java.util.concurrent.locks.ReentrantLock$Sync.nonfairTryAcquire(I)Z @ 34
Event: 2647.737 Thread 0x00007f58e057b800 Uncommon trap: reason=unstable_if action=reinterpret pc=0x00007f58f5b5878c method=java.util.concurrent.locks.ReentrantLock$Sync.nonfairTryAcquire(I)Z @ 34
Event: 2702.849 Thread 0x00007f58ec06a800 Uncommon trap: reason=unstable_if action=reinterpret pc=0x00007f58f5715538 method=java.util.concurrent.locks.ReentrantLock$Sync.nonfairTryAcquire(I)Z @ 34
Event: 2813.207 Thread 0x00007f58ec06a800 Uncommon trap: reason=unstable_if action=reinterpret pc=0x00007f58f5a44dc4 method=java.util.concurrent.locks.AbstractQueuedSynchronizer.acquire(I)V @ 5

Internal exceptions (10 events):
Event: 1692.814 Thread 0x00007f58e0343000 Exception <a 'java/lang/NoSuchMethodError': <clinit>> (0x00000000c2d39770) thrown at [/build/openjdk-8-VTMhfL/openjdk-8-8u131-b11/src/hotspot/src/share/vm/prims/jni.cpp, line 1613]
Event: 1975.958 Thread 0x00007f58d4434000 Exception <a 'java/lang/NoSuchMethodError': <clinit>> (0x00000000c1c36308) thrown at [/build/openjdk-8-VTMhfL/openjdk-8-8u131-b11/src/hotspot/src/share/vm/prims/jni.cpp, line 1613]
Event: 1975.958 Thread 0x00007f58d4434000 Exception <a 'java/lang/NoSuchMethodError': <clinit>> (0x00000000c1c3a478) thrown at [/build/openjdk-8-VTMhfL/openjdk-8-8u131-b11/src/hotspot/src/share/vm/prims/jni.cpp, line 1613]
Event: 1975.968 Thread 0x00007f58d4434000 Exception <a 'java/lang/NoSuchMethodError': <clinit>> (0x00000000c1c576d0) thrown at [/build/openjdk-8-VTMhfL/openjdk-8-8u131-b11/src/hotspot/src/share/vm/prims/jni.cpp, line 1613]
Event: 1975.969 Thread 0x00007f58d4434000 Exception <a 'java/lang/NoSuchMethodError': <clinit>> (0x00000000c1c74580) thrown at [/build/openjdk-8-VTMhfL/openjdk-8-8u131-b11/src/hotspot/src/share/vm/prims/jni.cpp, line 1613]
Event: 1975.969 Thread 0x00007f58d4434000 Exception <a 'java/lang/NoSuchMethodError': <clinit>> (0x00000000c1c78978) thrown at [/build/openjdk-8-VTMhfL/openjdk-8-8u131-b11/src/hotspot/src/share/vm/prims/jni.cpp, line 1613]
Event: 1975.969 Thread 0x00007f58d4434000 Exception <a 'java/lang/NoSuchMethodError': <clinit>> (0x00000000c1c8b208) thrown at [/build/openjdk-8-VTMhfL/openjdk-8-8u131-b11/src/hotspot/src/share/vm/prims/jni.cpp, line 1613]
Event: 1978.177 Thread 0x00007f58e4019000 Exception <a 'java/lang/NoClassDefFoundError': parquet/org/slf4j/impl/StaticLoggerBinder> (0x00000000c20d05b8) thrown at [/build/openjdk-8-VTMhfL/openjdk-8-8u131-b11/src/hotspot/src/share/vm/classfile/systemDictionary.cpp, line 199]
Event: 1979.947 Thread 0x00007f58e4019000 Exception <a 'java/lang/NoSuchMethodError': <clinit>> (0x00000000c3264468) thrown at [/build/openjdk-8-VTMhfL/openjdk-8-8u131-b11/src/hotspot/src/share/vm/prims/jni.cpp, line 1613]
Event: 1979.947 Thread 0x00007f58e4019000 Exception <a 'java/lang/NoSuchMethodError': <clinit>> (0x00000000c326ff50) thrown at [/build/openjdk-8-VTMhfL/openjdk-8-8u131-b11/src/hotspot/src/share/vm/prims/jni.cpp, line 1613]

Events (10 events):
Event: 2885.234 Thread 0x00007f59040ac800 flushing nmethod 0x00007f58f5a428d0
Event: 2885.305 Thread 0x00007f59040ac800 flushing nmethod 0x00007f58f5a6b190
Event: 2933.472 Thread 0x00007f59040ac800 flushing nmethod 0x00007f58f5da7b10
Event: 3025.836 Thread 0x00007f59040ac800 flushing nmethod 0x00007f58f5f83990
Event: 3025.877 Thread 0x00007f59040ac800 flushing nmethod 0x00007f58f5f873d0
Event: 3025.890 Thread 0x00007f59040ac800 flushing nmethod 0x00007f58f5fa4d90
Event: 3025.893 Thread 0x00007f59040ac800 flushing nmethod 0x00007f58f6002a90
Event: 3062.285 Thread 0x00007f59040aa000 flushing nmethod 0x00007f58f615ad90
Event: 3062.323 Thread 0x00007f59040aa000 flushing nmethod 0x00007f58f61d0bd0
Event: 3062.323 Thread 0x00007f59040aa000 flushing nmethod 0x00007f58f61d3090


Dynamic libraries:
00400000-00401000 r-xp 00000000 ca:01 783016                             /usr/lib/jvm/java-8-openjdk-amd64/jre/bin/java
00600000-00601000 r--p 00000000 ca:01 783016                             /usr/lib/jvm/java-8-openjdk-amd64/jre/bin/java
00601000-00602000 rw-p 00001000 ca:01 783016                             /usr/lib/jvm/java-8-openjdk-amd64/jre/bin/java
02440000-02482000 rw-p 00000000 00:00 0                                  [heap]
c0000000-c69b0000 rw-p 00000000 00:00 0 
c69b0000-d5550000 ---p 00000000 00:00 0 
d5550000-e288c000 rw-p 00000000 00:00 0 
e288c000-100000000 ---p 00000000 00:00 0 
100000000-100980000 rw-p 00000000 00:00 0 
100980000-140000000 ---p 00000000 00:00 0 
7f58cf280000-7f58cf380000 rw-p 00000000 00:00 0 
7f58cf380000-7f58cf480000 ---p 00000000 00:00 0 
7f58cf480000-7f58cf4bd000 r-xp 00000000 ca:01 50484                      /tmp/snappy-1.1.2-1cdcb0f1-0290-4e6b-8258-740bbfeac6f8-libsnappyjava.so
7f58cf4bd000-7f58cf6bd000 ---p 0003d000 ca:01 50484                      /tmp/snappy-1.1.2-1cdcb0f1-0290-4e6b-8258-740bbfeac6f8-libsnappyjava.so
7f58cf6bd000-7f58cf6c0000 rw-p 0003d000 ca:01 50484                      /tmp/snappy-1.1.2-1cdcb0f1-0290-4e6b-8258-740bbfeac6f8-libsnappyjava.so
7f58cf6c0000-7f58cf8d2000 rw-p 00000000 00:00 0 
7f58cf8d2000-7f58cfad2000 rw-p 00000000 00:00 0 
7f58cfad2000-7f58cfad5000 ---p 00000000 00:00 0 
7f58cfad5000-7f58cfbd3000 rw-p 00000000 00:00 0 
7f58cfbd3000-7f58cfbd6000 ---p 00000000 00:00 0 
7f58cfbd6000-7f58cfed4000 rw-p 00000000 00:00 0 
7f58cfed4000-7f58cfed7000 ---p 00000000 00:00 0 
7f58cfed7000-7f58cffd5000 rw-p 00000000 00:00 0 
7f58cffd5000-7f58cffd8000 ---p 00000000 00:00 0 
7f58cffd8000-7f58d00d6000 rw-p 00000000 00:00 0 
7f58d00d6000-7f58d00d9000 ---p 00000000 00:00 0 
7f58d00d9000-7f58d01d7000 rw-p 00000000 00:00 0 
7f58d01d7000-7f58d01da000 ---p 00000000 00:00 0 
7f58d01da000-7f58d02d8000 rw-p 00000000 00:00 0 
7f58d02d8000-7f58d02db000 ---p 00000000 00:00 0 
7f58d02db000-7f58d03d9000 rw-p 00000000 00:00 0 
7f58d03d9000-7f58d03dc000 ---p 00000000 00:00 0 
7f58d03dc000-7f58d06da000 rw-p 00000000 00:00 0 
7f58d06da000-7f58d06dd000 ---p 00000000 00:00 0 
7f58d06dd000-7f58d07db000 rw-p 00000000 00:00 0 
7f58d07db000-7f58d07de000 ---p 00000000 00:00 0 
7f58d07de000-7f58d08dc000 rw-p 00000000 00:00 0 
7f58d08dc000-7f58d08df000 ---p 00000000 00:00 0 
7f58d08df000-7f58d09dd000 rw-p 00000000 00:00 0 
7f58d09dd000-7f58d09e0000 ---p 00000000 00:00 0 
7f58d09e0000-7f58d0ade000 rw-p 00000000 00:00 0 
7f58d0ade000-7f58d0ae1000 ---p 00000000 00:00 0 
7f58d0ae1000-7f58d0bdf000 rw-p 00000000 00:00 0 
7f58d0bdf000-7f58d0be2000 ---p 00000000 00:00 0 
7f58d0be2000-7f58d0ee0000 rw-p 00000000 00:00 0 
7f58d0ee0000-7f58d0eed000 r-xp 00000000 ca:01 397                        /tmp/liblz4-java9116633384230779674.so
7f58d0eed000-7f58d10ec000 ---p 0000d000 ca:01 397                        /tmp/liblz4-java9116633384230779674.so
7f58d10ec000-7f58d10ed000 rw-p 0000c000 ca:01 397                        /tmp/liblz4-java9116633384230779674.so
7f58d10ed000-7f58d12ed000 rw-p 00000000 00:00 0 
7f58d12ed000-7f58d14ed000 rw-p 00000000 00:00 0 
7f58d14ed000-7f58d16ed000 rw-p 00000000 00:00 0 
7f58d16ed000-7f58d18ed000 rw-p 00000000 00:00 0 
7f58d18ed000-7f58d1aed000 rw-p 00000000 00:00 0 
7f58d1aed000-7f58d1ced000 rw-p 00000000 00:00 0 
7f58d1ced000-7f58d1eed000 rw-p 00000000 00:00 0 
7f58d1eed000-7f58d20ed000 rw-p 00000000 00:00 0 
7f58d20ed000-7f58d22ed000 rw-p 00000000 00:00 0 
7f58d22ed000-7f58d22f0000 ---p 00000000 00:00 0 
7f58d22f0000-7f58d25ee000 rw-p 00000000 00:00 0 
7f58d25ee000-7f58d27ee000 rw-p 00000000 00:00 0 
7f58d27ee000-7f58d27f1000 ---p 00000000 00:00 0 
7f58d27f1000-7f58d28ef000 rw-p 00000000 00:00 0 
7f58d28ef000-7f58d28f2000 ---p 00000000 00:00 0 
7f58d28f2000-7f58d29f0000 rw-p 00000000 00:00 0 
7f58d29f0000-7f58d29f3000 ---p 00000000 00:00 0 
7f58d29f3000-7f58d2cf1000 rw-p 00000000 00:00 0 
7f58d2cf1000-7f58d2cf4000 ---p 00000000 00:00 0 
7f58d2cf4000-7f58d2df2000 rw-p 00000000 00:00 0 
7f58d2df2000-7f58d2df5000 ---p 00000000 00:00 0 
7f58d2df5000-7f58d2ef3000 rw-p 00000000 00:00 0 
7f58d2ef3000-7f58d2ef6000 ---p 00000000 00:00 0 
7f58d2ef6000-7f58d2ff4000 rw-p 00000000 00:00 0 
7f58d2ff4000-7f58d2ff7000 ---p 00000000 00:00 0 
7f58d2ff7000-7f58d30f5000 rw-p 00000000 00:00 0 
7f58d30f5000-7f58d30f8000 ---p 00000000 00:00 0 
7f58d30f8000-7f58d31f6000 rw-p 00000000 00:00 0 
7f58d31f6000-7f58d31f9000 ---p 00000000 00:00 0 
7f58d31f9000-7f58d32f7000 rw-p 00000000 00:00 0 
7f58d32f7000-7f58d32fa000 ---p 00000000 00:00 0 
7f58d32fa000-7f58d33f8000 rw-p 00000000 00:00 0 
7f58d33f8000-7f58d33fb000 ---p 00000000 00:00 0 
7f58d33fb000-7f58d34f9000 rw-p 00000000 00:00 0 
7f58d34f9000-7f58d34fc000 ---p 00000000 00:00 0 
7f58d34fc000-7f58d35fa000 rw-p 00000000 00:00 0 
7f58d35fa000-7f58d35fd000 ---p 00000000 00:00 0 
7f58d35fd000-7f58d36fb000 rw-p 00000000 00:00 0 
7f58d36fb000-7f58d36fe000 ---p 00000000 00:00 0 
7f58d36fe000-7f58d37fc000 rw-p 00000000 00:00 0 
7f58d37fc000-7f58d37ff000 ---p 00000000 00:00 0 
7f58d37ff000-7f58d38fd000 rw-p 00000000 00:00 0 
7f58d38fd000-7f58d3900000 ---p 00000000 00:00 0 
7f58d3900000-7f58d39fe000 rw-p 00000000 00:00 0 
7f58d39fe000-7f58d3a01000 ---p 00000000 00:00 0 
7f58d3a01000-7f58d3cff000 rw-p 00000000 00:00 0 
7f58d3cff000-7f58d3d02000 ---p 00000000 00:00 0 
7f58d3d02000-7f58d4000000 rw-p 00000000 00:00 0 
7f58d4000000-7f58d4a0b000 rw-p 00000000 00:00 0 
7f58d4a0b000-7f58d8000000 ---p 00000000 00:00 0 
7f58d8000000-7f58d810b000 rw-p 00000000 00:00 0 
7f58d810b000-7f58dc000000 ---p 00000000 00:00 0 
7f58dc000000-7f58dc02e000 rw-p 00000000 00:00 0 
7f58dc02e000-7f58e0000000 ---p 00000000 00:00 0 
7f58e0000000-7f58e27b8000 rw-p 00000000 00:00 0 
7f58e27b8000-7f58e4000000 ---p 00000000 00:00 0 
7f58e4000000-7f58e4036000 rw-p 00000000 00:00 0 
7f58e4036000-7f58e8000000 ---p 00000000 00:00 0 
7f58e8000000-7f58e804a000 rw-p 00000000 00:00 0 
7f58e804a000-7f58ec000000 ---p 00000000 00:00 0 
7f58ec000000-7f58ec1e7000 rw-p 00000000 00:00 0 
7f58ec1e7000-7f58f0000000 ---p 00000000 00:00 0 
7f58f006e000-7f58f0071000 ---p 00000000 00:00 0 
7f58f0071000-7f58f00a7000 rw-p 00000000 00:00 0 
7f58f00a7000-7f58f00aa000 ---p 00000000 00:00 0 
7f58f00aa000-7f58f01a8000 rw-p 00000000 00:00 0 
7f58f01a8000-7f58f01ab000 ---p 00000000 00:00 0 
7f58f01ab000-7f58f02a9000 rw-p 00000000 00:00 0 
7f58f02a9000-7f58f02ac000 ---p 00000000 00:00 0 
7f58f02ac000-7f58f03aa000 rw-p 00000000 00:00 0 
7f58f03aa000-7f58f03ad000 ---p 00000000 00:00 0 
7f58f03ad000-7f58f04ab000 rw-p 00000000 00:00 0 
7f58f04ab000-7f58f04ae000 ---p 00000000 00:00 0 
7f58f04ae000-7f58f05ac000 rw-p 00000000 00:00 0 
7f58f05ac000-7f58f05af000 ---p 00000000 00:00 0 
7f58f05af000-7f58f06ad000 rw-p 00000000 00:00 0 
7f58f06ad000-7f58f06b0000 ---p 00000000 00:00 0 
7f58f06b0000-7f58f07ae000 rw-p 00000000 00:00 0 
7f58f07ae000-7f58f07b1000 ---p 00000000 00:00 0 
7f58f07b1000-7f58f08af000 rw-p 00000000 00:00 0 
7f58f08af000-7f58f08b2000 ---p 00000000 00:00 0 
7f58f08b2000-7f58f09b0000 rw-p 00000000 00:00 0 
7f58f09b0000-7f58f09c1000 r-xp 00000000 ca:01 782977                     /usr/lib/jvm/java-8-openjdk-amd64/jre/lib/amd64/libnio.so
7f58f09c1000-7f58f0bc1000 ---p 00011000 ca:01 782977                     /usr/lib/jvm/java-8-openjdk-amd64/jre/lib/amd64/libnio.so
7f58f0bc1000-7f58f0bc2000 r--p 00011000 ca:01 782977                     /usr/lib/jvm/java-8-openjdk-amd64/jre/lib/amd64/libnio.so
7f58f0bc2000-7f58f0bc3000 rw-p 00012000 ca:01 782977                     /usr/lib/jvm/java-8-openjdk-amd64/jre/lib/amd64/libnio.so
7f58f0bc3000-7f58f0dc3000 rw-p 00000000 00:00 0 
7f58f0dc3000-7f58f0dd6000 r--s 00346000 ca:01 782998                     /usr/lib/jvm/java-8-openjdk-amd64/jre/lib/resources.jar
7f58f0dd6000-7f58f0dd9000 ---p 00000000 00:00 0 
7f58f0dd9000-7f58f10d7000 rw-p 00000000 00:00 0 
7f58f10d7000-7f58f10ee000 r-xp 00000000 ca:01 2130                       /lib/x86_64-linux-gnu/libresolv-2.23.so
7f58f10ee000-7f58f12ee000 ---p 00017000 ca:01 2130                       /lib/x86_64-linux-gnu/libresolv-2.23.so
7f58f12ee000-7f58f12ef000 r--p 00017000 ca:01 2130                       /lib/x86_64-linux-gnu/libresolv-2.23.so
7f58f12ef000-7f58f12f0000 rw-p 00018000 ca:01 2130                       /lib/x86_64-linux-gnu/libresolv-2.23.so
7f58f12f0000-7f58f12f2000 rw-p 00000000 00:00 0 
7f58f12f2000-7f58f12f7000 r-xp 00000000 ca:01 2133                       /lib/x86_64-linux-gnu/libnss_dns-2.23.so
7f58f12f7000-7f58f14f7000 ---p 00005000 ca:01 2133                       /lib/x86_64-linux-gnu/libnss_dns-2.23.so
7f58f14f7000-7f58f14f8000 r--p 00005000 ca:01 2133                       /lib/x86_64-linux-gnu/libnss_dns-2.23.so
7f58f14f8000-7f58f14f9000 rw-p 00006000 ca:01 2133                       /lib/x86_64-linux-gnu/libnss_dns-2.23.so
7f58f14fb000-7f58f1500000 r--s 0009a000 ca:01 782999                     /usr/lib/jvm/java-8-openjdk-amd64/jre/lib/jsse.jar
7f58f1500000-7f58f1501000 r-xp 00000000 ca:01 782969                     /usr/lib/jvm/java-8-openjdk-amd64/jre/lib/amd64/libjaas_unix.so
7f58f1501000-7f58f1700000 ---p 00001000 ca:01 782969                     /usr/lib/jvm/java-8-openjdk-amd64/jre/lib/amd64/libjaas_unix.so
7f58f1700000-7f58f1701000 r--p 00000000 ca:01 782969                     /usr/lib/jvm/java-8-openjdk-amd64/jre/lib/amd64/libjaas_unix.so
7f58f1701000-7f58f1702000 rw-p 00001000 ca:01 782969                     /usr/lib/jvm/java-8-openjdk-amd64/jre/lib/amd64/libjaas_unix.so
7f58f1702000-7f58f1705000 ---p 00000000 00:00 0 
7f58f1705000-7f58f1803000 rw-p 00000000 00:00 0 
7f58f1803000-7f58f1806000 ---p 00000000 00:00 0 
7f58f1806000-7f58f1a3c000 rw-p 00000000 00:00 0 
7f58f1a3c000-7f58f1c3c000 rw-p 00000000 00:00 0 
7f58f1c3c000-7f58f1c45000 r-xp 00000000 ca:01 782942                     /usr/lib/jvm/java-8-openjdk-amd64/jre/lib/amd64/libmanagement.so
7f58f1c45000-7f58f1e44000 ---p 00009000 ca:01 782942                     /usr/lib/jvm/java-8-openjdk-amd64/jre/lib/amd64/libmanagement.so
7f58f1e44000-7f58f1e45000 r--p 00008000 ca:01 782942                     /usr/lib/jvm/java-8-openjdk-amd64/jre/lib/amd64/libmanagement.so
7f58f1e45000-7f58f1e46000 rw-p 00009000 ca:01 782942                     /usr/lib/jvm/java-8-openjdk-amd64/jre/lib/amd64/libmanagement.so
7f58f1e46000-7f58f1e49000 ---p 00000000 00:00 0 
7f58f1e49000-7f58f1f47000 rw-p 00000000 00:00 0 
7f58f1f47000-7f58f1f4a000 ---p 00000000 00:00 0 
7f58f1f4a000-7f58f2048000 rw-p 00000000 00:00 0 
7f58f2048000-7f58f204b000 ---p 00000000 00:00 0 
7f58f204b000-7f58f2349000 rw-p 00000000 00:00 0 
7f58f2349000-7f58f264a000 rw-p 00000000 00:00 0 
7f58f264a000-7f58f2661000 r-xp 00000000 ca:01 782965                     /usr/lib/jvm/java-8-openjdk-amd64/jre/lib/amd64/libnet.so
7f58f2661000-7f58f2860000 ---p 00017000 ca:01 782965                     /usr/lib/jvm/java-8-openjdk-amd64/jre/lib/amd64/libnet.so
7f58f2860000-7f58f2861000 r--p 00016000 ca:01 782965                     /usr/lib/jvm/java-8-openjdk-amd64/jre/lib/amd64/libnet.so
7f58f2861000-7f58f2862000 rw-p 00017000 ca:01 782965                     /usr/lib/jvm/java-8-openjdk-amd64/jre/lib/amd64/libnet.so
7f58f2862000-7f58f28ae000 r--s 00411000 ca:01 783503                     /home/ubuntu/spark-2.1.1-bin-hadoop2.7/jars/scala-reflect-2.11.8.jar
7f58f28ae000-7f58f28b0000 r--s 00012000 ca:01 783408                     /home/ubuntu/spark-2.1.1-bin-hadoop2.7/jars/compress-lzf-1.0.3.jar
7f58f28b0000-7f58f28b2000 r--s 0000e000 ca:01 782500                     /home/ubuntu/spark-2.1.1-bin-hadoop2.7/jars/oro-2.0.8.jar
7f58f28b2000-7f58f28b9000 r--s 00049000 ca:01 783498                     /home/ubuntu/spark-2.1.1-bin-hadoop2.7/jars/univocity-parsers-2.2.1.jar
7f58f28b9000-7f58f2924000 r--s 00784000 ca:01 782499                     /home/ubuntu/spark-2.1.1-bin-hadoop2.7/jars/hadoop-hdfs-2.7.3.jar
7f58f2924000-7f58f2925000 r--s 00006000 ca:01 783449                     /home/ubuntu/spark-2.1.1-bin-hadoop2.7/jars/jackson-xc-1.9.13.jar
7f58f2925000-7f58f2940000 r--s 001d8000 ca:01 783259                     /home/ubuntu/spark-2.1.1-bin-hadoop2.7/jars/jets3t-0.9.3.jar
7f58f2940000-7f58f2942000 r--s 00015000 ca:01 783251                     /home/ubuntu/spark-2.1.1-bin-hadoop2.7/jars/hadoop-auth-2.7.3.jar
7f58f2942000-7f58f2947000 r--s 0002a000 ca:01 783263                     /home/ubuntu/spark-2.1.1-bin-hadoop2.7/jars/commons-beanutils-1.7.0.jar
7f58f2947000-7f58f294c000 r--s 00068000 ca:01 783452                     /home/ubuntu/spark-2.1.1-bin-hadoop2.7/jars/antlr-2.7.7.jar
7f58f294c000-7f58f294d000 r--s 00003000 ca:01 783281                     /home/ubuntu/spark-2.1.1-bin-hadoop2.7/jars/xmlenc-0.52.jar
7f58f294d000-7f58f295c000 r--s 0009f000 ca:01 783412                     /home/ubuntu/spark-2.1.1-bin-hadoop2.7/jars/guice-3.0.jar
7f58f295c000-7f58f2969000 r--s 000b1000 ca:01 783249                     /home/ubuntu/spark-2.1.1-bin-hadoop2.7/jars/hadoop-mapreduce-client-common-2.7.3.jar
7f58f2969000-7f58f296a000 r--s 00004000 ca:01 783512                     /home/ubuntu/spark-2.1.1-bin-hadoop2.7/jars/osgi-resource-locator-1.0.1.jar
7f58f296a000-7f58f296c000 r--s 00000000 ca:01 783482                     /home/ubuntu/spark-2.1.1-bin-hadoop2.7/jars/jul-to-slf4j-1.7.16.jar
7f58f296c000-7f58f296d000 r--s 00001000 ca:01 783297                     /home/ubuntu/spark-2.1.1-bin-hadoop2.7/jars/minlog-1.3.0.jar
7f58f296d000-7f58f2976000 r--s 00062000 ca:01 783267                     /home/ubuntu/spark-2.1.1-bin-hadoop2.7/jars/avro-1.7.7.jar
7f58f2976000-7f58f2978000 r--s 00009000 ca:01 783436                     /home/ubuntu/spark-2.1.1-bin-hadoop2.7/jars/jackson-module-paranamer-2.6.5.jar
7f58f2978000-7f58f297b000 r--s 0000e000 ca:01 783262                     /home/ubuntu/spark-2.1.1-bin-hadoop2.7/jars/jersey-container-servlet-core-2.22.2.jar
7f58f297b000-7f58f2982000 r--s 00058000 ca:01 783296                     /home/ubuntu/spark-2.1.1-bin-hadoop2.7/jars/hadoop-yarn-server-common-2.7.3.jar
7f58f2982000-7f58f299a000 r--s 000d6000 ca:01 783258                     /home/ubuntu/spark-2.1.1-bin-hadoop2.7/jars/jersey-guava-2.22.2.jar
7f58f299a000-7f58f29bb000 r--s 0019b000 ca:01 783457                     /home/ubuntu/spark-2.1.1-bin-hadoop2.7/jars/spark-hive-thriftserver_2.11-2.1.1.jar
7f58f29bb000-7f58f29c6000 r--s 0005d000 ca:01 783499                     /home/ubuntu/spark-2.1.1-bin-hadoop2.7/jars/scala-parser-combinators_2.11-1.0.4.jar
7f58f29c6000-7f58f2a51000 r--s 0069e000 ca:01 783391                     /home/ubuntu/spark-2.1.1-bin-hadoop2.7/jars/spark-catalyst_2.11-2.1.1.jar
7f58f2a51000-7f58f2a53000 r--s 00010000 ca:01 783430                     /home/ubuntu/spark-2.1.1-bin-hadoop2.7/jars/jersey-media-jaxb-2.22.2.jar
7f58f2a53000-7f58f2a55000 r--s 00100000 ca:01 783488                     /home/ubuntu/spark-2.1.1-bin-hadoop2.7/jars/snappy-java-1.1.2.6.jar
7f58f2a55000-7f58f2a56000 r--s 00000000 ca:01 783287                     /home/ubuntu/spark-2.1.1-bin-hadoop2.7/jars/javax.inject-1.jar
7f58f2a56000-7f58f2a57000 r--s 00008000 ca:01 783490                     /home/ubuntu/spark-2.1.1-bin-hadoop2.7/jars/commons-compiler-3.0.0.jar
7f58f2a57000-7f58f2a59000 r--s 00005000 ca:01 783419                     /home/ubuntu/spark-2.1.1-bin-hadoop2.7/jars/stax-api-1.0.1.jar
7f58f2a59000-7f58f2a60000 r--s 00046000 ca:01 783458                     /home/ubuntu/spark-2.1.1-bin-hadoop2.7/jars/libfb303-0.9.3.jar
7f58f2a60000-7f58f2a64000 r--s 00029000 ca:01 783278                     /home/ubuntu/spark-2.1.1-bin-hadoop2.7/jars/hk2-locator-2.4.0-b34.jar
7f58f2a64000-7f58f2a66000 r--s 0000e000 ca:01 783438                     /home/ubuntu/spark-2.1.1-bin-hadoop2.7/jars/spark-repl_2.11-2.1.1.jar
7f58f2a66000-7f58f2a6c000 r--s 00040000 ca:01 783387                     /home/ubuntu/spark-2.1.1-bin-hadoop2.7/jars/parquet-encoding-1.8.1.jar
7f58f2a6c000-7f58f2a70000 r--s 00028000 ca:01 783295                     /home/ubuntu/spark-2.1.1-bin-hadoop2.7/jars/spark-mllib-local_2.11-2.1.1.jar
7f58f2a70000-7f58f2a89000 r--s 00164000 ca:01 783416                     /home/ubuntu/spark-2.1.1-bin-hadoop2.7/jars/hadoop-mapreduce-client-core-2.7.3.jar
7f58f2a89000-7f58f2a8a000 r--s 0000a000 ca:01 783374                     /home/ubuntu/spark-2.1.1-bin-hadoop2.7/jars/apacheds-i18n-2.0.0-M15.jar
7f58f2a8a000-7f58f2a8b000 r--s 00001000 ca:01 783379                     /home/ubuntu/spark-2.1.1-bin-hadoop2.7/jars/pmml-schema-1.2.15.jar
7f58f2a8b000-7f58f2a99000 r--s 0009d000 ca:01 783301                     /home/ubuntu/spark-2.1.1-bin-hadoop2.7/jars/jersey-common-2.22.2.jar
7f58f2a99000-7f58f2aa4000 r--s 000b0000 ca:01 783409                     /home/ubuntu/spark-2.1.1-bin-hadoop2.7/jars/jtransforms-2.4.0.jar
7f58f2aa4000-7f58f2ac8000 r--s 001cd000 ca:01 783501                     /home/ubuntu/spark-2.1.1-bin-hadoop2.7/jars/commons-math3-3.4.1.jar
7f58f2ac8000-7f58f2ba0000 r--s 00a88000 ca:01 783247                     /home/ubuntu/spark-2.1.1-bin-hadoop2.7/jars/spark-core_2.11-2.1.1.jar
7f58f2ba0000-7f58f2ba4000 r--s 0002a000 ca:01 783425                     /home/ubuntu/spark-2.1.1-bin-hadoop2.7/jars/commons-io-2.4.jar
7f58f2ba4000-7f58f2ba7000 r--s 00006000 ca:01 783399                     /home/ubuntu/spark-2.1.1-bin-hadoop2.7/jars/jsr305-1.3.9.jar
7f58f2ba7000-7f58f2bae000 r--s 0003f000 ca:01 783290                     /home/ubuntu/spark-2.1.1-bin-hadoop2.7/jars/commons-codec-1.10.jar
7f58f2bae000-7f58f2bb7000 r--s 0006f000 ca:01 783402                     /home/ubuntu/spark-2.1.1-bin-hadoop2.7/jars/log4j-1.2.17.jar
7f58f2bb7000-7f58f2bb9000 r--s 00038000 ca:01 783450                     /home/ubuntu/spark-2.1.1-bin-hadoop2.7/jars/lz4-1.3.0.jar
7f58f2bb9000-7f58f2bbc000 r--s 00009000 ca:01 783429                     /home/ubuntu/spark-2.1.1-bin-hadoop2.7/jars/jackson-annotations-2.6.5.jar
7f58f2bbc000-7f58f2bbe000 r--s 00014000 ca:01 783395                     /home/ubuntu/spark-2.1.1-bin-hadoop2.7/jars/spire-macros_2.11-0.7.4.jar
7f58f2bbe000-7f58f2c3f000 r--s 005d9000 ca:01 783424                     /home/ubuntu/spark-2.1.1-bin-hadoop2.7/jars/spark-sql_2.11-2.1.1.jar
7f58f2c3f000-7f58f2c42000 r--s 00017000 ca:01 783461                     /home/ubuntu/spark-2.1.1-bin-hadoop2.7/jars/jaxb-api-2.2.2.jar
7f58f2c42000-7f58f2c4a000 r--s 0006e000 ca:01 783443                     /home/ubuntu/spark-2.1.1-bin-hadoop2.7/jars/commons-lang3-3.5.jar
7f58f2c4a000-7f58f2c57000 r--s 00083000 ca:01 783285                     /home/ubuntu/spark-2.1.1-bin-hadoop2.7/jars/commons-collections-3.2.2.jar
7f58f2c57000-7f58f2c59000 r--s 00000000 ca:01 783437                     /home/ubuntu/spark-2.1.1-bin-hadoop2.7/jars/aopalliance-1.0.jar
7f58f2c59000-7f58f2c5c000 r--s 00021000 ca:01 783283                     /home/ubuntu/spark-2.1.1-bin-hadoop2.7/jars/xbean-asm5-shaded-4.4.jar
7f58f2c5c000-7f58f2c60000 r--s 00029000 ca:01 783252                     /home/ubuntu/spark-2.1.1-bin-hadoop2.7/jars/breeze-macros_2.11-0.12.jar
7f58f2c60000-7f58f2c94000 r--s 00277000 ca:01 783279                     /home/ubuntu/spark-2.1.1-bin-hadoop2.7/jars/parquet-hadoop-bundle-1.6.0.jar
7f58f2c94000-7f58f2c96000 r--s 00009000 ca:01 783485                     /home/ubuntu/spark-2.1.1-bin-hadoop2.7/jars/commons-cli-1.2.jar
7f58f2c96000-7f58f2caa000 r--s 000ec000 ca:01 782503                     /home/ubuntu/spark-2.1.1-bin-hadoop2.7/jars/parquet-jackson-1.8.1.jar
7f58f2caa000-7f58f2cae000 r--s 00035000 ca:01 783284                     /home/ubuntu/spark-2.1.1-bin-hadoop2.7/jars/jackson-core-asl-1.9.13.jar
7f58f2cae000-7f58f2cb2000 r--s 00028000 ca:01 783260                     /home/ubuntu/spark-2.1.1-bin-hadoop2.7/jars/jetty-util-6.1.26.jar
7f58f2cb2000-7f58f2cb6000 r--s 00030000 ca:01 782496                     /home/ubuntu/spark-2.1.1-bin-hadoop2.7/jars/commons-net-2.2.jar
7f58f2cb6000-7f58f2cb9000 r--s 0000d000 ca:01 783420                     /home/ubuntu/spark-2.1.1-bin-hadoop2.7/jars/spark-network-shuffle_2.11-2.1.1.jar
7f58f2cb9000-7f58f2cbb000 r--s 0000f000 ca:01 783393                     /home/ubuntu/spark-2.1.1-bin-hadoop2.7/jars/curator-client-2.6.0.jar
7f58f2cbb000-7f58f2cbc000 r--s 00009000 ca:01 783288                     /home/ubuntu/spark-2.1.1-bin-hadoop2.7/jars/json4s-jackson_2.11-3.2.11.jar
7f58f2cbc000-7f58f2cd2000 r--s 00124000 ca:01 783479                     /home/ubuntu/spark-2.1.1-bin-hadoop2.7/jars/ivy-2.4.0.jar
7f58f2cd2000-7f58f2ce8000 r--s 000d1000 ca:01 783272                     /home/ubuntu/spark-2.1.1-bin-hadoop2.7/jars/parquet-column-1.8.1.jar
7f58f2ce8000-7f58f2cef000 r--s 00058000 ca:01 783276                     /home/ubuntu/spark-2.1.1-bin-hadoop2.7/jars/parquet-format-2.3.0-incubating.jar
7f58f2cef000-7f58f2cf1000 r--s 00006000 ca:01 783275                     /home/ubuntu/spark-2.1.1-bin-hadoop2.7/jars/paranamer-2.3.jar
7f58f2cf1000-7f58f2cf5000 r--s 00025000 ca:01 783496                     /home/ubuntu/spark-2.1.1-bin-hadoop2.7/jars/jersey-client-2.22.2.jar
7f58f2cf5000-7f58f2cf8000 r--s 00015000 ca:01 783401                     /home/ubuntu/spark-2.1.1-bin-hadoop2.7/jars/pyrolite-4.13.jar
7f58f2cf8000-7f58f2cfd000 r--s 0004e000 ca:01 783269                     /home/ubuntu/spark-2.1.1-bin-hadoop2.7/jars/datanucleus-api-jdo-3.2.6.jar
7f58f2cfd000-7f58f2cfe000 r--s 00003000 ca:01 783473                     /home/ubuntu/spark-2.1.1-bin-hadoop2.7/jars/metrics-json-3.1.2.jar
7f58f2cfe000-7f58f2d2d000 r--s 002e5000 ca:01 783492                     /home/ubuntu/spark-2.1.1-bin-hadoop2.7/jars/derby-10.12.1.1.jar
7f58f2d2d000-7f58f2d6d000 r--s 00277000 ca:01 783445                     /home/ubuntu/spark-2.1.1-bin-hadoop2.7/jars/bcprov-jdk15on-1.51.jar
7f58f2d6d000-7f58f2d6f000 r--s 00004000 ca:01 783448                     /home/ubuntu/spark-2.1.1-bin-hadoop2.7/jars/metrics-graphite-3.1.2.jar
7f58f2d6f000-7f58f2d98000 r--s 001ee000 ca:01 783508                     /home/ubuntu/spark-2.1.1-bin-hadoop2.7/jars/guava-14.0.1.jar
7f58f2d98000-7f58f2da9000 r--s 00089000 ca:01 783381                     /home/ubuntu/spark-2.1.1-bin-hadoop2.7/jars/joda-time-2.9.3.jar
7f58f2da9000-7f58f2dab000 r--s 00010000 ca:01 783380                     /home/ubuntu/spark-2.1.1-bin-hadoop2.7/jars/hadoop-mapreduce-client-shuffle-2.7.3.jar
7f58f2dab000-7f58f2dad000 r--s 00003000 ca:01 783489                     /home/ubuntu/spark-2.1.1-bin-hadoop2.7/jars/base64-2.3.8.jar
7f58f2dad000-7f58f2daf000 r--s 00003000 ca:01 783364                     /home/ubuntu/spark-2.1.1-bin-hadoop2.7/jars/api-asn1-api-1.0.0-M20.jar
7f58f2daf000-7f58f2dc7000 r--s 00115000 ca:01 783470                     /home/ubuntu/spark-2.1.1-bin-hadoop2.7/jars/netty-3.8.0.Final.jar
7f58f2dc7000-7f58f2dcb000 r--s 0001a000 ca:01 783266                     /home/ubuntu/spark-2.1.1-bin-hadoop2.7/jars/hk2-utils-2.4.0-b34.jar
7f58f2dcb000-7f58f2df2000 r--s 0020f000 ca:01 783404                     /home/ubuntu/spark-2.1.1-bin-hadoop2.7/jars/netty-all-4.0.42.Final.jar
7f58f2df2000-7f58f2df8000 r--s 00063000 ca:01 783495                     /home/ubuntu/spark-2.1.1-bin-hadoop2.7/jars/jodd-core-3.5.2.jar
7f58f2df8000-7f58f2dfa000 r--s 0000b000 ca:01 783486                     /home/ubuntu/spark-2.1.1-bin-hadoop2.7/jars/chill-java-0.8.0.jar
7f58f2dfa000-7f58f2dfe000 r--s 00019000 ca:01 783446                     /home/ubuntu/spark-2.1.1-bin-hadoop2.7/jars/javax.ws.rs-api-2.0.1.jar
7f58f2dfe000-7f58f2e04000 r--s 0002c000 ca:01 783474                     /home/ubuntu/spark-2.1.1-bin-hadoop2.7/jars/jdo-api-3.0.1.jar
7f58f2e04000-7f58f2e12000 r--s 000b1000 ca:01 783432                     /home/ubuntu/spark-2.1.1-bin-hadoop2.7/jars/jackson-mapper-asl-1.9.13.jar
7f58f2e12000-7f58f2e15000 r--s 00012000 ca:01 783289                     /home/ubuntu/spark-2.1.1-bin-hadoop2.7/jars/json4s-ast_2.11-3.2.11.jar
7f58f2e15000-7f58f2e18000 r--s 0001a000 ca:01 783480                     /home/ubuntu/spark-2.1.1-bin-hadoop2.7/jars/py4j-0.10.4.jar
7f58f2e18000-7f58f2e4e000 r--s 0031c000 ca:01 783253                     /home/ubuntu/spark-2.1.1-bin-hadoop2.7/jars/hadoop-common-2.7.3.jar
7f58f2e4e000-7f58f2e50000 r--s 00003000 ca:01 783472                     /home/ubuntu/spark-2.1.1-bin-hadoop2.7/jars/JavaEWAH-0.3.2.jar
7f58f2e50000-7f58f2ec4000 r--s 00574000 ca:01 783417                     /home/ubuntu/spark-2.1.1-bin-hadoop2.7/jars/spark-mllib_2.11-2.1.1.jar
7f58f2ec4000-7f58f2ed6000 r--s 00112000 ca:01 783481                     /home/ubuntu/spark-2.1.1-bin-hadoop2.7/jars/arpack_combined_all-0.1.jar
7f58f2ed6000-7f58f2ed7000 r--s 00009000 ca:01 782498                     /home/ubuntu/spark-2.1.1-bin-hadoop2.7/jars/hadoop-annotations-2.7.3.jar
7f58f2ed7000-7f58f2ed9000 r--s 00027000 ca:01 783451                     /home/ubuntu/spark-2.1.1-bin-hadoop2.7/jars/core-1.1.2.jar
7f58f2ed9000-7f58f2ee6000 r--s 000a7000 ca:01 783385                     /home/ubuntu/spark-2.1.1-bin-hadoop2.7/jars/httpclient-4.5.2.jar
7f58f2ee6000-7f58f2eee000 r--s 00078000 ca:01 783466                     /home/ubuntu/spark-2.1.1-bin-hadoop2.7/jars/mail-1.4.7.jar
7f58f2eee000-7f58f2eef000 r--s 00006000 ca:01 783433                     /home/ubuntu/spark-2.1.1-bin-hadoop2.7/jars/hadoop-client-2.7.3.jar
7f58f2eef000-7f58f2ef7000 r--s 00059000 ca:01 783298                     /home/ubuntu/spark-2.1.1-bin-hadoop2.7/jars/javolution-5.5.1.jar
7f58f2ef7000-7f58f2efe000 r--s 0007d000 ca:01 783400                     /home/ubuntu/spark-2.1.1-bin-hadoop2.7/jars/jetty-6.1.26.jar
7f58f2efe000-7f58f2f01000 r--s 0002f000 ca:01 783250                     /home/ubuntu/spark-2.1.1-bin-hadoop2.7/jars/RoaringBitmap-0.5.11.jar
7f58f2f01000-7f58f2f11000 r--s 000a0000 ca:01 783286                     /home/ubuntu/spark-2.1.1-bin-hadoop2.7/jars/spark-yarn_2.11-2.1.1.jar
7f58f2f11000-7f58f2f13000 r--s 0000d000 ca:01 783403                     /home/ubuntu/spark-2.1.1-bin-hadoop2.7/jars/hadoop-yarn-server-web-proxy-2.7.3.jar
7f58f2f13000-7f58f2f16000 r--s 00022000 ca:01 783467                     /home/ubuntu/spark-2.1.1-bin-hadoop2.7/jars/stringtemplate-3.2.1.jar
7f58f2f16000-7f58f2f2f000 r--s 00114000 ca:01 783264                     /home/ubuntu/spark-2.1.1-bin-hadoop2.7/jars/spark-hive_2.11-2.1.1.jar
7f58f2f2f000-7f58f2f30000 r--s 0000b000 ca:01 783386                     /home/ubuntu/spark-2.1.1-bin-hadoop2.7/jars/snappy-0.2.jar
7f58f2f30000-7f58f2f4d000 r--s 001d5000 ca:01 783506                     /home/ubuntu/spark-2.1.1-bin-hadoop2.7/jars/hadoop-yarn-api-2.7.3.jar
7f58f2f4d000-7f58f2f51000 r--s 00031000 ca:01 783270                     /home/ubuntu/spark-2.1.1-bin-hadoop2.7/jars/jline-2.12.1.jar
7f58f2f51000-7f58f2f53000 r--s 00012000 ca:01 783464                     /home/ubuntu/spark-2.1.1-bin-hadoop2.7/jars/api-util-1.0.0-M20.jar
7f58f2f53000-7f58f2f55000 r--s 0000f000 ca:01 783254                     /home/ubuntu/spark-2.1.1-bin-hadoop2.7/jars/activation-1.1.1.jar
7f58f2f55000-7f58f2f61000 r--s 000b6000 ca:01 783477                     /home/ubuntu/spark-2.1.1-bin-hadoop2.7/jars/zookeeper-3.4.6.jar
7f58f2f61000-7f58f300a000 r--s 00a4f000 ca:01 783462                     /home/ubuntu/spark-2.1.1-bin-hadoop2.7/jars/hive-exec-1.2.1.spark2.jar
7f58f300a000-7f58f300e000 r--s 00020000 ca:01 783398                     /home/ubuntu/spark-2.1.1-bin-hadoop2.7/jars/commons-digester-1.8.jar
7f58f300e000-7f58f3013000 r--s 00028000 ca:01 783487                     /home/ubuntu/spark-2.1.1-bin-hadoop2.7/jars/avro-mapred-1.7.7-hadoop2.jar
7f58f3013000-7f58f3017000 r--s 00014000 ca:01 783502                     /home/ubuntu/spark-2.1.1-bin-hadoop2.7/jars/xz-1.0.jar
7f58f3017000-7f58f301b000 r--s 00018000 ca:01 783271                     /home/ubuntu/spark-2.1.1-bin-hadoop2.7/jars/metrics-core-3.1.2.jar
7f58f301b000-7f58f301e000 r--s 00014000 ca:01 783439                     /home/ubuntu/spark-2.1.1-bin-hadoop2.7/jars/super-csv-2.2.0.jar
7f58f301e000-7f58f3030000 r--s 00097000 ca:01 783465                     /home/ubuntu/spark-2.1.1-bin-hadoop2.7/jars/apacheds-kerberos-codec-2.0.0-M15.jar
7f58f3030000-7f58f3034000 r--s 0002c000 ca:01 783426                     /home/ubuntu/spark-2.1.1-bin-hadoop2.7/jars/avro-ipc-1.7.7.jar
7f58f3034000-7f58f3036000 r--s 00003000 ca:01 783411                     /home/ubuntu/spark-2.1.1-bin-hadoop2.7/jars/jcl-over-slf4j-1.7.16.jar
7f58f3036000-7f58f3039000 r--s 00016000 ca:01 783280                     /home/ubuntu/spark-2.1.1-bin-hadoop2.7/jars/jsp-api-2.1.jar
7f58f3039000-7f58f3041000 r--s 0007b000 ca:01 783415                     /home/ubuntu/spark-2.1.1-bin-hadoop2.7/jars/protobuf-java-2.5.0.jar
7f58f3041000-7f58f3048000 r--s 00039000 ca:01 783405                     /home/ubuntu/spark-2.1.1-bin-hadoop2.7/jars/calcite-avatica-1.2.0-incubating.jar
7f58f3048000-7f58f3061000 r--s 00150000 ca:01 783384                     /home/ubuntu/spark-2.1.1-bin-hadoop2.7/jars/htrace-core-3.1.0-incubating.jar
7f58f3061000-7f58f3073000 r--s 000b3000 ca:01 783475                     /home/ubuntu/spark-2.1.1-bin-hadoop2.7/jars/scalap-2.11.8.jar
7f58f3073000-7f58f3079000 r--s 00028000 ca:01 783423                     /home/ubuntu/spark-2.1.1-bin-hadoop2.7/jars/curator-framework-2.6.0.jar
7f58f3079000-7f58f309e000 rw-p 00000000 00:00 0 
7f58f309e000-7f58f31aa000 r--s 00dba000 ca:01 783505                     /home/ubuntu/spark-2.1.1-bin-hadoop2.7/jars/scala-compiler-2.11.8.jar
7f58f31aa000-7f58f31c2000 r--s 00115000 ca:01 782501                     /home/ubuntu/spark-2.1.1-bin-hadoop2.7/jars/xercesImpl-2.9.1.jar
7f58f31c2000-7f58f31c9000 r--s 00051000 ca:01 783246                     /home/ubuntu/spark-2.1.1-bin-hadoop2.7/jars/kryo-shaded-3.0.3.jar
7f58f31c9000-7f58f31d6000 r--s 0009e000 ca:01 783469                     /home/ubuntu/spark-2.1.1-bin-hadoop2.7/jars/spark-graphx_2.11-2.1.1.jar
7f58f31d6000-7f58f322f000 r--s 00522000 ca:01 783511                     /home/ubuntu/spark-2.1.1-bin-hadoop2.7/jars/scala-library-2.11.8.jar
7f58f322f000-7f58f3230000 r--s 00004000 ca:01 783394                     /home/ubuntu/spark-2.1.1-bin-hadoop2.7/jars/opencsv-2.3.jar
7f58f3230000-7f58f3231000 r--s 00002000 ca:01 783442                     /home/ubuntu/spark-2.1.1-bin-hadoop2.7/jars/jpam-1.1.jar
7f58f3231000-7f58f3252000 rw-p 00000000 00:00 0 
7f58f3252000-7f58f3322000 r--s 00cf0000 ca:01 782504                     /home/ubuntu/spark-2.1.1-bin-hadoop2.7/jars/breeze_2.11-0.12.jar
7f58f3322000-7f58f3339000 r--s 00183000 ca:01 783431                     /home/ubuntu/spark-2.1.1-bin-hadoop2.7/jars/hadoop-yarn-common-2.7.3.jar
7f58f3339000-7f58f333e000 r--s 0002a000 ca:01 783413                     /home/ubuntu/spark-2.1.1-bin-hadoop2.7/jars/gson-2.2.4.jar
7f58f333e000-7f58f3340000 r--s 00017000 ca:01 783294                     /home/ubuntu/spark-2.1.1-bin-hadoop2.7/jars/hive-jdbc-1.2.1.spark2.jar
7f58f3340000-7f58f3345000 r--s 00032000 ca:01 783510                     /home/ubuntu/spark-2.1.1-bin-hadoop2.7/jars/chill_2.11-0.8.0.jar
7f58f3345000-7f58f3347000 r--s 00008000 ca:01 783268                     /home/ubuntu/spark-2.1.1-bin-hadoop2.7/jars/parquet-common-1.8.1.jar
7f58f3347000-7f58f334e000 r--s 00036000 ca:01 783382                     /home/ubuntu/spark-2.1.1-bin-hadoop2.7/jars/curator-recipes-2.6.0.jar
7f58f334e000-7f58f3364000 r--s 000d3000 ca:01 783383                     /home/ubuntu/spark-2.1.1-bin-hadoop2.7/jars/jersey-server-2.22.2.jar
7f58f3364000-7f58f3365000 r--s 00003000 ca:01 783277                     /home/ubuntu/spark-2.1.1-bin-hadoop2.7/jars/spark-tags_2.11-2.1.1.jar
7f58f3365000-7f58f3367000 r--s 00005000 ca:01 783421                     /home/ubuntu/spark-2.1.1-bin-hadoop2.7/jars/javax.annotation-api-1.2.jar
7f58f3367000-7f58f3369000 r--s 00004000 ca:01 783274                     /home/ubuntu/spark-2.1.1-bin-hadoop2.7/jars/stax-api-1.0-2.jar
7f58f3369000-7f58f336a000 r--s 00009000 ca:01 783491                     /home/ubuntu/spark-2.1.1-bin-hadoop2.7/jars/slf4j-api-1.7.16.jar
7f58f336a000-7f58f336e000 r--s 00036000 ca:01 783497                     /home/ubuntu/spark-2.1.1-bin-hadoop2.7/jars/ST4-4.0.4.jar
7f58f336e000-7f58f3370000 r--s 00003000 ca:01 783257                     /home/ubuntu/spark-2.1.1-bin-hadoop2.7/jars/jersey-container-servlet-2.22.2.jar
7f58f3370000-7f58f3371000 r--s 00009000 ca:01 783476                     /home/ubuntu/spark-2.1.1-bin-hadoop2.7/jars/hive-cli-1.2.1.spark2.jar
7f58f3371000-7f58f3374000 r--s 00026000 ca:01 783453                     /home/ubuntu/spark-2.1.1-bin-hadoop2.7/jars/hadoop-yarn-client-2.7.3.jar
7f58f3374000-7f58f3379000 r--s 00041000 ca:01 783418                     /home/ubuntu/spark-2.1.1-bin-hadoop2.7/jars/commons-lang-2.6.jar
7f58f3379000-7f58f337f000 r--s 00045000 ca:01 783292                     /home/ubuntu/spark-2.1.1-bin-hadoop2.7/jars/commons-httpclient-3.1.jar
7f58f337f000-7f58f3382000 r--s 00015000 ca:01 783378                     /home/ubuntu/spark-2.1.1-bin-hadoop2.7/jars/commons-pool-1.5.4.jar
7f58f3382000-7f58f3383000 r--s 00001000 ca:01 783484                     /home/ubuntu/spark-2.1.1-bin-hadoop2.7/jars/javax.inject-2.4.0-b34.jar
7f58f3383000-7f58f3384000 r--s 00002000 ca:01 783273                     /home/ubuntu/spark-2.1.1-bin-hadoop2.7/jars/java-xmlbuilder-1.0.jar
7f58f3384000-7f58f338d000 r--s 00097000 ca:01 783483                     /home/ubuntu/spark-2.1.1-bin-hadoop2.7/jars/pmml-model-1.2.15.jar
7f58f338d000-7f58f33af000 r--s 00335000 ca:01 783428                     /home/ubuntu/spark-2.1.1-bin-hadoop2.7/jars/mesos-1.0.0-shaded-protobuf.jar
7f58f33af000-7f58f33b0000 r--s 00004000 ca:01 783388                     /home/ubuntu/spark-2.1.1-bin-hadoop2.7/jars/jackson-jaxrs-1.9.13.jar
7f58f33b0000-7f58f33b3000 r--s 00015000 ca:01 782497                     /home/ubuntu/spark-2.1.1-bin-hadoop2.7/jars/javax.servlet-api-3.1.0.jar
7f58f33b3000-7f58f33ba000 r--s 00049000 ca:01 783414                     /home/ubuntu/spark-2.1.1-bin-hadoop2.7/jars/httpcore-4.4.4.jar
7f58f33ba000-7f58f33bd000 r--s 00028000 ca:01 783244                     /home/ubuntu/spark-2.1.1-bin-hadoop2.7/jars/stream-2.7.0.jar
7f58f33bd000-7f58f33c7000 r--s 00086000 ca:01 783396                     /home/ubuntu/spark-2.1.1-bin-hadoop2.7/jars/json4s-core_2.11-3.2.11.jar
7f58f33c7000-7f58f33d5000 r--s 00078000 ca:01 783434                     /home/ubuntu/spark-2.1.1-bin-hadoop2.7/jars/spark-mesos_2.11-2.1.1.jar
7f58f33d5000-7f58f33e0000 r--s 00062000 ca:01 783407                     /home/ubuntu/spark-2.1.1-bin-hadoop2.7/jars/calcite-linq4j-1.2.0-incubating.jar
7f58f33e0000-7f58f33e3000 r--s 000fd000 ca:01 783291                     /home/ubuntu/spark-2.1.1-bin-hadoop2.7/jars/leveldbjni-all-1.8.jar
7f58f33e3000-7f58f3410000 r--s 001d4000 ca:01 783509                     /home/ubuntu/spark-2.1.1-bin-hadoop2.7/jars/spark-streaming_2.11-2.1.1.jar
7f58f3410000-7f58f3412000 r--s 00006000 ca:01 783265                     /home/ubuntu/spark-2.1.1-bin-hadoop2.7/jars/spark-sketch_2.11-2.1.1.jar
7f58f3412000-7f58f3428000 r--s 001a4000 ca:01 783300                     /home/ubuntu/spark-2.1.1-bin-hadoop2.7/jars/datanucleus-rdbms-3.2.9.jar
7f58f3428000-7f58f3456000 r--s 00212000 ca:01 783390                     /home/ubuntu/spark-2.1.1-bin-hadoop2.7/jars/spark-network-common_2.11-2.1.1.jar
7f58f3456000-7f58f345c000 r--s 00044000 ca:01 783441                     /home/ubuntu/spark-2.1.1-bin-hadoop2.7/jars/antlr4-runtime-4.5.3.jar
7f58f345c000-7f58f345e000 r--s 0000e000 ca:01 783468                     /home/ubuntu/spark-2.1.1-bin-hadoop2.7/jars/guice-servlet-3.0.jar
7f58f345e000-7f58f3460000 r--s 0000e000 ca:01 783455                     /home/ubuntu/spark-2.1.1-bin-hadoop2.7/jars/commons-logging-1.1.3.jar
7f58f3460000-7f58f346a000 r--s 000a5000 ca:01 783444                     /home/ubuntu/spark-2.1.1-bin-hadoop2.7/jars/javassist-3.18.1-GA.jar
7f58f346a000-7f58f346c000 r--s 00009000 ca:01 783494                     /home/ubuntu/spark-2.1.1-bin-hadoop2.7/jars/objenesis-2.1.jar
7f58f346c000-7f58f346e000 r--s 0000a000 ca:01 783299                     /home/ubuntu/spark-2.1.1-bin-hadoop2.7/jars/spark-unsafe_2.11-2.1.1.jar
7f58f346e000-7f58f3474000 r--s 00034000 ca:01 783460                     /home/ubuntu/spark-2.1.1-bin-hadoop2.7/jars/libthrift-0.9.3.jar
7f58f3474000-7f58f34d7000 r--s 004de000 ca:01 783397                     /home/ubuntu/spark-2.1.1-bin-hadoop2.7/jars/hive-metastore-1.2.1.spark2.jar
7f58f34d7000-7f58f34de000 r--s 0005d000 ca:01 783454                     /home/ubuntu/spark-2.1.1-bin-hadoop2.7/jars/mx4j-3.0.2.jar
7f58f34de000-7f58f34f6000 r--s 001b6000 ca:01 783256                     /home/ubuntu/spark-2.1.1-bin-hadoop2.7/jars/datanucleus-core-3.2.10.jar
7f58f34f6000-7f58f34f8000 r--s 0000e000 ca:01 783447                     /home/ubuntu/spark-2.1.1-bin-hadoop2.7/jars/hadoop-mapreduce-client-jobclient-2.7.3.jar
7f58f34f8000-7f58f34fa000 r--s 0000f000 ca:01 783435                     /home/ubuntu/spark-2.1.1-bin-hadoop2.7/jars/spark-launcher_2.11-2.1.1.jar
7f58f34fa000-7f58f34fb000 r--s 00004000 ca:01 783389                     /home/ubuntu/spark-2.1.1-bin-hadoop2.7/jars/eigenbase-properties-1.1.5.jar
7f58f34fb000-7f58f34ff000 r--s 0003c000 ca:01 783500                     /home/ubuntu/spark-2.1.1-bin-hadoop2.7/jars/jackson-core-2.6.5.jar
7f58f34ff000-7f58f3504000 r--s 00036000 ca:01 783261                     /home/ubuntu/spark-2.1.1-bin-hadoop2.7/jars/commons-compress-1.4.1.jar
7f58f3504000-7f58f350e000 r--s 000aa000 ca:01 783440                     /home/ubuntu/spark-2.1.1-bin-hadoop2.7/jars/janino-3.0.0.jar
7f58f350e000-7f58f3514000 r--s 00043000 ca:01 783504                     /home/ubuntu/spark-2.1.1-bin-hadoop2.7/jars/commons-configuration-1.6.jar
7f58f3514000-7f58f3540000 r--s 001c9000 ca:01 783459                     /home/ubuntu/spark-2.1.1-bin-hadoop2.7/jars/shapeless_2.11-2.0.0.jar
7f58f3540000-7f58f354a000 r--s 0007b000 ca:01 783493                     /home/ubuntu/spark-2.1.1-bin-hadoop2.7/jars/hadoop-mapreduce-client-app-2.7.3.jar
7f58f354a000-7f58f359f000 r--s 0069c000 ca:01 783282                     /home/ubuntu/spark-2.1.1-bin-hadoop2.7/jars/spire_2.11-0.7.4.jar
7f58f359f000-7f58f35a0000 r--s 00002000 ca:01 783377                     /home/ubuntu/spark-2.1.1-bin-hadoop2.7/jars/slf4j-log4j12-1.7.16.jar
7f58f35a0000-7f58f35a2000 r--s 00002000 ca:01 783293                     /home/ubuntu/spark-2.1.1-bin-hadoop2.7/jars/aopalliance-repackaged-2.4.0-b34.jar
7f58f35a2000-7f58f35a6000 r--s 0000c000 ca:01 783375                     /home/ubuntu/spark-2.1.1-bin-hadoop2.7/jars/validation-api-1.1.0.Final.jar
7f58f35a6000-7f58f35a8000 r--s 00008000 ca:01 783248                     /home/ubuntu/spark-2.1.1-bin-hadoop2.7/jars/metrics-jvm-3.1.2.jar
7f58f35a8000-7f58f35ab000 r--s 00025000 ca:01 783376                     /home/ubuntu/spark-2.1.1-bin-hadoop2.7/jars/commons-dbcp-1.4.jar
7f58f35ab000-7f58f35b5000 r--s 00095000 ca:01 783406                     /home/ubuntu/spark-2.1.1-bin-hadoop2.7/jars/scala-xml_2.11-1.0.2.jar
7f58f35b5000-7f58f35ba000 r--s 00027000 ca:01 783507                     /home/ubuntu/spark-2.1.1-bin-hadoop2.7/jars/hk2-api-2.4.0-b34.jar
7f58f35ba000-7f58f35be000 r--s 00025000 ca:01 782502                     /home/ubuntu/spark-2.1.1-bin-hadoop2.7/jars/antlr-runtime-3.4.jar
7f58f35be000-7f58f35c1000 r--s 00019000 ca:01 782495                     /home/ubuntu/spark-2.1.1-bin-hadoop2.7/jars/bonecp-0.8.0.RELEASE.jar
7f58f35c1000-7f58f35d2000 r--s 0010d000 ca:01 783392                     /home/ubuntu/spark-2.1.1-bin-hadoop2.7/jars/jackson-databind-2.6.5.jar
7f58f35d2000-7f58f35d4000 r--s 0001f000 ca:01 783471                     /home/ubuntu/spark-2.1.1-bin-hadoop2.7/jars/commons-crypto-1.0.0.jar
7f58f35d4000-7f58f35d8000 r--s 0002f000 ca:01 783456                     /home/ubuntu/spark-2.1.1-bin-hadoop2.7/jars/commons-beanutils-core-1.8.0.jar
7f58f35d8000-7f58f35e5000 r--s 00071000 ca:01 783478                     /home/ubuntu/spark-2.1.1-bin-hadoop2.7/jars/jackson-module-scala_2.11-2.6.5.jar
7f58f35e5000-7f58f35ed000 r--s 00066000 ca:01 783410                     /home/ubuntu/spark-2.1.1-bin-hadoop2.7/jars/apache-log4j-extras-1.2.17.jar
7f58f35ed000-7f58f3624000 r--s 00325000 ca:01 783463                     /home/ubuntu/spark-2.1.1-bin-hadoop2.7/jars/calcite-core-1.2.0-incubating.jar
7f58f3624000-7f58f363f000 r--s 00394000 ca:01 782932                     /usr/lib/jvm/java-8-openjdk-amd64/jre/lib/ext/cldrdata.jar
7f58f363f000-7f58f365a000 r--s 001d6000 ca:01 782934                     /usr/lib/jvm/java-8-openjdk-amd64/jre/lib/ext/nashorn.jar
7f58f365a000-7f58f365b000 ---p 00000000 00:00 0 
7f58f365b000-7f58f375b000 rw-p 00000000 00:00 0 
7f58f375b000-7f58f375e000 ---p 00000000 00:00 0 
7f58f375e000-7f58f385c000 rw-p 00000000 00:00 0 
7f58f385c000-7f58f385f000 ---p 00000000 00:00 0 
7f58f385f000-7f58f395d000 rw-p 00000000 00:00 0 
7f58f395d000-7f58f3960000 ---p 00000000 00:00 0 
7f58f3960000-7f58f3a5e000 rw-p 00000000 00:00 0 
7f58f3a5e000-7f58f3a61000 ---p 00000000 00:00 0 
7f58f3a61000-7f58f3b5f000 rw-p 00000000 00:00 0 
7f58f3b5f000-7f58f3cf7000 r--p 00000000 ca:01 28937                      /usr/lib/locale/locale-archive
7f58f3cf7000-7f58f3cfa000 ---p 00000000 00:00 0 
7f58f3cfa000-7f58f3df8000 rw-p 00000000 00:00 0 
7f58f3df8000-7f58f3dfb000 ---p 00000000 00:00 0 
7f58f3dfb000-7f58f3ef9000 rw-p 00000000 00:00 0 
7f58f3ef9000-7f58f3efa000 ---p 00000000 00:00 0 
7f58f3efa000-7f58f3ffa000 rw-p 00000000 00:00 0 
7f58f3ffa000-7f58f41c9000 r--s 03c07000 ca:01 782979                     /usr/lib/jvm/java-8-openjdk-amd64/jre/lib/rt.jar
7f58f41c9000-7f58f4a3f000 rw-p 00000000 00:00 0 
7f58f4a3f000-7f58f4a74000 rw-p 00000000 00:00 0 
7f58f4a74000-7f58f4ae9000 ---p 00000000 00:00 0 
7f58f4ae9000-7f58f4b54000 rw-p 00000000 00:00 0 
7f58f4b54000-7f58f4c3f000 ---p 00000000 00:00 0 
7f58f4c3f000-7f58f4c8a000 rw-p 00000000 00:00 0 
7f58f4c8a000-7f58f5000000 ---p 00000000 00:00 0 
7f58f5000000-7f58f6270000 rwxp 00000000 00:00 0 
7f58f6280000-7f5904000000 ---p 00000000 00:00 0 
7f5904000000-7f5904d2e000 rw-p 00000000 00:00 0 
7f5904d2e000-7f5908000000 ---p 00000000 00:00 0 
7f5908000000-7f5908005000 r--s 00031000 ca:01 783422                     /home/ubuntu/spark-2.1.1-bin-hadoop2.7/jars/parquet-hadoop-1.8.1.jar
7f5908005000-7f5908007000 r--s 00020000 ca:01 783427                     /home/ubuntu/spark-2.1.1-bin-hadoop2.7/jars/hive-beeline-1.2.1.spark2.jar
7f5908007000-7f5908071000 rw-p 00000000 00:00 0 
7f5908071000-7f590815d000 ---p 00000000 00:00 0 
7f590815d000-7f5908165000 r-xp 00000000 ca:01 782956                     /usr/lib/jvm/java-8-openjdk-amd64/jre/lib/amd64/libzip.so
7f5908165000-7f5908364000 ---p 00008000 ca:01 782956                     /usr/lib/jvm/java-8-openjdk-amd64/jre/lib/amd64/libzip.so
7f5908364000-7f5908365000 r--p 00007000 ca:01 782956                     /usr/lib/jvm/java-8-openjdk-amd64/jre/lib/amd64/libzip.so
7f5908365000-7f5908366000 rw-p 00008000 ca:01 782956                     /usr/lib/jvm/java-8-openjdk-amd64/jre/lib/amd64/libzip.so
7f5908366000-7f5908371000 r-xp 00000000 ca:01 2072                       /lib/x86_64-linux-gnu/libnss_files-2.23.so
7f5908371000-7f5908570000 ---p 0000b000 ca:01 2072                       /lib/x86_64-linux-gnu/libnss_files-2.23.so
7f5908570000-7f5908571000 r--p 0000a000 ca:01 2072                       /lib/x86_64-linux-gnu/libnss_files-2.23.so
7f5908571000-7f5908572000 rw-p 0000b000 ca:01 2072                       /lib/x86_64-linux-gnu/libnss_files-2.23.so
7f5908572000-7f5908578000 rw-p 00000000 00:00 0 
7f5908578000-7f5908583000 r-xp 00000000 ca:01 2061                       /lib/x86_64-linux-gnu/libnss_nis-2.23.so
7f5908583000-7f5908782000 ---p 0000b000 ca:01 2061                       /lib/x86_64-linux-gnu/libnss_nis-2.23.so
7f5908782000-7f5908783000 r--p 0000a000 ca:01 2061                       /lib/x86_64-linux-gnu/libnss_nis-2.23.so
7f5908783000-7f5908784000 rw-p 0000b000 ca:01 2061                       /lib/x86_64-linux-gnu/libnss_nis-2.23.so
7f5908784000-7f590879a000 r-xp 00000000 ca:01 2065                       /lib/x86_64-linux-gnu/libnsl-2.23.so
7f590879a000-7f5908999000 ---p 00016000 ca:01 2065                       /lib/x86_64-linux-gnu/libnsl-2.23.so
7f5908999000-7f590899a000 r--p 00015000 ca:01 2065                       /lib/x86_64-linux-gnu/libnsl-2.23.so
7f590899a000-7f590899b000 rw-p 00016000 ca:01 2065                       /lib/x86_64-linux-gnu/libnsl-2.23.so
7f590899b000-7f590899d000 rw-p 00000000 00:00 0 
7f590899d000-7f59089a5000 r-xp 00000000 ca:01 2074                       /lib/x86_64-linux-gnu/libnss_compat-2.23.so
7f59089a5000-7f5908ba4000 ---p 00008000 ca:01 2074                       /lib/x86_64-linux-gnu/libnss_compat-2.23.so
7f5908ba4000-7f5908ba5000 r--p 00007000 ca:01 2074                       /lib/x86_64-linux-gnu/libnss_compat-2.23.so
7f5908ba5000-7f5908ba6000 rw-p 00008000 ca:01 2074                       /lib/x86_64-linux-gnu/libnss_compat-2.23.so
7f5908ba6000-7f5908bd3000 r-xp 00000000 ca:01 782951                     /usr/lib/jvm/java-8-openjdk-amd64/jre/lib/amd64/libjava.so
7f5908bd3000-7f5908dd2000 ---p 0002d000 ca:01 782951                     /usr/lib/jvm/java-8-openjdk-amd64/jre/lib/amd64/libjava.so
7f5908dd2000-7f5908dd3000 r--p 0002c000 ca:01 782951                     /usr/lib/jvm/java-8-openjdk-amd64/jre/lib/amd64/libjava.so
7f5908dd3000-7f5908dd5000 rw-p 0002d000 ca:01 782951                     /usr/lib/jvm/java-8-openjdk-amd64/jre/lib/amd64/libjava.so
7f5908dd5000-7f5908de4000 r-xp 00000000 ca:01 782948                     /usr/lib/jvm/java-8-openjdk-amd64/jre/lib/amd64/libverify.so
7f5908de4000-7f5908fe3000 ---p 0000f000 ca:01 782948                     /usr/lib/jvm/java-8-openjdk-amd64/jre/lib/amd64/libverify.so
7f5908fe3000-7f5908fe5000 r--p 0000e000 ca:01 782948                     /usr/lib/jvm/java-8-openjdk-amd64/jre/lib/amd64/libverify.so
7f5908fe5000-7f5908fe6000 rw-p 00010000 ca:01 782948                     /usr/lib/jvm/java-8-openjdk-amd64/jre/lib/amd64/libverify.so
7f5908fe6000-7f5908fed000 r-xp 00000000 ca:01 2077                       /lib/x86_64-linux-gnu/librt-2.23.so
7f5908fed000-7f59091ec000 ---p 00007000 ca:01 2077                       /lib/x86_64-linux-gnu/librt-2.23.so
7f59091ec000-7f59091ed000 r--p 00006000 ca:01 2077                       /lib/x86_64-linux-gnu/librt-2.23.so
7f59091ed000-7f59091ee000 rw-p 00007000 ca:01 2077                       /lib/x86_64-linux-gnu/librt-2.23.so
7f59091ee000-7f5909204000 r-xp 00000000 ca:01 2038                       /lib/x86_64-linux-gnu/libgcc_s.so.1
7f5909204000-7f5909403000 ---p 00016000 ca:01 2038                       /lib/x86_64-linux-gnu/libgcc_s.so.1
7f5909403000-7f5909404000 rw-p 00015000 ca:01 2038                       /lib/x86_64-linux-gnu/libgcc_s.so.1
7f5909404000-7f590950c000 r-xp 00000000 ca:01 2064                       /lib/x86_64-linux-gnu/libm-2.23.so
7f590950c000-7f590970b000 ---p 00108000 ca:01 2064                       /lib/x86_64-linux-gnu/libm-2.23.so
7f590970b000-7f590970c000 r--p 00107000 ca:01 2064                       /lib/x86_64-linux-gnu/libm-2.23.so
7f590970c000-7f590970d000 rw-p 00108000 ca:01 2064                       /lib/x86_64-linux-gnu/libm-2.23.so
7f590970d000-7f590987f000 r-xp 00000000 ca:01 25778                      /usr/lib/x86_64-linux-gnu/libstdc++.so.6.0.21
7f590987f000-7f5909a7f000 ---p 00172000 ca:01 25778                      /usr/lib/x86_64-linux-gnu/libstdc++.so.6.0.21
7f5909a7f000-7f5909a89000 r--p 00172000 ca:01 25778                      /usr/lib/x86_64-linux-gnu/libstdc++.so.6.0.21
7f5909a89000-7f5909a8b000 rw-p 0017c000 ca:01 25778                      /usr/lib/x86_64-linux-gnu/libstdc++.so.6.0.21
7f5909a8b000-7f5909a8f000 rw-p 00000000 00:00 0 
7f5909a8f000-7f590a6e0000 r-xp 00000000 ca:01 782947                     /usr/lib/jvm/java-8-openjdk-amd64/jre/lib/amd64/server/libjvm.so
7f590a6e0000-7f590a8e0000 ---p 00c51000 ca:01 782947                     /usr/lib/jvm/java-8-openjdk-amd64/jre/lib/amd64/server/libjvm.so
7f590a8e0000-7f590a973000 r--p 00c51000 ca:01 782947                     /usr/lib/jvm/java-8-openjdk-amd64/jre/lib/amd64/server/libjvm.so
7f590a973000-7f590a99c000 rw-p 00ce4000 ca:01 782947                     /usr/lib/jvm/java-8-openjdk-amd64/jre/lib/amd64/server/libjvm.so
7f590a99c000-7f590a9cc000 rw-p 00000000 00:00 0 
7f590a9cc000-7f590a9e4000 r-xp 00000000 ca:01 2082                       /lib/x86_64-linux-gnu/libpthread-2.23.so
7f590a9e4000-7f590abe3000 ---p 00018000 ca:01 2082                       /lib/x86_64-linux-gnu/libpthread-2.23.so
7f590abe3000-7f590abe4000 r--p 00017000 ca:01 2082                       /lib/x86_64-linux-gnu/libpthread-2.23.so
7f590abe4000-7f590abe5000 rw-p 00018000 ca:01 2082                       /lib/x86_64-linux-gnu/libpthread-2.23.so
7f590abe5000-7f590abe9000 rw-p 00000000 00:00 0 
7f590abe9000-7f590abec000 r-xp 00000000 ca:01 2060                       /lib/x86_64-linux-gnu/libdl-2.23.so
7f590abec000-7f590adeb000 ---p 00003000 ca:01 2060                       /lib/x86_64-linux-gnu/libdl-2.23.so
7f590adeb000-7f590adec000 r--p 00002000 ca:01 2060                       /lib/x86_64-linux-gnu/libdl-2.23.so
7f590adec000-7f590aded000 rw-p 00003000 ca:01 2060                       /lib/x86_64-linux-gnu/libdl-2.23.so
7f590aded000-7f590ae06000 r-xp 00000000 ca:01 2187                       /lib/x86_64-linux-gnu/libz.so.1.2.8
7f590ae06000-7f590b005000 ---p 00019000 ca:01 2187                       /lib/x86_64-linux-gnu/libz.so.1.2.8
7f590b005000-7f590b006000 r--p 00018000 ca:01 2187                       /lib/x86_64-linux-gnu/libz.so.1.2.8
7f590b006000-7f590b007000 rw-p 00019000 ca:01 2187                       /lib/x86_64-linux-gnu/libz.so.1.2.8
7f590b007000-7f590b1c6000 r-xp 00000000 ca:01 2066                       /lib/x86_64-linux-gnu/libc-2.23.so
7f590b1c6000-7f590b3c6000 ---p 001bf000 ca:01 2066                       /lib/x86_64-linux-gnu/libc-2.23.so
7f590b3c6000-7f590b3ca000 r--p 001bf000 ca:01 2066                       /lib/x86_64-linux-gnu/libc-2.23.so
7f590b3ca000-7f590b3cc000 rw-p 001c3000 ca:01 2066                       /lib/x86_64-linux-gnu/libc-2.23.so
7f590b3cc000-7f590b3d0000 rw-p 00000000 00:00 0 
7f590b3d0000-7f590b3dd000 r-xp 00000000 ca:01 782964                     /usr/lib/jvm/java-8-openjdk-amd64/jre/lib/amd64/jli/libjli.so
7f590b3dd000-7f590b5dd000 ---p 0000d000 ca:01 782964                     /usr/lib/jvm/java-8-openjdk-amd64/jre/lib/amd64/jli/libjli.so
7f590b5dd000-7f590b5de000 r--p 0000d000 ca:01 782964                     /usr/lib/jvm/java-8-openjdk-amd64/jre/lib/amd64/jli/libjli.so
7f590b5de000-7f590b5df000 rw-p 0000e000 ca:01 782964                     /usr/lib/jvm/java-8-openjdk-amd64/jre/lib/amd64/jli/libjli.so
7f590b5df000-7f590b605000 r-xp 00000000 ca:01 2069                       /lib/x86_64-linux-gnu/ld-2.23.so
7f590b605000-7f590b608000 r--s 0000f000 ca:01 782931                     /usr/lib/jvm/java-8-openjdk-amd64/jre/lib/ext/icedtea-sound.jar
7f590b608000-7f590b60a000 r--s 00001000 ca:01 782925                     /usr/lib/jvm/java-8-openjdk-amd64/jre/lib/ext/dnsns.jar
7f590b60a000-7f590b60f000 r--s 0003b000 ca:01 782930                     /usr/lib/jvm/java-8-openjdk-amd64/jre/lib/ext/sunjce_provider.jar
7f590b60f000-7f590b613000 r--s 00037000 ca:01 782927                     /usr/lib/jvm/java-8-openjdk-amd64/jre/lib/ext/sunpkcs11.jar
7f590b613000-7f590b61d000 r--s 00116000 ca:01 782933                     /usr/lib/jvm/java-8-openjdk-amd64/jre/lib/ext/localedata.jar
7f590b61d000-7f590b6ed000 rw-p 00000000 00:00 0 
7f590b6ed000-7f590b6f5000 rw-s 00000000 ca:01 1280011                    /tmp/hsperfdata_ubuntu/2004
7f590b6f5000-7f590b6f8000 ---p 00000000 00:00 0 
7f590b6f8000-7f590b7fb000 rw-p 00000000 00:00 0 
7f590b7fb000-7f590b7fc000 r--s 00003000 ca:01 783255                     /home/ubuntu/spark-2.1.1-bin-hadoop2.7/jars/jta-1.1.jar
7f590b7fc000-7f590b7fd000 r--s 00010000 ca:01 782928                     /usr/lib/jvm/java-8-openjdk-amd64/jre/lib/ext/zipfs.jar
7f590b7fd000-7f590b7fe000 r--s 0000a000 ca:01 782926                     /usr/lib/jvm/java-8-openjdk-amd64/jre/lib/ext/jaccess.jar
7f590b7fe000-7f590b800000 r--s 00008000 ca:01 782929                     /usr/lib/jvm/java-8-openjdk-amd64/jre/lib/ext/sunec.jar
7f590b800000-7f590b801000 rw-p 00000000 00:00 0 
7f590b801000-7f590b802000 r--p 00000000 00:00 0 
7f590b802000-7f590b804000 rw-p 00000000 00:00 0 
7f590b804000-7f590b805000 r--p 00025000 ca:01 2069                       /lib/x86_64-linux-gnu/ld-2.23.so
7f590b805000-7f590b806000 rw-p 00026000 ca:01 2069                       /lib/x86_64-linux-gnu/ld-2.23.so
7f590b806000-7f590b807000 rw-p 00000000 00:00 0 
7fffcdd3f000-7fffcdd60000 rw-p 00000000 00:00 0                          [stack]
7fffcddf1000-7fffcddf3000 r--p 00000000 00:00 0                          [vvar]
7fffcddf3000-7fffcddf5000 r-xp 00000000 00:00 0                          [vdso]
ffffffffff600000-ffffffffff601000 r-xp 00000000 00:00 0                  [vsyscall]

VM Arguments:
jvm_args: -Xmx1g 
java_command: org.apache.spark.deploy.SparkSubmit pyspark-shell
java_class_path (initial): /home/ubuntu/spark-2.1.1-bin-hadoop2.7/conf/:/home/ubuntu/spark-2.1.1-bin-hadoop2.7/jars/calcite-core-1.2.0-incubating.jar:/home/ubuntu/spark-2.1.1-bin-hadoop2.7/jars/apache-log4j-extras-1.2.17.jar:/home/ubuntu/spark-2.1.1-bin-hadoop2.7/jars/hive-beeline-1.2.1.spark2.jar:/home/ubuntu/spark-2.1.1-bin-hadoop2.7/jars/jackson-module-scala_2.11-2.6.5.jar:/home/ubuntu/spark-2.1.1-bin-hadoop2.7/jars/parquet-hadoop-1.8.1.jar:/home/ubuntu/spark-2.1.1-bin-hadoop2.7/jars/commons-beanutils-core-1.8.0.jar:/home/ubuntu/spark-2.1.1-bin-hadoop2.7/jars/commons-crypto-1.0.0.jar:/home/ubuntu/spark-2.1.1-bin-hadoop2.7/jars/jackson-databind-2.6.5.jar:/home/ubuntu/spark-2.1.1-bin-hadoop2.7/jars/bonecp-0.8.0.RELEASE.jar:/home/ubuntu/spark-2.1.1-bin-hadoop2.7/jars/antlr-runtime-3.4.jar:/home/ubuntu/spark-2.1.1-bin-hadoop2.7/jars/hk2-api-2.4.0-b34.jar:/home/ubuntu/spark-2.1.1-bin-hadoop2.7/jars/scala-xml_2.11-1.0.2.jar:/home/ubuntu/spark-2.1.1-bin-hadoop2.7/jars/commons-dbcp-1.4.jar:/home/ubuntu/spark-2.1.1-bin-hadoop2.7/jars/metrics-jvm-3.1.2.jar:/home/ubuntu/spark-2.1.1-bin-hadoop2.7/jars/validation-api-1.1.0.Final.jar:/home/ubuntu/spark-2.1.1-bin-hadoop2.7/jars/aopalliance-repackaged-2.4.0-b34.jar:/home/ubuntu/spark-2.1.1-bin-hadoop2.7/jars/jta-1.1.jar:/home/ubuntu/spark-2.1.1-bin-hadoop2.7/jars/slf4j-log4j12-1.7.16.jar:/home/ubuntu/spark-2.1.1-bin-hadoop2.7/jars/spire_2.11-0.7.4.jar:/home/ubuntu/spark-2.1.1-bin-hadoop2.7/jars/hadoop-mapreduce-client-app-2.7.3.jar:/home/ubuntu/spark-2.1.1-bin-hadoop2.7/jars/shapeless_2.11-2.0.0.jar:/home/ubuntu/spark-2.1.1-bin-hadoop2.7/jars/commons-configuration-1.6.jar:/home/ubuntu/spark-2.1.1-bin-hadoop2.7/jars/janino-3.0.0.jar:/home/ubuntu/spark-2.1.1-bin-hadoop2.7/jars/commons-compress-1.4.1.jar:/home/ubuntu/spark-2.1.1-bin-hadoop2.7/jars/jackson-core-2.6.5.jar:/home/ubuntu/spark-2.1.1-bin-hadoop2.7/jars/eigenbase-properties-1.1.5.jar:/home/ubuntu/spark-2.1.1-bin-hadoop2.7/jars/spark-launcher_2.11-2.1.1.jar:/home/ubuntu/
Launcher Type: SUN_STANDARD

Environment Variables:
PATH=/home/ubuntu/bin:/home/ubuntu/.local/bin:/home/ubuntu/spark-2.1.1-bin-hadoop2.7:/home/ubuntu/anaconda3/bin:/home/ubuntu/1+1/bin:/usr/local/sbin:/usr/local/bin:/usr/sbin:/usr/bin:/sbin:/bin:/usr/games:/usr/local/games:/snap/bin
SHELL=/bin/bash

Signal Handlers:
SIGSEGV: [libjvm.so+0xa67f40], sa_mask[0]=11111111011111111101111111111110, sa_flags=SA_RESTART|SA_SIGINFO
SIGBUS: [libjvm.so+0xa67f40], sa_mask[0]=11111111011111111101111111111110, sa_flags=SA_RESTART|SA_SIGINFO
SIGFPE: [libjvm.so+0x8b0ec0], sa_mask[0]=11111111011111111101111111111110, sa_flags=SA_RESTART|SA_SIGINFO
SIGPIPE: [libjvm.so+0x8b0ec0], sa_mask[0]=11111111011111111101111111111110, sa_flags=SA_RESTART|SA_SIGINFO
SIGXFSZ: [libjvm.so+0x8b0ec0], sa_mask[0]=11111111011111111101111111111110, sa_flags=SA_RESTART|SA_SIGINFO
SIGILL: [libjvm.so+0x8b0ec0], sa_mask[0]=11111111011111111101111111111110, sa_flags=SA_RESTART|SA_SIGINFO
SIGUSR1: SIG_DFL, sa_mask[0]=00000000000000000000000000000000, sa_flags=none
SIGUSR2: [libjvm.so+0x8b0d70], sa_mask[0]=00000000000000000000000000000000, sa_flags=SA_RESTART|SA_SIGINFO
SIGHUP: [libjvm.so+0x8b1240], sa_mask[0]=11111111011111111101111111111110, sa_flags=SA_RESTART|SA_SIGINFO
SIGINT: SIG_IGN, sa_mask[0]=00000000000000000000000000000000, sa_flags=none
SIGTERM: [libjvm.so+0x8b1240], sa_mask[0]=11111111011111111101111111111110, sa_flags=SA_RESTART|SA_SIGINFO
SIGQUIT: [libjvm.so+0x8b1240], sa_mask[0]=11111111011111111101111111111110, sa_flags=SA_RESTART|SA_SIGINFO


---------------  S Y S T E M  ---------------

OS:DISTRIB_ID=Ubuntu
DISTRIB_RELEASE=16.04
DISTRIB_CODENAME=xenial
DISTRIB_DESCRIPTION="Ubuntu 16.04.2 LTS"

uname:Linux 4.4.0-1017-aws #26-Ubuntu SMP Fri Apr 28 19:48:19 UTC 2017 x86_64
libc:glibc 2.23 NPTL 2.23 
rlimit: STACK 8192k, CORE 0k, NPROC 3902, NOFILE 65536, AS infinity
load average:2.34 3.02 2.53

/proc/meminfo:
MemTotal:        1014440 kB
MemFree:           56204 kB
MemAvailable:          0 kB
Buffers:              92 kB
Cached:             7736 kB
SwapCached:            0 kB
Active:           899356 kB
Inactive:           3912 kB
Active(anon):     898316 kB
Inactive(anon):     2732 kB
Active(file):       1040 kB
Inactive(file):     1180 kB
Unevictable:        3656 kB
Mlocked:            3656 kB
SwapTotal:             0 kB
SwapFree:              0 kB
Dirty:                64 kB
Writeback:             0 kB
AnonPages:        899104 kB
Mapped:             4088 kB
Shmem:              3188 kB
Slab:              30572 kB
SReclaimable:      14044 kB
SUnreclaim:        16528 kB
KernelStack:        3408 kB
PageTables:         6184 kB
NFS_Unstable:          0 kB
Bounce:                0 kB
WritebackTmp:          0 kB
CommitLimit:      507220 kB
Committed_AS:    1167116 kB
VmallocTotal:   34359738367 kB
VmallocUsed:           0 kB
VmallocChunk:          0 kB
HardwareCorrupted:     0 kB
AnonHugePages:    655360 kB
CmaTotal:              0 kB
CmaFree:               0 kB
HugePages_Total:       0
HugePages_Free:        0
HugePages_Rsvd:        0
HugePages_Surp:        0
Hugepagesize:       2048 kB
DirectMap4k:       40960 kB
DirectMap2M:     1007616 kB


CPU:total 1 (initial active 1) (1 cores per cpu, 1 threads per core) family 6 model 63 stepping 2, cmov, cx8, fxsr, mmx, sse, sse2, sse3, ssse3, sse4.1, sse4.2, popcnt, avx, avx2, aes, clmul, erms, lzcnt, tsc, bmi1, bmi2

/proc/cpuinfo:
processor	: 0
vendor_id	: GenuineIntel
cpu family	: 6
model		: 63
model name	: Intel(R) Xeon(R) CPU E5-2676 v3 @ 2.40GHz
stepping	: 2
microcode	: 0x36
cpu MHz		: 2400.058
cache size	: 30720 KB
physical id	: 0
siblings	: 1
core id		: 0
cpu cores	: 1
apicid		: 0
initial apicid	: 0
fpu		: yes
fpu_exception	: yes
cpuid level	: 13
wp		: yes
flags		: fpu vme de pse tsc msr pae mce cx8 apic sep mtrr pge mca cmov pat pse36 clflush mmx fxsr sse sse2 ht syscall nx rdtscp lm constant_tsc rep_good nopl xtopology eagerfpu pni pclmulqdq ssse3 fma cx16 pcid sse4_1 sse4_2 x2apic movbe popcnt tsc_deadline_timer aes xsave avx f16c rdrand hypervisor lahf_lm abm fsgsbase bmi1 avx2 smep bmi2 erms invpcid xsaveopt
bugs		:
bogomips	: 4800.11
clflush size	: 64
cache_alignment	: 64
address sizes	: 46 bits physical, 48 bits virtual
power management:



Memory: 4k page, physical 1014440k(55956k free), swap 0k(0k free)

vm_info: OpenJDK 64-Bit Server VM (25.131-b11) for linux-amd64 JRE (1.8.0_131-8u131-b11-0ubuntu1.16.04.2-b11), built on May  6 2017 02:45:27 by "buildd" with gcc 5.4.0 20160609

time: Sat May 20 13:23:20 2017
elapsed time: 3554 seconds (0d 0h 59m 14s)

