#
# There is insufficient memory for the Java Runtime Environment to continue.
# Native memory allocation (mmap) failed to map 134217728 bytes for committing reserved memory.
# Possible reasons:
#   The system is out of physical RAM or swap space
#   In 32 bit mode, the process size limit was hit
# Possible solutions:
#   Reduce memory load on the system
#   Increase physical memory or swap space
#   Check if swap backing store is full
#   Use 64 bit Java on a 64 bit OS
#   Decrease Java heap size (-Xmx/-Xms)
#   Decrease number of Java threads
#   Decrease Java thread stack sizes (-Xss)
#   Set larger code cache with -XX:ReservedCodeCacheSize=
# This output file may be truncated or incomplete.
#
#  Out of Memory Error (os_linux.cpp:2643), pid=9338, tid=0x00007fa22387c700
#
# JRE version: OpenJDK Runtime Environment (8.0_131-b11) (build 1.8.0_131-8u131-b11-0ubuntu1.16.04.2-b11)
# Java VM: OpenJDK 64-Bit Server VM (25.131-b11 mixed mode linux-amd64 compressed oops)
# Failed to write core dump. Core dumps have been disabled. To enable core dumping, try "ulimit -c unlimited" before starting Java again
#

---------------  T H R E A D  ---------------

Current thread (0x00007fa234074800):  VMThread [stack: 0x00007fa22377c000,0x00007fa22387d000] [id=9352]

Stack: [0x00007fa22377c000,0x00007fa22387d000],  sp=0x00007fa22387b570,  free space=1021k
Native frames: (J=compiled Java code, j=interpreted, Vv=VM code, C=native code)
V  [libjvm.so+0xa673eb]
V  [libjvm.so+0x4c3bec]
V  [libjvm.so+0x8b58a0]
V  [libjvm.so+0x8afd1e]
V  [libjvm.so+0xa63ce4]
V  [libjvm.so+0x4c9562]
V  [libjvm.so+0x5b6378]
V  [libjvm.so+0x44b81f]
V  [libjvm.so+0xa684f1]
V  [libjvm.so+0xa6e187]
V  [libjvm.so+0xa6b957]
V  [libjvm.so+0xa6cddf]
V  [libjvm.so+0xa6d2d1]
V  [libjvm.so+0x8b2d82]

VM_Operation (0x00007fa201a38800): GenCollectForAllocation, mode: safepoint, requested by thread 0x00007fa21402e800


---------------  P R O C E S S  ---------------

Java Threads: ( => current thread )
  0x00007fa21402e800 JavaThread "Executor task launch worker for task 0" daemon [_thread_blocked, id=9400, stack(0x00007fa20193a000,0x00007fa201a3b000)]
  0x00007fa2108f1800 JavaThread "org.apache.hadoop.fs.FileSystem$Statistics$StatisticsDataReferenceCleaner" daemon [_thread_blocked, id=9397, stack(0x00007fa2017d6000,0x00007fa2018d7000)]
  0x00007fa210ae5000 JavaThread "SparkListenerBus" daemon [_thread_blocked, id=9395, stack(0x00007fa20203b000,0x00007fa20213c000)]
  0x00007fa210ae2000 JavaThread "context-cleaner-periodic-gc" daemon [_thread_blocked, id=9394, stack(0x00007fa20213c000,0x00007fa20223d000)]
  0x00007fa210ae0000 JavaThread "Spark Context Cleaner" daemon [_thread_blocked, id=9393, stack(0x00007fa20223d000,0x00007fa20233e000)]
  0x00007fa2107aa800 JavaThread "shuffle-server-5-1" daemon [_thread_in_native, id=9392, stack(0x00007fa20253e000,0x00007fa20263f000)]
  0x00007fa210672000 JavaThread "driver-heartbeater" daemon [_thread_blocked, id=9391, stack(0x00007fa20263f000,0x00007fa202740000)]
  0x00007fa21066c800 JavaThread "dag-scheduler-event-loop" daemon [_thread_blocked, id=9390, stack(0x00007fa202740000,0x00007fa202841000)]
  0x0000000000905800 JavaThread "netty-rpc-env-timeout" daemon [_thread_blocked, id=9389, stack(0x00007fa202841000,0x00007fa202942000)]
  0x00007fa210643000 JavaThread "Timer-0" daemon [_thread_blocked, id=9388, stack(0x00007fa202942000,0x00007fa202a43000)]
  0x00007fa21c06e800 JavaThread "heartbeat-receiver-event-loop-thread" daemon [_thread_blocked, id=9387, stack(0x00007fa202a43000,0x00007fa202b44000)]
  0x00007fa210816800 JavaThread "SparkUI-37" daemon [_thread_blocked, id=9386, stack(0x00007fa202b44000,0x00007fa202c45000)]
  0x00007fa21067c800 JavaThread "SparkUI-36" daemon [_thread_blocked, id=9385, stack(0x00007fa202c45000,0x00007fa202d46000)]
  0x00007fa210810000 JavaThread "SparkUI-35" daemon [_thread_blocked, id=9384, stack(0x00007fa202d46000,0x00007fa202e47000)]
  0x00007fa21080e000 JavaThread "SparkUI-34" daemon [_thread_blocked, id=9383, stack(0x00007fa202e47000,0x00007fa202f48000)]
  0x00007fa2107f8800 JavaThread "SparkUI-33" daemon [_thread_blocked, id=9382, stack(0x00007fa202f48000,0x00007fa203049000)]
  0x00007fa2107e9000 JavaThread "SparkUI-32" daemon [_thread_blocked, id=9381, stack(0x00007fa203049000,0x00007fa20314a000)]
  0x00007fa2107f4000 JavaThread "SparkUI-31-acceptor-0@2fc19eb6-Spark@2106753e{HTTP/1.1}{0.0.0.0:4040}" daemon [_thread_in_native, id=9380, stack(0x00007fa20314a000,0x00007fa20324b000)]
  0x00007fa2107f3000 JavaThread "SparkUI-30-selector-ServerConnectorManager@23a3102b/0" daemon [_thread_in_native, id=9379, stack(0x00007fa20324b000,0x00007fa20334c000)]
  0x00007fa2105df000 JavaThread "refresh progress" daemon [_thread_blocked, id=9377, stack(0x00007fa2035f8000,0x00007fa2036f9000)]
  0x00007fa2104e4800 JavaThread "map-output-dispatcher-7" daemon [_thread_blocked, id=9376, stack(0x00007fa2038f9000,0x00007fa2039fa000)]
  0x00007fa2104e2800 JavaThread "map-output-dispatcher-6" daemon [_thread_blocked, id=9375, stack(0x00007fa2039fa000,0x00007fa203afb000)]
  0x00007fa2104e0800 JavaThread "map-output-dispatcher-5" daemon [_thread_blocked, id=9374, stack(0x00007fa203afb000,0x00007fa203bfc000)]
  0x00007fa2104cd800 JavaThread "map-output-dispatcher-4" daemon [_thread_blocked, id=9373, stack(0x00007fa203bfc000,0x00007fa203cfd000)]
  0x00007fa2104cc000 JavaThread "map-output-dispatcher-3" daemon [_thread_blocked, id=9372, stack(0x00007fa203cfd000,0x00007fa203dfe000)]
  0x00007fa210611800 JavaThread "map-output-dispatcher-2" daemon [_thread_blocked, id=9371, stack(0x00007fa203dfe000,0x00007fa203eff000)]
  0x00007fa210610000 JavaThread "map-output-dispatcher-1" daemon [_thread_blocked, id=9370, stack(0x00007fa203eff000,0x00007fa204000000)]
  0x00007fa21060e000 JavaThread "map-output-dispatcher-0" daemon [_thread_blocked, id=9369, stack(0x00007fa220058000,0x00007fa220159000)]
  0x00007fa210421000 JavaThread "rpc-server-3-1" daemon [_thread_in_native, id=9368, stack(0x00007fa220159000,0x00007fa22025a000)]
  0x00007fa210415800 JavaThread "dispatcher-event-loop-1" daemon [_thread_blocked, id=9367, stack(0x00007fa220680000,0x00007fa220781000)]
  0x00007fa210414800 JavaThread "dispatcher-event-loop-0" daemon [_thread_blocked, id=9366, stack(0x00007fa220fac000,0x00007fa2210ad000)]
  0x00007fa2101f3000 JavaThread "process reaper" daemon [_thread_blocked, id=9364, stack(0x00007fa2210ad000,0x00007fa2210e6000)]
  0x00007fa204315800 JavaThread "Thread-2" [_thread_blocked, id=9362, stack(0x00007fa2216f0000,0x00007fa2217f1000)]
  0x00007fa234cff000 JavaThread "Thread-1" [_thread_in_native, id=9361, stack(0x00007fa2217f1000,0x00007fa2218f2000)]
  0x00007fa234ce8000 JavaThread "pool-1-thread-1" [_thread_blocked, id=9360, stack(0x00007fa2218f2000,0x00007fa2219f3000)]
  0x00007fa2340af800 JavaThread "Service Thread" daemon [_thread_blocked, id=9358, stack(0x00007fa222fde000,0x00007fa2230df000)]
  0x00007fa2340ac800 JavaThread "C1 CompilerThread1" daemon [_thread_blocked, id=9357, stack(0x00007fa2230df000,0x00007fa2231e0000)]
  0x00007fa2340aa000 JavaThread "C2 CompilerThread0" daemon [_thread_blocked, id=9356, stack(0x00007fa2231e0000,0x00007fa2232e1000)]
  0x00007fa2340a8000 JavaThread "Signal Dispatcher" daemon [_thread_blocked, id=9355, stack(0x00007fa2232e1000,0x00007fa2233e2000)]
  0x00007fa234081000 JavaThread "Finalizer" daemon [_thread_blocked, id=9354, stack(0x00007fa22357a000,0x00007fa22367b000)]
  0x00007fa23407c800 JavaThread "Reference Handler" daemon [_thread_blocked, id=9353, stack(0x00007fa22367b000,0x00007fa22377c000)]
  0x00007fa234010800 JavaThread "main" [_thread_in_native, id=9351, stack(0x00007fa23af9f000,0x00007fa23b0a0000)]

Other Threads:
=>0x00007fa234074800 VMThread [stack: 0x00007fa22377c000,0x00007fa22387d000] [id=9352]
  0x00007fa2340b6800 WatcherThread [stack: 0x00007fa222edd000,0x00007fa222fde000] [id=9359]

VM state:at safepoint (normal execution)

VM Mutex/Monitor currently owned by a thread:  ([mutex/lock_event])
[0x00007fa23400c9d0] ExpandHeap_lock - owner thread: 0x00007fa234074800
[0x00007fa23400d050] Threads_lock - owner thread: 0x00007fa234074800
[0x00007fa23400d550] Heap_lock - owner thread: 0x00007fa21402e800

Heap:
 def new generation   total 123328K, used 0K [0x00000000c0000000, 0x00000000c85d0000, 0x00000000d5550000)
  eden space 109632K,   0% used [0x00000000c0000000, 0x00000000c0000000, 0x00000000c6b10000)
  from space 13696K,   0% used [0x00000000c7870000, 0x00000000c7870000, 0x00000000c85d0000)
  to   space 13696K,   0% used [0x00000000c6b10000, 0x00000000c6b10000, 0x00000000c7870000)
 tenured generation   total 536064K, used 270818K [0x00000000d5550000, 0x00000000f60d0000, 0x0000000100000000)
   the space 536064K,  50% used [0x00000000d5550000, 0x00000000e5dc89c0, 0x00000000e5dc8a00, 0x00000000f60d0000)
 Metaspace       used 40021K, capacity 40414K, committed 40536K, reserved 1083392K
  class space    used 5566K, capacity 5681K, committed 5720K, reserved 1048576K

Card table byte_map: [0x00007fa224418000,0x00007fa224619000] byte_map_base: 0x00007fa223e18000

Polling page: 0x00007fa23b0ab000

CodeCache: size=245760Kb used=6341Kb max_used=6349Kb free=239418Kb
 bounds [0x00007fa2249d9000, 0x00007fa225019000, 0x00007fa2339d9000]
 total_blobs=2684 nmethods=2152 adapters=446
 compilation: enabled

Compilation events (10 events):
Event: 55.032 Thread 0x00007fa2340ac800 2456       3       scala.collection.mutable.ArrayOps$ofInt::foreach (6 bytes)
Event: 55.032 Thread 0x00007fa2340ac800 nmethod 2456 0x00007fa22500e0d0 code [0x00007fa22500e240, 0x00007fa22500e3c0]
Event: 55.032 Thread 0x00007fa2340ac800 2457       3       scala.collection.SeqLike$class::sortBy (14 bytes)
Event: 55.032 Thread 0x00007fa2340ac800 nmethod 2457 0x00007fa22500db90 code [0x00007fa22500dd20, 0x00007fa22500dfd0]
Event: 55.231 Thread 0x00007fa2340ac800 2460       3       scala.LowPriorityImplicits::wrapRefArray (32 bytes)
Event: 55.232 Thread 0x00007fa2340ac800 nmethod 2460 0x00007fa22500d450 code [0x00007fa22500d5e0, 0x00007fa22500d9e0]
Event: 55.232 Thread 0x00007fa2340ac800 2458       3       scala.collection.AbstractIterable::companion (5 bytes)
Event: 55.232 Thread 0x00007fa2340ac800 nmethod 2458 0x00007fa22500d090 code [0x00007fa22500d200, 0x00007fa22500d3b0]
Event: 55.232 Thread 0x00007fa2340ac800 2459       3       scala.collection.Iterable$class::companion (4 bytes)
Event: 55.232 Thread 0x00007fa2340ac800 nmethod 2459 0x00007fa22500cd90 code [0x00007fa22500cee0, 0x00007fa22500d010]

GC Heap History (10 events):
Event: 52.199 GC heap after
Heap after GC invocations=96 (full 5):
 def new generation   total 12736K, used 0K [0x00000000c0000000, 0x00000000c0dd0000, 0x00000000d5550000)
  eden space 11328K,   0% used [0x00000000c0000000, 0x00000000c0000000, 0x00000000c0b10000)
  from space 1408K,   0% used [0x00000000c0b10000, 0x00000000c0b10000, 0x00000000c0c70000)
  to   space 1408K,   0% used [0x00000000c0c70000, 0x00000000c0c70000, 0x00000000c0dd0000)
 tenured generation   total 28140K, used 16882K [0x00000000d5550000, 0x00000000d70cb000, 0x0000000100000000)
   the space 28140K,  59% used [0x00000000d5550000, 0x00000000d65ccbe8, 0x00000000d65ccc00, 0x00000000d70cb000)
 Metaspace       used 39979K, capacity 40350K, committed 40536K, reserved 1083392K
  class space    used 5566K, capacity 5681K, committed 5720K, reserved 1048576K
}
Event: 52.250 GC heap before
{Heap before GC invocations=96 (full 5):
 def new generation   total 12736K, used 7K [0x00000000c0000000, 0x00000000c0dd0000, 0x00000000d5550000)
  eden space 11328K,   0% used [0x00000000c0000000, 0x00000000c0001d40, 0x00000000c0b10000)
  from space 1408K,   0% used [0x00000000c0b10000, 0x00000000c0b10000, 0x00000000c0c70000)
  to   space 1408K,   0% used [0x00000000c0c70000, 0x00000000c0c70000, 0x00000000c0dd0000)
 tenured generation   total 44528K, used 33266K [0x00000000d5550000, 0x00000000d80cc000, 0x0000000100000000)
   the space 44528K,  74% used [0x00000000d5550000, 0x00000000d75ccbf8, 0x00000000d75ccc00, 0x00000000d80cc000)
 Metaspace       used 39993K, capacity 40350K, committed 40536K, reserved 1083392K
  class space    used 5566K, capacity 5681K, committed 5720K, reserved 1048576K
Event: 52.283 GC heap after
Heap after GC invocations=97 (full 6):
 def new generation   total 20160K, used 0K [0x00000000c0000000, 0x00000000c15d0000, 0x00000000d5550000)
  eden space 17984K,   0% used [0x00000000c0000000, 0x00000000c0000000, 0x00000000c1190000)
  from space 2176K,   0% used [0x00000000c1190000, 0x00000000c1190000, 0x00000000c13b0000)
  to   space 2176K,   0% used [0x00000000c13b0000, 0x00000000c13b0000, 0x00000000c15d0000)
 tenured generation   total 44528K, used 25075K [0x00000000d5550000, 0x00000000d80cc000, 0x0000000100000000)
   the space 44528K,  56% used [0x00000000d5550000, 0x00000000d6dccde0, 0x00000000d6dcce00, 0x00000000d80cc000)
 Metaspace       used 39993K, capacity 40350K, committed 40536K, reserved 1083392K
  class space    used 5566K, capacity 5681K, committed 5720K, reserved 1048576K
}
Event: 52.364 GC heap before
{Heap before GC invocations=97 (full 6):
 def new generation   total 20160K, used 2K [0x00000000c0000000, 0x00000000c15d0000, 0x00000000d5550000)
  eden space 17984K,   0% used [0x00000000c0000000, 0x00000000c0000848, 0x00000000c1190000)
  from space 2176K,   0% used [0x00000000c1190000, 0x00000000c1190000, 0x00000000c13b0000)
  to   space 2176K,   0% used [0x00000000c13b0000, 0x00000000c13b0000, 0x00000000c15d0000)
 tenured generation   total 77300K, used 57843K [0x00000000d5550000, 0x00000000da0cd000, 0x0000000100000000)
   the space 77300K,  74% used [0x00000000d5550000, 0x00000000d8dccdf0, 0x00000000d8dcce00, 0x00000000da0cd000)
 Metaspace       used 39995K, capacity 40350K, committed 40536K, reserved 1083392K
  class space    used 5566K, capacity 5681K, committed 5720K, reserved 1048576K
Event: 52.400 GC heap after
Heap after GC invocations=98 (full 7):
 def new generation   total 34880K, used 0K [0x00000000c0000000, 0x00000000c25d0000, 0x00000000d5550000)
  eden space 31040K,   0% used [0x00000000c0000000, 0x00000000c0000000, 0x00000000c1e50000)
  from space 3840K,   0% used [0x00000000c1e50000, 0x00000000c1e50000, 0x00000000c2210000)
  to   space 3840K,   0% used [0x00000000c2210000, 0x00000000c2210000, 0x00000000c25d0000)
 tenured generation   total 77300K, used 41459K [0x00000000d5550000, 0x00000000da0cd000, 0x0000000100000000)
   the space 77300K,  53% used [0x00000000d5550000, 0x00000000d7dcce30, 0x00000000d7dcd000, 0x00000000da0cd000)
 Metaspace       used 39995K, capacity 40350K, committed 40536K, reserved 1083392K
  class space    used 5566K, capacity 5681K, committed 5720K, reserved 1048576K
}
Event: 52.615 GC heap before
{Heap before GC invocations=98 (full 7):
 def new generation   total 34880K, used 14K [0x00000000c0000000, 0x00000000c25d0000, 0x00000000d5550000)
  eden space 31040K,   0% used [0x00000000c0000000, 0x00000000c0003970, 0x00000000c1e50000)
  from space 3840K,   0% used [0x00000000c1e50000, 0x00000000c1e50000, 0x00000000c2210000)
  to   space 3840K,   0% used [0x00000000c2210000, 0x00000000c2210000, 0x00000000c25d0000)
 tenured generation   total 142840K, used 106995K [0x00000000d5550000, 0x00000000de0ce000, 0x0000000100000000)
   the space 142840K,  74% used [0x00000000d5550000, 0x00000000dbdcce40, 0x00000000dbdcd000, 0x00000000de0ce000)
 Metaspace       used 40002K, capacity 40350K, committed 40536K, reserved 1083392K
  class space    used 5566K, capacity 5681K, committed 5720K, reserved 1048576K
Event: 52.659 GC heap after
Heap after GC invocations=99 (full 8):
 def new generation   total 64384K, used 0K [0x00000000c0000000, 0x00000000c45d0000, 0x00000000d5550000)
  eden space 57280K,   0% used [0x00000000c0000000, 0x00000000c0000000, 0x00000000c37f0000)
  from space 7104K,   0% used [0x00000000c37f0000, 0x00000000c37f0000, 0x00000000c3ee0000)
  to   space 7104K,   0% used [0x00000000c3ee0000, 0x00000000c3ee0000, 0x00000000c45d0000)
 tenured generation   total 142840K, used 74210K [0x00000000d5550000, 0x00000000de0ce000, 0x0000000100000000)
   the space 142840K,  51% used [0x00000000d5550000, 0x00000000d9dc8970, 0x00000000d9dc8a00, 0x00000000de0ce000)
 Metaspace       used 40002K, capacity 40350K, committed 40536K, reserved 1083392K
  class space    used 5566K, capacity 5681K, committed 5720K, reserved 1048576K
}
Event: 53.184 GC heap before
{Heap before GC invocations=99 (full 8):
 def new generation   total 64384K, used 26K [0x00000000c0000000, 0x00000000c45d0000, 0x00000000d5550000)
  eden space 57280K,   0% used [0x00000000c0000000, 0x00000000c00069f8, 0x00000000c37f0000)
  from space 7104K,   0% used [0x00000000c37f0000, 0x00000000c37f0000, 0x00000000c3ee0000)
  to   space 7104K,   0% used [0x00000000c3ee0000, 0x00000000c3ee0000, 0x00000000c45d0000)
 tenured generation   total 273916K, used 205282K [0x00000000d5550000, 0x00000000e60cf000, 0x0000000100000000)
   the space 273916K,  74% used [0x00000000d5550000, 0x00000000e1dc8980, 0x00000000e1dc8a00, 0x00000000e60cf000)
 Metaspace       used 40005K, capacity 40350K, committed 40536K, reserved 1083392K
  class space    used 5566K, capacity 5681K, committed 5720K, reserved 1048576K
Event: 53.230 GC heap after
Heap after GC invocations=100 (full 9):
 def new generation   total 123328K, used 0K [0x00000000c0000000, 0x00000000c85d0000, 0x00000000d5550000)
  eden space 109632K,   0% used [0x00000000c0000000, 0x00000000c0000000, 0x00000000c6b10000)
  from space 13696K,   0% used [0x00000000c6b10000, 0x00000000c6b10000, 0x00000000c7870000)
  to   space 13696K,   0% used [0x00000000c7870000, 0x00000000c7870000, 0x00000000c85d0000)
 tenured generation   total 273916K, used 139746K [0x00000000d5550000, 0x00000000e60cf000, 0x0000000100000000)
   the space 273916K,  51% used [0x00000000d5550000, 0x00000000dddc8970, 0x00000000dddc8a00, 0x00000000e60cf000)
 Metaspace       used 40005K, capacity 40350K, committed 40536K, reserved 1083392K
  class space    used 5566K, capacity 5681K, committed 5720K, reserved 1048576K
}
Event: 55.275 GC heap before
{Heap before GC invocations=100 (full 9):
 def new generation   total 123328K, used 103K [0x00000000c0000000, 0x00000000c85d0000, 0x00000000d5550000)
  eden space 109632K,   0% used [0x00000000c0000000, 0x00000000c0019e08, 0x00000000c6b10000)
  from space 13696K,   0% used [0x00000000c6b10000, 0x00000000c6b10000, 0x00000000c7870000)
  to   space 13696K,   0% used [0x00000000c7870000, 0x00000000c7870000, 0x00000000c85d0000)
 tenured generation   total 536064K, used 401890K [0x00000000d5550000, 0x00000000f60d0000, 0x0000000100000000)
   the space 536064K,  74% used [0x00000000d5550000, 0x00000000eddc8980, 0x00000000eddc8a00, 0x00000000f60d0000)
 Metaspace       used 40021K, capacity 40414K, committed 40536K, reserved 1083392K
  class space    used 5566K, capacity 5681K, committed 5720K, reserved 1048576K

Deoptimization events (10 events):
Event: 2.132 Thread 0x00007fa204315800 Uncommon trap: reason=unstable_if action=reinterpret pc=0x00007fa224c2e124 method=java.util.HashMap.getNode(ILjava/lang/Object;)Ljava/util/HashMap$Node; @ 62
Event: 2.467 Thread 0x00007fa204315800 Uncommon trap: reason=unstable_if action=reinterpret pc=0x00007fa224cc5e9c method=org.apache.xerces.impl.XMLEntityScanner.skipChar(I)Z @ 14
Event: 3.159 Thread 0x00007fa234081000 Uncommon trap: reason=unstable_if action=reinterpret pc=0x00007fa224db6ffc method=java.lang.ref.ReferenceQueue.poll()Ljava/lang/ref/Reference; @ 4
Event: 4.094 Thread 0x00007fa204315800 Uncommon trap: reason=unstable_if action=reinterpret pc=0x00007fa224c9fc64 method=java.util.jar.Manifest$FastInputStream.readLine([BII)I @ 87
Event: 4.132 Thread 0x00007fa204315800 Uncommon trap: reason=unstable_if action=reinterpret pc=0x00007fa224e0ad84 method=java.lang.ClassLoader.checkName(Ljava/lang/String;)Z @ 20
Event: 4.132 Thread 0x00007fa204315800 Uncommon trap: reason=unstable_if action=reinterpret pc=0x00007fa224c9e09c method=java.lang.ClassLoader.checkName(Ljava/lang/String;)Z @ 20
Event: 4.253 Thread 0x00007fa204315800 Uncommon trap: reason=unstable_if action=reinterpret pc=0x00007fa224d706a8 method=java.util.concurrent.ConcurrentHashMap.putVal(Ljava/lang/Object;Ljava/lang/Object;Z)Ljava/lang/Object; @ 113
Event: 4.282 Thread 0x00007fa204315800 Uncommon trap: reason=unstable_if action=reinterpret pc=0x00007fa224dda338 method=sun.net.www.protocol.jar.Handler.parseURL(Ljava/net/URL;Ljava/lang/String;II)V @ 94
Event: 51.226 Thread 0x00007fa204315800 Uncommon trap: reason=predicate action=maybe_recompile pc=0x00007fa224d83f84 method=java.lang.String.regionMatches(ZILjava/lang/String;II)Z @ 63
Event: 52.053 Thread 0x00007fa21402e800 Uncommon trap: reason=unstable_if action=reinterpret pc=0x00007fa224efe578 method=java.io.UnixFileSystem.getBooleanAttributes(Ljava/io/File;)I @ 25

Internal exceptions (10 events):
Event: 51.862 Thread 0x00007fa210414800 Exception <a 'java/lang/NoSuchMethodError': <clinit>> (0x00000000c012b888) thrown at [/build/openjdk-8-VTMhfL/openjdk-8-8u131-b11/src/hotspot/src/share/vm/prims/jni.cpp, line 1613]
Event: 51.862 Thread 0x00007fa210414800 Exception <a 'java/lang/NoSuchMethodError': <clinit>> (0x00000000c0130430) thrown at [/build/openjdk-8-VTMhfL/openjdk-8-8u131-b11/src/hotspot/src/share/vm/prims/jni.cpp, line 1613]
Event: 51.863 Thread 0x00007fa210414800 Exception <a 'java/lang/NoSuchMethodError': <clinit>> (0x00000000c013ef70) thrown at [/build/openjdk-8-VTMhfL/openjdk-8-8u131-b11/src/hotspot/src/share/vm/prims/jni.cpp, line 1613]
Event: 51.868 Thread 0x00007fa210414800 Exception <a 'java/lang/NoSuchMethodError': <clinit>> (0x00000000c014e808) thrown at [/build/openjdk-8-VTMhfL/openjdk-8-8u131-b11/src/hotspot/src/share/vm/prims/jni.cpp, line 1613]
Event: 51.870 Thread 0x00007fa210414800 Exception <a 'java/lang/NoSuchMethodError': <clinit>> (0x00000000c01772c8) thrown at [/build/openjdk-8-VTMhfL/openjdk-8-8u131-b11/src/hotspot/src/share/vm/prims/jni.cpp, line 1613]
Event: 51.871 Thread 0x00007fa210414800 Exception <a 'java/lang/NoSuchMethodError': <clinit>> (0x00000000c0181e38) thrown at [/build/openjdk-8-VTMhfL/openjdk-8-8u131-b11/src/hotspot/src/share/vm/prims/jni.cpp, line 1613]
Event: 51.877 Thread 0x00007fa210414800 Exception <a 'java/lang/NoSuchMethodError': <clinit>> (0x00000000c01919c0) thrown at [/build/openjdk-8-VTMhfL/openjdk-8-8u131-b11/src/hotspot/src/share/vm/prims/jni.cpp, line 1613]
Event: 51.877 Thread 0x00007fa210414800 Exception <a 'java/lang/NoSuchMethodError': <clinit>> (0x00000000c01a5930) thrown at [/build/openjdk-8-VTMhfL/openjdk-8-8u131-b11/src/hotspot/src/share/vm/prims/jni.cpp, line 1613]
Event: 51.878 Thread 0x00007fa210414800 Exception <a 'java/lang/NoSuchMethodError': <clinit>> (0x00000000c01b1090) thrown at [/build/openjdk-8-VTMhfL/openjdk-8-8u131-b11/src/hotspot/src/share/vm/prims/jni.cpp, line 1613]
Event: 51.878 Thread 0x00007fa210414800 Exception <a 'java/lang/NoSuchMethodError': <clinit>> (0x00000000c01b9488) thrown at [/build/openjdk-8-VTMhfL/openjdk-8-8u131-b11/src/hotspot/src/share/vm/prims/jni.cpp, line 1613]

Events (10 events):
Event: 52.199 Executing VM operation: GenCollectForAllocation done
Event: 52.250 Executing VM operation: GenCollectForAllocation
Event: 52.284 Executing VM operation: GenCollectForAllocation done
Event: 52.364 Executing VM operation: GenCollectForAllocation
Event: 52.401 Executing VM operation: GenCollectForAllocation done
Event: 52.615 Executing VM operation: GenCollectForAllocation
Event: 52.660 Executing VM operation: GenCollectForAllocation done
Event: 53.184 Executing VM operation: GenCollectForAllocation
Event: 53.232 Executing VM operation: GenCollectForAllocation done
Event: 55.274 Executing VM operation: GenCollectForAllocation


Dynamic libraries:
00400000-00401000 r-xp 00000000 ca:01 783016                             /usr/lib/jvm/java-8-openjdk-amd64/jre/bin/java
00600000-00601000 r--p 00000000 ca:01 783016                             /usr/lib/jvm/java-8-openjdk-amd64/jre/bin/java
00601000-00602000 rw-p 00001000 ca:01 783016                             /usr/lib/jvm/java-8-openjdk-amd64/jre/bin/java
008e2000-00924000 rw-p 00000000 00:00 0                                  [heap]
c0000000-c85d0000 rw-p 00000000 00:00 0 
d05d0000-d5550000 ---p 00000000 00:00 0 
d5550000-f60d0000 rw-p 00000000 00:00 0 
f60d0000-100000000 ---p 00000000 00:00 0 
100000000-100596000 rw-p 00000000 00:00 0 
100596000-140000000 ---p 00000000 00:00 0 
7fa2011c9000-7fa2013c9000 rw-p 00000000 00:00 0 
7fa2013c9000-7fa2013d6000 r-xp 00000000 ca:01 3014                       /tmp/liblz4-java4796548802586088570.so
7fa2013d6000-7fa2015d5000 ---p 0000d000 ca:01 3014                       /tmp/liblz4-java4796548802586088570.so
7fa2015d5000-7fa2015d6000 rw-p 0000c000 ca:01 3014                       /tmp/liblz4-java4796548802586088570.so
7fa2015d6000-7fa2017d6000 rw-p 00000000 00:00 0 
7fa2017d6000-7fa2017d9000 ---p 00000000 00:00 0 
7fa2017d9000-7fa2018d7000 rw-p 00000000 00:00 0 
7fa20193a000-7fa20193d000 ---p 00000000 00:00 0 
7fa20193d000-7fa201c3b000 rw-p 00000000 00:00 0 
7fa201c3b000-7fa201e3b000 rw-p 00000000 00:00 0 
7fa201e3b000-7fa20203b000 rw-p 00000000 00:00 0 
7fa20203b000-7fa20203e000 ---p 00000000 00:00 0 
7fa20203e000-7fa20213c000 rw-p 00000000 00:00 0 
7fa20213c000-7fa20213f000 ---p 00000000 00:00 0 
7fa20213f000-7fa20223d000 rw-p 00000000 00:00 0 
7fa20223d000-7fa202240000 ---p 00000000 00:00 0 
7fa202240000-7fa20253e000 rw-p 00000000 00:00 0 
7fa20253e000-7fa202541000 ---p 00000000 00:00 0 
7fa202541000-7fa20263f000 rw-p 00000000 00:00 0 
7fa20263f000-7fa202642000 ---p 00000000 00:00 0 
7fa202642000-7fa202740000 rw-p 00000000 00:00 0 
7fa202740000-7fa202743000 ---p 00000000 00:00 0 
7fa202743000-7fa202841000 rw-p 00000000 00:00 0 
7fa202841000-7fa202844000 ---p 00000000 00:00 0 
7fa202844000-7fa202942000 rw-p 00000000 00:00 0 
7fa202942000-7fa202945000 ---p 00000000 00:00 0 
7fa202945000-7fa202a43000 rw-p 00000000 00:00 0 
7fa202a43000-7fa202a46000 ---p 00000000 00:00 0 
7fa202a46000-7fa202b44000 rw-p 00000000 00:00 0 
7fa202b44000-7fa202b47000 ---p 00000000 00:00 0 
7fa202b47000-7fa202c45000 rw-p 00000000 00:00 0 
7fa202c45000-7fa202c48000 ---p 00000000 00:00 0 
7fa202c48000-7fa202d46000 rw-p 00000000 00:00 0 
7fa202d46000-7fa202d49000 ---p 00000000 00:00 0 
7fa202d49000-7fa202e47000 rw-p 00000000 00:00 0 
7fa202e47000-7fa202e4a000 ---p 00000000 00:00 0 
7fa202e4a000-7fa202f48000 rw-p 00000000 00:00 0 
7fa202f48000-7fa202f4b000 ---p 00000000 00:00 0 
7fa202f4b000-7fa203049000 rw-p 00000000 00:00 0 
7fa203049000-7fa20304c000 ---p 00000000 00:00 0 
7fa20304c000-7fa20314a000 rw-p 00000000 00:00 0 
7fa20314a000-7fa20314d000 ---p 00000000 00:00 0 
7fa20314d000-7fa20324b000 rw-p 00000000 00:00 0 
7fa20324b000-7fa20324e000 ---p 00000000 00:00 0 
7fa20324e000-7fa20354c000 rw-p 00000000 00:00 0 
7fa2035f8000-7fa2035fb000 ---p 00000000 00:00 0 
7fa2035fb000-7fa2038f9000 rw-p 00000000 00:00 0 
7fa2038f9000-7fa2038fc000 ---p 00000000 00:00 0 
7fa2038fc000-7fa2039fa000 rw-p 00000000 00:00 0 
7fa2039fa000-7fa2039fd000 ---p 00000000 00:00 0 
7fa2039fd000-7fa203afb000 rw-p 00000000 00:00 0 
7fa203afb000-7fa203afe000 ---p 00000000 00:00 0 
7fa203afe000-7fa203bfc000 rw-p 00000000 00:00 0 
7fa203bfc000-7fa203bff000 ---p 00000000 00:00 0 
7fa203bff000-7fa203cfd000 rw-p 00000000 00:00 0 
7fa203cfd000-7fa203d00000 ---p 00000000 00:00 0 
7fa203d00000-7fa203dfe000 rw-p 00000000 00:00 0 
7fa203dfe000-7fa203e01000 ---p 00000000 00:00 0 
7fa203e01000-7fa203eff000 rw-p 00000000 00:00 0 
7fa203eff000-7fa203f02000 ---p 00000000 00:00 0 
7fa203f02000-7fa204000000 rw-p 00000000 00:00 0 
7fa204000000-7fa2048eb000 rw-p 00000000 00:00 0 
7fa2048eb000-7fa208000000 ---p 00000000 00:00 0 
7fa208000000-7fa20802f000 rw-p 00000000 00:00 0 
7fa20802f000-7fa20c000000 ---p 00000000 00:00 0 
7fa20c000000-7fa20c021000 rw-p 00000000 00:00 0 
7fa20c021000-7fa210000000 ---p 00000000 00:00 0 
7fa210000000-7fa2125e3000 rw-p 00000000 00:00 0 
7fa2125e3000-7fa214000000 ---p 00000000 00:00 0 
7fa214000000-7fa214034000 rw-p 00000000 00:00 0 
7fa214034000-7fa218000000 ---p 00000000 00:00 0 
7fa218000000-7fa218021000 rw-p 00000000 00:00 0 
7fa218021000-7fa21c000000 ---p 00000000 00:00 0 
7fa21c000000-7fa21c14f000 rw-p 00000000 00:00 0 
7fa21c14f000-7fa220000000 ---p 00000000 00:00 0 
7fa220058000-7fa22005b000 ---p 00000000 00:00 0 
7fa22005b000-7fa220159000 rw-p 00000000 00:00 0 
7fa220159000-7fa22015c000 ---p 00000000 00:00 0 
7fa22015c000-7fa22025a000 rw-p 00000000 00:00 0 
7fa22025a000-7fa22026b000 r-xp 00000000 ca:01 782977                     /usr/lib/jvm/java-8-openjdk-amd64/jre/lib/amd64/libnio.so
7fa22026b000-7fa22046b000 ---p 00011000 ca:01 782977                     /usr/lib/jvm/java-8-openjdk-amd64/jre/lib/amd64/libnio.so
7fa22046b000-7fa22046c000 r--p 00011000 ca:01 782977                     /usr/lib/jvm/java-8-openjdk-amd64/jre/lib/amd64/libnio.so
7fa22046c000-7fa22046d000 rw-p 00012000 ca:01 782977                     /usr/lib/jvm/java-8-openjdk-amd64/jre/lib/amd64/libnio.so
7fa22046d000-7fa22066d000 rw-p 00000000 00:00 0 
7fa22066d000-7fa220680000 r--s 00346000 ca:01 782998                     /usr/lib/jvm/java-8-openjdk-amd64/jre/lib/resources.jar
7fa220680000-7fa220683000 ---p 00000000 00:00 0 
7fa220683000-7fa220981000 rw-p 00000000 00:00 0 
7fa220981000-7fa220998000 r-xp 00000000 ca:01 2130                       /lib/x86_64-linux-gnu/libresolv-2.23.so
7fa220998000-7fa220b98000 ---p 00017000 ca:01 2130                       /lib/x86_64-linux-gnu/libresolv-2.23.so
7fa220b98000-7fa220b99000 r--p 00017000 ca:01 2130                       /lib/x86_64-linux-gnu/libresolv-2.23.so
7fa220b99000-7fa220b9a000 rw-p 00018000 ca:01 2130                       /lib/x86_64-linux-gnu/libresolv-2.23.so
7fa220b9a000-7fa220b9c000 rw-p 00000000 00:00 0 
7fa220b9c000-7fa220ba1000 r-xp 00000000 ca:01 2133                       /lib/x86_64-linux-gnu/libnss_dns-2.23.so
7fa220ba1000-7fa220da1000 ---p 00005000 ca:01 2133                       /lib/x86_64-linux-gnu/libnss_dns-2.23.so
7fa220da1000-7fa220da2000 r--p 00005000 ca:01 2133                       /lib/x86_64-linux-gnu/libnss_dns-2.23.so
7fa220da2000-7fa220da3000 rw-p 00006000 ca:01 2133                       /lib/x86_64-linux-gnu/libnss_dns-2.23.so
7fa220da5000-7fa220daa000 r--s 0009a000 ca:01 782999                     /usr/lib/jvm/java-8-openjdk-amd64/jre/lib/jsse.jar
7fa220daa000-7fa220dab000 r-xp 00000000 ca:01 782969                     /usr/lib/jvm/java-8-openjdk-amd64/jre/lib/amd64/libjaas_unix.so
7fa220dab000-7fa220faa000 ---p 00001000 ca:01 782969                     /usr/lib/jvm/java-8-openjdk-amd64/jre/lib/amd64/libjaas_unix.so
7fa220faa000-7fa220fab000 r--p 00000000 ca:01 782969                     /usr/lib/jvm/java-8-openjdk-amd64/jre/lib/amd64/libjaas_unix.so
7fa220fab000-7fa220fac000 rw-p 00001000 ca:01 782969                     /usr/lib/jvm/java-8-openjdk-amd64/jre/lib/amd64/libjaas_unix.so
7fa220fac000-7fa220faf000 ---p 00000000 00:00 0 
7fa220faf000-7fa2210ad000 rw-p 00000000 00:00 0 
7fa2210ad000-7fa2210b0000 ---p 00000000 00:00 0 
7fa2210b0000-7fa2212e6000 rw-p 00000000 00:00 0 
7fa2212e6000-7fa2214e6000 rw-p 00000000 00:00 0 
7fa2214e6000-7fa2214ef000 r-xp 00000000 ca:01 782942                     /usr/lib/jvm/java-8-openjdk-amd64/jre/lib/amd64/libmanagement.so
7fa2214ef000-7fa2216ee000 ---p 00009000 ca:01 782942                     /usr/lib/jvm/java-8-openjdk-amd64/jre/lib/amd64/libmanagement.so
7fa2216ee000-7fa2216ef000 r--p 00008000 ca:01 782942                     /usr/lib/jvm/java-8-openjdk-amd64/jre/lib/amd64/libmanagement.so
7fa2216ef000-7fa2216f0000 rw-p 00009000 ca:01 782942                     /usr/lib/jvm/java-8-openjdk-amd64/jre/lib/amd64/libmanagement.so
7fa2216f0000-7fa2216f3000 ---p 00000000 00:00 0 
7fa2216f3000-7fa2217f1000 rw-p 00000000 00:00 0 
7fa2217f1000-7fa2217f4000 ---p 00000000 00:00 0 
7fa2217f4000-7fa2218f2000 rw-p 00000000 00:00 0 
7fa2218f2000-7fa2218f5000 ---p 00000000 00:00 0 
7fa2218f5000-7fa221bf3000 rw-p 00000000 00:00 0 
7fa221bf3000-7fa221ef4000 rw-p 00000000 00:00 0 
7fa221ef4000-7fa221f0b000 r-xp 00000000 ca:01 782965                     /usr/lib/jvm/java-8-openjdk-amd64/jre/lib/amd64/libnet.so
7fa221f0b000-7fa22210a000 ---p 00017000 ca:01 782965                     /usr/lib/jvm/java-8-openjdk-amd64/jre/lib/amd64/libnet.so
7fa22210a000-7fa22210b000 r--p 00016000 ca:01 782965                     /usr/lib/jvm/java-8-openjdk-amd64/jre/lib/amd64/libnet.so
7fa22210b000-7fa22210c000 rw-p 00017000 ca:01 782965                     /usr/lib/jvm/java-8-openjdk-amd64/jre/lib/amd64/libnet.so
7fa22210c000-7fa222158000 r--s 00411000 ca:01 783503                     /home/ubuntu/spark-2.1.1-bin-hadoop2.7/jars/scala-reflect-2.11.8.jar
7fa222158000-7fa22215a000 r--s 00012000 ca:01 783408                     /home/ubuntu/spark-2.1.1-bin-hadoop2.7/jars/compress-lzf-1.0.3.jar
7fa22215a000-7fa22215c000 r--s 0000e000 ca:01 782500                     /home/ubuntu/spark-2.1.1-bin-hadoop2.7/jars/oro-2.0.8.jar
7fa22215c000-7fa222163000 r--s 00049000 ca:01 783498                     /home/ubuntu/spark-2.1.1-bin-hadoop2.7/jars/univocity-parsers-2.2.1.jar
7fa222163000-7fa2221ce000 r--s 00784000 ca:01 782499                     /home/ubuntu/spark-2.1.1-bin-hadoop2.7/jars/hadoop-hdfs-2.7.3.jar
7fa2221ce000-7fa2221cf000 r--s 00006000 ca:01 783449                     /home/ubuntu/spark-2.1.1-bin-hadoop2.7/jars/jackson-xc-1.9.13.jar
7fa2221cf000-7fa2221ea000 r--s 001d8000 ca:01 783259                     /home/ubuntu/spark-2.1.1-bin-hadoop2.7/jars/jets3t-0.9.3.jar
7fa2221ea000-7fa2221ec000 r--s 00015000 ca:01 783251                     /home/ubuntu/spark-2.1.1-bin-hadoop2.7/jars/hadoop-auth-2.7.3.jar
7fa2221ec000-7fa2221f1000 r--s 0002a000 ca:01 783263                     /home/ubuntu/spark-2.1.1-bin-hadoop2.7/jars/commons-beanutils-1.7.0.jar
7fa2221f1000-7fa2221f6000 r--s 00068000 ca:01 783452                     /home/ubuntu/spark-2.1.1-bin-hadoop2.7/jars/antlr-2.7.7.jar
7fa2221f6000-7fa2221f7000 r--s 00003000 ca:01 783281                     /home/ubuntu/spark-2.1.1-bin-hadoop2.7/jars/xmlenc-0.52.jar
7fa2221f7000-7fa222206000 r--s 0009f000 ca:01 783412                     /home/ubuntu/spark-2.1.1-bin-hadoop2.7/jars/guice-3.0.jar
7fa222206000-7fa222213000 r--s 000b1000 ca:01 783249                     /home/ubuntu/spark-2.1.1-bin-hadoop2.7/jars/hadoop-mapreduce-client-common-2.7.3.jar
7fa222213000-7fa222214000 r--s 00004000 ca:01 783512                     /home/ubuntu/spark-2.1.1-bin-hadoop2.7/jars/osgi-resource-locator-1.0.1.jar
7fa222214000-7fa222216000 r--s 00000000 ca:01 783482                     /home/ubuntu/spark-2.1.1-bin-hadoop2.7/jars/jul-to-slf4j-1.7.16.jar
7fa222216000-7fa222217000 r--s 00001000 ca:01 783297                     /home/ubuntu/spark-2.1.1-bin-hadoop2.7/jars/minlog-1.3.0.jar
7fa222217000-7fa222220000 r--s 00062000 ca:01 783267                     /home/ubuntu/spark-2.1.1-bin-hadoop2.7/jars/avro-1.7.7.jar
7fa222220000-7fa222222000 r--s 00009000 ca:01 783436                     /home/ubuntu/spark-2.1.1-bin-hadoop2.7/jars/jackson-module-paranamer-2.6.5.jar
7fa222222000-7fa222225000 r--s 0000e000 ca:01 783262                     /home/ubuntu/spark-2.1.1-bin-hadoop2.7/jars/jersey-container-servlet-core-2.22.2.jar
7fa222225000-7fa22222c000 r--s 00058000 ca:01 783296                     /home/ubuntu/spark-2.1.1-bin-hadoop2.7/jars/hadoop-yarn-server-common-2.7.3.jar
7fa22222c000-7fa222244000 r--s 000d6000 ca:01 783258                     /home/ubuntu/spark-2.1.1-bin-hadoop2.7/jars/jersey-guava-2.22.2.jar
7fa222244000-7fa222265000 r--s 0019b000 ca:01 783457                     /home/ubuntu/spark-2.1.1-bin-hadoop2.7/jars/spark-hive-thriftserver_2.11-2.1.1.jar
7fa222265000-7fa222270000 r--s 0005d000 ca:01 783499                     /home/ubuntu/spark-2.1.1-bin-hadoop2.7/jars/scala-parser-combinators_2.11-1.0.4.jar
7fa222270000-7fa2222fb000 r--s 0069e000 ca:01 783391                     /home/ubuntu/spark-2.1.1-bin-hadoop2.7/jars/spark-catalyst_2.11-2.1.1.jar
7fa2222fb000-7fa2222fd000 r--s 00010000 ca:01 783430                     /home/ubuntu/spark-2.1.1-bin-hadoop2.7/jars/jersey-media-jaxb-2.22.2.jar
7fa2222fd000-7fa2222ff000 r--s 00100000 ca:01 783488                     /home/ubuntu/spark-2.1.1-bin-hadoop2.7/jars/snappy-java-1.1.2.6.jar
7fa2222ff000-7fa222300000 r--s 00000000 ca:01 783287                     /home/ubuntu/spark-2.1.1-bin-hadoop2.7/jars/javax.inject-1.jar
7fa222300000-7fa222301000 r--s 00008000 ca:01 783490                     /home/ubuntu/spark-2.1.1-bin-hadoop2.7/jars/commons-compiler-3.0.0.jar
7fa222301000-7fa222303000 r--s 00005000 ca:01 783419                     /home/ubuntu/spark-2.1.1-bin-hadoop2.7/jars/stax-api-1.0.1.jar
7fa222303000-7fa22230a000 r--s 00046000 ca:01 783458                     /home/ubuntu/spark-2.1.1-bin-hadoop2.7/jars/libfb303-0.9.3.jar
7fa22230a000-7fa22230e000 r--s 00029000 ca:01 783278                     /home/ubuntu/spark-2.1.1-bin-hadoop2.7/jars/hk2-locator-2.4.0-b34.jar
7fa22230e000-7fa222310000 r--s 0000e000 ca:01 783438                     /home/ubuntu/spark-2.1.1-bin-hadoop2.7/jars/spark-repl_2.11-2.1.1.jar
7fa222310000-7fa222316000 r--s 00040000 ca:01 783387                     /home/ubuntu/spark-2.1.1-bin-hadoop2.7/jars/parquet-encoding-1.8.1.jar
7fa222316000-7fa22231a000 r--s 00028000 ca:01 783295                     /home/ubuntu/spark-2.1.1-bin-hadoop2.7/jars/spark-mllib-local_2.11-2.1.1.jar
7fa22231a000-7fa222333000 r--s 00164000 ca:01 783416                     /home/ubuntu/spark-2.1.1-bin-hadoop2.7/jars/hadoop-mapreduce-client-core-2.7.3.jar
7fa222333000-7fa222334000 r--s 0000a000 ca:01 783374                     /home/ubuntu/spark-2.1.1-bin-hadoop2.7/jars/apacheds-i18n-2.0.0-M15.jar
7fa222334000-7fa222335000 r--s 00001000 ca:01 783379                     /home/ubuntu/spark-2.1.1-bin-hadoop2.7/jars/pmml-schema-1.2.15.jar
7fa222335000-7fa222343000 r--s 0009d000 ca:01 783301                     /home/ubuntu/spark-2.1.1-bin-hadoop2.7/jars/jersey-common-2.22.2.jar
7fa222343000-7fa22234e000 r--s 000b0000 ca:01 783409                     /home/ubuntu/spark-2.1.1-bin-hadoop2.7/jars/jtransforms-2.4.0.jar
7fa22234e000-7fa222372000 r--s 001cd000 ca:01 783501                     /home/ubuntu/spark-2.1.1-bin-hadoop2.7/jars/commons-math3-3.4.1.jar
7fa222372000-7fa22244a000 r--s 00a88000 ca:01 783247                     /home/ubuntu/spark-2.1.1-bin-hadoop2.7/jars/spark-core_2.11-2.1.1.jar
7fa22244a000-7fa22244e000 r--s 0002a000 ca:01 783425                     /home/ubuntu/spark-2.1.1-bin-hadoop2.7/jars/commons-io-2.4.jar
7fa22244e000-7fa222451000 r--s 00006000 ca:01 783399                     /home/ubuntu/spark-2.1.1-bin-hadoop2.7/jars/jsr305-1.3.9.jar
7fa222451000-7fa222458000 r--s 0003f000 ca:01 783290                     /home/ubuntu/spark-2.1.1-bin-hadoop2.7/jars/commons-codec-1.10.jar
7fa222458000-7fa222461000 r--s 0006f000 ca:01 783402                     /home/ubuntu/spark-2.1.1-bin-hadoop2.7/jars/log4j-1.2.17.jar
7fa222461000-7fa222463000 r--s 00038000 ca:01 783450                     /home/ubuntu/spark-2.1.1-bin-hadoop2.7/jars/lz4-1.3.0.jar
7fa222463000-7fa222466000 r--s 00009000 ca:01 783429                     /home/ubuntu/spark-2.1.1-bin-hadoop2.7/jars/jackson-annotations-2.6.5.jar
7fa222466000-7fa222468000 r--s 00014000 ca:01 783395                     /home/ubuntu/spark-2.1.1-bin-hadoop2.7/jars/spire-macros_2.11-0.7.4.jar
7fa222468000-7fa2224e9000 r--s 005d9000 ca:01 783424                     /home/ubuntu/spark-2.1.1-bin-hadoop2.7/jars/spark-sql_2.11-2.1.1.jar
7fa2224e9000-7fa2224ec000 r--s 00017000 ca:01 783461                     /home/ubuntu/spark-2.1.1-bin-hadoop2.7/jars/jaxb-api-2.2.2.jar
7fa2224ec000-7fa2224f4000 r--s 0006e000 ca:01 783443                     /home/ubuntu/spark-2.1.1-bin-hadoop2.7/jars/commons-lang3-3.5.jar
7fa2224f4000-7fa222501000 r--s 00083000 ca:01 783285                     /home/ubuntu/spark-2.1.1-bin-hadoop2.7/jars/commons-collections-3.2.2.jar
7fa222501000-7fa222503000 r--s 00000000 ca:01 783437                     /home/ubuntu/spark-2.1.1-bin-hadoop2.7/jars/aopalliance-1.0.jar
7fa222503000-7fa222506000 r--s 00021000 ca:01 783283                     /home/ubuntu/spark-2.1.1-bin-hadoop2.7/jars/xbean-asm5-shaded-4.4.jar
7fa222506000-7fa22250a000 r--s 00029000 ca:01 783252                     /home/ubuntu/spark-2.1.1-bin-hadoop2.7/jars/breeze-macros_2.11-0.12.jar
7fa22250a000-7fa22253e000 r--s 00277000 ca:01 783279                     /home/ubuntu/spark-2.1.1-bin-hadoop2.7/jars/parquet-hadoop-bundle-1.6.0.jar
7fa22253e000-7fa222540000 r--s 00009000 ca:01 783485                     /home/ubuntu/spark-2.1.1-bin-hadoop2.7/jars/commons-cli-1.2.jar
7fa222540000-7fa222554000 r--s 000ec000 ca:01 782503                     /home/ubuntu/spark-2.1.1-bin-hadoop2.7/jars/parquet-jackson-1.8.1.jar
7fa222554000-7fa222558000 r--s 00035000 ca:01 783284                     /home/ubuntu/spark-2.1.1-bin-hadoop2.7/jars/jackson-core-asl-1.9.13.jar
7fa222558000-7fa22255c000 r--s 00028000 ca:01 783260                     /home/ubuntu/spark-2.1.1-bin-hadoop2.7/jars/jetty-util-6.1.26.jar
7fa22255c000-7fa222560000 r--s 00030000 ca:01 782496                     /home/ubuntu/spark-2.1.1-bin-hadoop2.7/jars/commons-net-2.2.jar
7fa222560000-7fa222563000 r--s 0000d000 ca:01 783420                     /home/ubuntu/spark-2.1.1-bin-hadoop2.7/jars/spark-network-shuffle_2.11-2.1.1.jar
7fa222563000-7fa222565000 r--s 0000f000 ca:01 783393                     /home/ubuntu/spark-2.1.1-bin-hadoop2.7/jars/curator-client-2.6.0.jar
7fa222565000-7fa222566000 r--s 00009000 ca:01 783288                     /home/ubuntu/spark-2.1.1-bin-hadoop2.7/jars/json4s-jackson_2.11-3.2.11.jar
7fa222566000-7fa22257c000 r--s 00124000 ca:01 783479                     /home/ubuntu/spark-2.1.1-bin-hadoop2.7/jars/ivy-2.4.0.jar
7fa22257c000-7fa222592000 r--s 000d1000 ca:01 783272                     /home/ubuntu/spark-2.1.1-bin-hadoop2.7/jars/parquet-column-1.8.1.jar
7fa222592000-7fa222599000 r--s 00058000 ca:01 783276                     /home/ubuntu/spark-2.1.1-bin-hadoop2.7/jars/parquet-format-2.3.0-incubating.jar
7fa222599000-7fa22259b000 r--s 00006000 ca:01 783275                     /home/ubuntu/spark-2.1.1-bin-hadoop2.7/jars/paranamer-2.3.jar
7fa22259b000-7fa22259f000 r--s 00025000 ca:01 783496                     /home/ubuntu/spark-2.1.1-bin-hadoop2.7/jars/jersey-client-2.22.2.jar
7fa22259f000-7fa2225a2000 r--s 00015000 ca:01 783401                     /home/ubuntu/spark-2.1.1-bin-hadoop2.7/jars/pyrolite-4.13.jar
7fa2225a2000-7fa2225a7000 r--s 0004e000 ca:01 783269                     /home/ubuntu/spark-2.1.1-bin-hadoop2.7/jars/datanucleus-api-jdo-3.2.6.jar
7fa2225a7000-7fa2225a8000 r--s 00003000 ca:01 783473                     /home/ubuntu/spark-2.1.1-bin-hadoop2.7/jars/metrics-json-3.1.2.jar
7fa2225a8000-7fa2225d7000 r--s 002e5000 ca:01 783492                     /home/ubuntu/spark-2.1.1-bin-hadoop2.7/jars/derby-10.12.1.1.jar
7fa2225d7000-7fa222617000 r--s 00277000 ca:01 783445                     /home/ubuntu/spark-2.1.1-bin-hadoop2.7/jars/bcprov-jdk15on-1.51.jar
7fa222617000-7fa222619000 r--s 00004000 ca:01 783448                     /home/ubuntu/spark-2.1.1-bin-hadoop2.7/jars/metrics-graphite-3.1.2.jar
7fa222619000-7fa222642000 r--s 001ee000 ca:01 783508                     /home/ubuntu/spark-2.1.1-bin-hadoop2.7/jars/guava-14.0.1.jar
7fa222642000-7fa222653000 r--s 00089000 ca:01 783381                     /home/ubuntu/spark-2.1.1-bin-hadoop2.7/jars/joda-time-2.9.3.jar
7fa222653000-7fa222655000 r--s 00010000 ca:01 783380                     /home/ubuntu/spark-2.1.1-bin-hadoop2.7/jars/hadoop-mapreduce-client-shuffle-2.7.3.jar
7fa222655000-7fa222657000 r--s 00003000 ca:01 783489                     /home/ubuntu/spark-2.1.1-bin-hadoop2.7/jars/base64-2.3.8.jar
7fa222657000-7fa222659000 r--s 00003000 ca:01 783364                     /home/ubuntu/spark-2.1.1-bin-hadoop2.7/jars/api-asn1-api-1.0.0-M20.jar
7fa222659000-7fa222671000 r--s 00115000 ca:01 783470                     /home/ubuntu/spark-2.1.1-bin-hadoop2.7/jars/netty-3.8.0.Final.jar
7fa222671000-7fa222675000 r--s 0001a000 ca:01 783266                     /home/ubuntu/spark-2.1.1-bin-hadoop2.7/jars/hk2-utils-2.4.0-b34.jar
7fa222675000-7fa22269c000 r--s 0020f000 ca:01 783404                     /home/ubuntu/spark-2.1.1-bin-hadoop2.7/jars/netty-all-4.0.42.Final.jar
7fa22269c000-7fa2226a2000 r--s 00063000 ca:01 783495                     /home/ubuntu/spark-2.1.1-bin-hadoop2.7/jars/jodd-core-3.5.2.jar
7fa2226a2000-7fa2226a4000 r--s 0000b000 ca:01 783486                     /home/ubuntu/spark-2.1.1-bin-hadoop2.7/jars/chill-java-0.8.0.jar
7fa2226a4000-7fa2226a8000 r--s 00019000 ca:01 783446                     /home/ubuntu/spark-2.1.1-bin-hadoop2.7/jars/javax.ws.rs-api-2.0.1.jar
7fa2226a8000-7fa2226ae000 r--s 0002c000 ca:01 783474                     /home/ubuntu/spark-2.1.1-bin-hadoop2.7/jars/jdo-api-3.0.1.jar
7fa2226ae000-7fa2226bc000 r--s 000b1000 ca:01 783432                     /home/ubuntu/spark-2.1.1-bin-hadoop2.7/jars/jackson-mapper-asl-1.9.13.jar
7fa2226bc000-7fa2226bf000 r--s 00012000 ca:01 783289                     /home/ubuntu/spark-2.1.1-bin-hadoop2.7/jars/json4s-ast_2.11-3.2.11.jar
7fa2226bf000-7fa2226c2000 r--s 0001a000 ca:01 783480                     /home/ubuntu/spark-2.1.1-bin-hadoop2.7/jars/py4j-0.10.4.jar
7fa2226c2000-7fa2226f8000 r--s 0031c000 ca:01 783253                     /home/ubuntu/spark-2.1.1-bin-hadoop2.7/jars/hadoop-common-2.7.3.jar
7fa2226f8000-7fa2226fa000 r--s 00003000 ca:01 783472                     /home/ubuntu/spark-2.1.1-bin-hadoop2.7/jars/JavaEWAH-0.3.2.jar
7fa2226fa000-7fa22276e000 r--s 00574000 ca:01 783417                     /home/ubuntu/spark-2.1.1-bin-hadoop2.7/jars/spark-mllib_2.11-2.1.1.jar
7fa22276e000-7fa222780000 r--s 00112000 ca:01 783481                     /home/ubuntu/spark-2.1.1-bin-hadoop2.7/jars/arpack_combined_all-0.1.jar
7fa222780000-7fa222781000 r--s 00009000 ca:01 782498                     /home/ubuntu/spark-2.1.1-bin-hadoop2.7/jars/hadoop-annotations-2.7.3.jar
7fa222781000-7fa222783000 r--s 00027000 ca:01 783451                     /home/ubuntu/spark-2.1.1-bin-hadoop2.7/jars/core-1.1.2.jar
7fa222783000-7fa222790000 r--s 000a7000 ca:01 783385                     /home/ubuntu/spark-2.1.1-bin-hadoop2.7/jars/httpclient-4.5.2.jar
7fa222790000-7fa222798000 r--s 00078000 ca:01 783466                     /home/ubuntu/spark-2.1.1-bin-hadoop2.7/jars/mail-1.4.7.jar
7fa222798000-7fa222799000 r--s 00006000 ca:01 783433                     /home/ubuntu/spark-2.1.1-bin-hadoop2.7/jars/hadoop-client-2.7.3.jar
7fa222799000-7fa2227a1000 r--s 00059000 ca:01 783298                     /home/ubuntu/spark-2.1.1-bin-hadoop2.7/jars/javolution-5.5.1.jar
7fa2227a1000-7fa2227a8000 r--s 0007d000 ca:01 783400                     /home/ubuntu/spark-2.1.1-bin-hadoop2.7/jars/jetty-6.1.26.jar
7fa2227a8000-7fa2227ab000 r--s 0002f000 ca:01 783250                     /home/ubuntu/spark-2.1.1-bin-hadoop2.7/jars/RoaringBitmap-0.5.11.jar
7fa2227ab000-7fa2227bb000 r--s 000a0000 ca:01 783286                     /home/ubuntu/spark-2.1.1-bin-hadoop2.7/jars/spark-yarn_2.11-2.1.1.jar
7fa2227bb000-7fa2227bd000 r--s 0000d000 ca:01 783403                     /home/ubuntu/spark-2.1.1-bin-hadoop2.7/jars/hadoop-yarn-server-web-proxy-2.7.3.jar
7fa2227bd000-7fa2227c0000 r--s 00022000 ca:01 783467                     /home/ubuntu/spark-2.1.1-bin-hadoop2.7/jars/stringtemplate-3.2.1.jar
7fa2227c0000-7fa2227d9000 r--s 00114000 ca:01 783264                     /home/ubuntu/spark-2.1.1-bin-hadoop2.7/jars/spark-hive_2.11-2.1.1.jar
7fa2227d9000-7fa2227da000 r--s 0000b000 ca:01 783386                     /home/ubuntu/spark-2.1.1-bin-hadoop2.7/jars/snappy-0.2.jar
7fa2227da000-7fa2227f7000 r--s 001d5000 ca:01 783506                     /home/ubuntu/spark-2.1.1-bin-hadoop2.7/jars/hadoop-yarn-api-2.7.3.jar
7fa2227f7000-7fa2227fb000 r--s 00031000 ca:01 783270                     /home/ubuntu/spark-2.1.1-bin-hadoop2.7/jars/jline-2.12.1.jar
7fa2227fb000-7fa2227fd000 r--s 00012000 ca:01 783464                     /home/ubuntu/spark-2.1.1-bin-hadoop2.7/jars/api-util-1.0.0-M20.jar
7fa2227fd000-7fa2227ff000 r--s 0000f000 ca:01 783254                     /home/ubuntu/spark-2.1.1-bin-hadoop2.7/jars/activation-1.1.1.jar
7fa2227ff000-7fa22280b000 r--s 000b6000 ca:01 783477                     /home/ubuntu/spark-2.1.1-bin-hadoop2.7/jars/zookeeper-3.4.6.jar
7fa22280b000-7fa2228b4000 r--s 00a4f000 ca:01 783462                     /home/ubuntu/spark-2.1.1-bin-hadoop2.7/jars/hive-exec-1.2.1.spark2.jar
7fa2228b4000-7fa2228b8000 r--s 00020000 ca:01 783398                     /home/ubuntu/spark-2.1.1-bin-hadoop2.7/jars/commons-digester-1.8.jar
7fa2228b8000-7fa2228bd000 r--s 00028000 ca:01 783487                     /home/ubuntu/spark-2.1.1-bin-hadoop2.7/jars/avro-mapred-1.7.7-hadoop2.jar
7fa2228bd000-7fa2228c1000 r--s 00014000 ca:01 783502                     /home/ubuntu/spark-2.1.1-bin-hadoop2.7/jars/xz-1.0.jar
7fa2228c1000-7fa2228c5000 r--s 00018000 ca:01 783271                     /home/ubuntu/spark-2.1.1-bin-hadoop2.7/jars/metrics-core-3.1.2.jar
7fa2228c5000-7fa2228c8000 r--s 00014000 ca:01 783439                     /home/ubuntu/spark-2.1.1-bin-hadoop2.7/jars/super-csv-2.2.0.jar
7fa2228c8000-7fa2228da000 r--s 00097000 ca:01 783465                     /home/ubuntu/spark-2.1.1-bin-hadoop2.7/jars/apacheds-kerberos-codec-2.0.0-M15.jar
7fa2228da000-7fa2228de000 r--s 0002c000 ca:01 783426                     /home/ubuntu/spark-2.1.1-bin-hadoop2.7/jars/avro-ipc-1.7.7.jar
7fa2228de000-7fa2228e0000 r--s 00003000 ca:01 783411                     /home/ubuntu/spark-2.1.1-bin-hadoop2.7/jars/jcl-over-slf4j-1.7.16.jar
7fa2228e0000-7fa2228e3000 r--s 00016000 ca:01 783280                     /home/ubuntu/spark-2.1.1-bin-hadoop2.7/jars/jsp-api-2.1.jar
7fa2228e3000-7fa2228eb000 r--s 0007b000 ca:01 783415                     /home/ubuntu/spark-2.1.1-bin-hadoop2.7/jars/protobuf-java-2.5.0.jar
7fa2228eb000-7fa2228f2000 r--s 00039000 ca:01 783405                     /home/ubuntu/spark-2.1.1-bin-hadoop2.7/jars/calcite-avatica-1.2.0-incubating.jar
7fa2228f2000-7fa22290b000 r--s 00150000 ca:01 783384                     /home/ubuntu/spark-2.1.1-bin-hadoop2.7/jars/htrace-core-3.1.0-incubating.jar
7fa22290b000-7fa22291d000 r--s 000b3000 ca:01 783475                     /home/ubuntu/spark-2.1.1-bin-hadoop2.7/jars/scalap-2.11.8.jar
7fa22291d000-7fa222923000 r--s 00028000 ca:01 783423                     /home/ubuntu/spark-2.1.1-bin-hadoop2.7/jars/curator-framework-2.6.0.jar
7fa222923000-7fa222948000 rw-p 00000000 00:00 0 
7fa222948000-7fa222a54000 r--s 00dba000 ca:01 783505                     /home/ubuntu/spark-2.1.1-bin-hadoop2.7/jars/scala-compiler-2.11.8.jar
7fa222a54000-7fa222a6c000 r--s 00115000 ca:01 782501                     /home/ubuntu/spark-2.1.1-bin-hadoop2.7/jars/xercesImpl-2.9.1.jar
7fa222a6c000-7fa222a73000 r--s 00051000 ca:01 783246                     /home/ubuntu/spark-2.1.1-bin-hadoop2.7/jars/kryo-shaded-3.0.3.jar
7fa222a73000-7fa222a80000 r--s 0009e000 ca:01 783469                     /home/ubuntu/spark-2.1.1-bin-hadoop2.7/jars/spark-graphx_2.11-2.1.1.jar
7fa222a80000-7fa222ad9000 r--s 00522000 ca:01 783511                     /home/ubuntu/spark-2.1.1-bin-hadoop2.7/jars/scala-library-2.11.8.jar
7fa222ad9000-7fa222ada000 r--s 00004000 ca:01 783394                     /home/ubuntu/spark-2.1.1-bin-hadoop2.7/jars/opencsv-2.3.jar
7fa222ada000-7fa222adb000 r--s 00002000 ca:01 783442                     /home/ubuntu/spark-2.1.1-bin-hadoop2.7/jars/jpam-1.1.jar
7fa222adb000-7fa222afc000 rw-p 00000000 00:00 0 
7fa222afc000-7fa222bcc000 r--s 00cf0000 ca:01 782504                     /home/ubuntu/spark-2.1.1-bin-hadoop2.7/jars/breeze_2.11-0.12.jar
7fa222bcc000-7fa222be3000 r--s 00183000 ca:01 783431                     /home/ubuntu/spark-2.1.1-bin-hadoop2.7/jars/hadoop-yarn-common-2.7.3.jar
7fa222be3000-7fa222be8000 r--s 0002a000 ca:01 783413                     /home/ubuntu/spark-2.1.1-bin-hadoop2.7/jars/gson-2.2.4.jar
7fa222be8000-7fa222bea000 r--s 00017000 ca:01 783294                     /home/ubuntu/spark-2.1.1-bin-hadoop2.7/jars/hive-jdbc-1.2.1.spark2.jar
7fa222bea000-7fa222bef000 r--s 00032000 ca:01 783510                     /home/ubuntu/spark-2.1.1-bin-hadoop2.7/jars/chill_2.11-0.8.0.jar
7fa222bef000-7fa222bf1000 r--s 00008000 ca:01 783268                     /home/ubuntu/spark-2.1.1-bin-hadoop2.7/jars/parquet-common-1.8.1.jar
7fa222bf1000-7fa222bf8000 r--s 00036000 ca:01 783382                     /home/ubuntu/spark-2.1.1-bin-hadoop2.7/jars/curator-recipes-2.6.0.jar
7fa222bf8000-7fa222c0e000 r--s 000d3000 ca:01 783383                     /home/ubuntu/spark-2.1.1-bin-hadoop2.7/jars/jersey-server-2.22.2.jar
7fa222c0e000-7fa222c0f000 r--s 00003000 ca:01 783277                     /home/ubuntu/spark-2.1.1-bin-hadoop2.7/jars/spark-tags_2.11-2.1.1.jar
7fa222c0f000-7fa222c11000 r--s 00005000 ca:01 783421                     /home/ubuntu/spark-2.1.1-bin-hadoop2.7/jars/javax.annotation-api-1.2.jar
7fa222c11000-7fa222c13000 r--s 00004000 ca:01 783274                     /home/ubuntu/spark-2.1.1-bin-hadoop2.7/jars/stax-api-1.0-2.jar
7fa222c13000-7fa222c14000 r--s 00009000 ca:01 783491                     /home/ubuntu/spark-2.1.1-bin-hadoop2.7/jars/slf4j-api-1.7.16.jar
7fa222c14000-7fa222c18000 r--s 00036000 ca:01 783497                     /home/ubuntu/spark-2.1.1-bin-hadoop2.7/jars/ST4-4.0.4.jar
7fa222c18000-7fa222c1a000 r--s 00003000 ca:01 783257                     /home/ubuntu/spark-2.1.1-bin-hadoop2.7/jars/jersey-container-servlet-2.22.2.jar
7fa222c1a000-7fa222c1b000 r--s 00009000 ca:01 783476                     /home/ubuntu/spark-2.1.1-bin-hadoop2.7/jars/hive-cli-1.2.1.spark2.jar
7fa222c1b000-7fa222c1e000 r--s 00026000 ca:01 783453                     /home/ubuntu/spark-2.1.1-bin-hadoop2.7/jars/hadoop-yarn-client-2.7.3.jar
7fa222c1e000-7fa222c23000 r--s 00041000 ca:01 783418                     /home/ubuntu/spark-2.1.1-bin-hadoop2.7/jars/commons-lang-2.6.jar
7fa222c23000-7fa222c29000 r--s 00045000 ca:01 783292                     /home/ubuntu/spark-2.1.1-bin-hadoop2.7/jars/commons-httpclient-3.1.jar
7fa222c29000-7fa222c2c000 r--s 00015000 ca:01 783378                     /home/ubuntu/spark-2.1.1-bin-hadoop2.7/jars/commons-pool-1.5.4.jar
7fa222c2c000-7fa222c2d000 r--s 00001000 ca:01 783484                     /home/ubuntu/spark-2.1.1-bin-hadoop2.7/jars/javax.inject-2.4.0-b34.jar
7fa222c2d000-7fa222c2e000 r--s 00002000 ca:01 783273                     /home/ubuntu/spark-2.1.1-bin-hadoop2.7/jars/java-xmlbuilder-1.0.jar
7fa222c2e000-7fa222c37000 r--s 00097000 ca:01 783483                     /home/ubuntu/spark-2.1.1-bin-hadoop2.7/jars/pmml-model-1.2.15.jar
7fa222c37000-7fa222c59000 r--s 00335000 ca:01 783428                     /home/ubuntu/spark-2.1.1-bin-hadoop2.7/jars/mesos-1.0.0-shaded-protobuf.jar
7fa222c59000-7fa222c5a000 r--s 00004000 ca:01 783388                     /home/ubuntu/spark-2.1.1-bin-hadoop2.7/jars/jackson-jaxrs-1.9.13.jar
7fa222c5a000-7fa222c5d000 r--s 00015000 ca:01 782497                     /home/ubuntu/spark-2.1.1-bin-hadoop2.7/jars/javax.servlet-api-3.1.0.jar
7fa222c5d000-7fa222c64000 r--s 00049000 ca:01 783414                     /home/ubuntu/spark-2.1.1-bin-hadoop2.7/jars/httpcore-4.4.4.jar
7fa222c64000-7fa222c67000 r--s 00028000 ca:01 783244                     /home/ubuntu/spark-2.1.1-bin-hadoop2.7/jars/stream-2.7.0.jar
7fa222c67000-7fa222c71000 r--s 00086000 ca:01 783396                     /home/ubuntu/spark-2.1.1-bin-hadoop2.7/jars/json4s-core_2.11-3.2.11.jar
7fa222c71000-7fa222c7f000 r--s 00078000 ca:01 783434                     /home/ubuntu/spark-2.1.1-bin-hadoop2.7/jars/spark-mesos_2.11-2.1.1.jar
7fa222c7f000-7fa222c8a000 r--s 00062000 ca:01 783407                     /home/ubuntu/spark-2.1.1-bin-hadoop2.7/jars/calcite-linq4j-1.2.0-incubating.jar
7fa222c8a000-7fa222c8d000 r--s 000fd000 ca:01 783291                     /home/ubuntu/spark-2.1.1-bin-hadoop2.7/jars/leveldbjni-all-1.8.jar
7fa222c8d000-7fa222cba000 r--s 001d4000 ca:01 783509                     /home/ubuntu/spark-2.1.1-bin-hadoop2.7/jars/spark-streaming_2.11-2.1.1.jar
7fa222cba000-7fa222cbc000 r--s 00006000 ca:01 783265                     /home/ubuntu/spark-2.1.1-bin-hadoop2.7/jars/spark-sketch_2.11-2.1.1.jar
7fa222cbc000-7fa222cd2000 r--s 001a4000 ca:01 783300                     /home/ubuntu/spark-2.1.1-bin-hadoop2.7/jars/datanucleus-rdbms-3.2.9.jar
7fa222cd2000-7fa222d00000 r--s 00212000 ca:01 783390                     /home/ubuntu/spark-2.1.1-bin-hadoop2.7/jars/spark-network-common_2.11-2.1.1.jar
7fa222d00000-7fa222d06000 r--s 00044000 ca:01 783441                     /home/ubuntu/spark-2.1.1-bin-hadoop2.7/jars/antlr4-runtime-4.5.3.jar
7fa222d06000-7fa222d08000 r--s 0000e000 ca:01 783468                     /home/ubuntu/spark-2.1.1-bin-hadoop2.7/jars/guice-servlet-3.0.jar
7fa222d08000-7fa222d0a000 r--s 0000e000 ca:01 783455                     /home/ubuntu/spark-2.1.1-bin-hadoop2.7/jars/commons-logging-1.1.3.jar
7fa222d0a000-7fa222d14000 r--s 000a5000 ca:01 783444                     /home/ubuntu/spark-2.1.1-bin-hadoop2.7/jars/javassist-3.18.1-GA.jar
7fa222d14000-7fa222d16000 r--s 00009000 ca:01 783494                     /home/ubuntu/spark-2.1.1-bin-hadoop2.7/jars/objenesis-2.1.jar
7fa222d16000-7fa222d18000 r--s 0000a000 ca:01 783299                     /home/ubuntu/spark-2.1.1-bin-hadoop2.7/jars/spark-unsafe_2.11-2.1.1.jar
7fa222d18000-7fa222d1e000 r--s 00034000 ca:01 783460                     /home/ubuntu/spark-2.1.1-bin-hadoop2.7/jars/libthrift-0.9.3.jar
7fa222d1e000-7fa222d81000 r--s 004de000 ca:01 783397                     /home/ubuntu/spark-2.1.1-bin-hadoop2.7/jars/hive-metastore-1.2.1.spark2.jar
7fa222d81000-7fa222d88000 r--s 0005d000 ca:01 783454                     /home/ubuntu/spark-2.1.1-bin-hadoop2.7/jars/mx4j-3.0.2.jar
7fa222d88000-7fa222da0000 r--s 001b6000 ca:01 783256                     /home/ubuntu/spark-2.1.1-bin-hadoop2.7/jars/datanucleus-core-3.2.10.jar
7fa222da0000-7fa222da2000 r--s 0000e000 ca:01 783447                     /home/ubuntu/spark-2.1.1-bin-hadoop2.7/jars/hadoop-mapreduce-client-jobclient-2.7.3.jar
7fa222da2000-7fa222da4000 r--s 0000f000 ca:01 783435                     /home/ubuntu/spark-2.1.1-bin-hadoop2.7/jars/spark-launcher_2.11-2.1.1.jar
7fa222da4000-7fa222da5000 r--s 00004000 ca:01 783389                     /home/ubuntu/spark-2.1.1-bin-hadoop2.7/jars/eigenbase-properties-1.1.5.jar
7fa222da5000-7fa222da9000 r--s 0003c000 ca:01 783500                     /home/ubuntu/spark-2.1.1-bin-hadoop2.7/jars/jackson-core-2.6.5.jar
7fa222da9000-7fa222dae000 r--s 00036000 ca:01 783261                     /home/ubuntu/spark-2.1.1-bin-hadoop2.7/jars/commons-compress-1.4.1.jar
7fa222dae000-7fa222db8000 r--s 000aa000 ca:01 783440                     /home/ubuntu/spark-2.1.1-bin-hadoop2.7/jars/janino-3.0.0.jar
7fa222db8000-7fa222dbe000 r--s 00043000 ca:01 783504                     /home/ubuntu/spark-2.1.1-bin-hadoop2.7/jars/commons-configuration-1.6.jar
7fa222dbe000-7fa222dea000 r--s 001c9000 ca:01 783459                     /home/ubuntu/spark-2.1.1-bin-hadoop2.7/jars/shapeless_2.11-2.0.0.jar
7fa222dea000-7fa222df4000 r--s 0007b000 ca:01 783493                     /home/ubuntu/spark-2.1.1-bin-hadoop2.7/jars/hadoop-mapreduce-client-app-2.7.3.jar
7fa222df4000-7fa222e49000 r--s 0069c000 ca:01 783282                     /home/ubuntu/spark-2.1.1-bin-hadoop2.7/jars/spire_2.11-0.7.4.jar
7fa222e49000-7fa222e4a000 r--s 00002000 ca:01 783377                     /home/ubuntu/spark-2.1.1-bin-hadoop2.7/jars/slf4j-log4j12-1.7.16.jar
7fa222e4a000-7fa222e4c000 r--s 00002000 ca:01 783293                     /home/ubuntu/spark-2.1.1-bin-hadoop2.7/jars/aopalliance-repackaged-2.4.0-b34.jar
7fa222e4c000-7fa222e50000 r--s 0000c000 ca:01 783375                     /home/ubuntu/spark-2.1.1-bin-hadoop2.7/jars/validation-api-1.1.0.Final.jar
7fa222e50000-7fa222e52000 r--s 00008000 ca:01 783248                     /home/ubuntu/spark-2.1.1-bin-hadoop2.7/jars/metrics-jvm-3.1.2.jar
7fa222e52000-7fa222e55000 r--s 00025000 ca:01 783376                     /home/ubuntu/spark-2.1.1-bin-hadoop2.7/jars/commons-dbcp-1.4.jar
7fa222e55000-7fa222e5f000 r--s 00095000 ca:01 783406                     /home/ubuntu/spark-2.1.1-bin-hadoop2.7/jars/scala-xml_2.11-1.0.2.jar
7fa222e5f000-7fa222e64000 r--s 00027000 ca:01 783507                     /home/ubuntu/spark-2.1.1-bin-hadoop2.7/jars/hk2-api-2.4.0-b34.jar
7fa222e64000-7fa222e68000 r--s 00025000 ca:01 782502                     /home/ubuntu/spark-2.1.1-bin-hadoop2.7/jars/antlr-runtime-3.4.jar
7fa222e68000-7fa222e6b000 r--s 00019000 ca:01 782495                     /home/ubuntu/spark-2.1.1-bin-hadoop2.7/jars/bonecp-0.8.0.RELEASE.jar
7fa222e6b000-7fa222e7c000 r--s 0010d000 ca:01 783392                     /home/ubuntu/spark-2.1.1-bin-hadoop2.7/jars/jackson-databind-2.6.5.jar
7fa222e7c000-7fa222e7e000 r--s 0001f000 ca:01 783471                     /home/ubuntu/spark-2.1.1-bin-hadoop2.7/jars/commons-crypto-1.0.0.jar
7fa222e7e000-7fa222e8b000 r--s 00071000 ca:01 783478                     /home/ubuntu/spark-2.1.1-bin-hadoop2.7/jars/jackson-module-scala_2.11-2.6.5.jar
7fa222e8b000-7fa222ec2000 r--s 00325000 ca:01 783463                     /home/ubuntu/spark-2.1.1-bin-hadoop2.7/jars/calcite-core-1.2.0-incubating.jar
7fa222ec2000-7fa222edd000 r--s 00394000 ca:01 782932                     /usr/lib/jvm/java-8-openjdk-amd64/jre/lib/ext/cldrdata.jar
7fa222edd000-7fa222ede000 ---p 00000000 00:00 0 
7fa222ede000-7fa222fde000 rw-p 00000000 00:00 0 
7fa222fde000-7fa222fe1000 ---p 00000000 00:00 0 
7fa222fe1000-7fa2230df000 rw-p 00000000 00:00 0 
7fa2230df000-7fa2230e2000 ---p 00000000 00:00 0 
7fa2230e2000-7fa2231e0000 rw-p 00000000 00:00 0 
7fa2231e0000-7fa2231e3000 ---p 00000000 00:00 0 
7fa2231e3000-7fa2232e1000 rw-p 00000000 00:00 0 
7fa2232e1000-7fa2232e4000 ---p 00000000 00:00 0 
7fa2232e4000-7fa2233e2000 rw-p 00000000 00:00 0 
7fa2233e2000-7fa22357a000 r--p 00000000 ca:01 28937                      /usr/lib/locale/locale-archive
7fa22357a000-7fa22357d000 ---p 00000000 00:00 0 
7fa22357d000-7fa22367b000 rw-p 00000000 00:00 0 
7fa22367b000-7fa22367e000 ---p 00000000 00:00 0 
7fa22367e000-7fa22377c000 rw-p 00000000 00:00 0 
7fa22377c000-7fa22377d000 ---p 00000000 00:00 0 
7fa22377d000-7fa22387d000 rw-p 00000000 00:00 0 
7fa22387d000-7fa223a4c000 r--s 03c07000 ca:01 782979                     /usr/lib/jvm/java-8-openjdk-amd64/jre/lib/rt.jar
7fa223a4c000-7fa2242c2000 rw-p 00000000 00:00 0 
7fa2242c2000-7fa2243c8000 rw-p 00000000 00:00 0 
7fa2243c8000-7fa224418000 ---p 00000000 00:00 0 
7fa224418000-7fa22445b000 rw-p 00000000 00:00 0 
7fa22445b000-7fa2244c2000 ---p 00000000 00:00 0 
7fa2244c2000-7fa2245c9000 rw-p 00000000 00:00 0 
7fa2245c9000-7fa224618000 ---p 00000000 00:00 0 
7fa224618000-7fa224632000 rw-p 00000000 00:00 0 
7fa224632000-7fa2249d9000 ---p 00000000 00:00 0 
7fa2249d9000-7fa225019000 rwxp 00000000 00:00 0 
7fa225019000-7fa2339d9000 ---p 00000000 00:00 0 
7fa2339d9000-7fa2339e1000 r-xp 00000000 ca:01 782956                     /usr/lib/jvm/java-8-openjdk-amd64/jre/lib/amd64/libzip.so
7fa2339e1000-7fa233be0000 ---p 00008000 ca:01 782956                     /usr/lib/jvm/java-8-openjdk-amd64/jre/lib/amd64/libzip.so
7fa233be0000-7fa233be1000 r--p 00007000 ca:01 782956                     /usr/lib/jvm/java-8-openjdk-amd64/jre/lib/amd64/libzip.so
7fa233be1000-7fa233be2000 rw-p 00008000 ca:01 782956                     /usr/lib/jvm/java-8-openjdk-amd64/jre/lib/amd64/libzip.so
7fa233be2000-7fa233bed000 r-xp 00000000 ca:01 2072                       /lib/x86_64-linux-gnu/libnss_files-2.23.so
7fa233bed000-7fa233dec000 ---p 0000b000 ca:01 2072                       /lib/x86_64-linux-gnu/libnss_files-2.23.so
7fa233dec000-7fa233ded000 r--p 0000a000 ca:01 2072                       /lib/x86_64-linux-gnu/libnss_files-2.23.so
7fa233ded000-7fa233dee000 rw-p 0000b000 ca:01 2072                       /lib/x86_64-linux-gnu/libnss_files-2.23.so
7fa233dee000-7fa233df4000 rw-p 00000000 00:00 0 
7fa233df4000-7fa233dff000 r-xp 00000000 ca:01 2061                       /lib/x86_64-linux-gnu/libnss_nis-2.23.so
7fa233dff000-7fa233ffe000 ---p 0000b000 ca:01 2061                       /lib/x86_64-linux-gnu/libnss_nis-2.23.so
7fa233ffe000-7fa233fff000 r--p 0000a000 ca:01 2061                       /lib/x86_64-linux-gnu/libnss_nis-2.23.so
7fa233fff000-7fa234000000 rw-p 0000b000 ca:01 2061                       /lib/x86_64-linux-gnu/libnss_nis-2.23.so
7fa234000000-7fa234d2a000 rw-p 00000000 00:00 0 
7fa234d2a000-7fa238000000 ---p 00000000 00:00 0 
7fa238000000-7fa238004000 r--s 0002f000 ca:01 783456                     /home/ubuntu/spark-2.1.1-bin-hadoop2.7/jars/commons-beanutils-core-1.8.0.jar
7fa238004000-7fa238009000 r--s 00031000 ca:01 783422                     /home/ubuntu/spark-2.1.1-bin-hadoop2.7/jars/parquet-hadoop-1.8.1.jar
7fa238009000-7fa23800b000 r--s 00020000 ca:01 783427                     /home/ubuntu/spark-2.1.1-bin-hadoop2.7/jars/hive-beeline-1.2.1.spark2.jar
7fa23800b000-7fa238013000 r--s 00066000 ca:01 783410                     /home/ubuntu/spark-2.1.1-bin-hadoop2.7/jars/apache-log4j-extras-1.2.17.jar
7fa238013000-7fa23802e000 r--s 001d6000 ca:01 782934                     /usr/lib/jvm/java-8-openjdk-amd64/jre/lib/ext/nashorn.jar
7fa23802e000-7fa238044000 r-xp 00000000 ca:01 2065                       /lib/x86_64-linux-gnu/libnsl-2.23.so
7fa238044000-7fa238243000 ---p 00016000 ca:01 2065                       /lib/x86_64-linux-gnu/libnsl-2.23.so
7fa238243000-7fa238244000 r--p 00015000 ca:01 2065                       /lib/x86_64-linux-gnu/libnsl-2.23.so
7fa238244000-7fa238245000 rw-p 00016000 ca:01 2065                       /lib/x86_64-linux-gnu/libnsl-2.23.so
7fa238245000-7fa238247000 rw-p 00000000 00:00 0 
7fa238247000-7fa23824f000 r-xp 00000000 ca:01 2074                       /lib/x86_64-linux-gnu/libnss_compat-2.23.so
7fa23824f000-7fa23844e000 ---p 00008000 ca:01 2074                       /lib/x86_64-linux-gnu/libnss_compat-2.23.so
7fa23844e000-7fa23844f000 r--p 00007000 ca:01 2074                       /lib/x86_64-linux-gnu/libnss_compat-2.23.so
7fa23844f000-7fa238450000 rw-p 00008000 ca:01 2074                       /lib/x86_64-linux-gnu/libnss_compat-2.23.so
7fa238450000-7fa23847d000 r-xp 00000000 ca:01 782951                     /usr/lib/jvm/java-8-openjdk-amd64/jre/lib/amd64/libjava.so
7fa23847d000-7fa23867c000 ---p 0002d000 ca:01 782951                     /usr/lib/jvm/java-8-openjdk-amd64/jre/lib/amd64/libjava.so
7fa23867c000-7fa23867d000 r--p 0002c000 ca:01 782951                     /usr/lib/jvm/java-8-openjdk-amd64/jre/lib/amd64/libjava.so
7fa23867d000-7fa23867f000 rw-p 0002d000 ca:01 782951                     /usr/lib/jvm/java-8-openjdk-amd64/jre/lib/amd64/libjava.so
7fa23867f000-7fa23868e000 r-xp 00000000 ca:01 782948                     /usr/lib/jvm/java-8-openjdk-amd64/jre/lib/amd64/libverify.so
7fa23868e000-7fa23888d000 ---p 0000f000 ca:01 782948                     /usr/lib/jvm/java-8-openjdk-amd64/jre/lib/amd64/libverify.so
7fa23888d000-7fa23888f000 r--p 0000e000 ca:01 782948                     /usr/lib/jvm/java-8-openjdk-amd64/jre/lib/amd64/libverify.so
7fa23888f000-7fa238890000 rw-p 00010000 ca:01 782948                     /usr/lib/jvm/java-8-openjdk-amd64/jre/lib/amd64/libverify.so
7fa238890000-7fa238897000 r-xp 00000000 ca:01 2077                       /lib/x86_64-linux-gnu/librt-2.23.so
7fa238897000-7fa238a96000 ---p 00007000 ca:01 2077                       /lib/x86_64-linux-gnu/librt-2.23.so
7fa238a96000-7fa238a97000 r--p 00006000 ca:01 2077                       /lib/x86_64-linux-gnu/librt-2.23.so
7fa238a97000-7fa238a98000 rw-p 00007000 ca:01 2077                       /lib/x86_64-linux-gnu/librt-2.23.so
7fa238a98000-7fa238aae000 r-xp 00000000 ca:01 2038                       /lib/x86_64-linux-gnu/libgcc_s.so.1
7fa238aae000-7fa238cad000 ---p 00016000 ca:01 2038                       /lib/x86_64-linux-gnu/libgcc_s.so.1
7fa238cad000-7fa238cae000 rw-p 00015000 ca:01 2038                       /lib/x86_64-linux-gnu/libgcc_s.so.1
7fa238cae000-7fa238db6000 r-xp 00000000 ca:01 2064                       /lib/x86_64-linux-gnu/libm-2.23.so
7fa238db6000-7fa238fb5000 ---p 00108000 ca:01 2064                       /lib/x86_64-linux-gnu/libm-2.23.so
7fa238fb5000-7fa238fb6000 r--p 00107000 ca:01 2064                       /lib/x86_64-linux-gnu/libm-2.23.so
7fa238fb6000-7fa238fb7000 rw-p 00108000 ca:01 2064                       /lib/x86_64-linux-gnu/libm-2.23.so
7fa238fb7000-7fa239129000 r-xp 00000000 ca:01 25778                      /usr/lib/x86_64-linux-gnu/libstdc++.so.6.0.21
7fa239129000-7fa239329000 ---p 00172000 ca:01 25778                      /usr/lib/x86_64-linux-gnu/libstdc++.so.6.0.21
7fa239329000-7fa239333000 r--p 00172000 ca:01 25778                      /usr/lib/x86_64-linux-gnu/libstdc++.so.6.0.21
7fa239333000-7fa239335000 rw-p 0017c000 ca:01 25778                      /usr/lib/x86_64-linux-gnu/libstdc++.so.6.0.21
7fa239335000-7fa239339000 rw-p 00000000 00:00 0 
7fa239339000-7fa239f8a000 r-xp 00000000 ca:01 782947                     /usr/lib/jvm/java-8-openjdk-amd64/jre/lib/amd64/server/libjvm.so
7fa239f8a000-7fa23a18a000 ---p 00c51000 ca:01 782947                     /usr/lib/jvm/java-8-openjdk-amd64/jre/lib/amd64/server/libjvm.so
7fa23a18a000-7fa23a21d000 r--p 00c51000 ca:01 782947                     /usr/lib/jvm/java-8-openjdk-amd64/jre/lib/amd64/server/libjvm.so
7fa23a21d000-7fa23a246000 rw-p 00ce4000 ca:01 782947                     /usr/lib/jvm/java-8-openjdk-amd64/jre/lib/amd64/server/libjvm.so
7fa23a246000-7fa23a276000 rw-p 00000000 00:00 0 
7fa23a276000-7fa23a28e000 r-xp 00000000 ca:01 2082                       /lib/x86_64-linux-gnu/libpthread-2.23.so
7fa23a28e000-7fa23a48d000 ---p 00018000 ca:01 2082                       /lib/x86_64-linux-gnu/libpthread-2.23.so
7fa23a48d000-7fa23a48e000 r--p 00017000 ca:01 2082                       /lib/x86_64-linux-gnu/libpthread-2.23.so
7fa23a48e000-7fa23a48f000 rw-p 00018000 ca:01 2082                       /lib/x86_64-linux-gnu/libpthread-2.23.so
7fa23a48f000-7fa23a493000 rw-p 00000000 00:00 0 
7fa23a493000-7fa23a496000 r-xp 00000000 ca:01 2060                       /lib/x86_64-linux-gnu/libdl-2.23.so
7fa23a496000-7fa23a695000 ---p 00003000 ca:01 2060                       /lib/x86_64-linux-gnu/libdl-2.23.so
7fa23a695000-7fa23a696000 r--p 00002000 ca:01 2060                       /lib/x86_64-linux-gnu/libdl-2.23.so
7fa23a696000-7fa23a697000 rw-p 00003000 ca:01 2060                       /lib/x86_64-linux-gnu/libdl-2.23.so
7fa23a697000-7fa23a6b0000 r-xp 00000000 ca:01 2187                       /lib/x86_64-linux-gnu/libz.so.1.2.8
7fa23a6b0000-7fa23a8af000 ---p 00019000 ca:01 2187                       /lib/x86_64-linux-gnu/libz.so.1.2.8
7fa23a8af000-7fa23a8b0000 r--p 00018000 ca:01 2187                       /lib/x86_64-linux-gnu/libz.so.1.2.8
7fa23a8b0000-7fa23a8b1000 rw-p 00019000 ca:01 2187                       /lib/x86_64-linux-gnu/libz.so.1.2.8
7fa23a8b1000-7fa23aa70000 r-xp 00000000 ca:01 2066                       /lib/x86_64-linux-gnu/libc-2.23.so
7fa23aa70000-7fa23ac70000 ---p 001bf000 ca:01 2066                       /lib/x86_64-linux-gnu/libc-2.23.so
7fa23ac70000-7fa23ac74000 r--p 001bf000 ca:01 2066                       /lib/x86_64-linux-gnu/libc-2.23.so
7fa23ac74000-7fa23ac76000 rw-p 001c3000 ca:01 2066                       /lib/x86_64-linux-gnu/libc-2.23.so
7fa23ac76000-7fa23ac7a000 rw-p 00000000 00:00 0 
7fa23ac7a000-7fa23ac87000 r-xp 00000000 ca:01 782964                     /usr/lib/jvm/java-8-openjdk-amd64/jre/lib/amd64/jli/libjli.so
7fa23ac87000-7fa23ae87000 ---p 0000d000 ca:01 782964                     /usr/lib/jvm/java-8-openjdk-amd64/jre/lib/amd64/jli/libjli.so
7fa23ae87000-7fa23ae88000 r--p 0000d000 ca:01 782964                     /usr/lib/jvm/java-8-openjdk-amd64/jre/lib/amd64/jli/libjli.so
7fa23ae88000-7fa23ae89000 rw-p 0000e000 ca:01 782964                     /usr/lib/jvm/java-8-openjdk-amd64/jre/lib/amd64/jli/libjli.so
7fa23ae89000-7fa23aeaf000 r-xp 00000000 ca:01 2069                       /lib/x86_64-linux-gnu/ld-2.23.so
7fa23aeaf000-7fa23aeb2000 r--s 0000f000 ca:01 782931                     /usr/lib/jvm/java-8-openjdk-amd64/jre/lib/ext/icedtea-sound.jar
7fa23aeb2000-7fa23aeb4000 r--s 00001000 ca:01 782925                     /usr/lib/jvm/java-8-openjdk-amd64/jre/lib/ext/dnsns.jar
7fa23aeb4000-7fa23aeb9000 r--s 0003b000 ca:01 782930                     /usr/lib/jvm/java-8-openjdk-amd64/jre/lib/ext/sunjce_provider.jar
7fa23aeb9000-7fa23aebd000 r--s 00037000 ca:01 782927                     /usr/lib/jvm/java-8-openjdk-amd64/jre/lib/ext/sunpkcs11.jar
7fa23aebd000-7fa23aec7000 r--s 00116000 ca:01 782933                     /usr/lib/jvm/java-8-openjdk-amd64/jre/lib/ext/localedata.jar
7fa23aec7000-7fa23af97000 rw-p 00000000 00:00 0 
7fa23af97000-7fa23af9f000 rw-s 00000000 ca:01 531563                     /tmp/hsperfdata_ubuntu/9338
7fa23af9f000-7fa23afa2000 ---p 00000000 00:00 0 
7fa23afa2000-7fa23b0a5000 rw-p 00000000 00:00 0 
7fa23b0a5000-7fa23b0a6000 r--s 00003000 ca:01 783255                     /home/ubuntu/spark-2.1.1-bin-hadoop2.7/jars/jta-1.1.jar
7fa23b0a6000-7fa23b0a7000 r--s 00010000 ca:01 782928                     /usr/lib/jvm/java-8-openjdk-amd64/jre/lib/ext/zipfs.jar
7fa23b0a7000-7fa23b0a8000 r--s 0000a000 ca:01 782926                     /usr/lib/jvm/java-8-openjdk-amd64/jre/lib/ext/jaccess.jar
7fa23b0a8000-7fa23b0aa000 r--s 00008000 ca:01 782929                     /usr/lib/jvm/java-8-openjdk-amd64/jre/lib/ext/sunec.jar
7fa23b0aa000-7fa23b0ab000 rw-p 00000000 00:00 0 
7fa23b0ab000-7fa23b0ac000 ---p 00000000 00:00 0 
7fa23b0ac000-7fa23b0ae000 rw-p 00000000 00:00 0 
7fa23b0ae000-7fa23b0af000 r--p 00025000 ca:01 2069                       /lib/x86_64-linux-gnu/ld-2.23.so
7fa23b0af000-7fa23b0b0000 rw-p 00026000 ca:01 2069                       /lib/x86_64-linux-gnu/ld-2.23.so
7fa23b0b0000-7fa23b0b1000 rw-p 00000000 00:00 0 
7ffc5e16d000-7ffc5e18e000 rw-p 00000000 00:00 0                          [stack]
7ffc5e1db000-7ffc5e1dd000 r--p 00000000 00:00 0                          [vvar]
7ffc5e1dd000-7ffc5e1df000 r-xp 00000000 00:00 0                          [vdso]
ffffffffff600000-ffffffffff601000 r-xp 00000000 00:00 0                  [vsyscall]

VM Arguments:
jvm_args: -Xmx1g 
java_command: org.apache.spark.deploy.SparkSubmit pyspark-shell
java_class_path (initial): /home/ubuntu/spark-2.1.1-bin-hadoop2.7/conf/:/home/ubuntu/spark-2.1.1-bin-hadoop2.7/jars/calcite-core-1.2.0-incubating.jar:/home/ubuntu/spark-2.1.1-bin-hadoop2.7/jars/apache-log4j-extras-1.2.17.jar:/home/ubuntu/spark-2.1.1-bin-hadoop2.7/jars/hive-beeline-1.2.1.spark2.jar:/home/ubuntu/spark-2.1.1-bin-hadoop2.7/jars/jackson-module-scala_2.11-2.6.5.jar:/home/ubuntu/spark-2.1.1-bin-hadoop2.7/jars/parquet-hadoop-1.8.1.jar:/home/ubuntu/spark-2.1.1-bin-hadoop2.7/jars/commons-beanutils-core-1.8.0.jar:/home/ubuntu/spark-2.1.1-bin-hadoop2.7/jars/commons-crypto-1.0.0.jar:/home/ubuntu/spark-2.1.1-bin-hadoop2.7/jars/jackson-databind-2.6.5.jar:/home/ubuntu/spark-2.1.1-bin-hadoop2.7/jars/bonecp-0.8.0.RELEASE.jar:/home/ubuntu/spark-2.1.1-bin-hadoop2.7/jars/antlr-runtime-3.4.jar:/home/ubuntu/spark-2.1.1-bin-hadoop2.7/jars/hk2-api-2.4.0-b34.jar:/home/ubuntu/spark-2.1.1-bin-hadoop2.7/jars/scala-xml_2.11-1.0.2.jar:/home/ubuntu/spark-2.1.1-bin-hadoop2.7/jars/commons-dbcp-1.4.jar:/home/ubuntu/spark-2.1.1-bin-hadoop2.7/jars/metrics-jvm-3.1.2.jar:/home/ubuntu/spark-2.1.1-bin-hadoop2.7/jars/validation-api-1.1.0.Final.jar:/home/ubuntu/spark-2.1.1-bin-hadoop2.7/jars/aopalliance-repackaged-2.4.0-b34.jar:/home/ubuntu/spark-2.1.1-bin-hadoop2.7/jars/jta-1.1.jar:/home/ubuntu/spark-2.1.1-bin-hadoop2.7/jars/slf4j-log4j12-1.7.16.jar:/home/ubuntu/spark-2.1.1-bin-hadoop2.7/jars/spire_2.11-0.7.4.jar:/home/ubuntu/spark-2.1.1-bin-hadoop2.7/jars/hadoop-mapreduce-client-app-2.7.3.jar:/home/ubuntu/spark-2.1.1-bin-hadoop2.7/jars/shapeless_2.11-2.0.0.jar:/home/ubuntu/spark-2.1.1-bin-hadoop2.7/jars/commons-configuration-1.6.jar:/home/ubuntu/spark-2.1.1-bin-hadoop2.7/jars/janino-3.0.0.jar:/home/ubuntu/spark-2.1.1-bin-hadoop2.7/jars/commons-compress-1.4.1.jar:/home/ubuntu/spark-2.1.1-bin-hadoop2.7/jars/jackson-core-2.6.5.jar:/home/ubuntu/spark-2.1.1-bin-hadoop2.7/jars/eigenbase-properties-1.1.5.jar:/home/ubuntu/spark-2.1.1-bin-hadoop2.7/jars/spark-launcher_2.11-2.1.1.jar:/home/ubuntu/
Launcher Type: SUN_STANDARD

Environment Variables:
PATH=/home/ubuntu/bin:/home/ubuntu/.local/bin:/home/ubuntu/spark-2.1.1-bin-hadoop2.7:/home/ubuntu/anaconda3/bin:/home/ubuntu/1+1/bin:/usr/local/sbin:/usr/local/bin:/usr/sbin:/usr/bin:/sbin:/bin:/usr/games:/usr/local/games:/snap/bin
SHELL=/bin/bash

Signal Handlers:
SIGSEGV: [libjvm.so+0xa67f40], sa_mask[0]=11111111011111111101111111111110, sa_flags=SA_RESTART|SA_SIGINFO
SIGBUS: [libjvm.so+0xa67f40], sa_mask[0]=11111111011111111101111111111110, sa_flags=SA_RESTART|SA_SIGINFO
SIGFPE: [libjvm.so+0x8b0ec0], sa_mask[0]=11111111011111111101111111111110, sa_flags=SA_RESTART|SA_SIGINFO
SIGPIPE: [libjvm.so+0x8b0ec0], sa_mask[0]=11111111011111111101111111111110, sa_flags=SA_RESTART|SA_SIGINFO
SIGXFSZ: [libjvm.so+0x8b0ec0], sa_mask[0]=11111111011111111101111111111110, sa_flags=SA_RESTART|SA_SIGINFO
SIGILL: [libjvm.so+0x8b0ec0], sa_mask[0]=11111111011111111101111111111110, sa_flags=SA_RESTART|SA_SIGINFO
SIGUSR1: SIG_DFL, sa_mask[0]=00000000000000000000000000000000, sa_flags=none
SIGUSR2: [libjvm.so+0x8b0d70], sa_mask[0]=00000000000000000000000000000000, sa_flags=SA_RESTART|SA_SIGINFO
SIGHUP: [libjvm.so+0x8b1240], sa_mask[0]=11111111011111111101111111111110, sa_flags=SA_RESTART|SA_SIGINFO
SIGINT: SIG_IGN, sa_mask[0]=00000000000000000000000000000000, sa_flags=none
SIGTERM: [libjvm.so+0x8b1240], sa_mask[0]=11111111011111111101111111111110, sa_flags=SA_RESTART|SA_SIGINFO
SIGQUIT: [libjvm.so+0x8b1240], sa_mask[0]=11111111011111111101111111111110, sa_flags=SA_RESTART|SA_SIGINFO


---------------  S Y S T E M  ---------------

OS:DISTRIB_ID=Ubuntu
DISTRIB_RELEASE=16.04
DISTRIB_CODENAME=xenial
DISTRIB_DESCRIPTION="Ubuntu 16.04.2 LTS"

uname:Linux 4.4.0-1016-aws #25-Ubuntu SMP Thu Apr 20 11:34:35 UTC 2017 x86_64
libc:glibc 2.23 NPTL 2.23 
rlimit: STACK 8192k, CORE 0k, NPROC 3902, NOFILE 65536, AS infinity
load average:0.15 0.12 0.19

/proc/meminfo:
MemTotal:        1014460 kB
MemFree:           77920 kB
MemAvailable:      69596 kB
Buffers:            1792 kB
Cached:           108344 kB
SwapCached:            0 kB
Active:           810552 kB
Inactive:          62064 kB
Active(anon):     765468 kB
Inactive(anon):     2736 kB
Active(file):      45084 kB
Inactive(file):    59328 kB
Unevictable:        3656 kB
Mlocked:            3656 kB
SwapTotal:             0 kB
SwapFree:              0 kB
Dirty:                68 kB
Writeback:             0 kB
AnonPages:        766208 kB
Mapped:            42684 kB
Shmem:              3232 kB
Slab:              38668 kB
SReclaimable:      21764 kB
SUnreclaim:        16904 kB
KernelStack:        3328 kB
PageTables:         5928 kB
NFS_Unstable:          0 kB
Bounce:                0 kB
WritebackTmp:          0 kB
CommitLimit:      507228 kB
Committed_AS:    1265268 kB
VmallocTotal:   34359738367 kB
VmallocUsed:           0 kB
VmallocChunk:          0 kB
HardwareCorrupted:     0 kB
AnonHugePages:    485376 kB
CmaTotal:              0 kB
CmaFree:               0 kB
HugePages_Total:       0
HugePages_Free:        0
HugePages_Rsvd:        0
HugePages_Surp:        0
Hugepagesize:       2048 kB
DirectMap4k:       45056 kB
DirectMap2M:     1003520 kB


CPU:total 1 (initial active 1) (1 cores per cpu, 1 threads per core) family 6 model 63 stepping 2, cmov, cx8, fxsr, mmx, sse, sse2, sse3, ssse3, sse4.1, sse4.2, popcnt, avx, avx2, aes, clmul, erms, lzcnt, tsc, bmi1, bmi2

/proc/cpuinfo:
processor	: 0
vendor_id	: GenuineIntel
cpu family	: 6
model		: 63
model name	: Intel(R) Xeon(R) CPU E5-2676 v3 @ 2.40GHz
stepping	: 2
microcode	: 0x36
cpu MHz		: 2400.036
cache size	: 30720 KB
physical id	: 0
siblings	: 1
core id		: 0
cpu cores	: 1
apicid		: 0
initial apicid	: 0
fpu		: yes
fpu_exception	: yes
cpuid level	: 13
wp		: yes
flags		: fpu vme de pse tsc msr pae mce cx8 apic sep mtrr pge mca cmov pat pse36 clflush mmx fxsr sse sse2 ht syscall nx rdtscp lm constant_tsc rep_good nopl xtopology eagerfpu pni pclmulqdq ssse3 fma cx16 pcid sse4_1 sse4_2 x2apic movbe popcnt tsc_deadline_timer aes xsave avx f16c rdrand hypervisor lahf_lm abm fsgsbase bmi1 avx2 smep bmi2 erms invpcid xsaveopt
bugs		:
bogomips	: 4800.07
clflush size	: 64
cache_alignment	: 64
address sizes	: 46 bits physical, 48 bits virtual
power management:



Memory: 4k page, physical 1014460k(77920k free), swap 0k(0k free)

vm_info: OpenJDK 64-Bit Server VM (25.131-b11) for linux-amd64 JRE (1.8.0_131-8u131-b11-0ubuntu1.16.04.2-b11), built on May  6 2017 02:45:27 by "buildd" with gcc 5.4.0 20160609

time: Wed May 17 13:09:43 2017
elapsed time: 55 seconds (0d 0h 0m 55s)

