2017-11-21 13:16:40,280   GET     200      51 ms  /3/Cloud
2017-11-21 13:16:40,295   POST    200       9 ms  /4/sessions
2017-11-21 13:16:40,401   POST    200     103 ms  /99/Rapids
2017-11-21 13:16:40,409   GET     200       5 ms  /3/Capabilities/API
2017-11-21 13:18:53,660   GET     200    1104 ms  /3/Frames/frame_rdd_41_bd4df69df135a75f7616f24651654962
2017-11-21 13:19:32,884   POST    200      50 ms  /99/Rapids
2017-11-21 13:19:32,897   GET     200       9 ms  /3/Frames/py_1_sid_9336
2017-11-21 13:19:32,922   POST    200      18 ms  /99/Rapids
2017-11-21 13:19:32,959   GET     200      34 ms  /3/Frames/frame_rdd_41_bd4df69df135a75f7616f24651654962
2017-11-21 13:19:33,007   POST    200       2 ms  /99/Rapids
2017-11-21 13:19:33,010   GET     200       0 ms  /3/DownloadDataset
2017-11-21 13:19:33,013   POST    200       1 ms  /99/Rapids
2017-11-21 13:19:33,016   POST    200       1 ms  /99/Rapids
2017-11-21 13:19:33,037   POST    200       1 ms  /99/Rapids
2017-11-21 13:19:33,039   GET     200       0 ms  /3/DownloadDataset
2017-11-21 13:19:33,042   POST    200       1 ms  /99/Rapids
2017-11-21 13:19:33,044   POST    200       0 ms  /99/Rapids
2017-11-21 13:21:10,353   GET     200      45 ms  /3/Frames/frame_rdd_41_bd4df69df135a75f7616f24651654962
2017-11-21 13:21:10,549   POST    400     138 ms  /99/Rapids
2017-11-21 13:22:00,712   GET     404       2 ms  /3/Frames/py_6_sid_9336
2017-11-21 13:22:00,716   GET     404       1 ms  /3/Frames/py_6_sid_9336
2017-11-21 13:22:34,761   GET     404       2 ms  /3/Frames/py_6_sid_9336
2017-11-21 13:22:41,736   GET     404       2 ms  /3/Frames/py_6_sid_9336
2017-11-21 13:22:48,370   GET     200     372 ms  /3/Frames/frame_rdd_51_88abe6d39685eca5ee28fb703c8a4ee8
2017-11-21 13:22:51,039   POST    200      13 ms  /99/Rapids
2017-11-21 13:22:51,047   GET     200       5 ms  /3/Frames/py_7_sid_9336
2017-11-21 13:22:51,052   POST    200       2 ms  /99/Rapids
2017-11-21 13:22:51,058   GET     200       4 ms  /3/Frames/frame_rdd_51_88abe6d39685eca5ee28fb703c8a4ee8
2017-11-21 13:22:51,104   POST    200       1 ms  /99/Rapids
2017-11-21 13:22:51,106   GET     200       0 ms  /3/DownloadDataset
2017-11-21 13:22:51,109   POST    200       1 ms  /99/Rapids
2017-11-21 13:22:51,112   POST    200       1 ms  /99/Rapids
2017-11-21 13:22:51,133   POST    200       1 ms  /99/Rapids
2017-11-21 13:22:51,136   GET     200       1 ms  /3/DownloadDataset
2017-11-21 13:22:51,138   POST    200       0 ms  /99/Rapids
2017-11-21 13:22:51,141   POST    200       0 ms  /99/Rapids
2017-11-21 13:23:07,543   GET     200       4 ms  /3/Frames/frame_rdd_51_88abe6d39685eca5ee28fb703c8a4ee8
2017-11-21 13:23:07,706   POST    400     108 ms  /99/Rapids
2017-11-21 13:23:46,539   GET     404       2 ms  /3/Frames/py_12_sid_9336
2017-11-21 13:24:01,638   GET     404       2 ms  /3/Frames/py_12_sid_9336
2017-11-21 13:24:08,498   GET     200      44 ms  /3/Frames/frame_rdd_61_bf611e20e56902a9759361b037d84b43
2017-11-21 13:24:21,494   POST    200      15 ms  /99/Rapids
2017-11-21 13:24:21,502   GET     200       5 ms  /3/Frames/py_13_sid_9336
2017-11-21 13:24:21,508   POST    200       2 ms  /99/Rapids
2017-11-21 13:24:21,514   GET     200       4 ms  /3/Frames/frame_rdd_61_bf611e20e56902a9759361b037d84b43
2017-11-21 13:24:21,560   POST    200       1 ms  /99/Rapids
2017-11-21 13:24:21,562   GET     200       0 ms  /3/DownloadDataset
2017-11-21 13:24:21,565   POST    200       1 ms  /99/Rapids
2017-11-21 13:24:21,567   POST    200       0 ms  /99/Rapids
2017-11-21 13:24:21,589   POST    200       1 ms  /99/Rapids
2017-11-21 13:24:21,591   GET     200       0 ms  /3/DownloadDataset
2017-11-21 13:24:21,594   POST    200       1 ms  /99/Rapids
2017-11-21 13:24:21,596   POST    200       0 ms  /99/Rapids
2017-11-21 13:24:28,696   GET     200       3 ms  /3/Frames/frame_rdd_61_bf611e20e56902a9759361b037d84b43
2017-11-21 13:26:16,140   GET     200       5 ms  /3/Frames/frame_rdd_61_bf611e20e56902a9759361b037d84b43
2017-11-21 13:27:26,475   GET     200       5 ms  /3/Frames/frame_rdd_61_bf611e20e56902a9759361b037d84b43
2017-11-21 13:27:38,486   GET     200       4 ms  /3/Frames/frame_rdd_61_bf611e20e56902a9759361b037d84b43
2017-11-21 13:28:00,854   POST    200     197 ms  /99/Rapids
2017-11-21 13:28:00,864   GET     200       7 ms  /3/Frames/py_18_sid_9336
2017-11-21 13:28:00,879   POST    200       0 ms  /99/Rapids
2017-11-21 13:28:19,767   POST    200     115 ms  /99/Rapids
2017-11-21 13:28:19,773   GET     200       3 ms  /3/Frames/py_19_sid_9336
2017-11-21 13:28:19,907   POST    200      94 ms  /99/Rapids
2017-11-21 13:28:19,912   GET     200       3 ms  /3/Frames/py_20_sid_9336
2017-11-21 13:28:30,760   POST    200       1 ms  /99/Rapids
2017-11-21 13:28:30,771   GET     200       9 ms  /3/Frames/py_21_sid_9336
2017-11-21 13:29:00,317   POST    200      12 ms  /99/Rapids
2017-11-21 13:29:00,322   GET     200       3 ms  /3/Frames/py_22_sid_9336
2017-11-21 13:30:10,339   POST    200       1 ms  /99/Rapids
2017-11-21 13:30:10,345   GET     200       4 ms  /3/Frames/py_23_sid_9336
2017-11-21 13:30:48,173   POST    200      12 ms  /99/Rapids
2017-11-21 13:30:48,178   GET     200       3 ms  /3/Frames/py_24_sid_9336
2017-11-21 13:31:08,693   GET     200       7 ms  /3/Frames/py_18_sid_9336
2017-11-21 13:31:42,841   POST    200      16 ms  /99/Rapids
2017-11-21 13:31:42,847   GET     200       3 ms  /3/Frames/py_25_sid_9336
2017-11-21 13:32:36,980   POST    500       8 ms  /99/Rapids
2017-11-21 13:33:04,918   POST    412      77 ms  /3/ModelBuilders/gbm
2017-11-21 13:33:48,423   POST    200     110 ms  /3/ModelBuilders/gbm
2017-11-21 13:33:48,448   GET     200       2 ms  /3/Jobs/$0301ac11000232d4ffffffff$_ab6e0d2807c9c61f820b56e5c526460c
2017-11-21 13:33:48,675   GET     200      21 ms  /3/Jobs/$0301ac11000232d4ffffffff$_ab6e0d2807c9c61f820b56e5c526460c
2017-11-21 13:33:48,884   GET     200       1 ms  /3/Jobs/$0301ac11000232d4ffffffff$_ab6e0d2807c9c61f820b56e5c526460c
2017-11-21 13:33:49,091   GET     200       0 ms  /3/Jobs/$0301ac11000232d4ffffffff$_ab6e0d2807c9c61f820b56e5c526460c
2017-11-21 13:33:49,302   GET     200       0 ms  /3/Jobs/$0301ac11000232d4ffffffff$_ab6e0d2807c9c61f820b56e5c526460c
2017-11-21 13:33:49,511   GET     200       1 ms  /3/Jobs/$0301ac11000232d4ffffffff$_ab6e0d2807c9c61f820b56e5c526460c
2017-11-21 13:33:49,731   GET     200       1 ms  /3/Jobs/$0301ac11000232d4ffffffff$_ab6e0d2807c9c61f820b56e5c526460c
2017-11-21 13:33:49,997   GET     200       0 ms  /3/Jobs/$0301ac11000232d4ffffffff$_ab6e0d2807c9c61f820b56e5c526460c
2017-11-21 13:33:50,313   GET     200       0 ms  /3/Jobs/$0301ac11000232d4ffffffff$_ab6e0d2807c9c61f820b56e5c526460c
2017-11-21 13:33:50,696   GET     200       1 ms  /3/Jobs/$0301ac11000232d4ffffffff$_ab6e0d2807c9c61f820b56e5c526460c
2017-11-21 13:33:51,153   GET     200       1 ms  /3/Jobs/$0301ac11000232d4ffffffff$_ab6e0d2807c9c61f820b56e5c526460c
2017-11-21 13:33:51,701   GET     200       0 ms  /3/Jobs/$0301ac11000232d4ffffffff$_ab6e0d2807c9c61f820b56e5c526460c
2017-11-21 13:33:52,358   GET     200       1 ms  /3/Jobs/$0301ac11000232d4ffffffff$_ab6e0d2807c9c61f820b56e5c526460c
2017-11-21 13:33:53,146   GET     200       0 ms  /3/Jobs/$0301ac11000232d4ffffffff$_ab6e0d2807c9c61f820b56e5c526460c
2017-11-21 13:33:54,095   GET     200       1 ms  /3/Jobs/$0301ac11000232d4ffffffff$_ab6e0d2807c9c61f820b56e5c526460c
2017-11-21 13:33:55,231   GET     200       1 ms  /3/Jobs/$0301ac11000232d4ffffffff$_ab6e0d2807c9c61f820b56e5c526460c
2017-11-21 13:33:56,523   GET     200       0 ms  /3/Jobs/$0301ac11000232d4ffffffff$_ab6e0d2807c9c61f820b56e5c526460c
2017-11-21 13:33:57,593   GET     200       0 ms  /3/Jobs/$0301ac11000232d4ffffffff$_ab6e0d2807c9c61f820b56e5c526460c
2017-11-21 13:33:58,671   GET     200       1 ms  /3/Jobs/$0301ac11000232d4ffffffff$_ab6e0d2807c9c61f820b56e5c526460c
2017-11-21 13:33:59,283   GET     200       1 ms  /3/Jobs/$0301ac11000232d4ffffffff$_ab6e0d2807c9c61f820b56e5c526460c
2017-11-21 13:33:59,887   GET     200       1 ms  /3/Jobs/$0301ac11000232d4ffffffff$_ab6e0d2807c9c61f820b56e5c526460c
2017-11-21 13:34:00,490   GET     200       0 ms  /3/Jobs/$0301ac11000232d4ffffffff$_ab6e0d2807c9c61f820b56e5c526460c
2017-11-21 13:34:00,530   GET     200      36 ms  /3/Models/GBM_model_python_1511270194886_2
2017-11-21 13:34:50,343   POST    200     121 ms  /99/Rapids
2017-11-21 13:34:50,371   GET     200      25 ms  /3/Frames/py_27_sid_9336
2017-11-21 13:35:30,497   POST    200      72 ms  /99/Rapids
2017-11-21 13:35:30,546   POST    200      36 ms  /99/Rapids
2017-11-21 13:35:30,582   POST    200      34 ms  /3/ModelBuilders/gbm
2017-11-21 13:35:30,587   GET     200       0 ms  /3/Jobs/$0301ac11000232d4ffffffff$_91f7a2a7a2973a0633adba3778644219
2017-11-21 13:35:30,796   GET     200       0 ms  /3/Jobs/$0301ac11000232d4ffffffff$_91f7a2a7a2973a0633adba3778644219
2017-11-21 13:35:31,003   GET     200       1 ms  /3/Jobs/$0301ac11000232d4ffffffff$_91f7a2a7a2973a0633adba3778644219
2017-11-21 13:35:31,221   GET     200      12 ms  /3/Jobs/$0301ac11000232d4ffffffff$_91f7a2a7a2973a0633adba3778644219
2017-11-21 13:35:31,427   GET     200       0 ms  /3/Jobs/$0301ac11000232d4ffffffff$_91f7a2a7a2973a0633adba3778644219
2017-11-21 13:35:31,633   GET     200       0 ms  /3/Jobs/$0301ac11000232d4ffffffff$_91f7a2a7a2973a0633adba3778644219
2017-11-21 13:35:31,848   GET     200       1 ms  /3/Jobs/$0301ac11000232d4ffffffff$_91f7a2a7a2973a0633adba3778644219
2017-11-21 13:35:32,105   GET     200       0 ms  /3/Jobs/$0301ac11000232d4ffffffff$_91f7a2a7a2973a0633adba3778644219
2017-11-21 13:35:32,414   GET     200       0 ms  /3/Jobs/$0301ac11000232d4ffffffff$_91f7a2a7a2973a0633adba3778644219
2017-11-21 13:35:32,787   GET     200       0 ms  /3/Jobs/$0301ac11000232d4ffffffff$_91f7a2a7a2973a0633adba3778644219
2017-11-21 13:35:33,234   GET     200       1 ms  /3/Jobs/$0301ac11000232d4ffffffff$_91f7a2a7a2973a0633adba3778644219
2017-11-21 13:35:33,775   GET     200       1 ms  /3/Jobs/$0301ac11000232d4ffffffff$_91f7a2a7a2973a0633adba3778644219
2017-11-21 13:35:34,426   GET     200       1 ms  /3/Jobs/$0301ac11000232d4ffffffff$_91f7a2a7a2973a0633adba3778644219
2017-11-21 13:35:35,200   GET     200       1 ms  /3/Jobs/$0301ac11000232d4ffffffff$_91f7a2a7a2973a0633adba3778644219
2017-11-21 13:35:36,129   GET     200       0 ms  /3/Jobs/$0301ac11000232d4ffffffff$_91f7a2a7a2973a0633adba3778644219
2017-11-21 13:35:37,247   GET     200       1 ms  /3/Jobs/$0301ac11000232d4ffffffff$_91f7a2a7a2973a0633adba3778644219
2017-11-21 13:35:38,382   GET     200       1 ms  /3/Jobs/$0301ac11000232d4ffffffff$_91f7a2a7a2973a0633adba3778644219
2017-11-21 13:35:39,314   GET     200       1 ms  /3/Jobs/$0301ac11000232d4ffffffff$_91f7a2a7a2973a0633adba3778644219
2017-11-21 13:35:39,962   GET     200       0 ms  /3/Jobs/$0301ac11000232d4ffffffff$_91f7a2a7a2973a0633adba3778644219
2017-11-21 13:35:40,592   GET     200       1 ms  /3/Jobs/$0301ac11000232d4ffffffff$_91f7a2a7a2973a0633adba3778644219
2017-11-21 13:35:41,225   GET     200       1 ms  /3/Jobs/$0301ac11000232d4ffffffff$_91f7a2a7a2973a0633adba3778644219
2017-11-21 13:35:41,904   GET     200       0 ms  /3/Jobs/$0301ac11000232d4ffffffff$_91f7a2a7a2973a0633adba3778644219
2017-11-21 13:35:42,533   GET     200       0 ms  /3/Jobs/$0301ac11000232d4ffffffff$_91f7a2a7a2973a0633adba3778644219
2017-11-21 13:35:43,143   GET     200       0 ms  /3/Jobs/$0301ac11000232d4ffffffff$_91f7a2a7a2973a0633adba3778644219
2017-11-21 13:35:43,751   GET     200       1 ms  /3/Jobs/$0301ac11000232d4ffffffff$_91f7a2a7a2973a0633adba3778644219
2017-11-21 13:35:44,356   GET     200       0 ms  /3/Jobs/$0301ac11000232d4ffffffff$_91f7a2a7a2973a0633adba3778644219
2017-11-21 13:35:44,967   GET     200       1 ms  /3/Jobs/$0301ac11000232d4ffffffff$_91f7a2a7a2973a0633adba3778644219
2017-11-21 13:35:45,572   GET     200       1 ms  /3/Jobs/$0301ac11000232d4ffffffff$_91f7a2a7a2973a0633adba3778644219
2017-11-21 13:35:45,601   GET     200      25 ms  /3/Models/GBM_model_python_1511270194886_19
2017-11-21 13:35:56,618   POST    200       7 ms  /3/ModelBuilders/gbm
2017-11-21 13:35:56,623   GET     200       1 ms  /3/Jobs/$0301ac11000232d4ffffffff$_87c8a78fa3c9007afcd6bd2be3e14e24
2017-11-21 13:35:56,830   GET     200       1 ms  /3/Jobs/$0301ac11000232d4ffffffff$_87c8a78fa3c9007afcd6bd2be3e14e24
2017-11-21 13:35:57,039   GET     200       1 ms  /3/Jobs/$0301ac11000232d4ffffffff$_87c8a78fa3c9007afcd6bd2be3e14e24
2017-11-21 13:35:57,244   GET     200       0 ms  /3/Jobs/$0301ac11000232d4ffffffff$_87c8a78fa3c9007afcd6bd2be3e14e24
2017-11-21 13:35:57,450   GET     200       0 ms  /3/Jobs/$0301ac11000232d4ffffffff$_87c8a78fa3c9007afcd6bd2be3e14e24
2017-11-21 13:35:57,656   GET     200       1 ms  /3/Jobs/$0301ac11000232d4ffffffff$_87c8a78fa3c9007afcd6bd2be3e14e24
2017-11-21 13:35:57,866   GET     200       0 ms  /3/Jobs/$0301ac11000232d4ffffffff$_87c8a78fa3c9007afcd6bd2be3e14e24
2017-11-21 13:35:58,124   GET     200       0 ms  /3/Jobs/$0301ac11000232d4ffffffff$_87c8a78fa3c9007afcd6bd2be3e14e24
2017-11-21 13:35:58,429   GET     200       0 ms  /3/Jobs/$0301ac11000232d4ffffffff$_87c8a78fa3c9007afcd6bd2be3e14e24
2017-11-21 13:35:58,795   GET     200       0 ms  /3/Jobs/$0301ac11000232d4ffffffff$_87c8a78fa3c9007afcd6bd2be3e14e24
2017-11-21 13:35:59,235   GET     200       1 ms  /3/Jobs/$0301ac11000232d4ffffffff$_87c8a78fa3c9007afcd6bd2be3e14e24
2017-11-21 13:35:59,763   GET     200       1 ms  /3/Jobs/$0301ac11000232d4ffffffff$_87c8a78fa3c9007afcd6bd2be3e14e24
2017-11-21 13:36:00,396   GET     200       0 ms  /3/Jobs/$0301ac11000232d4ffffffff$_87c8a78fa3c9007afcd6bd2be3e14e24
2017-11-21 13:36:01,155   GET     200       0 ms  /3/Jobs/$0301ac11000232d4ffffffff$_87c8a78fa3c9007afcd6bd2be3e14e24
2017-11-21 13:36:02,066   GET     200       0 ms  /3/Jobs/$0301ac11000232d4ffffffff$_87c8a78fa3c9007afcd6bd2be3e14e24
2017-11-21 13:36:03,159   GET     200       0 ms  /3/Jobs/$0301ac11000232d4ffffffff$_87c8a78fa3c9007afcd6bd2be3e14e24
2017-11-21 13:36:04,377   GET     200       1 ms  /3/Jobs/$0301ac11000232d4ffffffff$_87c8a78fa3c9007afcd6bd2be3e14e24
2017-11-21 13:36:05,377   GET     200       1 ms  /3/Jobs/$0301ac11000232d4ffffffff$_87c8a78fa3c9007afcd6bd2be3e14e24
2017-11-21 13:36:06,136   GET     200       0 ms  /3/Jobs/$0301ac11000232d4ffffffff$_87c8a78fa3c9007afcd6bd2be3e14e24
2017-11-21 13:36:06,741   GET     200       1 ms  /3/Jobs/$0301ac11000232d4ffffffff$_87c8a78fa3c9007afcd6bd2be3e14e24
2017-11-21 13:36:07,346   GET     200       0 ms  /3/Jobs/$0301ac11000232d4ffffffff$_87c8a78fa3c9007afcd6bd2be3e14e24
2017-11-21 13:36:07,951   GET     200       0 ms  /3/Jobs/$0301ac11000232d4ffffffff$_87c8a78fa3c9007afcd6bd2be3e14e24
2017-11-21 13:36:08,557   GET     200       1 ms  /3/Jobs/$0301ac11000232d4ffffffff$_87c8a78fa3c9007afcd6bd2be3e14e24
2017-11-21 13:36:09,161   GET     200       0 ms  /3/Jobs/$0301ac11000232d4ffffffff$_87c8a78fa3c9007afcd6bd2be3e14e24
2017-11-21 13:36:09,179   GET     200      14 ms  /3/Models/GBM_model_python_1511270194886_68
2017-11-21 13:37:08,420   POST    200       6 ms  /3/PartialDependence/
2017-11-21 13:37:08,423   GET     200       0 ms  /3/Jobs/$0301ac11000232d4ffffffff$_8dcf7645f64fe5ce687a344d7b1e474a
2017-11-21 13:37:08,627   GET     200       1 ms  /3/Jobs/$0301ac11000232d4ffffffff$_8dcf7645f64fe5ce687a344d7b1e474a
2017-11-21 13:37:08,633   GET     200       3 ms  /3/PartialDependence/_8afd305388686126def58a498a994252
2017-11-21 13:37:08,687   POST    200       3 ms  /99/Rapids
2017-11-21 13:37:08,689   POST    200       0 ms  /99/Rapids
2017-11-21 13:37:08,727   POST    200       1 ms  /3/PartialDependence/
2017-11-21 13:37:08,730   GET     200       1 ms  /3/Jobs/$0301ac11000232d4ffffffff$_b63ce0a855a854ccfdbeaf3394054269
2017-11-21 13:37:08,734   GET     200       1 ms  /3/PartialDependence/_936806b2292213bc50f23c73e2d343de
2017-11-21 13:37:08,787   POST    200       1 ms  /99/Rapids
2017-11-21 13:37:08,789   POST    200       0 ms  /99/Rapids
2017-11-21 13:37:08,822   POST    200       1 ms  /3/PartialDependence/
2017-11-21 13:37:08,824   GET     200       0 ms  /3/Jobs/$0301ac11000232d4ffffffff$_ae9e07a4840b6b06b5924046dff14deb
2017-11-21 13:37:08,827   GET     200       0 ms  /3/PartialDependence/_aa125dd0585c56fdd9b403d0200c4779
2017-11-21 13:37:08,880   POST    200       1 ms  /99/Rapids
2017-11-21 13:37:08,882   POST    200       0 ms  /99/Rapids
2017-11-21 13:37:08,915   POST    200       1 ms  /3/PartialDependence/
2017-11-21 13:37:08,918   GET     200       1 ms  /3/Jobs/$0301ac11000232d4ffffffff$_84ffe30a0eca5b761c8373a6302947a0
2017-11-21 13:37:08,921   GET     200       0 ms  /3/PartialDependence/_ba66badf42c770444b2c238aa23240c1
2017-11-21 13:37:08,975   POST    200       1 ms  /99/Rapids
2017-11-21 13:37:08,977   POST    200       1 ms  /99/Rapids
2017-11-21 13:37:09,010   POST    200       1 ms  /3/PartialDependence/
2017-11-21 13:37:09,012   GET     200       0 ms  /3/Jobs/$0301ac11000232d4ffffffff$_a0dba3602f09d9fdba58821d17bb4d3c
2017-11-21 13:37:09,216   GET     200       0 ms  /3/Jobs/$0301ac11000232d4ffffffff$_a0dba3602f09d9fdba58821d17bb4d3c
2017-11-21 13:37:09,219   GET     200       1 ms  /3/PartialDependence/_b1f54a1e4e9b1305f13fa679367346af
2017-11-21 13:37:09,272   POST    200       0 ms  /99/Rapids
2017-11-21 13:37:09,274   POST    200       1 ms  /99/Rapids
2017-11-21 13:37:09,307   POST    200       1 ms  /3/PartialDependence/
2017-11-21 13:37:09,309   GET     200       0 ms  /3/Jobs/$0301ac11000232d4ffffffff$_858f18146a2850ac4666aea146ad483e
2017-11-21 13:37:09,312   GET     200       0 ms  /3/PartialDependence/_bbc44856f6a818938a9a6e6df2e64f14
2017-11-21 13:37:09,365   POST    200       1 ms  /99/Rapids
2017-11-21 13:37:09,367   POST    200       0 ms  /99/Rapids
2017-11-21 13:37:09,399   POST    200       0 ms  /3/PartialDependence/
2017-11-21 13:37:09,402   GET     200       1 ms  /3/Jobs/$0301ac11000232d4ffffffff$_8d36b71d0e85b6dfe3e5a0b1a4f44a96
2017-11-21 13:37:09,605   GET     200       0 ms  /3/Jobs/$0301ac11000232d4ffffffff$_8d36b71d0e85b6dfe3e5a0b1a4f44a96
2017-11-21 13:37:09,609   GET     200       1 ms  /3/PartialDependence/_b93d4448681719babb9d17e2fc904e95
2017-11-21 13:37:09,666   POST    200       1 ms  /99/Rapids
2017-11-21 13:37:09,669   POST    200       0 ms  /99/Rapids
2017-11-21 13:37:09,702   POST    200       1 ms  /3/PartialDependence/
2017-11-21 13:37:09,704   GET     200       0 ms  /3/Jobs/$0301ac11000232d4ffffffff$_ba63ee24c448163d79cb2470c50d472e
2017-11-21 13:37:09,708   GET     200       1 ms  /3/PartialDependence/_bcaa5352a02af4beb0ca70cde3d94977
2017-11-21 13:37:09,820   POST    200       1 ms  /99/Rapids
2017-11-21 13:37:09,822   POST    200       0 ms  /99/Rapids
2017-11-21 13:37:38,745   POST    200       1 ms  /3/PartialDependence/
2017-11-21 13:37:38,748   GET     200       0 ms  /3/Jobs/$0301ac11000232d4ffffffff$_b1bca140908359aab3e2f0e1d3fe450c
2017-11-21 13:37:38,952   GET     200       0 ms  /3/Jobs/$0301ac11000232d4ffffffff$_b1bca140908359aab3e2f0e1d3fe450c
2017-11-21 13:37:39,158   GET     200       0 ms  /3/Jobs/$0301ac11000232d4ffffffff$_b1bca140908359aab3e2f0e1d3fe450c
2017-11-21 13:37:39,363   GET     200       1 ms  /3/Jobs/$0301ac11000232d4ffffffff$_b1bca140908359aab3e2f0e1d3fe450c
2017-11-21 13:37:39,567   GET     200       0 ms  /3/Jobs/$0301ac11000232d4ffffffff$_b1bca140908359aab3e2f0e1d3fe450c
2017-11-21 13:37:39,773   GET     200       1 ms  /3/Jobs/$0301ac11000232d4ffffffff$_b1bca140908359aab3e2f0e1d3fe450c
2017-11-21 13:37:39,983   GET     200       1 ms  /3/Jobs/$0301ac11000232d4ffffffff$_b1bca140908359aab3e2f0e1d3fe450c
2017-11-21 13:37:40,235   GET     200       1 ms  /3/Jobs/$0301ac11000232d4ffffffff$_b1bca140908359aab3e2f0e1d3fe450c
2017-11-21 13:37:40,537   GET     200       0 ms  /3/Jobs/$0301ac11000232d4ffffffff$_b1bca140908359aab3e2f0e1d3fe450c
2017-11-21 13:37:40,901   GET     200       1 ms  /3/Jobs/$0301ac11000232d4ffffffff$_b1bca140908359aab3e2f0e1d3fe450c
2017-11-21 13:37:41,336   GET     200       0 ms  /3/Jobs/$0301ac11000232d4ffffffff$_b1bca140908359aab3e2f0e1d3fe450c
2017-11-21 13:37:41,860   GET     200       1 ms  /3/Jobs/$0301ac11000232d4ffffffff$_b1bca140908359aab3e2f0e1d3fe450c
2017-11-21 13:37:42,489   GET     200       1 ms  /3/Jobs/$0301ac11000232d4ffffffff$_b1bca140908359aab3e2f0e1d3fe450c
2017-11-21 13:37:43,242   GET     200       0 ms  /3/Jobs/$0301ac11000232d4ffffffff$_b1bca140908359aab3e2f0e1d3fe450c
2017-11-21 13:37:44,147   GET     200       0 ms  /3/Jobs/$0301ac11000232d4ffffffff$_b1bca140908359aab3e2f0e1d3fe450c
2017-11-21 13:37:45,232   GET     200       0 ms  /3/Jobs/$0301ac11000232d4ffffffff$_b1bca140908359aab3e2f0e1d3fe450c
2017-11-21 13:37:46,535   GET     200       0 ms  /3/Jobs/$0301ac11000232d4ffffffff$_b1bca140908359aab3e2f0e1d3fe450c
2017-11-21 13:37:48,041   GET     200       1 ms  /3/Jobs/$0301ac11000232d4ffffffff$_b1bca140908359aab3e2f0e1d3fe450c
2017-11-21 13:37:49,547   GET     200       0 ms  /3/Jobs/$0301ac11000232d4ffffffff$_b1bca140908359aab3e2f0e1d3fe450c
2017-11-21 13:37:51,052   GET     200       0 ms  /3/Jobs/$0301ac11000232d4ffffffff$_b1bca140908359aab3e2f0e1d3fe450c
2017-11-21 13:37:52,558   GET     200       1 ms  /3/Jobs/$0301ac11000232d4ffffffff$_b1bca140908359aab3e2f0e1d3fe450c
2017-11-21 13:37:54,062   GET     200       1 ms  /3/Jobs/$0301ac11000232d4ffffffff$_b1bca140908359aab3e2f0e1d3fe450c
2017-11-21 13:37:54,065   GET     200       0 ms  /3/PartialDependence/_b005ee7db38c756fbef9013dd0c1465c
2017-11-21 13:37:54,123   POST    200       1 ms  /99/Rapids
2017-11-21 13:37:54,125   POST    200       0 ms  /99/Rapids
2017-11-21 13:37:54,154   POST    200       1 ms  /3/PartialDependence/
2017-11-21 13:37:54,166   GET     200      10 ms  /3/Jobs/$0301ac11000232d4ffffffff$_84bcdf848a1f66f5c67234b87cf4c1c
2017-11-21 13:37:54,378   GET     200       0 ms  /3/Jobs/$0301ac11000232d4ffffffff$_84bcdf848a1f66f5c67234b87cf4c1c
2017-11-21 13:37:54,583   GET     200       0 ms  /3/Jobs/$0301ac11000232d4ffffffff$_84bcdf848a1f66f5c67234b87cf4c1c
2017-11-21 13:37:54,788   GET     200       0 ms  /3/Jobs/$0301ac11000232d4ffffffff$_84bcdf848a1f66f5c67234b87cf4c1c
2017-11-21 13:37:54,994   GET     200       1 ms  /3/Jobs/$0301ac11000232d4ffffffff$_84bcdf848a1f66f5c67234b87cf4c1c
2017-11-21 13:37:55,199   GET     200       1 ms  /3/Jobs/$0301ac11000232d4ffffffff$_84bcdf848a1f66f5c67234b87cf4c1c
2017-11-21 13:37:55,410   GET     200       0 ms  /3/Jobs/$0301ac11000232d4ffffffff$_84bcdf848a1f66f5c67234b87cf4c1c
2017-11-21 13:37:55,663   GET     200       1 ms  /3/Jobs/$0301ac11000232d4ffffffff$_84bcdf848a1f66f5c67234b87cf4c1c
2017-11-21 13:37:55,966   GET     200       1 ms  /3/Jobs/$0301ac11000232d4ffffffff$_84bcdf848a1f66f5c67234b87cf4c1c
2017-11-21 13:37:56,330   GET     200       0 ms  /3/Jobs/$0301ac11000232d4ffffffff$_84bcdf848a1f66f5c67234b87cf4c1c
2017-11-21 13:37:56,767   GET     200       1 ms  /3/Jobs/$0301ac11000232d4ffffffff$_84bcdf848a1f66f5c67234b87cf4c1c
2017-11-21 13:37:57,291   GET     200       0 ms  /3/Jobs/$0301ac11000232d4ffffffff$_84bcdf848a1f66f5c67234b87cf4c1c
2017-11-21 13:37:57,923   GET     200       0 ms  /3/Jobs/$0301ac11000232d4ffffffff$_84bcdf848a1f66f5c67234b87cf4c1c
2017-11-21 13:37:58,680   GET     200       1 ms  /3/Jobs/$0301ac11000232d4ffffffff$_84bcdf848a1f66f5c67234b87cf4c1c
2017-11-21 13:37:59,587   GET     200       1 ms  /3/Jobs/$0301ac11000232d4ffffffff$_84bcdf848a1f66f5c67234b87cf4c1c
2017-11-21 13:38:00,688   GET     200       1 ms  /3/Jobs/$0301ac11000232d4ffffffff$_84bcdf848a1f66f5c67234b87cf4c1c
2017-11-21 13:38:02,004   GET     200       0 ms  /3/Jobs/$0301ac11000232d4ffffffff$_84bcdf848a1f66f5c67234b87cf4c1c
2017-11-21 13:38:03,510   GET     200       1 ms  /3/Jobs/$0301ac11000232d4ffffffff$_84bcdf848a1f66f5c67234b87cf4c1c
2017-11-21 13:38:05,018   GET     200       1 ms  /3/Jobs/$0301ac11000232d4ffffffff$_84bcdf848a1f66f5c67234b87cf4c1c
2017-11-21 13:38:06,524   GET     200       0 ms  /3/Jobs/$0301ac11000232d4ffffffff$_84bcdf848a1f66f5c67234b87cf4c1c
2017-11-21 13:38:08,031   GET     200       0 ms  /3/Jobs/$0301ac11000232d4ffffffff$_84bcdf848a1f66f5c67234b87cf4c1c
2017-11-21 13:38:09,541   GET     200       0 ms  /3/Jobs/$0301ac11000232d4ffffffff$_84bcdf848a1f66f5c67234b87cf4c1c
2017-11-21 13:38:09,546   GET     200       0 ms  /3/PartialDependence/_a009f3a743829c3862203ab14694434e
2017-11-21 13:38:09,606   POST    200       1 ms  /99/Rapids
2017-11-21 13:38:09,609   POST    200       1 ms  /99/Rapids
2017-11-21 13:38:09,637   POST    200       1 ms  /3/PartialDependence/
2017-11-21 13:38:09,640   GET     200       1 ms  /3/Jobs/$0301ac11000232d4ffffffff$_a867c5ff9d7b74ac7eaabf20b8f746a4
2017-11-21 13:38:09,857   GET     200       1 ms  /3/Jobs/$0301ac11000232d4ffffffff$_a867c5ff9d7b74ac7eaabf20b8f746a4
2017-11-21 13:38:10,062   GET     200       0 ms  /3/Jobs/$0301ac11000232d4ffffffff$_a867c5ff9d7b74ac7eaabf20b8f746a4
2017-11-21 13:38:10,280   GET     200       0 ms  /3/Jobs/$0301ac11000232d4ffffffff$_a867c5ff9d7b74ac7eaabf20b8f746a4
2017-11-21 13:38:10,485   GET     200       0 ms  /3/Jobs/$0301ac11000232d4ffffffff$_a867c5ff9d7b74ac7eaabf20b8f746a4
2017-11-21 13:38:10,696   GET     200       1 ms  /3/Jobs/$0301ac11000232d4ffffffff$_a867c5ff9d7b74ac7eaabf20b8f746a4
2017-11-21 13:38:10,912   GET     200       1 ms  /3/Jobs/$0301ac11000232d4ffffffff$_a867c5ff9d7b74ac7eaabf20b8f746a4
2017-11-21 13:38:11,183   GET     200       1 ms  /3/Jobs/$0301ac11000232d4ffffffff$_a867c5ff9d7b74ac7eaabf20b8f746a4
2017-11-21 13:38:11,497   GET     200       1 ms  /3/Jobs/$0301ac11000232d4ffffffff$_a867c5ff9d7b74ac7eaabf20b8f746a4
2017-11-21 13:38:11,884   GET     200       1 ms  /3/Jobs/$0301ac11000232d4ffffffff$_a867c5ff9d7b74ac7eaabf20b8f746a4
2017-11-21 13:38:12,349   GET     200       1 ms  /3/Jobs/$0301ac11000232d4ffffffff$_a867c5ff9d7b74ac7eaabf20b8f746a4
2017-11-21 13:38:12,902   GET     200       0 ms  /3/Jobs/$0301ac11000232d4ffffffff$_a867c5ff9d7b74ac7eaabf20b8f746a4
2017-11-21 13:38:13,566   GET     200       1 ms  /3/Jobs/$0301ac11000232d4ffffffff$_a867c5ff9d7b74ac7eaabf20b8f746a4
2017-11-21 13:38:14,365   GET     200       0 ms  /3/Jobs/$0301ac11000232d4ffffffff$_a867c5ff9d7b74ac7eaabf20b8f746a4
2017-11-21 13:38:15,316   GET     200       0 ms  /3/Jobs/$0301ac11000232d4ffffffff$_a867c5ff9d7b74ac7eaabf20b8f746a4
2017-11-21 13:38:16,457   GET     200       1 ms  /3/Jobs/$0301ac11000232d4ffffffff$_a867c5ff9d7b74ac7eaabf20b8f746a4
2017-11-21 13:38:17,827   GET     200       1 ms  /3/Jobs/$0301ac11000232d4ffffffff$_a867c5ff9d7b74ac7eaabf20b8f746a4
2017-11-21 13:38:19,343   GET     200       1 ms  /3/Jobs/$0301ac11000232d4ffffffff$_a867c5ff9d7b74ac7eaabf20b8f746a4
2017-11-21 13:38:20,117   POST    200       2 ms  /3/Jobs/$0301ac11000232d4ffffffff$_a867c5ff9d7b74ac7eaabf20b8f746a4/cancel
2017-11-21 13:40:22,412   GET     200     216 ms  /3/Frames/frame_rdd_90_af850fcb3c179e783b1feba208c94b1e
2017-11-21 13:40:30,947   POST    200       9 ms  /99/Rapids
2017-11-21 13:40:30,951   GET     200       2 ms  /3/Frames/py_40_sid_9336
2017-11-21 13:40:30,955   POST    200       1 ms  /99/Rapids
2017-11-21 13:40:30,960   GET     200       3 ms  /3/Frames/frame_rdd_90_af850fcb3c179e783b1feba208c94b1e
2017-11-21 13:40:31,014   POST    200       1 ms  /99/Rapids
2017-11-21 13:40:31,016   GET     200       0 ms  /3/DownloadDataset
2017-11-21 13:40:31,018   POST    200       0 ms  /99/Rapids
2017-11-21 13:40:31,020   POST    200       0 ms  /99/Rapids
2017-11-21 13:40:31,049   POST    200       1 ms  /99/Rapids
2017-11-21 13:40:31,051   GET     200       0 ms  /3/DownloadDataset
2017-11-21 13:40:31,053   POST    200       0 ms  /99/Rapids
2017-11-21 13:40:31,055   POST    200       0 ms  /99/Rapids
2017-11-21 13:40:33,176   GET     200       3 ms  /3/Frames/frame_rdd_90_af850fcb3c179e783b1feba208c94b1e
2017-11-21 13:40:43,454   GET     200       4 ms  /3/Frames/frame_rdd_90_af850fcb3c179e783b1feba208c94b1e
2017-11-21 13:40:52,027   GET     200       4 ms  /3/Frames/frame_rdd_90_af850fcb3c179e783b1feba208c94b1e
2017-11-21 13:41:03,450   POST    200     272 ms  /99/Rapids
2017-11-21 13:41:03,460   GET     200       7 ms  /3/Frames/py_45_sid_9336
2017-11-21 13:41:56,046   POST    200       2 ms  /99/Rapids
2017-11-21 13:42:11,266   POST    200    1149 ms  /99/Rapids
2017-11-21 13:42:11,402   POST    200     118 ms  /99/Rapids
2017-11-21 13:42:11,732   POST    200     328 ms  /3/ModelBuilders/gbm
2017-11-21 13:42:11,736   GET     200       1 ms  /3/Jobs/$0301ac11000232d4ffffffff$_991e99b657dd7811cd9dd01351034117
2017-11-21 13:42:11,940   GET     200       0 ms  /3/Jobs/$0301ac11000232d4ffffffff$_991e99b657dd7811cd9dd01351034117
2017-11-21 13:42:12,145   GET     200       1 ms  /3/Jobs/$0301ac11000232d4ffffffff$_991e99b657dd7811cd9dd01351034117
2017-11-21 13:42:12,350   GET     200       0 ms  /3/Jobs/$0301ac11000232d4ffffffff$_991e99b657dd7811cd9dd01351034117
2017-11-21 13:42:12,556   GET     200       1 ms  /3/Jobs/$0301ac11000232d4ffffffff$_991e99b657dd7811cd9dd01351034117
2017-11-21 13:42:12,761   GET     200       0 ms  /3/Jobs/$0301ac11000232d4ffffffff$_991e99b657dd7811cd9dd01351034117
2017-11-21 13:42:12,972   GET     200       1 ms  /3/Jobs/$0301ac11000232d4ffffffff$_991e99b657dd7811cd9dd01351034117
2017-11-21 13:42:13,224   GET     200       1 ms  /3/Jobs/$0301ac11000232d4ffffffff$_991e99b657dd7811cd9dd01351034117
2017-11-21 13:42:13,526   GET     200       0 ms  /3/Jobs/$0301ac11000232d4ffffffff$_991e99b657dd7811cd9dd01351034117
2017-11-21 13:42:13,890   GET     200       1 ms  /3/Jobs/$0301ac11000232d4ffffffff$_991e99b657dd7811cd9dd01351034117
2017-11-21 13:42:14,325   GET     200       0 ms  /3/Jobs/$0301ac11000232d4ffffffff$_991e99b657dd7811cd9dd01351034117
2017-11-21 13:42:14,849   GET     200       0 ms  /3/Jobs/$0301ac11000232d4ffffffff$_991e99b657dd7811cd9dd01351034117
2017-11-21 13:42:15,478   GET     200       1 ms  /3/Jobs/$0301ac11000232d4ffffffff$_991e99b657dd7811cd9dd01351034117
2017-11-21 13:42:16,231   GET     200       0 ms  /3/Jobs/$0301ac11000232d4ffffffff$_991e99b657dd7811cd9dd01351034117
2017-11-21 13:42:17,135   GET     200       0 ms  /3/Jobs/$0301ac11000232d4ffffffff$_991e99b657dd7811cd9dd01351034117
2017-11-21 13:42:18,220   GET     200       0 ms  /3/Jobs/$0301ac11000232d4ffffffff$_991e99b657dd7811cd9dd01351034117
2017-11-21 13:42:19,522   GET     200       0 ms  /3/Jobs/$0301ac11000232d4ffffffff$_991e99b657dd7811cd9dd01351034117
2017-11-21 13:42:21,022   GET     200       1 ms  /3/Jobs/$0301ac11000232d4ffffffff$_991e99b657dd7811cd9dd01351034117
2017-11-21 13:42:22,515   GET     200       1 ms  /3/Jobs/$0301ac11000232d4ffffffff$_991e99b657dd7811cd9dd01351034117
2017-11-21 13:42:24,003   GET     200       0 ms  /3/Jobs/$0301ac11000232d4ffffffff$_991e99b657dd7811cd9dd01351034117
2017-11-21 13:42:25,458   GET     200       1 ms  /3/Jobs/$0301ac11000232d4ffffffff$_991e99b657dd7811cd9dd01351034117
2017-11-21 13:42:26,869   GET     200       1 ms  /3/Jobs/$0301ac11000232d4ffffffff$_991e99b657dd7811cd9dd01351034117
2017-11-21 13:42:28,236   GET     200       1 ms  /3/Jobs/$0301ac11000232d4ffffffff$_991e99b657dd7811cd9dd01351034117
2017-11-21 13:42:29,559   GET     200       0 ms  /3/Jobs/$0301ac11000232d4ffffffff$_991e99b657dd7811cd9dd01351034117
2017-11-21 13:42:30,839   GET     200       0 ms  /3/Jobs/$0301ac11000232d4ffffffff$_991e99b657dd7811cd9dd01351034117
2017-11-21 13:42:32,075   GET     200       1 ms  /3/Jobs/$0301ac11000232d4ffffffff$_991e99b657dd7811cd9dd01351034117
2017-11-21 13:42:33,263   GET     200       1 ms  /3/Jobs/$0301ac11000232d4ffffffff$_991e99b657dd7811cd9dd01351034117
2017-11-21 13:42:34,402   GET     200       0 ms  /3/Jobs/$0301ac11000232d4ffffffff$_991e99b657dd7811cd9dd01351034117
2017-11-21 13:42:35,491   GET     200       1 ms  /3/Jobs/$0301ac11000232d4ffffffff$_991e99b657dd7811cd9dd01351034117
2017-11-21 13:42:36,525   GET     200       0 ms  /3/Jobs/$0301ac11000232d4ffffffff$_991e99b657dd7811cd9dd01351034117
2017-11-21 13:42:37,504   GET     200       1 ms  /3/Jobs/$0301ac11000232d4ffffffff$_991e99b657dd7811cd9dd01351034117
2017-11-21 13:42:38,424   GET     200       1 ms  /3/Jobs/$0301ac11000232d4ffffffff$_991e99b657dd7811cd9dd01351034117
2017-11-21 13:42:39,275   GET     200       0 ms  /3/Jobs/$0301ac11000232d4ffffffff$_991e99b657dd7811cd9dd01351034117
2017-11-21 13:42:40,050   GET     200       0 ms  /3/Jobs/$0301ac11000232d4ffffffff$_991e99b657dd7811cd9dd01351034117
2017-11-21 13:42:40,728   GET     200       0 ms  /3/Jobs/$0301ac11000232d4ffffffff$_991e99b657dd7811cd9dd01351034117
2017-11-21 13:42:41,333   GET     200       0 ms  /3/Jobs/$0301ac11000232d4ffffffff$_991e99b657dd7811cd9dd01351034117
2017-11-21 13:42:41,938   GET     200       0 ms  /3/Jobs/$0301ac11000232d4ffffffff$_991e99b657dd7811cd9dd01351034117
2017-11-21 13:42:42,544   GET     200       1 ms  /3/Jobs/$0301ac11000232d4ffffffff$_991e99b657dd7811cd9dd01351034117
2017-11-21 13:42:43,149   GET     200       0 ms  /3/Jobs/$0301ac11000232d4ffffffff$_991e99b657dd7811cd9dd01351034117
2017-11-21 13:42:43,755   GET     200       1 ms  /3/Jobs/$0301ac11000232d4ffffffff$_991e99b657dd7811cd9dd01351034117
2017-11-21 13:42:44,360   GET     200       1 ms  /3/Jobs/$0301ac11000232d4ffffffff$_991e99b657dd7811cd9dd01351034117
2017-11-21 13:42:44,965   GET     200       0 ms  /3/Jobs/$0301ac11000232d4ffffffff$_991e99b657dd7811cd9dd01351034117
2017-11-21 13:42:45,571   GET     200       1 ms  /3/Jobs/$0301ac11000232d4ffffffff$_991e99b657dd7811cd9dd01351034117
2017-11-21 13:42:46,176   GET     200       0 ms  /3/Jobs/$0301ac11000232d4ffffffff$_991e99b657dd7811cd9dd01351034117
2017-11-21 13:42:46,781   GET     200       0 ms  /3/Jobs/$0301ac11000232d4ffffffff$_991e99b657dd7811cd9dd01351034117
2017-11-21 13:42:47,387   GET     200       0 ms  /3/Jobs/$0301ac11000232d4ffffffff$_991e99b657dd7811cd9dd01351034117
2017-11-21 13:42:47,993   GET     200       0 ms  /3/Jobs/$0301ac11000232d4ffffffff$_991e99b657dd7811cd9dd01351034117
2017-11-21 13:42:48,603   GET     200       1 ms  /3/Jobs/$0301ac11000232d4ffffffff$_991e99b657dd7811cd9dd01351034117
2017-11-21 13:42:49,208   GET     200       1 ms  /3/Jobs/$0301ac11000232d4ffffffff$_991e99b657dd7811cd9dd01351034117
2017-11-21 13:42:49,813   GET     200       0 ms  /3/Jobs/$0301ac11000232d4ffffffff$_991e99b657dd7811cd9dd01351034117
2017-11-21 13:42:50,419   GET     200       1 ms  /3/Jobs/$0301ac11000232d4ffffffff$_991e99b657dd7811cd9dd01351034117
2017-11-21 13:42:51,024   GET     200       0 ms  /3/Jobs/$0301ac11000232d4ffffffff$_991e99b657dd7811cd9dd01351034117
2017-11-21 13:42:51,637   GET     200       1 ms  /3/Jobs/$0301ac11000232d4ffffffff$_991e99b657dd7811cd9dd01351034117
2017-11-21 13:42:52,242   GET     200       0 ms  /3/Jobs/$0301ac11000232d4ffffffff$_991e99b657dd7811cd9dd01351034117
2017-11-21 13:42:52,854   GET     200       0 ms  /3/Jobs/$0301ac11000232d4ffffffff$_991e99b657dd7811cd9dd01351034117
2017-11-21 13:42:53,460   GET     200       1 ms  /3/Jobs/$0301ac11000232d4ffffffff$_991e99b657dd7811cd9dd01351034117
2017-11-21 13:42:54,068   GET     200       1 ms  /3/Jobs/$0301ac11000232d4ffffffff$_991e99b657dd7811cd9dd01351034117
2017-11-21 13:42:54,676   GET     200       0 ms  /3/Jobs/$0301ac11000232d4ffffffff$_991e99b657dd7811cd9dd01351034117
2017-11-21 13:42:55,281   GET     200       0 ms  /3/Jobs/$0301ac11000232d4ffffffff$_991e99b657dd7811cd9dd01351034117
2017-11-21 13:42:55,887   GET     200       1 ms  /3/Jobs/$0301ac11000232d4ffffffff$_991e99b657dd7811cd9dd01351034117
2017-11-21 13:42:56,492   GET     200       0 ms  /3/Jobs/$0301ac11000232d4ffffffff$_991e99b657dd7811cd9dd01351034117
2017-11-21 13:42:57,097   GET     200       0 ms  /3/Jobs/$0301ac11000232d4ffffffff$_991e99b657dd7811cd9dd01351034117
2017-11-21 13:42:57,703   GET     200       1 ms  /3/Jobs/$0301ac11000232d4ffffffff$_991e99b657dd7811cd9dd01351034117
2017-11-21 13:42:58,308   GET     200       0 ms  /3/Jobs/$0301ac11000232d4ffffffff$_991e99b657dd7811cd9dd01351034117
2017-11-21 13:42:58,913   GET     200       1 ms  /3/Jobs/$0301ac11000232d4ffffffff$_991e99b657dd7811cd9dd01351034117
2017-11-21 13:42:59,520   GET     200       0 ms  /3/Jobs/$0301ac11000232d4ffffffff$_991e99b657dd7811cd9dd01351034117
2017-11-21 13:43:00,125   GET     200       1 ms  /3/Jobs/$0301ac11000232d4ffffffff$_991e99b657dd7811cd9dd01351034117
2017-11-21 13:43:00,729   GET     200       1 ms  /3/Jobs/$0301ac11000232d4ffffffff$_991e99b657dd7811cd9dd01351034117
2017-11-21 13:43:01,332   GET     200       0 ms  /3/Jobs/$0301ac11000232d4ffffffff$_991e99b657dd7811cd9dd01351034117
2017-11-21 13:43:01,936   GET     200       0 ms  /3/Jobs/$0301ac11000232d4ffffffff$_991e99b657dd7811cd9dd01351034117
2017-11-21 13:43:02,541   GET     200       1 ms  /3/Jobs/$0301ac11000232d4ffffffff$_991e99b657dd7811cd9dd01351034117
2017-11-21 13:43:03,146   GET     200       0 ms  /3/Jobs/$0301ac11000232d4ffffffff$_991e99b657dd7811cd9dd01351034117
2017-11-21 13:43:03,751   GET     200       0 ms  /3/Jobs/$0301ac11000232d4ffffffff$_991e99b657dd7811cd9dd01351034117
2017-11-21 13:43:04,356   GET     200       0 ms  /3/Jobs/$0301ac11000232d4ffffffff$_991e99b657dd7811cd9dd01351034117
2017-11-21 13:43:04,961   GET     200       0 ms  /3/Jobs/$0301ac11000232d4ffffffff$_991e99b657dd7811cd9dd01351034117
2017-11-21 13:43:05,566   GET     200       1 ms  /3/Jobs/$0301ac11000232d4ffffffff$_991e99b657dd7811cd9dd01351034117
2017-11-21 13:43:06,170   GET     200       1 ms  /3/Jobs/$0301ac11000232d4ffffffff$_991e99b657dd7811cd9dd01351034117
2017-11-21 13:43:06,773   GET     200       0 ms  /3/Jobs/$0301ac11000232d4ffffffff$_991e99b657dd7811cd9dd01351034117
2017-11-21 13:43:07,377   GET     200       0 ms  /3/Jobs/$0301ac11000232d4ffffffff$_991e99b657dd7811cd9dd01351034117
2017-11-21 13:43:07,981   GET     200       0 ms  /3/Jobs/$0301ac11000232d4ffffffff$_991e99b657dd7811cd9dd01351034117
2017-11-21 13:43:08,585   GET     200       0 ms  /3/Jobs/$0301ac11000232d4ffffffff$_991e99b657dd7811cd9dd01351034117
2017-11-21 13:43:08,603   GET     200      14 ms  /3/Models/GBM_model_python_1511270194886_117
2017-11-21 13:44:23,990   POST    200       1 ms  /3/PartialDependence/
2017-11-21 13:44:23,995   GET     200       3 ms  /3/Jobs/$0301ac11000232d4ffffffff$_8267d97dee60132ff17cbbf382564cf5
2017-11-21 13:44:24,200   GET     200       1 ms  /3/Jobs/$0301ac11000232d4ffffffff$_8267d97dee60132ff17cbbf382564cf5
2017-11-21 13:44:24,422   GET     200       1 ms  /3/Jobs/$0301ac11000232d4ffffffff$_8267d97dee60132ff17cbbf382564cf5
2017-11-21 13:44:24,627   GET     200       0 ms  /3/Jobs/$0301ac11000232d4ffffffff$_8267d97dee60132ff17cbbf382564cf5
2017-11-21 13:44:24,832   GET     200       0 ms  /3/Jobs/$0301ac11000232d4ffffffff$_8267d97dee60132ff17cbbf382564cf5
2017-11-21 13:44:25,037   GET     200       0 ms  /3/Jobs/$0301ac11000232d4ffffffff$_8267d97dee60132ff17cbbf382564cf5
2017-11-21 13:44:25,251   GET     200       1 ms  /3/Jobs/$0301ac11000232d4ffffffff$_8267d97dee60132ff17cbbf382564cf5
2017-11-21 13:44:25,507   GET     200       0 ms  /3/Jobs/$0301ac11000232d4ffffffff$_8267d97dee60132ff17cbbf382564cf5
2017-11-21 13:44:25,815   GET     200       0 ms  /3/Jobs/$0301ac11000232d4ffffffff$_8267d97dee60132ff17cbbf382564cf5
2017-11-21 13:44:26,197   GET     200       0 ms  /3/Jobs/$0301ac11000232d4ffffffff$_8267d97dee60132ff17cbbf382564cf5
2017-11-21 13:44:26,643   GET     200       1 ms  /3/Jobs/$0301ac11000232d4ffffffff$_8267d97dee60132ff17cbbf382564cf5
2017-11-21 13:44:27,178   GET     200       0 ms  /3/Jobs/$0301ac11000232d4ffffffff$_8267d97dee60132ff17cbbf382564cf5
2017-11-21 13:44:27,823   GET     200       1 ms  /3/Jobs/$0301ac11000232d4ffffffff$_8267d97dee60132ff17cbbf382564cf5
2017-11-21 13:44:28,594   GET     200       1 ms  /3/Jobs/$0301ac11000232d4ffffffff$_8267d97dee60132ff17cbbf382564cf5
2017-11-21 13:44:29,524   GET     200       1 ms  /3/Jobs/$0301ac11000232d4ffffffff$_8267d97dee60132ff17cbbf382564cf5
2017-11-21 13:44:30,635   GET     200       1 ms  /3/Jobs/$0301ac11000232d4ffffffff$_8267d97dee60132ff17cbbf382564cf5
2017-11-21 13:44:31,968   GET     200       0 ms  /3/Jobs/$0301ac11000232d4ffffffff$_8267d97dee60132ff17cbbf382564cf5
2017-11-21 13:44:33,473   GET     200       0 ms  /3/Jobs/$0301ac11000232d4ffffffff$_8267d97dee60132ff17cbbf382564cf5
2017-11-21 13:44:34,980   GET     200       1 ms  /3/Jobs/$0301ac11000232d4ffffffff$_8267d97dee60132ff17cbbf382564cf5
2017-11-21 13:44:36,485   GET     200       0 ms  /3/Jobs/$0301ac11000232d4ffffffff$_8267d97dee60132ff17cbbf382564cf5
2017-11-21 13:44:37,991   GET     200       0 ms  /3/Jobs/$0301ac11000232d4ffffffff$_8267d97dee60132ff17cbbf382564cf5
2017-11-21 13:44:39,497   GET     200       1 ms  /3/Jobs/$0301ac11000232d4ffffffff$_8267d97dee60132ff17cbbf382564cf5
2017-11-21 13:44:41,004   GET     200       0 ms  /3/Jobs/$0301ac11000232d4ffffffff$_8267d97dee60132ff17cbbf382564cf5
2017-11-21 13:44:42,510   GET     200       0 ms  /3/Jobs/$0301ac11000232d4ffffffff$_8267d97dee60132ff17cbbf382564cf5
2017-11-21 13:44:44,016   GET     200       0 ms  /3/Jobs/$0301ac11000232d4ffffffff$_8267d97dee60132ff17cbbf382564cf5
2017-11-21 13:44:45,525   GET     200       4 ms  /3/Jobs/$0301ac11000232d4ffffffff$_8267d97dee60132ff17cbbf382564cf5
2017-11-21 13:44:47,032   GET     200       1 ms  /3/Jobs/$0301ac11000232d4ffffffff$_8267d97dee60132ff17cbbf382564cf5
2017-11-21 13:44:48,536   GET     200       1 ms  /3/Jobs/$0301ac11000232d4ffffffff$_8267d97dee60132ff17cbbf382564cf5
2017-11-21 13:44:50,040   GET     200       0 ms  /3/Jobs/$0301ac11000232d4ffffffff$_8267d97dee60132ff17cbbf382564cf5
2017-11-21 13:44:50,045   GET     200       1 ms  /3/PartialDependence/_a5120c60e6d36af911dd80d3f84e4ec9
2017-11-21 13:44:50,180   POST    200       1 ms  /99/Rapids
2017-11-21 13:44:50,182   POST    200       0 ms  /99/Rapids
2017-11-21 13:44:50,207   POST    200       0 ms  /3/PartialDependence/
2017-11-21 13:44:50,211   GET     200       1 ms  /3/Jobs/$0301ac11000232d4ffffffff$_9a41b078ff39d64b4ea6060d006490c
2017-11-21 13:44:50,416   GET     200       1 ms  /3/Jobs/$0301ac11000232d4ffffffff$_9a41b078ff39d64b4ea6060d006490c
2017-11-21 13:44:50,621   GET     200       1 ms  /3/Jobs/$0301ac11000232d4ffffffff$_9a41b078ff39d64b4ea6060d006490c
2017-11-21 13:44:50,826   GET     200       1 ms  /3/Jobs/$0301ac11000232d4ffffffff$_9a41b078ff39d64b4ea6060d006490c
2017-11-21 13:44:51,048   GET     200       0 ms  /3/Jobs/$0301ac11000232d4ffffffff$_9a41b078ff39d64b4ea6060d006490c
2017-11-21 13:44:51,253   GET     200       0 ms  /3/Jobs/$0301ac11000232d4ffffffff$_9a41b078ff39d64b4ea6060d006490c
2017-11-21 13:44:51,466   GET     200       0 ms  /3/Jobs/$0301ac11000232d4ffffffff$_9a41b078ff39d64b4ea6060d006490c
2017-11-21 13:44:51,723   GET     200       1 ms  /3/Jobs/$0301ac11000232d4ffffffff$_9a41b078ff39d64b4ea6060d006490c
2017-11-21 13:44:52,030   GET     200       0 ms  /3/Jobs/$0301ac11000232d4ffffffff$_9a41b078ff39d64b4ea6060d006490c
2017-11-21 13:44:52,403   GET     200       1 ms  /3/Jobs/$0301ac11000232d4ffffffff$_9a41b078ff39d64b4ea6060d006490c
2017-11-21 13:44:52,850   GET     200       0 ms  /3/Jobs/$0301ac11000232d4ffffffff$_9a41b078ff39d64b4ea6060d006490c
2017-11-21 13:44:53,285   POST    200       0 ms  /3/Jobs/$0301ac11000232d4ffffffff$_9a41b078ff39d64b4ea6060d006490c/cancel
2017-11-21 13:45:08,966   GET     301       0 ms  /
2017-11-21 13:45:08,970   GET     200       2 ms  /flow/index.html
2017-11-21 13:45:08,974   POST    200       2 ms  /3/Shutdown
2017-11-21 13:45:08,994   DELETE  200      17 ms  /4/sessions/_sid_9336
