2017-11-21 11:38:52,133   GET     200     197 ms  /3/Cloud
2017-11-21 11:38:52,181   POST    200      38 ms  /4/sessions
2017-11-21 11:38:52,519   POST    200     331 ms  /99/Rapids
2017-11-21 11:38:52,552   GET     200      21 ms  /3/Capabilities/API
2017-11-21 11:39:42,661   GET     200       1 ms  /3/Cloud
2017-11-21 11:39:42,674   POST    200       1 ms  /4/sessions
2017-11-21 11:39:42,681   POST    200       3 ms  /99/Rapids
2017-11-21 11:39:42,687   GET     200       1 ms  /3/Capabilities/API
2017-11-21 11:39:53,259   GET     200       9 ms  /flow/index.html
2017-11-21 11:39:53,762   GET     200       5 ms  /flow/css/flow-lib.css
2017-11-21 11:39:53,765   GET     200       2 ms  /flow/css/flow.css
2017-11-21 11:39:53,774   GET     200       3 ms  /flow/css/scala-editor.css
2017-11-21 11:39:53,780   GET     200       1 ms  /flow/custom/custom.css
2017-11-21 11:39:55,523   GET     200      37 ms  /flow/js/flow-lib.js
2017-11-21 11:39:57,760   GET     200       6 ms  /flow/js/flow.js
2017-11-21 11:39:57,787   GET     200      12 ms  /flow/fonts/fontawesome-webfont.woff
2017-11-21 11:39:57,788   GET     200       4 ms  /flow/img/h2o.png
2017-11-21 11:40:07,431   GET     200       6 ms  /flow/index.html
2017-11-21 11:40:08,526   GET     200     333 ms  /3/Metadata/endpoints
2017-11-21 11:40:10,733   GET     200       2 ms  /flow/help/catalog.json
2017-11-21 11:40:10,743   GET     200      21 ms  /3/NodePersistentStorage/categories/environment/names/clips/exists
2017-11-21 11:40:10,745   GET     200      32 ms  /3/NodePersistentStorage/notebook
2017-11-21 11:40:10,765   GET     200      25 ms  /3/About
2017-11-21 11:40:10,771   POST    200      13 ms  /3/scalaint
2017-11-21 11:40:11,009   GET     200     260 ms  /3/ModelBuilders
2017-11-21 11:40:11,009   GET     200      10 ms  /flow/img/h2o-flow.png
