2017-12-03 09:52:00,972   GET     200     215 ms  /3/Cloud
2017-12-03 09:52:01,086   POST    200      84 ms  /4/sessions
2017-12-03 09:52:01,547   POST    200     450 ms  /99/Rapids
2017-12-03 09:52:01,594   GET     200      33 ms  /3/Capabilities/API
2017-12-03 10:00:08,385   GET     200     746 ms  /3/Frames/frame_rdd_269_996656ea119a2ec69c780741032045a3
2017-12-03 10:00:08,633   POST    200     163 ms  /99/Rapids
2017-12-03 10:00:08,689   GET     200      43 ms  /3/Frames/py_1_sid_8fe5
2017-12-03 10:00:15,324   GET     200      41 ms  /3/Frames/frame_rdd_269_996656ea119a2ec69c780741032045a3
2017-12-03 10:00:15,521   POST    200       8 ms  /99/Rapids
2017-12-03 10:00:15,540   GET     200       2 ms  /3/DownloadDataset
2017-12-03 10:00:15,598   POST    200      45 ms  /99/Rapids
2017-12-03 10:00:15,612   POST    200       2 ms  /99/Rapids
2017-12-03 10:00:15,670   POST    200       5 ms  /99/Rapids
2017-12-03 10:00:15,685   GET     200       0 ms  /3/DownloadDataset
2017-12-03 10:00:15,696   POST    200       3 ms  /99/Rapids
2017-12-03 10:00:15,706   POST    200       2 ms  /99/Rapids
2017-12-03 10:00:16,611   GET     200      55 ms  /3/Frames/frame_rdd_269_996656ea119a2ec69c780741032045a3
2017-12-03 10:00:20,189   GET     200      46 ms  /3/Frames/frame_rdd_269_996656ea119a2ec69c780741032045a3
2017-12-03 10:00:23,485   GET     200      19 ms  /3/Frames/frame_rdd_269_996656ea119a2ec69c780741032045a3
2017-12-03 10:01:37,330   POST    200     481 ms  /99/Rapids
2017-12-03 10:01:37,360   GET     200      20 ms  /3/Frames/py_7_sid_8fe5
2017-12-03 10:01:44,660   GET     200      35 ms  /3/Frames/py_6_sid_8fe5
2017-12-03 10:02:16,795   POST    200      65 ms  /99/Rapids
2017-12-03 10:02:16,824   GET     200      19 ms  /3/Frames/py_8_sid_8fe5
2017-12-03 10:04:39,137   POST    200     348 ms  /99/Rapids
2017-12-03 10:04:39,302   GET     200     157 ms  /3/Frames/py_10_sid_8fe5
2017-12-03 10:04:39,476   POST    200      83 ms  /99/Rapids
2017-12-03 10:04:39,553   GET     200      64 ms  /3/Frames/py_11_sid_8fe5
2017-12-03 10:04:42,396   POST    200      34 ms  /99/Rapids
2017-12-03 10:04:42,438   GET     200      26 ms  /3/Frames/py_12_sid_8fe5
2017-12-03 10:04:54,527   POST    200      52 ms  /99/Rapids
2017-12-03 10:04:54,565   GET     200      28 ms  /3/Frames/py_13_sid_8fe5
2017-12-03 10:05:28,598   POST    200     117 ms  /99/Rapids
2017-12-03 10:05:28,623   GET     200      17 ms  /3/Frames/py_14_sid_8fe5
2017-12-03 10:05:28,656   POST    200      24 ms  /99/Rapids
2017-12-03 10:05:28,686   POST    200       2 ms  /99/Rapids
2017-12-03 10:05:28,699   GET     200       5 ms  /3/Frames/py_15_sid_8fe5
2017-12-03 10:05:36,859   POST    200      37 ms  /99/Rapids
2017-12-03 10:05:36,880   GET     200      13 ms  /3/Frames/py_16_sid_8fe5
2017-12-03 10:05:36,902   POST    200       8 ms  /99/Rapids
2017-12-03 10:06:23,842   POST    200      30 ms  /99/Rapids
2017-12-03 10:06:23,869   GET     200      17 ms  /3/Frames/py_17_sid_8fe5
2017-12-03 10:06:23,892   POST    200       7 ms  /99/Rapids
2017-12-03 10:06:23,984   POST    500      48 ms  /99/Rapids
2017-12-03 10:06:42,851   GET     200      62 ms  /3/Frames/py_9_sid_8fe5
2017-12-03 10:06:57,158   POST    200      21 ms  /99/Rapids
2017-12-03 10:06:57,246   GET     200      75 ms  /3/Frames/py_19_sid_8fe5
2017-12-03 10:09:15,695   GET     200     111 ms  /3/Frames/frame_rdd_352_ac590f657a51b5f7d89047a0e6b34008
2017-12-03 10:09:15,812   POST    200      48 ms  /99/Rapids
2017-12-03 10:09:15,836   GET     200      16 ms  /3/Frames/py_20_sid_8fe5
2017-12-03 10:09:15,957   GET     200      51 ms  /3/Frames/frame_rdd_352_ac590f657a51b5f7d89047a0e6b34008
2017-12-03 10:09:16,131   POST    200       4 ms  /99/Rapids
2017-12-03 10:09:16,142   GET     200       0 ms  /3/DownloadDataset
2017-12-03 10:09:16,171   POST    200      19 ms  /99/Rapids
2017-12-03 10:09:16,184   POST    200       2 ms  /99/Rapids
2017-12-03 10:09:16,230   POST    200       2 ms  /99/Rapids
2017-12-03 10:09:16,240   GET     200       0 ms  /3/DownloadDataset
2017-12-03 10:09:16,251   POST    200       2 ms  /99/Rapids
2017-12-03 10:09:16,262   POST    200       1 ms  /99/Rapids
2017-12-03 10:09:16,306   GET     200      24 ms  /3/Frames/frame_rdd_352_ac590f657a51b5f7d89047a0e6b34008
2017-12-03 10:09:16,450   GET     200      13 ms  /3/Frames/frame_rdd_352_ac590f657a51b5f7d89047a0e6b34008
2017-12-03 10:09:16,654   GET     200      15 ms  /3/Frames/frame_rdd_352_ac590f657a51b5f7d89047a0e6b34008
2017-12-03 10:09:16,830   POST    200      13 ms  /99/Rapids
2017-12-03 10:09:16,855   POST    200      13 ms  /99/Rapids
2017-12-03 10:09:17,267   POST    200     235 ms  /99/Rapids
2017-12-03 10:09:17,393   GET     200     118 ms  /3/Frames/py_27_sid_8fe5
2017-12-03 10:09:17,525   POST    200      35 ms  /99/Rapids
2017-12-03 10:09:17,587   GET     200      53 ms  /3/Frames/py_28_sid_8fe5
2017-12-03 10:09:17,665   POST    200      20 ms  /99/Rapids
2017-12-03 10:09:17,711   GET     200      39 ms  /3/Frames/py_29_sid_8fe5
2017-12-03 10:14:51,299   POST    200      39 ms  /99/Rapids
2017-12-03 10:14:51,324   GET     200       7 ms  /3/Frames/py_30_sid_8fe5
2017-12-03 10:14:51,339   POST    200       6 ms  /99/Rapids
2017-12-03 10:14:51,399   POST    500      15 ms  /99/Rapids
2017-12-03 10:15:00,905   POST    200      42 ms  /99/Rapids
2017-12-03 10:15:00,935   GET     200      15 ms  /3/Frames/py_32_sid_8fe5
2017-12-03 10:16:49,950   POST    200      30 ms  /99/Rapids
2017-12-03 10:16:49,969   GET     200      10 ms  /3/Frames/py_33_sid_8fe5
2017-12-03 10:16:49,992   POST    200       8 ms  /99/Rapids
2017-12-03 10:16:50,047   POST    500      11 ms  /99/Rapids
2017-12-03 10:17:14,140   GET     200      37 ms  /3/Frames/py_26_sid_8fe5
2017-12-03 10:24:51,671   POST    200      96 ms  /99/Rapids
2017-12-03 10:24:52,022   POST    200     339 ms  /3/ModelBuilders/gbm
2017-12-03 10:24:52,044   GET     200       7 ms  /3/Jobs/$0301ac11000232d4ffffffff$_9dd248905eeb660d40509eada9aa40cc
2017-12-03 10:24:52,263   GET     200       3 ms  /3/Jobs/$0301ac11000232d4ffffffff$_9dd248905eeb660d40509eada9aa40cc
2017-12-03 10:24:52,479   GET     200       2 ms  /3/Jobs/$0301ac11000232d4ffffffff$_9dd248905eeb660d40509eada9aa40cc
2017-12-03 10:24:52,698   GET     200       2 ms  /3/Jobs/$0301ac11000232d4ffffffff$_9dd248905eeb660d40509eada9aa40cc
2017-12-03 10:24:52,910   GET     200       1 ms  /3/Jobs/$0301ac11000232d4ffffffff$_9dd248905eeb660d40509eada9aa40cc
2017-12-03 10:24:53,123   GET     200       1 ms  /3/Jobs/$0301ac11000232d4ffffffff$_9dd248905eeb660d40509eada9aa40cc
2017-12-03 10:24:53,355   GET     200       2 ms  /3/Jobs/$0301ac11000232d4ffffffff$_9dd248905eeb660d40509eada9aa40cc
2017-12-03 10:24:53,631   GET     200       1 ms  /3/Jobs/$0301ac11000232d4ffffffff$_9dd248905eeb660d40509eada9aa40cc
2017-12-03 10:24:53,970   GET     200       1 ms  /3/Jobs/$0301ac11000232d4ffffffff$_9dd248905eeb660d40509eada9aa40cc
2017-12-03 10:24:54,374   GET     200       2 ms  /3/Jobs/$0301ac11000232d4ffffffff$_9dd248905eeb660d40509eada9aa40cc
2017-12-03 10:24:54,866   GET     200       2 ms  /3/Jobs/$0301ac11000232d4ffffffff$_9dd248905eeb660d40509eada9aa40cc
2017-12-03 10:24:55,444   GET     200       1 ms  /3/Jobs/$0301ac11000232d4ffffffff$_9dd248905eeb660d40509eada9aa40cc
2017-12-03 10:24:56,158   GET     200       1 ms  /3/Jobs/$0301ac11000232d4ffffffff$_9dd248905eeb660d40509eada9aa40cc
2017-12-03 10:24:56,993   GET     200       1 ms  /3/Jobs/$0301ac11000232d4ffffffff$_9dd248905eeb660d40509eada9aa40cc
2017-12-03 10:24:57,998   GET     200       1 ms  /3/Jobs/$0301ac11000232d4ffffffff$_9dd248905eeb660d40509eada9aa40cc
2017-12-03 10:24:59,201   GET     200       2 ms  /3/Jobs/$0301ac11000232d4ffffffff$_9dd248905eeb660d40509eada9aa40cc
2017-12-03 10:25:00,646   GET     200       1 ms  /3/Jobs/$0301ac11000232d4ffffffff$_9dd248905eeb660d40509eada9aa40cc
2017-12-03 10:25:02,151   GET     200       0 ms  /3/Jobs/$0301ac11000232d4ffffffff$_9dd248905eeb660d40509eada9aa40cc
2017-12-03 10:25:03,637   GET     200       1 ms  /3/Jobs/$0301ac11000232d4ffffffff$_9dd248905eeb660d40509eada9aa40cc
2017-12-03 10:25:05,119   GET     200       1 ms  /3/Jobs/$0301ac11000232d4ffffffff$_9dd248905eeb660d40509eada9aa40cc
2017-12-03 10:25:06,603   GET     200       1 ms  /3/Jobs/$0301ac11000232d4ffffffff$_9dd248905eeb660d40509eada9aa40cc
2017-12-03 10:25:08,060   GET     200       1 ms  /3/Jobs/$0301ac11000232d4ffffffff$_9dd248905eeb660d40509eada9aa40cc
2017-12-03 10:25:09,514   GET     200       1 ms  /3/Jobs/$0301ac11000232d4ffffffff$_9dd248905eeb660d40509eada9aa40cc
2017-12-03 10:25:10,938   GET     200       1 ms  /3/Jobs/$0301ac11000232d4ffffffff$_9dd248905eeb660d40509eada9aa40cc
2017-12-03 10:25:12,357   GET     200       1 ms  /3/Jobs/$0301ac11000232d4ffffffff$_9dd248905eeb660d40509eada9aa40cc
2017-12-03 10:25:13,757   GET     200       1 ms  /3/Jobs/$0301ac11000232d4ffffffff$_9dd248905eeb660d40509eada9aa40cc
2017-12-03 10:25:15,148   GET     200       0 ms  /3/Jobs/$0301ac11000232d4ffffffff$_9dd248905eeb660d40509eada9aa40cc
2017-12-03 10:25:16,542   GET     200       1 ms  /3/Jobs/$0301ac11000232d4ffffffff$_9dd248905eeb660d40509eada9aa40cc
2017-12-03 10:25:17,935   GET     200       1 ms  /3/Jobs/$0301ac11000232d4ffffffff$_9dd248905eeb660d40509eada9aa40cc
2017-12-03 10:25:19,326   GET     200       1 ms  /3/Jobs/$0301ac11000232d4ffffffff$_9dd248905eeb660d40509eada9aa40cc
2017-12-03 10:25:20,692   GET     200       1 ms  /3/Jobs/$0301ac11000232d4ffffffff$_9dd248905eeb660d40509eada9aa40cc
2017-12-03 10:25:22,041   GET     200       1 ms  /3/Jobs/$0301ac11000232d4ffffffff$_9dd248905eeb660d40509eada9aa40cc
2017-12-03 10:25:23,377   GET     200       1 ms  /3/Jobs/$0301ac11000232d4ffffffff$_9dd248905eeb660d40509eada9aa40cc
2017-12-03 10:25:24,690   GET     200       1 ms  /3/Jobs/$0301ac11000232d4ffffffff$_9dd248905eeb660d40509eada9aa40cc
2017-12-03 10:25:25,985   GET     200       1 ms  /3/Jobs/$0301ac11000232d4ffffffff$_9dd248905eeb660d40509eada9aa40cc
2017-12-03 10:25:27,266   GET     200       1 ms  /3/Jobs/$0301ac11000232d4ffffffff$_9dd248905eeb660d40509eada9aa40cc
2017-12-03 10:25:28,536   GET     200       1 ms  /3/Jobs/$0301ac11000232d4ffffffff$_9dd248905eeb660d40509eada9aa40cc
2017-12-03 10:25:29,793   GET     200       2 ms  /3/Jobs/$0301ac11000232d4ffffffff$_9dd248905eeb660d40509eada9aa40cc
2017-12-03 10:25:31,033   GET     200       1 ms  /3/Jobs/$0301ac11000232d4ffffffff$_9dd248905eeb660d40509eada9aa40cc
2017-12-03 10:25:32,262   GET     200       0 ms  /3/Jobs/$0301ac11000232d4ffffffff$_9dd248905eeb660d40509eada9aa40cc
2017-12-03 10:25:33,474   GET     200       2 ms  /3/Jobs/$0301ac11000232d4ffffffff$_9dd248905eeb660d40509eada9aa40cc
2017-12-03 10:25:34,674   GET     200       1 ms  /3/Jobs/$0301ac11000232d4ffffffff$_9dd248905eeb660d40509eada9aa40cc
2017-12-03 10:25:35,853   GET     200       2 ms  /3/Jobs/$0301ac11000232d4ffffffff$_9dd248905eeb660d40509eada9aa40cc
2017-12-03 10:25:37,010   GET     200       6 ms  /3/Jobs/$0301ac11000232d4ffffffff$_9dd248905eeb660d40509eada9aa40cc
2017-12-03 10:25:38,146   GET     200       1 ms  /3/Jobs/$0301ac11000232d4ffffffff$_9dd248905eeb660d40509eada9aa40cc
2017-12-03 10:25:39,261   GET     200       1 ms  /3/Jobs/$0301ac11000232d4ffffffff$_9dd248905eeb660d40509eada9aa40cc
2017-12-03 10:25:40,364   GET     200       1 ms  /3/Jobs/$0301ac11000232d4ffffffff$_9dd248905eeb660d40509eada9aa40cc
2017-12-03 10:25:41,463   GET     200       2 ms  /3/Jobs/$0301ac11000232d4ffffffff$_9dd248905eeb660d40509eada9aa40cc
2017-12-03 10:25:42,534   GET     200       1 ms  /3/Jobs/$0301ac11000232d4ffffffff$_9dd248905eeb660d40509eada9aa40cc
2017-12-03 10:25:43,599   GET     200       5 ms  /3/Jobs/$0301ac11000232d4ffffffff$_9dd248905eeb660d40509eada9aa40cc
2017-12-03 10:25:44,629   GET     200       0 ms  /3/Jobs/$0301ac11000232d4ffffffff$_9dd248905eeb660d40509eada9aa40cc
2017-12-03 10:25:45,639   GET     200       1 ms  /3/Jobs/$0301ac11000232d4ffffffff$_9dd248905eeb660d40509eada9aa40cc
2017-12-03 10:25:46,636   GET     200       0 ms  /3/Jobs/$0301ac11000232d4ffffffff$_9dd248905eeb660d40509eada9aa40cc
2017-12-03 10:25:47,617   GET     200       1 ms  /3/Jobs/$0301ac11000232d4ffffffff$_9dd248905eeb660d40509eada9aa40cc
2017-12-03 10:25:48,570   GET     200       0 ms  /3/Jobs/$0301ac11000232d4ffffffff$_9dd248905eeb660d40509eada9aa40cc
2017-12-03 10:25:49,505   GET     200       1 ms  /3/Jobs/$0301ac11000232d4ffffffff$_9dd248905eeb660d40509eada9aa40cc
2017-12-03 10:25:50,417   GET     200       1 ms  /3/Jobs/$0301ac11000232d4ffffffff$_9dd248905eeb660d40509eada9aa40cc
2017-12-03 10:25:51,296   GET     200       1 ms  /3/Jobs/$0301ac11000232d4ffffffff$_9dd248905eeb660d40509eada9aa40cc
2017-12-03 10:25:52,147   GET     200       1 ms  /3/Jobs/$0301ac11000232d4ffffffff$_9dd248905eeb660d40509eada9aa40cc
2017-12-03 10:25:52,977   GET     200       1 ms  /3/Jobs/$0301ac11000232d4ffffffff$_9dd248905eeb660d40509eada9aa40cc
2017-12-03 10:25:53,773   GET     200       1 ms  /3/Jobs/$0301ac11000232d4ffffffff$_9dd248905eeb660d40509eada9aa40cc
2017-12-03 10:25:54,546   GET     200       1 ms  /3/Jobs/$0301ac11000232d4ffffffff$_9dd248905eeb660d40509eada9aa40cc
2017-12-03 10:25:55,298   GET     200       1 ms  /3/Jobs/$0301ac11000232d4ffffffff$_9dd248905eeb660d40509eada9aa40cc
2017-12-03 10:25:56,021   GET     200       1 ms  /3/Jobs/$0301ac11000232d4ffffffff$_9dd248905eeb660d40509eada9aa40cc
2017-12-03 10:25:56,714   GET     200       1 ms  /3/Jobs/$0301ac11000232d4ffffffff$_9dd248905eeb660d40509eada9aa40cc
2017-12-03 10:25:57,376   GET     200       1 ms  /3/Jobs/$0301ac11000232d4ffffffff$_9dd248905eeb660d40509eada9aa40cc
2017-12-03 10:25:57,997   GET     200       1 ms  /3/Jobs/$0301ac11000232d4ffffffff$_9dd248905eeb660d40509eada9aa40cc
2017-12-03 10:25:58,608   GET     200       1 ms  /3/Jobs/$0301ac11000232d4ffffffff$_9dd248905eeb660d40509eada9aa40cc
2017-12-03 10:25:59,219   GET     200       1 ms  /3/Jobs/$0301ac11000232d4ffffffff$_9dd248905eeb660d40509eada9aa40cc
2017-12-03 10:25:59,831   GET     200       0 ms  /3/Jobs/$0301ac11000232d4ffffffff$_9dd248905eeb660d40509eada9aa40cc
2017-12-03 10:26:00,444   GET     200       1 ms  /3/Jobs/$0301ac11000232d4ffffffff$_9dd248905eeb660d40509eada9aa40cc
2017-12-03 10:26:01,060   GET     200       1 ms  /3/Jobs/$0301ac11000232d4ffffffff$_9dd248905eeb660d40509eada9aa40cc
2017-12-03 10:26:01,671   GET     200       1 ms  /3/Jobs/$0301ac11000232d4ffffffff$_9dd248905eeb660d40509eada9aa40cc
2017-12-03 10:26:02,283   GET     200       1 ms  /3/Jobs/$0301ac11000232d4ffffffff$_9dd248905eeb660d40509eada9aa40cc
2017-12-03 10:26:02,894   GET     200       1 ms  /3/Jobs/$0301ac11000232d4ffffffff$_9dd248905eeb660d40509eada9aa40cc
2017-12-03 10:26:03,506   GET     200       1 ms  /3/Jobs/$0301ac11000232d4ffffffff$_9dd248905eeb660d40509eada9aa40cc
2017-12-03 10:26:04,117   GET     200       1 ms  /3/Jobs/$0301ac11000232d4ffffffff$_9dd248905eeb660d40509eada9aa40cc
2017-12-03 10:26:04,729   GET     200       0 ms  /3/Jobs/$0301ac11000232d4ffffffff$_9dd248905eeb660d40509eada9aa40cc
2017-12-03 10:26:05,340   GET     200       1 ms  /3/Jobs/$0301ac11000232d4ffffffff$_9dd248905eeb660d40509eada9aa40cc
2017-12-03 10:26:05,951   GET     200       1 ms  /3/Jobs/$0301ac11000232d4ffffffff$_9dd248905eeb660d40509eada9aa40cc
2017-12-03 10:26:06,563   GET     200       1 ms  /3/Jobs/$0301ac11000232d4ffffffff$_9dd248905eeb660d40509eada9aa40cc
2017-12-03 10:26:07,180   GET     200       1 ms  /3/Jobs/$0301ac11000232d4ffffffff$_9dd248905eeb660d40509eada9aa40cc
2017-12-03 10:26:07,792   GET     200       1 ms  /3/Jobs/$0301ac11000232d4ffffffff$_9dd248905eeb660d40509eada9aa40cc
2017-12-03 10:26:08,404   GET     200       1 ms  /3/Jobs/$0301ac11000232d4ffffffff$_9dd248905eeb660d40509eada9aa40cc
2017-12-03 10:26:09,016   GET     200       1 ms  /3/Jobs/$0301ac11000232d4ffffffff$_9dd248905eeb660d40509eada9aa40cc
2017-12-03 10:26:09,627   GET     200       1 ms  /3/Jobs/$0301ac11000232d4ffffffff$_9dd248905eeb660d40509eada9aa40cc
2017-12-03 10:26:10,238   GET     200       1 ms  /3/Jobs/$0301ac11000232d4ffffffff$_9dd248905eeb660d40509eada9aa40cc
2017-12-03 10:26:10,850   GET     200       0 ms  /3/Jobs/$0301ac11000232d4ffffffff$_9dd248905eeb660d40509eada9aa40cc
2017-12-03 10:26:11,461   GET     200       1 ms  /3/Jobs/$0301ac11000232d4ffffffff$_9dd248905eeb660d40509eada9aa40cc
2017-12-03 10:26:12,072   GET     200       1 ms  /3/Jobs/$0301ac11000232d4ffffffff$_9dd248905eeb660d40509eada9aa40cc
2017-12-03 10:26:12,687   GET     200       1 ms  /3/Jobs/$0301ac11000232d4ffffffff$_9dd248905eeb660d40509eada9aa40cc
2017-12-03 10:26:13,298   GET     200       1 ms  /3/Jobs/$0301ac11000232d4ffffffff$_9dd248905eeb660d40509eada9aa40cc
2017-12-03 10:26:13,909   GET     200       1 ms  /3/Jobs/$0301ac11000232d4ffffffff$_9dd248905eeb660d40509eada9aa40cc
2017-12-03 10:26:14,520   GET     200       1 ms  /3/Jobs/$0301ac11000232d4ffffffff$_9dd248905eeb660d40509eada9aa40cc
2017-12-03 10:26:15,131   GET     200       1 ms  /3/Jobs/$0301ac11000232d4ffffffff$_9dd248905eeb660d40509eada9aa40cc
2017-12-03 10:26:15,743   GET     200       1 ms  /3/Jobs/$0301ac11000232d4ffffffff$_9dd248905eeb660d40509eada9aa40cc
2017-12-03 10:26:15,904   GET     200     146 ms  /3/Models/GBM_model_python_1512294676038_1
2017-12-03 10:36:09,887   POST    200       9 ms  /99/Rapids
2017-12-03 10:36:09,905   GET     200       8 ms  /3/Frames/py_36_sid_8fe5
2017-12-03 10:36:15,754   POST    200       3 ms  /99/Rapids
2017-12-03 10:36:15,769   GET     200       9 ms  /3/Frames/py_37_sid_8fe5
2017-12-03 10:36:15,803   POST    200       2 ms  /99/Rapids
2017-12-03 10:36:32,730   POST    200       2 ms  /99/Rapids
2017-12-03 10:36:32,750   GET     200       8 ms  /3/Frames/py_38_sid_8fe5
2017-12-03 10:37:34,926   POST    500      14 ms  /99/Rapids
2017-12-03 10:38:12,220   POST    200    1059 ms  /99/Rapids
2017-12-03 10:38:12,233   GET     200       4 ms  /3/Frames/py_40_sid_8fe5
2017-12-03 10:38:46,888   POST    400     413 ms  /99/Rapids
2017-12-03 10:39:05,447   POST    200     361 ms  /99/Rapids
2017-12-03 10:39:05,459   GET     200       4 ms  /3/Frames/py_42_sid_8fe5
2017-12-03 10:42:09,535   POST    500      22 ms  /99/Rapids
2017-12-03 10:42:16,197   POST    400       5 ms  /99/Rapids
2017-12-03 10:42:32,089   POST    200      54 ms  /99/Rapids
2017-12-03 10:42:32,159   GET     200      58 ms  /3/Frames/py_45_sid_8fe5
2017-12-03 10:45:51,412   GET     200      82 ms  /3/Frames/frame_rdd_452_8e22deb82bd2548a1f6ea523db014b6e
2017-12-03 10:45:51,538   POST    200      67 ms  /99/Rapids
2017-12-03 10:45:51,553   GET     200       8 ms  /3/Frames/py_46_sid_8fe5
2017-12-03 10:45:51,653   GET     200      29 ms  /3/Frames/frame_rdd_452_8e22deb82bd2548a1f6ea523db014b6e
2017-12-03 10:45:51,895   POST    200       3 ms  /99/Rapids
2017-12-03 10:45:51,905   GET     200       1 ms  /3/DownloadDataset
2017-12-03 10:45:51,921   POST    200       4 ms  /99/Rapids
2017-12-03 10:45:51,940   POST    200       3 ms  /99/Rapids
2017-12-03 10:45:52,006   POST    200       2 ms  /99/Rapids
2017-12-03 10:45:52,017   GET     200       0 ms  /3/DownloadDataset
2017-12-03 10:45:52,026   POST    200       2 ms  /99/Rapids
2017-12-03 10:45:52,037   POST    200       2 ms  /99/Rapids
2017-12-03 10:45:52,088   GET     200      28 ms  /3/Frames/frame_rdd_452_8e22deb82bd2548a1f6ea523db014b6e
2017-12-03 10:45:52,257   GET     200      13 ms  /3/Frames/frame_rdd_452_8e22deb82bd2548a1f6ea523db014b6e
2017-12-03 10:45:52,408   POST    200      18 ms  /99/Rapids
2017-12-03 10:45:52,452   GET     200      34 ms  /3/Frames/py_51_sid_8fe5
2017-12-03 10:45:52,973   POST    200     407 ms  /99/Rapids
2017-12-03 10:45:52,982   GET     200       3 ms  /3/Frames/py_52_sid_8fe5
2017-12-03 10:45:53,088   GET     200      12 ms  /3/Frames/frame_rdd_452_8e22deb82bd2548a1f6ea523db014b6e
2017-12-03 10:47:17,237   POST    200      12 ms  /99/Rapids
2017-12-03 10:47:17,261   POST    200      11 ms  /99/Rapids
2017-12-03 10:47:17,587   POST    200     138 ms  /99/Rapids
2017-12-03 10:47:17,642   GET     200      50 ms  /3/Frames/py_55_sid_8fe5
2017-12-03 10:47:23,110   POST    200      55 ms  /99/Rapids
2017-12-03 10:47:23,146   GET     200      28 ms  /3/Frames/py_56_sid_8fe5
2017-12-03 10:47:25,564   POST    200      31 ms  /99/Rapids
2017-12-03 10:47:25,585   GET     200      11 ms  /3/Frames/py_57_sid_8fe5
2017-12-03 10:47:26,614   GET     200      22 ms  /3/Frames/py_54_sid_8fe5
2017-12-03 10:47:29,182   POST    200      73 ms  /99/Rapids
2017-12-03 10:47:29,222   POST    200      31 ms  /3/ModelBuilders/gbm
2017-12-03 10:47:29,238   GET     200       1 ms  /3/Jobs/$0301ac11000232d4ffffffff$_86fe864315dfb692c2aec0c330f949ad
2017-12-03 10:47:29,453   GET     200       2 ms  /3/Jobs/$0301ac11000232d4ffffffff$_86fe864315dfb692c2aec0c330f949ad
2017-12-03 10:47:29,670   GET     200       1 ms  /3/Jobs/$0301ac11000232d4ffffffff$_86fe864315dfb692c2aec0c330f949ad
2017-12-03 10:47:29,881   GET     200       1 ms  /3/Jobs/$0301ac11000232d4ffffffff$_86fe864315dfb692c2aec0c330f949ad
2017-12-03 10:47:30,091   GET     200       1 ms  /3/Jobs/$0301ac11000232d4ffffffff$_86fe864315dfb692c2aec0c330f949ad
2017-12-03 10:47:30,304   GET     200       1 ms  /3/Jobs/$0301ac11000232d4ffffffff$_86fe864315dfb692c2aec0c330f949ad
2017-12-03 10:47:30,540   GET     200       1 ms  /3/Jobs/$0301ac11000232d4ffffffff$_86fe864315dfb692c2aec0c330f949ad
2017-12-03 10:47:30,825   GET     200       1 ms  /3/Jobs/$0301ac11000232d4ffffffff$_86fe864315dfb692c2aec0c330f949ad
2017-12-03 10:47:31,152   GET     200       1 ms  /3/Jobs/$0301ac11000232d4ffffffff$_86fe864315dfb692c2aec0c330f949ad
2017-12-03 10:47:31,546   GET     200       0 ms  /3/Jobs/$0301ac11000232d4ffffffff$_86fe864315dfb692c2aec0c330f949ad
2017-12-03 10:47:32,017   GET     200       1 ms  /3/Jobs/$0301ac11000232d4ffffffff$_86fe864315dfb692c2aec0c330f949ad
2017-12-03 10:47:32,585   GET     200       1 ms  /3/Jobs/$0301ac11000232d4ffffffff$_86fe864315dfb692c2aec0c330f949ad
2017-12-03 10:47:33,278   GET     200       1 ms  /3/Jobs/$0301ac11000232d4ffffffff$_86fe864315dfb692c2aec0c330f949ad
2017-12-03 10:47:34,108   GET     200       1 ms  /3/Jobs/$0301ac11000232d4ffffffff$_86fe864315dfb692c2aec0c330f949ad
2017-12-03 10:47:35,096   GET     200       1 ms  /3/Jobs/$0301ac11000232d4ffffffff$_86fe864315dfb692c2aec0c330f949ad
2017-12-03 10:47:36,279   GET     200       1 ms  /3/Jobs/$0301ac11000232d4ffffffff$_86fe864315dfb692c2aec0c330f949ad
2017-12-03 10:47:37,701   GET     200       1 ms  /3/Jobs/$0301ac11000232d4ffffffff$_86fe864315dfb692c2aec0c330f949ad
2017-12-03 10:47:39,189   GET     200       1 ms  /3/Jobs/$0301ac11000232d4ffffffff$_86fe864315dfb692c2aec0c330f949ad
2017-12-03 10:47:40,662   GET     200       0 ms  /3/Jobs/$0301ac11000232d4ffffffff$_86fe864315dfb692c2aec0c330f949ad
2017-12-03 10:47:42,129   GET     200       1 ms  /3/Jobs/$0301ac11000232d4ffffffff$_86fe864315dfb692c2aec0c330f949ad
2017-12-03 10:47:43,577   GET     200       1 ms  /3/Jobs/$0301ac11000232d4ffffffff$_86fe864315dfb692c2aec0c330f949ad
2017-12-03 10:47:45,001   GET     200       1 ms  /3/Jobs/$0301ac11000232d4ffffffff$_86fe864315dfb692c2aec0c330f949ad
2017-12-03 10:47:46,399   GET     200       1 ms  /3/Jobs/$0301ac11000232d4ffffffff$_86fe864315dfb692c2aec0c330f949ad
2017-12-03 10:47:47,776   GET     200       1 ms  /3/Jobs/$0301ac11000232d4ffffffff$_86fe864315dfb692c2aec0c330f949ad
2017-12-03 10:47:49,134   GET     200       1 ms  /3/Jobs/$0301ac11000232d4ffffffff$_86fe864315dfb692c2aec0c330f949ad
2017-12-03 10:47:50,474   GET     200       1 ms  /3/Jobs/$0301ac11000232d4ffffffff$_86fe864315dfb692c2aec0c330f949ad
2017-12-03 10:47:51,807   GET     200       1 ms  /3/Jobs/$0301ac11000232d4ffffffff$_86fe864315dfb692c2aec0c330f949ad
2017-12-03 10:47:53,114   GET     200       2 ms  /3/Jobs/$0301ac11000232d4ffffffff$_86fe864315dfb692c2aec0c330f949ad
2017-12-03 10:47:54,422   GET     200       1 ms  /3/Jobs/$0301ac11000232d4ffffffff$_86fe864315dfb692c2aec0c330f949ad
2017-12-03 10:47:55,687   GET     200       1 ms  /3/Jobs/$0301ac11000232d4ffffffff$_86fe864315dfb692c2aec0c330f949ad
2017-12-03 10:47:56,927   GET     200       0 ms  /3/Jobs/$0301ac11000232d4ffffffff$_86fe864315dfb692c2aec0c330f949ad
2017-12-03 10:47:58,162   GET     200       2 ms  /3/Jobs/$0301ac11000232d4ffffffff$_86fe864315dfb692c2aec0c330f949ad
2017-12-03 10:47:59,401   GET     200       1 ms  /3/Jobs/$0301ac11000232d4ffffffff$_86fe864315dfb692c2aec0c330f949ad
2017-12-03 10:48:00,635   GET     200       1 ms  /3/Jobs/$0301ac11000232d4ffffffff$_86fe864315dfb692c2aec0c330f949ad
2017-12-03 10:48:01,879   GET     200       1 ms  /3/Jobs/$0301ac11000232d4ffffffff$_86fe864315dfb692c2aec0c330f949ad
2017-12-03 10:48:03,117   GET     200       1 ms  /3/Jobs/$0301ac11000232d4ffffffff$_86fe864315dfb692c2aec0c330f949ad
2017-12-03 10:48:04,351   GET     200       1 ms  /3/Jobs/$0301ac11000232d4ffffffff$_86fe864315dfb692c2aec0c330f949ad
2017-12-03 10:48:05,584   GET     200       1 ms  /3/Jobs/$0301ac11000232d4ffffffff$_86fe864315dfb692c2aec0c330f949ad
2017-12-03 10:48:06,802   GET     200       1 ms  /3/Jobs/$0301ac11000232d4ffffffff$_86fe864315dfb692c2aec0c330f949ad
2017-12-03 10:48:07,986   GET     200       1 ms  /3/Jobs/$0301ac11000232d4ffffffff$_86fe864315dfb692c2aec0c330f949ad
2017-12-03 10:48:09,140   GET     200       1 ms  /3/Jobs/$0301ac11000232d4ffffffff$_86fe864315dfb692c2aec0c330f949ad
2017-12-03 10:48:10,265   GET     200       1 ms  /3/Jobs/$0301ac11000232d4ffffffff$_86fe864315dfb692c2aec0c330f949ad
2017-12-03 10:48:11,367   GET     200       0 ms  /3/Jobs/$0301ac11000232d4ffffffff$_86fe864315dfb692c2aec0c330f949ad
2017-12-03 10:48:12,447   GET     200       1 ms  /3/Jobs/$0301ac11000232d4ffffffff$_86fe864315dfb692c2aec0c330f949ad
2017-12-03 10:48:13,507   GET     200       0 ms  /3/Jobs/$0301ac11000232d4ffffffff$_86fe864315dfb692c2aec0c330f949ad
2017-12-03 10:48:14,540   GET     200       1 ms  /3/Jobs/$0301ac11000232d4ffffffff$_86fe864315dfb692c2aec0c330f949ad
2017-12-03 10:48:15,546   GET     200       0 ms  /3/Jobs/$0301ac11000232d4ffffffff$_86fe864315dfb692c2aec0c330f949ad
2017-12-03 10:48:16,525   GET     200       1 ms  /3/Jobs/$0301ac11000232d4ffffffff$_86fe864315dfb692c2aec0c330f949ad
2017-12-03 10:48:17,483   GET     200       1 ms  /3/Jobs/$0301ac11000232d4ffffffff$_86fe864315dfb692c2aec0c330f949ad
2017-12-03 10:48:18,415   GET     200       1 ms  /3/Jobs/$0301ac11000232d4ffffffff$_86fe864315dfb692c2aec0c330f949ad
2017-12-03 10:48:19,320   GET     200       1 ms  /3/Jobs/$0301ac11000232d4ffffffff$_86fe864315dfb692c2aec0c330f949ad
2017-12-03 10:48:20,203   GET     200       1 ms  /3/Jobs/$0301ac11000232d4ffffffff$_86fe864315dfb692c2aec0c330f949ad
2017-12-03 10:48:21,064   GET     200       1 ms  /3/Jobs/$0301ac11000232d4ffffffff$_86fe864315dfb692c2aec0c330f949ad
2017-12-03 10:48:21,882   GET     200       1 ms  /3/Jobs/$0301ac11000232d4ffffffff$_86fe864315dfb692c2aec0c330f949ad
2017-12-03 10:48:22,667   GET     200       1 ms  /3/Jobs/$0301ac11000232d4ffffffff$_86fe864315dfb692c2aec0c330f949ad
2017-12-03 10:48:23,413   GET     200       1 ms  /3/Jobs/$0301ac11000232d4ffffffff$_86fe864315dfb692c2aec0c330f949ad
2017-12-03 10:48:24,112   GET     200       1 ms  /3/Jobs/$0301ac11000232d4ffffffff$_86fe864315dfb692c2aec0c330f949ad
2017-12-03 10:48:24,754   GET     200       0 ms  /3/Jobs/$0301ac11000232d4ffffffff$_86fe864315dfb692c2aec0c330f949ad
2017-12-03 10:48:25,366   GET     200       1 ms  /3/Jobs/$0301ac11000232d4ffffffff$_86fe864315dfb692c2aec0c330f949ad
2017-12-03 10:48:25,977   GET     200       1 ms  /3/Jobs/$0301ac11000232d4ffffffff$_86fe864315dfb692c2aec0c330f949ad
2017-12-03 10:48:26,588   GET     200       1 ms  /3/Jobs/$0301ac11000232d4ffffffff$_86fe864315dfb692c2aec0c330f949ad
2017-12-03 10:48:27,199   GET     200       1 ms  /3/Jobs/$0301ac11000232d4ffffffff$_86fe864315dfb692c2aec0c330f949ad
2017-12-03 10:48:27,810   GET     200       1 ms  /3/Jobs/$0301ac11000232d4ffffffff$_86fe864315dfb692c2aec0c330f949ad
2017-12-03 10:48:28,421   GET     200       1 ms  /3/Jobs/$0301ac11000232d4ffffffff$_86fe864315dfb692c2aec0c330f949ad
2017-12-03 10:48:29,032   GET     200       1 ms  /3/Jobs/$0301ac11000232d4ffffffff$_86fe864315dfb692c2aec0c330f949ad
2017-12-03 10:48:29,643   GET     200       1 ms  /3/Jobs/$0301ac11000232d4ffffffff$_86fe864315dfb692c2aec0c330f949ad
2017-12-03 10:48:30,254   GET     200       1 ms  /3/Jobs/$0301ac11000232d4ffffffff$_86fe864315dfb692c2aec0c330f949ad
2017-12-03 10:48:30,865   GET     200       1 ms  /3/Jobs/$0301ac11000232d4ffffffff$_86fe864315dfb692c2aec0c330f949ad
2017-12-03 10:48:31,482   GET     200       0 ms  /3/Jobs/$0301ac11000232d4ffffffff$_86fe864315dfb692c2aec0c330f949ad
2017-12-03 10:48:32,094   GET     200       1 ms  /3/Jobs/$0301ac11000232d4ffffffff$_86fe864315dfb692c2aec0c330f949ad
2017-12-03 10:48:32,705   GET     200       0 ms  /3/Jobs/$0301ac11000232d4ffffffff$_86fe864315dfb692c2aec0c330f949ad
2017-12-03 10:48:33,316   GET     200       0 ms  /3/Jobs/$0301ac11000232d4ffffffff$_86fe864315dfb692c2aec0c330f949ad
2017-12-03 10:48:33,927   GET     200       1 ms  /3/Jobs/$0301ac11000232d4ffffffff$_86fe864315dfb692c2aec0c330f949ad
2017-12-03 10:48:34,539   GET     200       1 ms  /3/Jobs/$0301ac11000232d4ffffffff$_86fe864315dfb692c2aec0c330f949ad
2017-12-03 10:48:35,153   GET     200       1 ms  /3/Jobs/$0301ac11000232d4ffffffff$_86fe864315dfb692c2aec0c330f949ad
2017-12-03 10:48:35,764   GET     200       1 ms  /3/Jobs/$0301ac11000232d4ffffffff$_86fe864315dfb692c2aec0c330f949ad
2017-12-03 10:48:36,375   GET     200       1 ms  /3/Jobs/$0301ac11000232d4ffffffff$_86fe864315dfb692c2aec0c330f949ad
2017-12-03 10:48:36,986   GET     200       1 ms  /3/Jobs/$0301ac11000232d4ffffffff$_86fe864315dfb692c2aec0c330f949ad
2017-12-03 10:48:37,597   GET     200       0 ms  /3/Jobs/$0301ac11000232d4ffffffff$_86fe864315dfb692c2aec0c330f949ad
2017-12-03 10:48:38,209   GET     200       1 ms  /3/Jobs/$0301ac11000232d4ffffffff$_86fe864315dfb692c2aec0c330f949ad
2017-12-03 10:48:38,820   GET     200       0 ms  /3/Jobs/$0301ac11000232d4ffffffff$_86fe864315dfb692c2aec0c330f949ad
2017-12-03 10:48:39,431   GET     200       0 ms  /3/Jobs/$0301ac11000232d4ffffffff$_86fe864315dfb692c2aec0c330f949ad
2017-12-03 10:48:40,042   GET     200       1 ms  /3/Jobs/$0301ac11000232d4ffffffff$_86fe864315dfb692c2aec0c330f949ad
2017-12-03 10:48:40,653   GET     200       1 ms  /3/Jobs/$0301ac11000232d4ffffffff$_86fe864315dfb692c2aec0c330f949ad
2017-12-03 10:48:41,264   GET     200       1 ms  /3/Jobs/$0301ac11000232d4ffffffff$_86fe864315dfb692c2aec0c330f949ad
2017-12-03 10:48:41,875   GET     200       0 ms  /3/Jobs/$0301ac11000232d4ffffffff$_86fe864315dfb692c2aec0c330f949ad
2017-12-03 10:48:42,486   GET     200       0 ms  /3/Jobs/$0301ac11000232d4ffffffff$_86fe864315dfb692c2aec0c330f949ad
2017-12-03 10:48:43,098   GET     200       0 ms  /3/Jobs/$0301ac11000232d4ffffffff$_86fe864315dfb692c2aec0c330f949ad
2017-12-03 10:48:43,709   GET     200       1 ms  /3/Jobs/$0301ac11000232d4ffffffff$_86fe864315dfb692c2aec0c330f949ad
2017-12-03 10:48:44,320   GET     200       1 ms  /3/Jobs/$0301ac11000232d4ffffffff$_86fe864315dfb692c2aec0c330f949ad
2017-12-03 10:48:44,931   GET     200       1 ms  /3/Jobs/$0301ac11000232d4ffffffff$_86fe864315dfb692c2aec0c330f949ad
2017-12-03 10:48:45,542   GET     200       1 ms  /3/Jobs/$0301ac11000232d4ffffffff$_86fe864315dfb692c2aec0c330f949ad
2017-12-03 10:48:46,168   GET     200       1 ms  /3/Jobs/$0301ac11000232d4ffffffff$_86fe864315dfb692c2aec0c330f949ad
2017-12-03 10:48:46,790   GET     200       0 ms  /3/Jobs/$0301ac11000232d4ffffffff$_86fe864315dfb692c2aec0c330f949ad
2017-12-03 10:48:46,868   GET     200      64 ms  /3/Models/GBM_model_python_1512294676038_38
