2017-12-03 00:49:04,720   GET     200     185 ms  /3/Cloud
2017-12-03 00:49:04,855   POST    200      98 ms  /4/sessions
2017-12-03 00:49:05,190   POST    200     317 ms  /99/Rapids
2017-12-03 00:49:05,223   GET     200      23 ms  /3/Capabilities/API
2017-12-03 04:36:09,407   GET     200     564 ms  /3/Frames/frame_rdd_544_a716d81038159b36822b7ab57b9a4756
2017-12-03 04:36:59,843   POST    200     162 ms  /99/Rapids
2017-12-03 04:36:59,922   GET     200      70 ms  /3/Frames/py_1_sid_aa01
2017-12-03 04:36:59,974   POST    200      39 ms  /99/Rapids
2017-12-03 04:37:00,021   GET     200      37 ms  /3/Frames/frame_rdd_544_a716d81038159b36822b7ab57b9a4756
2017-12-03 04:37:00,199   POST    200      11 ms  /99/Rapids
2017-12-03 04:37:00,224   GET     200       2 ms  /3/DownloadDataset
2017-12-03 04:37:00,238   POST    200       3 ms  /99/Rapids
2017-12-03 04:37:00,252   POST    200       1 ms  /99/Rapids
2017-12-03 04:37:00,311   POST    200       3 ms  /99/Rapids
2017-12-03 04:37:00,320   GET     200       1 ms  /3/DownloadDataset
2017-12-03 04:37:00,331   POST    200       2 ms  /99/Rapids
2017-12-03 04:37:00,341   POST    200       1 ms  /99/Rapids
2017-12-03 04:37:32,497   GET     200      31 ms  /3/Frames/frame_rdd_544_a716d81038159b36822b7ab57b9a4756
2017-12-03 04:37:33,202   GET     200      29 ms  /3/Frames/frame_rdd_544_a716d81038159b36822b7ab57b9a4756
2017-12-03 04:37:35,701   GET     200      36 ms  /3/Frames/frame_rdd_544_a716d81038159b36822b7ab57b9a4756
2017-12-03 04:37:36,796   POST    200      61 ms  /99/Rapids
2017-12-03 04:37:36,838   GET     200      35 ms  /3/Frames/py_6_sid_aa01
2017-12-03 04:37:37,674   POST    200       4 ms  /99/Rapids
2017-12-03 04:37:37,693   GET     200       9 ms  /3/Frames/py_7_sid_aa01
2017-12-03 04:37:39,129   POST    200     119 ms  /99/Rapids
2017-12-03 04:37:39,167   GET     200      28 ms  /3/Frames/py_8_sid_aa01
2017-12-03 04:40:20,268   POST    500      59 ms  /99/Rapids
2017-12-03 04:40:31,521   GET     404      13 ms  /3/Frames/py_9_sid_aa01
2017-12-03 04:41:32,493   GET     301       1 ms  /
2017-12-03 04:41:32,634   GET     200       5 ms  /flow/index.html
2017-12-03 04:41:32,889   GET     200       6 ms  /flow/css/flow.css
2017-12-03 04:41:32,891   GET     200       7 ms  /flow/css/scala-editor.css
2017-12-03 04:41:32,892   GET     200       4 ms  /flow/custom/custom.css
2017-12-03 04:41:32,892   GET     200      12 ms  /flow/css/flow-lib.css
2017-12-03 04:41:32,921   GET     200      17 ms  /flow/js/flow.js
2017-12-03 04:41:32,961   GET     200      57 ms  /flow/js/flow-lib.js
2017-12-03 04:41:33,442   GET     200       3 ms  /flow/img/h2o.png
2017-12-03 04:41:33,454   GET     200       4 ms  /flow/fonts/fontawesome-webfont.woff
2017-12-03 04:41:33,715   GET     200       4 ms  /flow/index.html
2017-12-03 04:41:34,088   GET     200     354 ms  /3/Metadata/endpoints
2017-12-03 04:41:34,378   GET     200      15 ms  /3/NodePersistentStorage/notebook
2017-12-03 04:41:34,386   GET     200       1 ms  /3/NodePersistentStorage/categories/environment/names/clips/exists
2017-12-03 04:41:34,387   GET     200       3 ms  /flow/help/catalog.json
2017-12-03 04:41:34,411   GET     200      24 ms  /3/About
2017-12-03 04:41:34,423   GET     200       4 ms  /flow/img/h2o-flow.png
2017-12-03 04:41:34,452   POST    200      47 ms  /3/scalaint
2017-12-03 04:41:34,715   GET     200     315 ms  /3/ModelBuilders
2017-12-03 04:41:37,522   GET     200       3 ms  /favicon.ico
2017-12-03 04:41:41,198   GET     200     217 ms  /3/Frames
2017-12-03 04:42:00,662   GET     200       2 ms  /3/Cloud
2017-12-03 04:42:00,679   POST    200       1 ms  /4/sessions
2017-12-03 04:42:00,691   POST    200       2 ms  /99/Rapids
2017-12-03 04:42:00,707   GET     200       2 ms  /3/Capabilities/API
2017-12-03 05:11:44,505   GET     200      99 ms  /3/Frames/frame_rdd_814_a84d7ea0e5af295b1abda8b1b3245d6
2017-12-03 05:11:58,228   POST    200      46 ms  /99/Rapids
2017-12-03 05:11:58,287   GET     200      37 ms  /3/Frames/py_10_sid_97ce
2017-12-03 05:11:58,308   POST    200       8 ms  /99/Rapids
2017-12-03 05:11:58,347   GET     200      25 ms  /3/Frames/frame_rdd_814_a84d7ea0e5af295b1abda8b1b3245d6
2017-12-03 05:11:58,491   POST    200       2 ms  /99/Rapids
2017-12-03 05:11:58,499   GET     200       0 ms  /3/DownloadDataset
2017-12-03 05:11:58,510   POST    200       2 ms  /99/Rapids
2017-12-03 05:11:58,524   POST    200       1 ms  /99/Rapids
2017-12-03 05:11:58,585   POST    200       2 ms  /99/Rapids
2017-12-03 05:11:58,593   GET     200       1 ms  /3/DownloadDataset
2017-12-03 05:11:58,602   POST    200       2 ms  /99/Rapids
2017-12-03 05:11:58,613   POST    200       1 ms  /99/Rapids
2017-12-03 05:12:10,693   POST    200      36 ms  /99/Rapids
2017-12-03 05:12:10,714   GET     200      10 ms  /3/Frames/py_15_sid_97ce
2017-12-03 05:18:34,287   GET     200      24 ms  /3/Frames/frame_rdd_814_a84d7ea0e5af295b1abda8b1b3245d6
2017-12-03 05:18:42,595   GET     200      17 ms  /3/Frames/frame_rdd_814_a84d7ea0e5af295b1abda8b1b3245d6
2017-12-03 05:18:46,933   POST    200      33 ms  /99/Rapids
2017-12-03 05:18:46,956   GET     200      17 ms  /3/Frames/py_16_sid_97ce
2017-12-03 05:19:11,267   POST    500      10 ms  /99/Rapids
2017-12-03 05:19:26,892   GET     404       7 ms  /3/Frames/py_17_sid_97ce
2017-12-03 05:19:33,924   GET     404       5 ms  /3/Frames/py_17_sid_97ce
2017-12-03 05:20:36,612   GET     200     107 ms  /3/Frames/frame_rdd_851_84892c9b05f46dcbae118a1b457e46f7
2017-12-03 05:20:36,684   POST    200      25 ms  /99/Rapids
2017-12-03 05:20:36,710   GET     200      13 ms  /3/Frames/py_19_sid_97ce
2017-12-03 05:20:36,805   GET     200      15 ms  /3/Frames/frame_rdd_851_84892c9b05f46dcbae118a1b457e46f7
2017-12-03 05:20:36,934   POST    200       2 ms  /99/Rapids
2017-12-03 05:20:36,942   GET     200       1 ms  /3/DownloadDataset
2017-12-03 05:20:36,953   POST    200       2 ms  /99/Rapids
2017-12-03 05:20:36,963   POST    200       1 ms  /99/Rapids
2017-12-03 05:20:37,012   POST    200       2 ms  /99/Rapids
2017-12-03 05:20:37,022   GET     200       0 ms  /3/DownloadDataset
2017-12-03 05:20:37,031   POST    200       3 ms  /99/Rapids
2017-12-03 05:20:37,039   POST    200       1 ms  /99/Rapids
2017-12-03 05:20:37,081   GET     200      17 ms  /3/Frames/frame_rdd_851_84892c9b05f46dcbae118a1b457e46f7
2017-12-03 05:20:37,221   GET     200      17 ms  /3/Frames/frame_rdd_851_84892c9b05f46dcbae118a1b457e46f7
2017-12-03 05:20:37,523   GET     200      18 ms  /3/Frames/frame_rdd_851_84892c9b05f46dcbae118a1b457e46f7
2017-12-03 05:21:33,546   POST    500      42 ms  /99/Rapids
2017-12-03 05:22:45,828   GET     200      22 ms  /3/Frames/py_24_sid_97ce
2017-12-03 05:22:54,172   POST    500      32 ms  /99/Rapids
2017-12-03 05:23:09,087   POST    200       4 ms  /99/Rapids
2017-12-03 05:23:09,105   GET     200       9 ms  /3/Frames/py_27_sid_97ce
2017-12-03 05:23:18,134   POST    500      26 ms  /99/Rapids
2017-12-03 05:26:02,039   GET     200      31 ms  /3/Frames/py_24_sid_97ce
2017-12-03 05:36:37,398   POST    500      33 ms  /99/Rapids
2017-12-03 05:38:47,259   POST    200     274 ms  /99/Rapids
2017-12-03 05:38:47,317   GET     200      49 ms  /3/Frames/py_30_sid_97ce
