2017-11-30 10:17:20,007   GET     200     163 ms  /3/Cloud
2017-11-30 10:17:20,082   POST    200      39 ms  /4/sessions
2017-11-30 10:17:20,372   POST    200     276 ms  /99/Rapids
2017-11-30 10:17:20,401   GET     200      19 ms  /3/Capabilities/API
2017-11-30 10:18:56,180   GET     301       1 ms  /
2017-11-30 10:18:56,209   GET     200       7 ms  /flow/index.html
2017-11-30 10:18:56,263   GET     200       4 ms  /flow/css/flow.css
2017-11-30 10:18:56,264   GET     200       8 ms  /flow/css/flow-lib.css
2017-11-30 10:18:56,271   GET     200       6 ms  /flow/custom/custom.css
2017-11-30 10:18:56,272   GET     200       5 ms  /flow/css/scala-editor.css
2017-11-30 10:18:56,286   GET     200      14 ms  /flow/js/flow.js
2017-11-30 10:18:56,320   GET     200      55 ms  /flow/js/flow-lib.js
2017-11-30 10:18:56,525   GET     200       5 ms  /flow/img/h2o.png
2017-11-30 10:18:56,772   GET     200       5 ms  /flow/fonts/fontawesome-webfont.woff
2017-11-30 10:18:56,852   GET     200       5 ms  /flow/index.html
2017-11-30 10:18:57,243   GET     200     348 ms  /3/Metadata/endpoints
2017-11-30 10:18:57,499   GET     200       5 ms  /flow/help/catalog.json
2017-11-30 10:18:57,540   GET     200      52 ms  /3/NodePersistentStorage/categories/environment/names/clips/exists
2017-11-30 10:18:57,544   GET     200      59 ms  /3/NodePersistentStorage/notebook
2017-11-30 10:18:57,555   GET     200       7 ms  /flow/img/h2o-flow.png
2017-11-30 10:18:57,592   POST    200      69 ms  /3/scalaint
2017-11-30 10:18:57,599   GET     200      89 ms  /3/About
2017-11-30 10:18:57,826   GET     200     310 ms  /3/ModelBuilders
2017-11-30 10:18:59,905   GET     200       4 ms  /favicon.ico
2017-11-30 10:58:50,918   GET     200     942 ms  /3/Frames/frame_rdd_40_8981691164a0d5f71777a9892ccf4441
2017-11-30 10:59:09,178   POST    200     197 ms  /99/Rapids
2017-11-30 10:59:09,210   GET     200      23 ms  /3/Frames/py_1_sid_8ff5
2017-11-30 10:59:09,256   POST    200      32 ms  /99/Rapids
2017-11-30 10:59:09,296   GET     200      29 ms  /3/Frames/frame_rdd_40_8981691164a0d5f71777a9892ccf4441
2017-11-30 10:59:09,468   POST    200       3 ms  /99/Rapids
2017-11-30 10:59:09,490   GET     200       9 ms  /3/DownloadDataset
2017-11-30 10:59:09,506   POST    200       7 ms  /99/Rapids
2017-11-30 10:59:09,524   POST    200       3 ms  /99/Rapids
2017-11-30 10:59:09,583   POST    200       3 ms  /99/Rapids
2017-11-30 10:59:09,596   GET     200       1 ms  /3/DownloadDataset
2017-11-30 10:59:09,606   POST    200       3 ms  /99/Rapids
2017-11-30 10:59:09,618   POST    200       2 ms  /99/Rapids
2017-11-30 10:59:10,301   GET     200      39 ms  /3/Frames/frame_rdd_40_8981691164a0d5f71777a9892ccf4441
2017-11-30 10:59:11,123   GET     200      29 ms  /3/Frames/frame_rdd_40_8981691164a0d5f71777a9892ccf4441
2017-11-30 10:59:13,207   GET     200      29 ms  /3/Frames/frame_rdd_40_8981691164a0d5f71777a9892ccf4441
2017-11-30 10:59:14,478   POST    200     130 ms  /99/Rapids
2017-11-30 10:59:14,546   GET     200      58 ms  /3/Frames/py_6_sid_8ff5
2017-11-30 10:59:15,400   POST    200       2 ms  /99/Rapids
2017-11-30 10:59:15,418   GET     200      10 ms  /3/Frames/py_7_sid_8ff5
2017-11-30 10:59:21,940   POST    500      60 ms  /99/Rapids
2017-11-30 11:33:26,927   GET     200     365 ms  /3/Frames/frame_rdd_69_8947bdc4778e5320870c67d9b2a5441e
2017-11-30 11:35:18,088   POST    200      76 ms  /99/Rapids
2017-11-30 11:35:18,116   GET     200      18 ms  /3/Frames/py_9_sid_8ff5
2017-11-30 11:35:18,141   POST    200       9 ms  /99/Rapids
2017-11-30 11:35:18,182   GET     200      30 ms  /3/Frames/frame_rdd_69_8947bdc4778e5320870c67d9b2a5441e
2017-11-30 11:35:18,317   POST    200       3 ms  /99/Rapids
2017-11-30 11:35:18,327   GET     200       0 ms  /3/DownloadDataset
2017-11-30 11:35:18,350   POST    200       5 ms  /99/Rapids
2017-11-30 11:35:18,359   POST    200       1 ms  /99/Rapids
2017-11-30 11:35:18,421   POST    200       2 ms  /99/Rapids
2017-11-30 11:35:18,429   GET     200       1 ms  /3/DownloadDataset
2017-11-30 11:35:18,439   POST    200       2 ms  /99/Rapids
2017-11-30 11:35:18,448   POST    200       1 ms  /99/Rapids
2017-11-30 11:35:24,276   POST    200      61 ms  /99/Rapids
2017-11-30 11:35:24,301   GET     200      16 ms  /3/Frames/py_14_sid_8ff5
2017-11-30 11:35:24,327   POST    200      12 ms  /99/Rapids
2017-11-30 11:35:24,355   GET     200      21 ms  /3/Frames/frame_rdd_69_8947bdc4778e5320870c67d9b2a5441e
2017-11-30 11:35:24,486   POST    200       3 ms  /99/Rapids
2017-11-30 11:35:24,495   GET     200       0 ms  /3/DownloadDataset
2017-11-30 11:35:24,506   POST    200       2 ms  /99/Rapids
2017-11-30 11:35:24,518   POST    200       2 ms  /99/Rapids
2017-11-30 11:35:24,569   POST    200       2 ms  /99/Rapids
2017-11-30 11:35:24,579   GET     200       0 ms  /3/DownloadDataset
2017-11-30 11:35:24,589   POST    200       1 ms  /99/Rapids
2017-11-30 11:35:24,598   POST    200       1 ms  /99/Rapids
2017-11-30 11:35:25,643   GET     200      18 ms  /3/Frames/frame_rdd_69_8947bdc4778e5320870c67d9b2a5441e
2017-11-30 11:35:45,841   GET     200      16 ms  /3/Frames/frame_rdd_69_8947bdc4778e5320870c67d9b2a5441e
2017-11-30 11:35:48,948   GET     200      13 ms  /3/Frames/frame_rdd_69_8947bdc4778e5320870c67d9b2a5441e
2017-11-30 11:35:50,009   POST    200      47 ms  /99/Rapids
2017-11-30 11:35:50,029   GET     200      13 ms  /3/Frames/py_19_sid_8ff5
2017-11-30 11:35:51,881   POST    200       1 ms  /99/Rapids
2017-11-30 11:35:51,895   GET     200       7 ms  /3/Frames/py_20_sid_8ff5
2017-11-30 11:36:15,830   POST    200     158 ms  /99/Rapids
2017-11-30 11:36:15,848   GET     200       8 ms  /3/Frames/py_21_sid_8ff5
2017-11-30 11:41:11,144   POST    200     335 ms  /3/ModelBuilders/gbm
2017-11-30 11:41:11,171   GET     200       7 ms  /3/Jobs/$0301ac11000232d4ffffffff$_91795f57ada124a511ce6756a98f45bc
2017-11-30 11:41:11,392   GET     200       2 ms  /3/Jobs/$0301ac11000232d4ffffffff$_91795f57ada124a511ce6756a98f45bc
2017-11-30 11:41:11,613   GET     200       3 ms  /3/Jobs/$0301ac11000232d4ffffffff$_91795f57ada124a511ce6756a98f45bc
2017-11-30 11:41:11,826   GET     200       1 ms  /3/Jobs/$0301ac11000232d4ffffffff$_91795f57ada124a511ce6756a98f45bc
2017-11-30 11:41:12,043   GET     200       1 ms  /3/Jobs/$0301ac11000232d4ffffffff$_91795f57ada124a511ce6756a98f45bc
2017-11-30 11:41:12,256   GET     200       1 ms  /3/Jobs/$0301ac11000232d4ffffffff$_91795f57ada124a511ce6756a98f45bc
2017-11-30 11:41:12,487   GET     200       2 ms  /3/Jobs/$0301ac11000232d4ffffffff$_91795f57ada124a511ce6756a98f45bc
2017-11-30 11:41:12,767   GET     200       1 ms  /3/Jobs/$0301ac11000232d4ffffffff$_91795f57ada124a511ce6756a98f45bc
2017-11-30 11:41:13,103   GET     200       1 ms  /3/Jobs/$0301ac11000232d4ffffffff$_91795f57ada124a511ce6756a98f45bc
2017-11-30 11:41:13,506   GET     200       1 ms  /3/Jobs/$0301ac11000232d4ffffffff$_91795f57ada124a511ce6756a98f45bc
2017-11-30 11:41:14,001   GET     200       1 ms  /3/Jobs/$0301ac11000232d4ffffffff$_91795f57ada124a511ce6756a98f45bc
2017-11-30 11:41:14,583   GET     200       1 ms  /3/Jobs/$0301ac11000232d4ffffffff$_91795f57ada124a511ce6756a98f45bc
2017-11-30 11:41:15,285   GET     200       1 ms  /3/Jobs/$0301ac11000232d4ffffffff$_91795f57ada124a511ce6756a98f45bc
2017-11-30 11:41:16,133   GET     200       2 ms  /3/Jobs/$0301ac11000232d4ffffffff$_91795f57ada124a511ce6756a98f45bc
2017-11-30 11:41:17,143   GET     200       1 ms  /3/Jobs/$0301ac11000232d4ffffffff$_91795f57ada124a511ce6756a98f45bc
2017-11-30 11:41:18,355   GET     200       2 ms  /3/Jobs/$0301ac11000232d4ffffffff$_91795f57ada124a511ce6756a98f45bc
2017-11-30 11:41:19,818   GET     200       1 ms  /3/Jobs/$0301ac11000232d4ffffffff$_91795f57ada124a511ce6756a98f45bc
2017-11-30 11:41:21,323   GET     200       0 ms  /3/Jobs/$0301ac11000232d4ffffffff$_91795f57ada124a511ce6756a98f45bc
2017-11-30 11:41:22,821   GET     200       1 ms  /3/Jobs/$0301ac11000232d4ffffffff$_91795f57ada124a511ce6756a98f45bc
2017-11-30 11:41:24,318   GET     200       0 ms  /3/Jobs/$0301ac11000232d4ffffffff$_91795f57ada124a511ce6756a98f45bc
2017-11-30 11:41:25,806   GET     200       1 ms  /3/Jobs/$0301ac11000232d4ffffffff$_91795f57ada124a511ce6756a98f45bc
2017-11-30 11:41:27,287   GET     200       1 ms  /3/Jobs/$0301ac11000232d4ffffffff$_91795f57ada124a511ce6756a98f45bc
2017-11-30 11:41:28,731   GET     200       1 ms  /3/Jobs/$0301ac11000232d4ffffffff$_91795f57ada124a511ce6756a98f45bc
2017-11-30 11:41:30,141   GET     200       1 ms  /3/Jobs/$0301ac11000232d4ffffffff$_91795f57ada124a511ce6756a98f45bc
2017-11-30 11:41:31,547   GET     200       1 ms  /3/Jobs/$0301ac11000232d4ffffffff$_91795f57ada124a511ce6756a98f45bc
2017-11-30 11:41:32,954   GET     200       2 ms  /3/Jobs/$0301ac11000232d4ffffffff$_91795f57ada124a511ce6756a98f45bc
2017-11-30 11:41:34,356   GET     200       1 ms  /3/Jobs/$0301ac11000232d4ffffffff$_91795f57ada124a511ce6756a98f45bc
2017-11-30 11:41:35,770   GET     200       2 ms  /3/Jobs/$0301ac11000232d4ffffffff$_91795f57ada124a511ce6756a98f45bc
2017-11-30 11:41:37,163   GET     200       3 ms  /3/Jobs/$0301ac11000232d4ffffffff$_91795f57ada124a511ce6756a98f45bc
2017-11-30 11:41:38,515   GET     200       1 ms  /3/Jobs/$0301ac11000232d4ffffffff$_91795f57ada124a511ce6756a98f45bc
2017-11-30 11:41:39,827   GET     200       1 ms  /3/Jobs/$0301ac11000232d4ffffffff$_91795f57ada124a511ce6756a98f45bc
2017-11-30 11:41:41,108   GET     200       2 ms  /3/Jobs/$0301ac11000232d4ffffffff$_91795f57ada124a511ce6756a98f45bc
2017-11-30 11:41:42,347   GET     200       1 ms  /3/Jobs/$0301ac11000232d4ffffffff$_91795f57ada124a511ce6756a98f45bc
2017-11-30 11:41:43,539   GET     200       1 ms  /3/Jobs/$0301ac11000232d4ffffffff$_91795f57ada124a511ce6756a98f45bc
2017-11-30 11:41:44,695   GET     200       1 ms  /3/Jobs/$0301ac11000232d4ffffffff$_91795f57ada124a511ce6756a98f45bc
2017-11-30 11:41:45,810   GET     200       1 ms  /3/Jobs/$0301ac11000232d4ffffffff$_91795f57ada124a511ce6756a98f45bc
2017-11-30 11:41:46,879   GET     200       1 ms  /3/Jobs/$0301ac11000232d4ffffffff$_91795f57ada124a511ce6756a98f45bc
2017-11-30 11:41:47,929   GET     200       1 ms  /3/Jobs/$0301ac11000232d4ffffffff$_91795f57ada124a511ce6756a98f45bc
2017-11-30 11:41:48,907   GET     200       1 ms  /3/Jobs/$0301ac11000232d4ffffffff$_91795f57ada124a511ce6756a98f45bc
2017-11-30 11:41:49,840   GET     200       1 ms  /3/Jobs/$0301ac11000232d4ffffffff$_91795f57ada124a511ce6756a98f45bc
2017-11-30 11:41:50,723   GET     200       1 ms  /3/Jobs/$0301ac11000232d4ffffffff$_91795f57ada124a511ce6756a98f45bc
2017-11-30 11:41:51,552   GET     200       1 ms  /3/Jobs/$0301ac11000232d4ffffffff$_91795f57ada124a511ce6756a98f45bc
2017-11-30 11:41:52,309   GET     200       1 ms  /3/Jobs/$0301ac11000232d4ffffffff$_91795f57ada124a511ce6756a98f45bc
2017-11-30 11:41:52,973   GET     200       1 ms  /3/Jobs/$0301ac11000232d4ffffffff$_91795f57ada124a511ce6756a98f45bc
2017-11-30 11:41:53,595   GET     200       1 ms  /3/Jobs/$0301ac11000232d4ffffffff$_91795f57ada124a511ce6756a98f45bc
2017-11-30 11:41:54,211   GET     200       1 ms  /3/Jobs/$0301ac11000232d4ffffffff$_91795f57ada124a511ce6756a98f45bc
2017-11-30 11:41:54,829   GET     200       1 ms  /3/Jobs/$0301ac11000232d4ffffffff$_91795f57ada124a511ce6756a98f45bc
2017-11-30 11:41:55,447   GET     200       1 ms  /3/Jobs/$0301ac11000232d4ffffffff$_91795f57ada124a511ce6756a98f45bc
2017-11-30 11:41:56,063   GET     200       1 ms  /3/Jobs/$0301ac11000232d4ffffffff$_91795f57ada124a511ce6756a98f45bc
2017-11-30 11:41:56,675   GET     200       1 ms  /3/Jobs/$0301ac11000232d4ffffffff$_91795f57ada124a511ce6756a98f45bc
2017-11-30 11:41:57,291   GET     200       1 ms  /3/Jobs/$0301ac11000232d4ffffffff$_91795f57ada124a511ce6756a98f45bc
2017-11-30 11:41:57,907   GET     200       1 ms  /3/Jobs/$0301ac11000232d4ffffffff$_91795f57ada124a511ce6756a98f45bc
2017-11-30 11:41:58,522   GET     200       1 ms  /3/Jobs/$0301ac11000232d4ffffffff$_91795f57ada124a511ce6756a98f45bc
2017-11-30 11:41:59,140   GET     200       1 ms  /3/Jobs/$0301ac11000232d4ffffffff$_91795f57ada124a511ce6756a98f45bc
2017-11-30 11:41:59,759   GET     200       1 ms  /3/Jobs/$0301ac11000232d4ffffffff$_91795f57ada124a511ce6756a98f45bc
2017-11-30 11:42:00,382   GET     200       0 ms  /3/Jobs/$0301ac11000232d4ffffffff$_91795f57ada124a511ce6756a98f45bc
2017-11-30 11:42:00,995   GET     200       1 ms  /3/Jobs/$0301ac11000232d4ffffffff$_91795f57ada124a511ce6756a98f45bc
2017-11-30 11:42:01,612   GET     200       1 ms  /3/Jobs/$0301ac11000232d4ffffffff$_91795f57ada124a511ce6756a98f45bc
2017-11-30 11:42:02,227   GET     200       1 ms  /3/Jobs/$0301ac11000232d4ffffffff$_91795f57ada124a511ce6756a98f45bc
2017-11-30 11:42:02,840   GET     200       1 ms  /3/Jobs/$0301ac11000232d4ffffffff$_91795f57ada124a511ce6756a98f45bc
2017-11-30 11:42:03,454   GET     200       1 ms  /3/Jobs/$0301ac11000232d4ffffffff$_91795f57ada124a511ce6756a98f45bc
2017-11-30 11:42:04,070   GET     200       1 ms  /3/Jobs/$0301ac11000232d4ffffffff$_91795f57ada124a511ce6756a98f45bc
2017-11-30 11:42:04,686   GET     200       1 ms  /3/Jobs/$0301ac11000232d4ffffffff$_91795f57ada124a511ce6756a98f45bc
2017-11-30 11:42:05,302   GET     200       1 ms  /3/Jobs/$0301ac11000232d4ffffffff$_91795f57ada124a511ce6756a98f45bc
2017-11-30 11:42:05,919   GET     200       1 ms  /3/Jobs/$0301ac11000232d4ffffffff$_91795f57ada124a511ce6756a98f45bc
2017-11-30 11:42:06,550   GET     200       1 ms  /3/Jobs/$0301ac11000232d4ffffffff$_91795f57ada124a511ce6756a98f45bc
2017-11-30 11:42:06,701   GET     200     133 ms  /3/Models/GBM_model_python_1512037018635_1
2017-11-30 11:43:26,102   POST    200     887 ms  /99/Rapids
2017-11-30 11:43:26,838   POST    200     714 ms  /99/Rapids
2017-11-30 11:43:27,007   POST    200     163 ms  /3/ModelBuilders/gbm
2017-11-30 11:43:27,039   GET     200       1 ms  /3/Jobs/$0301ac11000232d4ffffffff$_99b3804c4fb547f0ae5efb4c970b475d
2017-11-30 11:43:27,255   GET     200       1 ms  /3/Jobs/$0301ac11000232d4ffffffff$_99b3804c4fb547f0ae5efb4c970b475d
2017-11-30 11:43:27,471   GET     200       1 ms  /3/Jobs/$0301ac11000232d4ffffffff$_99b3804c4fb547f0ae5efb4c970b475d
2017-11-30 11:43:27,686   GET     200       1 ms  /3/Jobs/$0301ac11000232d4ffffffff$_99b3804c4fb547f0ae5efb4c970b475d
2017-11-30 11:43:27,901   GET     200       1 ms  /3/Jobs/$0301ac11000232d4ffffffff$_99b3804c4fb547f0ae5efb4c970b475d
2017-11-30 11:43:28,115   GET     200       1 ms  /3/Jobs/$0301ac11000232d4ffffffff$_99b3804c4fb547f0ae5efb4c970b475d
2017-11-30 11:43:28,343   GET     200       1 ms  /3/Jobs/$0301ac11000232d4ffffffff$_99b3804c4fb547f0ae5efb4c970b475d
2017-11-30 11:43:28,615   GET     200       1 ms  /3/Jobs/$0301ac11000232d4ffffffff$_99b3804c4fb547f0ae5efb4c970b475d
2017-11-30 11:43:28,946   GET     200       1 ms  /3/Jobs/$0301ac11000232d4ffffffff$_99b3804c4fb547f0ae5efb4c970b475d
2017-11-30 11:43:29,343   GET     200       1 ms  /3/Jobs/$0301ac11000232d4ffffffff$_99b3804c4fb547f0ae5efb4c970b475d
2017-11-30 11:43:29,812   GET     200       1 ms  /3/Jobs/$0301ac11000232d4ffffffff$_99b3804c4fb547f0ae5efb4c970b475d
2017-11-30 11:43:30,379   GET     200       1 ms  /3/Jobs/$0301ac11000232d4ffffffff$_99b3804c4fb547f0ae5efb4c970b475d
2017-11-30 11:43:31,058   GET     200       0 ms  /3/Jobs/$0301ac11000232d4ffffffff$_99b3804c4fb547f0ae5efb4c970b475d
2017-11-30 11:43:31,874   GET     200       1 ms  /3/Jobs/$0301ac11000232d4ffffffff$_99b3804c4fb547f0ae5efb4c970b475d
2017-11-30 11:43:32,854   GET     200       1 ms  /3/Jobs/$0301ac11000232d4ffffffff$_99b3804c4fb547f0ae5efb4c970b475d
2017-11-30 11:43:34,043   GET     200       1 ms  /3/Jobs/$0301ac11000232d4ffffffff$_99b3804c4fb547f0ae5efb4c970b475d
2017-11-30 11:43:35,464   GET     200       1 ms  /3/Jobs/$0301ac11000232d4ffffffff$_99b3804c4fb547f0ae5efb4c970b475d
2017-11-30 11:43:36,977   GET     200       1 ms  /3/Jobs/$0301ac11000232d4ffffffff$_99b3804c4fb547f0ae5efb4c970b475d
2017-11-30 11:43:38,467   GET     200       0 ms  /3/Jobs/$0301ac11000232d4ffffffff$_99b3804c4fb547f0ae5efb4c970b475d
2017-11-30 11:43:39,935   GET     200       1 ms  /3/Jobs/$0301ac11000232d4ffffffff$_99b3804c4fb547f0ae5efb4c970b475d
2017-11-30 11:43:41,355   GET     200       1 ms  /3/Jobs/$0301ac11000232d4ffffffff$_99b3804c4fb547f0ae5efb4c970b475d
2017-11-30 11:43:42,725   GET     200       0 ms  /3/Jobs/$0301ac11000232d4ffffffff$_99b3804c4fb547f0ae5efb4c970b475d
2017-11-30 11:43:44,052   GET     200       1 ms  /3/Jobs/$0301ac11000232d4ffffffff$_99b3804c4fb547f0ae5efb4c970b475d
2017-11-30 11:43:45,331   GET     200       1 ms  /3/Jobs/$0301ac11000232d4ffffffff$_99b3804c4fb547f0ae5efb4c970b475d
2017-11-30 11:43:46,565   GET     200       1 ms  /3/Jobs/$0301ac11000232d4ffffffff$_99b3804c4fb547f0ae5efb4c970b475d
2017-11-30 11:43:47,754   GET     200       1 ms  /3/Jobs/$0301ac11000232d4ffffffff$_99b3804c4fb547f0ae5efb4c970b475d
2017-11-30 11:43:48,887   GET     200       1 ms  /3/Jobs/$0301ac11000232d4ffffffff$_99b3804c4fb547f0ae5efb4c970b475d
2017-11-30 11:43:49,963   GET     200       1 ms  /3/Jobs/$0301ac11000232d4ffffffff$_99b3804c4fb547f0ae5efb4c970b475d
2017-11-30 11:43:50,979   GET     200       1 ms  /3/Jobs/$0301ac11000232d4ffffffff$_99b3804c4fb547f0ae5efb4c970b475d
2017-11-30 11:43:51,991   GET     200       1 ms  /3/Jobs/$0301ac11000232d4ffffffff$_99b3804c4fb547f0ae5efb4c970b475d
2017-11-30 11:43:52,999   GET     200       1 ms  /3/Jobs/$0301ac11000232d4ffffffff$_99b3804c4fb547f0ae5efb4c970b475d
2017-11-30 11:43:54,011   GET     200       0 ms  /3/Jobs/$0301ac11000232d4ffffffff$_99b3804c4fb547f0ae5efb4c970b475d
2017-11-30 11:43:55,019   GET     200       1 ms  /3/Jobs/$0301ac11000232d4ffffffff$_99b3804c4fb547f0ae5efb4c970b475d
2017-11-30 11:43:56,034   GET     200       1 ms  /3/Jobs/$0301ac11000232d4ffffffff$_99b3804c4fb547f0ae5efb4c970b475d
2017-11-30 11:43:57,043   GET     200       1 ms  /3/Jobs/$0301ac11000232d4ffffffff$_99b3804c4fb547f0ae5efb4c970b475d
2017-11-30 11:43:58,055   GET     200       0 ms  /3/Jobs/$0301ac11000232d4ffffffff$_99b3804c4fb547f0ae5efb4c970b475d
2017-11-30 11:43:59,067   GET     200       1 ms  /3/Jobs/$0301ac11000232d4ffffffff$_99b3804c4fb547f0ae5efb4c970b475d
2017-11-30 11:44:00,076   GET     200       1 ms  /3/Jobs/$0301ac11000232d4ffffffff$_99b3804c4fb547f0ae5efb4c970b475d
2017-11-30 11:44:01,091   GET     200       1 ms  /3/Jobs/$0301ac11000232d4ffffffff$_99b3804c4fb547f0ae5efb4c970b475d
2017-11-30 11:44:02,099   GET     200       1 ms  /3/Jobs/$0301ac11000232d4ffffffff$_99b3804c4fb547f0ae5efb4c970b475d
2017-11-30 11:44:03,108   GET     200       1 ms  /3/Jobs/$0301ac11000232d4ffffffff$_99b3804c4fb547f0ae5efb4c970b475d
2017-11-30 11:44:04,086   GET     200       1 ms  /3/Jobs/$0301ac11000232d4ffffffff$_99b3804c4fb547f0ae5efb4c970b475d
2017-11-30 11:44:04,997   GET     200       0 ms  /3/Jobs/$0301ac11000232d4ffffffff$_99b3804c4fb547f0ae5efb4c970b475d
2017-11-30 11:44:05,835   GET     200       1 ms  /3/Jobs/$0301ac11000232d4ffffffff$_99b3804c4fb547f0ae5efb4c970b475d
2017-11-30 11:44:06,584   GET     200       1 ms  /3/Jobs/$0301ac11000232d4ffffffff$_99b3804c4fb547f0ae5efb4c970b475d
2017-11-30 11:44:07,224   GET     200       1 ms  /3/Jobs/$0301ac11000232d4ffffffff$_99b3804c4fb547f0ae5efb4c970b475d
2017-11-30 11:44:07,835   GET     200       1 ms  /3/Jobs/$0301ac11000232d4ffffffff$_99b3804c4fb547f0ae5efb4c970b475d
2017-11-30 11:44:08,448   GET     200       1 ms  /3/Jobs/$0301ac11000232d4ffffffff$_99b3804c4fb547f0ae5efb4c970b475d
2017-11-30 11:44:09,060   GET     200       1 ms  /3/Jobs/$0301ac11000232d4ffffffff$_99b3804c4fb547f0ae5efb4c970b475d
2017-11-30 11:44:09,673   GET     200       1 ms  /3/Jobs/$0301ac11000232d4ffffffff$_99b3804c4fb547f0ae5efb4c970b475d
2017-11-30 11:44:10,283   GET     200       1 ms  /3/Jobs/$0301ac11000232d4ffffffff$_99b3804c4fb547f0ae5efb4c970b475d
2017-11-30 11:44:10,895   GET     200       1 ms  /3/Jobs/$0301ac11000232d4ffffffff$_99b3804c4fb547f0ae5efb4c970b475d
2017-11-30 11:44:11,506   GET     200       1 ms  /3/Jobs/$0301ac11000232d4ffffffff$_99b3804c4fb547f0ae5efb4c970b475d
2017-11-30 11:44:12,117   GET     200       1 ms  /3/Jobs/$0301ac11000232d4ffffffff$_99b3804c4fb547f0ae5efb4c970b475d
2017-11-30 11:44:12,734   GET     200       1 ms  /3/Jobs/$0301ac11000232d4ffffffff$_99b3804c4fb547f0ae5efb4c970b475d
2017-11-30 11:44:13,346   GET     200       0 ms  /3/Jobs/$0301ac11000232d4ffffffff$_99b3804c4fb547f0ae5efb4c970b475d
2017-11-30 11:44:13,957   GET     200       0 ms  /3/Jobs/$0301ac11000232d4ffffffff$_99b3804c4fb547f0ae5efb4c970b475d
2017-11-30 11:44:14,580   GET     200       1 ms  /3/Jobs/$0301ac11000232d4ffffffff$_99b3804c4fb547f0ae5efb4c970b475d
2017-11-30 11:44:15,197   GET     200       1 ms  /3/Jobs/$0301ac11000232d4ffffffff$_99b3804c4fb547f0ae5efb4c970b475d
2017-11-30 11:44:15,811   GET     200       0 ms  /3/Jobs/$0301ac11000232d4ffffffff$_99b3804c4fb547f0ae5efb4c970b475d
2017-11-30 11:44:16,423   GET     200       1 ms  /3/Jobs/$0301ac11000232d4ffffffff$_99b3804c4fb547f0ae5efb4c970b475d
2017-11-30 11:44:17,047   GET     200       1 ms  /3/Jobs/$0301ac11000232d4ffffffff$_99b3804c4fb547f0ae5efb4c970b475d
2017-11-30 11:44:17,667   GET     200       1 ms  /3/Jobs/$0301ac11000232d4ffffffff$_99b3804c4fb547f0ae5efb4c970b475d
2017-11-30 11:44:18,279   GET     200       1 ms  /3/Jobs/$0301ac11000232d4ffffffff$_99b3804c4fb547f0ae5efb4c970b475d
2017-11-30 11:44:18,890   GET     200       1 ms  /3/Jobs/$0301ac11000232d4ffffffff$_99b3804c4fb547f0ae5efb4c970b475d
2017-11-30 11:44:19,501   GET     200       1 ms  /3/Jobs/$0301ac11000232d4ffffffff$_99b3804c4fb547f0ae5efb4c970b475d
2017-11-30 11:44:20,111   GET     200       0 ms  /3/Jobs/$0301ac11000232d4ffffffff$_99b3804c4fb547f0ae5efb4c970b475d
2017-11-30 11:44:20,723   GET     200       1 ms  /3/Jobs/$0301ac11000232d4ffffffff$_99b3804c4fb547f0ae5efb4c970b475d
2017-11-30 11:44:21,335   GET     200       1 ms  /3/Jobs/$0301ac11000232d4ffffffff$_99b3804c4fb547f0ae5efb4c970b475d
2017-11-30 11:44:21,947   GET     200       1 ms  /3/Jobs/$0301ac11000232d4ffffffff$_99b3804c4fb547f0ae5efb4c970b475d
2017-11-30 11:44:22,558   GET     200       1 ms  /3/Jobs/$0301ac11000232d4ffffffff$_99b3804c4fb547f0ae5efb4c970b475d
2017-11-30 11:44:22,640   GET     200      68 ms  /3/Models/GBM_model_python_1512037018635_10
2017-11-30 11:46:11,458   POST    200      76 ms  /3/ModelBuilders/gbm
2017-11-30 11:46:11,487   GET     200       1 ms  /3/Jobs/$0301ac11000232d4ffffffff$_98fb1acd6f1d790b3d40db178c9f44e9
2017-11-30 11:46:11,712   GET     200       1 ms  /3/Jobs/$0301ac11000232d4ffffffff$_98fb1acd6f1d790b3d40db178c9f44e9
2017-11-30 11:46:11,922   GET     200       0 ms  /3/Jobs/$0301ac11000232d4ffffffff$_98fb1acd6f1d790b3d40db178c9f44e9
2017-11-30 11:46:12,133   GET     200       1 ms  /3/Jobs/$0301ac11000232d4ffffffff$_98fb1acd6f1d790b3d40db178c9f44e9
2017-11-30 11:46:12,343   GET     200       1 ms  /3/Jobs/$0301ac11000232d4ffffffff$_98fb1acd6f1d790b3d40db178c9f44e9
2017-11-30 11:46:12,553   GET     200       1 ms  /3/Jobs/$0301ac11000232d4ffffffff$_98fb1acd6f1d790b3d40db178c9f44e9
2017-11-30 11:46:12,774   GET     200       0 ms  /3/Jobs/$0301ac11000232d4ffffffff$_98fb1acd6f1d790b3d40db178c9f44e9
2017-11-30 11:46:13,040   GET     200       0 ms  /3/Jobs/$0301ac11000232d4ffffffff$_98fb1acd6f1d790b3d40db178c9f44e9
2017-11-30 11:46:13,359   GET     200       0 ms  /3/Jobs/$0301ac11000232d4ffffffff$_98fb1acd6f1d790b3d40db178c9f44e9
2017-11-30 11:46:13,743   GET     200       1 ms  /3/Jobs/$0301ac11000232d4ffffffff$_98fb1acd6f1d790b3d40db178c9f44e9
2017-11-30 11:46:14,206   GET     200       1 ms  /3/Jobs/$0301ac11000232d4ffffffff$_98fb1acd6f1d790b3d40db178c9f44e9
2017-11-30 11:46:14,757   GET     200       0 ms  /3/Jobs/$0301ac11000232d4ffffffff$_98fb1acd6f1d790b3d40db178c9f44e9
2017-11-30 11:46:15,423   GET     200       0 ms  /3/Jobs/$0301ac11000232d4ffffffff$_98fb1acd6f1d790b3d40db178c9f44e9
2017-11-30 11:46:16,220   GET     200       1 ms  /3/Jobs/$0301ac11000232d4ffffffff$_98fb1acd6f1d790b3d40db178c9f44e9
2017-11-30 11:46:17,177   GET     200       1 ms  /3/Jobs/$0301ac11000232d4ffffffff$_98fb1acd6f1d790b3d40db178c9f44e9
2017-11-30 11:46:18,339   GET     200       1 ms  /3/Jobs/$0301ac11000232d4ffffffff$_98fb1acd6f1d790b3d40db178c9f44e9
2017-11-30 11:46:18,612   POST    200       8 ms  /3/Jobs/$0301ac11000232d4ffffffff$_98fb1acd6f1d790b3d40db178c9f44e9/cancel
2017-11-30 11:46:21,225   POST    200      21 ms  /3/ModelBuilders/gbm
2017-11-30 11:46:21,270   GET     200       1 ms  /3/Jobs/$0301ac11000232d4ffffffff$_ad22f530a5205a2419dabb7c18d64ca7
2017-11-30 11:46:21,503   GET     200       1 ms  /3/Jobs/$0301ac11000232d4ffffffff$_ad22f530a5205a2419dabb7c18d64ca7
2017-11-30 11:46:21,714   GET     200       1 ms  /3/Jobs/$0301ac11000232d4ffffffff$_ad22f530a5205a2419dabb7c18d64ca7
2017-11-30 11:46:21,924   GET     200       1 ms  /3/Jobs/$0301ac11000232d4ffffffff$_ad22f530a5205a2419dabb7c18d64ca7
2017-11-30 11:46:22,135   GET     200       1 ms  /3/Jobs/$0301ac11000232d4ffffffff$_ad22f530a5205a2419dabb7c18d64ca7
2017-11-30 11:46:22,350   GET     200       1 ms  /3/Jobs/$0301ac11000232d4ffffffff$_ad22f530a5205a2419dabb7c18d64ca7
2017-11-30 11:46:22,574   GET     200       0 ms  /3/Jobs/$0301ac11000232d4ffffffff$_ad22f530a5205a2419dabb7c18d64ca7
2017-11-30 11:46:22,846   GET     200       0 ms  /3/Jobs/$0301ac11000232d4ffffffff$_ad22f530a5205a2419dabb7c18d64ca7
2017-11-30 11:46:23,174   GET     200       1 ms  /3/Jobs/$0301ac11000232d4ffffffff$_ad22f530a5205a2419dabb7c18d64ca7
2017-11-30 11:46:23,577   GET     200       0 ms  /3/Jobs/$0301ac11000232d4ffffffff$_ad22f530a5205a2419dabb7c18d64ca7
2017-11-30 11:46:24,051   GET     200       1 ms  /3/Jobs/$0301ac11000232d4ffffffff$_ad22f530a5205a2419dabb7c18d64ca7
2017-11-30 11:46:24,615   GET     200       0 ms  /3/Jobs/$0301ac11000232d4ffffffff$_ad22f530a5205a2419dabb7c18d64ca7
2017-11-30 11:46:25,294   GET     200       1 ms  /3/Jobs/$0301ac11000232d4ffffffff$_ad22f530a5205a2419dabb7c18d64ca7
2017-11-30 11:46:26,108   GET     200       0 ms  /3/Jobs/$0301ac11000232d4ffffffff$_ad22f530a5205a2419dabb7c18d64ca7
2017-11-30 11:46:27,089   GET     200       1 ms  /3/Jobs/$0301ac11000232d4ffffffff$_ad22f530a5205a2419dabb7c18d64ca7
2017-11-30 11:46:28,262   GET     200       1 ms  /3/Jobs/$0301ac11000232d4ffffffff$_ad22f530a5205a2419dabb7c18d64ca7
2017-11-30 11:46:29,783   GET     200       1 ms  /3/Jobs/$0301ac11000232d4ffffffff$_ad22f530a5205a2419dabb7c18d64ca7
2017-11-30 11:46:31,285   GET     200       1 ms  /3/Jobs/$0301ac11000232d4ffffffff$_ad22f530a5205a2419dabb7c18d64ca7
2017-11-30 11:46:32,775   GET     200       1 ms  /3/Jobs/$0301ac11000232d4ffffffff$_ad22f530a5205a2419dabb7c18d64ca7
2017-11-30 11:46:34,266   GET     200       0 ms  /3/Jobs/$0301ac11000232d4ffffffff$_ad22f530a5205a2419dabb7c18d64ca7
2017-11-30 11:46:35,713   GET     200       1 ms  /3/Jobs/$0301ac11000232d4ffffffff$_ad22f530a5205a2419dabb7c18d64ca7
2017-11-30 11:46:37,122   GET     200       1 ms  /3/Jobs/$0301ac11000232d4ffffffff$_ad22f530a5205a2419dabb7c18d64ca7
2017-11-30 11:46:38,486   GET     200       1 ms  /3/Jobs/$0301ac11000232d4ffffffff$_ad22f530a5205a2419dabb7c18d64ca7
2017-11-30 11:46:39,799   GET     200       1 ms  /3/Jobs/$0301ac11000232d4ffffffff$_ad22f530a5205a2419dabb7c18d64ca7
2017-11-30 11:46:41,060   GET     200       1 ms  /3/Jobs/$0301ac11000232d4ffffffff$_ad22f530a5205a2419dabb7c18d64ca7
2017-11-30 11:46:42,275   GET     200       0 ms  /3/Jobs/$0301ac11000232d4ffffffff$_ad22f530a5205a2419dabb7c18d64ca7
2017-11-30 11:46:43,444   GET     200       0 ms  /3/Jobs/$0301ac11000232d4ffffffff$_ad22f530a5205a2419dabb7c18d64ca7
2017-11-30 11:46:44,562   GET     200       1 ms  /3/Jobs/$0301ac11000232d4ffffffff$_ad22f530a5205a2419dabb7c18d64ca7
2017-11-30 11:46:45,673   GET     200       0 ms  /3/Jobs/$0301ac11000232d4ffffffff$_ad22f530a5205a2419dabb7c18d64ca7
2017-11-30 11:46:46,786   GET     200       1 ms  /3/Jobs/$0301ac11000232d4ffffffff$_ad22f530a5205a2419dabb7c18d64ca7
2017-11-30 11:46:47,904   GET     200       0 ms  /3/Jobs/$0301ac11000232d4ffffffff$_ad22f530a5205a2419dabb7c18d64ca7
2017-11-30 11:46:49,015   GET     200       1 ms  /3/Jobs/$0301ac11000232d4ffffffff$_ad22f530a5205a2419dabb7c18d64ca7
2017-11-30 11:46:50,131   GET     200       1 ms  /3/Jobs/$0301ac11000232d4ffffffff$_ad22f530a5205a2419dabb7c18d64ca7
2017-11-30 11:46:51,243   GET     200       1 ms  /3/Jobs/$0301ac11000232d4ffffffff$_ad22f530a5205a2419dabb7c18d64ca7
2017-11-30 11:46:52,361   GET     200       1 ms  /3/Jobs/$0301ac11000232d4ffffffff$_ad22f530a5205a2419dabb7c18d64ca7
2017-11-30 11:46:53,486   GET     200       1 ms  /3/Jobs/$0301ac11000232d4ffffffff$_ad22f530a5205a2419dabb7c18d64ca7
2017-11-30 11:46:54,606   GET     200       1 ms  /3/Jobs/$0301ac11000232d4ffffffff$_ad22f530a5205a2419dabb7c18d64ca7
2017-11-30 11:46:55,697   GET     200       1 ms  /3/Jobs/$0301ac11000232d4ffffffff$_ad22f530a5205a2419dabb7c18d64ca7
2017-11-30 11:46:56,728   GET     200       1 ms  /3/Jobs/$0301ac11000232d4ffffffff$_ad22f530a5205a2419dabb7c18d64ca7
2017-11-30 11:46:57,703   GET     200       1 ms  /3/Jobs/$0301ac11000232d4ffffffff$_ad22f530a5205a2419dabb7c18d64ca7
2017-11-30 11:46:58,605   GET     200       1 ms  /3/Jobs/$0301ac11000232d4ffffffff$_ad22f530a5205a2419dabb7c18d64ca7
2017-11-30 11:46:59,442   GET     200       0 ms  /3/Jobs/$0301ac11000232d4ffffffff$_ad22f530a5205a2419dabb7c18d64ca7
2017-11-30 11:47:00,190   GET     200       0 ms  /3/Jobs/$0301ac11000232d4ffffffff$_ad22f530a5205a2419dabb7c18d64ca7
2017-11-30 11:47:00,800   GET     200       1 ms  /3/Jobs/$0301ac11000232d4ffffffff$_ad22f530a5205a2419dabb7c18d64ca7
2017-11-30 11:47:01,410   GET     200       1 ms  /3/Jobs/$0301ac11000232d4ffffffff$_ad22f530a5205a2419dabb7c18d64ca7
2017-11-30 11:47:02,026   GET     200       1 ms  /3/Jobs/$0301ac11000232d4ffffffff$_ad22f530a5205a2419dabb7c18d64ca7
2017-11-30 11:47:02,637   GET     200       1 ms  /3/Jobs/$0301ac11000232d4ffffffff$_ad22f530a5205a2419dabb7c18d64ca7
2017-11-30 11:47:03,247   GET     200       0 ms  /3/Jobs/$0301ac11000232d4ffffffff$_ad22f530a5205a2419dabb7c18d64ca7
2017-11-30 11:47:03,858   GET     200       0 ms  /3/Jobs/$0301ac11000232d4ffffffff$_ad22f530a5205a2419dabb7c18d64ca7
2017-11-30 11:47:04,475   GET     200       0 ms  /3/Jobs/$0301ac11000232d4ffffffff$_ad22f530a5205a2419dabb7c18d64ca7
2017-11-30 11:47:05,087   GET     200       1 ms  /3/Jobs/$0301ac11000232d4ffffffff$_ad22f530a5205a2419dabb7c18d64ca7
2017-11-30 11:47:05,698   GET     200       1 ms  /3/Jobs/$0301ac11000232d4ffffffff$_ad22f530a5205a2419dabb7c18d64ca7
2017-11-30 11:47:06,309   GET     200       1 ms  /3/Jobs/$0301ac11000232d4ffffffff$_ad22f530a5205a2419dabb7c18d64ca7
2017-11-30 11:47:06,922   GET     200       1 ms  /3/Jobs/$0301ac11000232d4ffffffff$_ad22f530a5205a2419dabb7c18d64ca7
2017-11-30 11:47:07,533   GET     200       1 ms  /3/Jobs/$0301ac11000232d4ffffffff$_ad22f530a5205a2419dabb7c18d64ca7
2017-11-30 11:47:08,151   GET     200       0 ms  /3/Jobs/$0301ac11000232d4ffffffff$_ad22f530a5205a2419dabb7c18d64ca7
2017-11-30 11:47:08,762   GET     200       1 ms  /3/Jobs/$0301ac11000232d4ffffffff$_ad22f530a5205a2419dabb7c18d64ca7
2017-11-30 11:47:09,373   GET     200       1 ms  /3/Jobs/$0301ac11000232d4ffffffff$_ad22f530a5205a2419dabb7c18d64ca7
2017-11-30 11:47:09,983   GET     200       0 ms  /3/Jobs/$0301ac11000232d4ffffffff$_ad22f530a5205a2419dabb7c18d64ca7
2017-11-30 11:47:10,595   GET     200       1 ms  /3/Jobs/$0301ac11000232d4ffffffff$_ad22f530a5205a2419dabb7c18d64ca7
2017-11-30 11:47:11,206   GET     200       1 ms  /3/Jobs/$0301ac11000232d4ffffffff$_ad22f530a5205a2419dabb7c18d64ca7
2017-11-30 11:47:11,819   GET     200       0 ms  /3/Jobs/$0301ac11000232d4ffffffff$_ad22f530a5205a2419dabb7c18d64ca7
2017-11-30 11:47:12,430   GET     200       1 ms  /3/Jobs/$0301ac11000232d4ffffffff$_ad22f530a5205a2419dabb7c18d64ca7
2017-11-30 11:47:13,041   GET     200       0 ms  /3/Jobs/$0301ac11000232d4ffffffff$_ad22f530a5205a2419dabb7c18d64ca7
2017-11-30 11:47:13,653   GET     200       0 ms  /3/Jobs/$0301ac11000232d4ffffffff$_ad22f530a5205a2419dabb7c18d64ca7
2017-11-30 11:47:14,263   GET     200       0 ms  /3/Jobs/$0301ac11000232d4ffffffff$_ad22f530a5205a2419dabb7c18d64ca7
2017-11-30 11:47:14,875   GET     200       1 ms  /3/Jobs/$0301ac11000232d4ffffffff$_ad22f530a5205a2419dabb7c18d64ca7
2017-11-30 11:47:15,487   GET     200       1 ms  /3/Jobs/$0301ac11000232d4ffffffff$_ad22f530a5205a2419dabb7c18d64ca7
2017-11-30 11:47:15,553   GET     200      51 ms  /3/Models/GBM_model_python_1512037018635_44
2017-11-30 11:48:20,812   POST    200      22 ms  /3/PartialDependence/
2017-11-30 11:48:20,867   GET     200      47 ms  /3/Jobs/$0301ac11000232d4ffffffff$_b17e3485c751e82967b473292d614697
2017-11-30 11:48:21,081   GET     200       1 ms  /3/Jobs/$0301ac11000232d4ffffffff$_b17e3485c751e82967b473292d614697
2017-11-30 11:48:21,292   GET     200       1 ms  /3/Jobs/$0301ac11000232d4ffffffff$_b17e3485c751e82967b473292d614697
2017-11-30 11:48:21,512   GET     200       1 ms  /3/Jobs/$0301ac11000232d4ffffffff$_b17e3485c751e82967b473292d614697
2017-11-30 11:48:21,723   GET     200       1 ms  /3/Jobs/$0301ac11000232d4ffffffff$_b17e3485c751e82967b473292d614697
2017-11-30 11:48:21,934   GET     200       1 ms  /3/Jobs/$0301ac11000232d4ffffffff$_b17e3485c751e82967b473292d614697
2017-11-30 11:48:22,158   GET     200       1 ms  /3/Jobs/$0301ac11000232d4ffffffff$_b17e3485c751e82967b473292d614697
2017-11-30 11:48:22,427   GET     200       0 ms  /3/Jobs/$0301ac11000232d4ffffffff$_b17e3485c751e82967b473292d614697
2017-11-30 11:48:22,751   GET     200       1 ms  /3/Jobs/$0301ac11000232d4ffffffff$_b17e3485c751e82967b473292d614697
2017-11-30 11:48:23,145   GET     200       1 ms  /3/Jobs/$0301ac11000232d4ffffffff$_b17e3485c751e82967b473292d614697
2017-11-30 11:48:23,611   GET     200       0 ms  /3/Jobs/$0301ac11000232d4ffffffff$_b17e3485c751e82967b473292d614697
2017-11-30 11:48:24,173   GET     200       1 ms  /3/Jobs/$0301ac11000232d4ffffffff$_b17e3485c751e82967b473292d614697
2017-11-30 11:48:24,846   GET     200       1 ms  /3/Jobs/$0301ac11000232d4ffffffff$_b17e3485c751e82967b473292d614697
2017-11-30 11:48:25,656   GET     200       1 ms  /3/Jobs/$0301ac11000232d4ffffffff$_b17e3485c751e82967b473292d614697
2017-11-30 11:48:26,626   GET     200       2 ms  /3/Jobs/$0301ac11000232d4ffffffff$_b17e3485c751e82967b473292d614697
2017-11-30 11:48:27,790   GET     200       1 ms  /3/Jobs/$0301ac11000232d4ffffffff$_b17e3485c751e82967b473292d614697
2017-11-30 11:48:29,187   GET     200       1 ms  /3/Jobs/$0301ac11000232d4ffffffff$_b17e3485c751e82967b473292d614697
2017-11-30 11:48:30,699   GET     200       1 ms  /3/Jobs/$0301ac11000232d4ffffffff$_b17e3485c751e82967b473292d614697
2017-11-30 11:48:32,212   GET     200       0 ms  /3/Jobs/$0301ac11000232d4ffffffff$_b17e3485c751e82967b473292d614697
2017-11-30 11:48:33,723   GET     200       1 ms  /3/Jobs/$0301ac11000232d4ffffffff$_b17e3485c751e82967b473292d614697
2017-11-30 11:48:35,234   GET     200       1 ms  /3/Jobs/$0301ac11000232d4ffffffff$_b17e3485c751e82967b473292d614697
2017-11-30 11:48:36,746   GET     200       1 ms  /3/Jobs/$0301ac11000232d4ffffffff$_b17e3485c751e82967b473292d614697
2017-11-30 11:48:38,258   GET     200       1 ms  /3/Jobs/$0301ac11000232d4ffffffff$_b17e3485c751e82967b473292d614697
2017-11-30 11:48:39,769   GET     200       1 ms  /3/Jobs/$0301ac11000232d4ffffffff$_b17e3485c751e82967b473292d614697
2017-11-30 11:48:41,281   GET     200       1 ms  /3/Jobs/$0301ac11000232d4ffffffff$_b17e3485c751e82967b473292d614697
2017-11-30 11:48:42,797   GET     200       1 ms  /3/Jobs/$0301ac11000232d4ffffffff$_b17e3485c751e82967b473292d614697
2017-11-30 11:48:44,312   GET     200       1 ms  /3/Jobs/$0301ac11000232d4ffffffff$_b17e3485c751e82967b473292d614697
2017-11-30 11:48:45,823   GET     200       0 ms  /3/Jobs/$0301ac11000232d4ffffffff$_b17e3485c751e82967b473292d614697
2017-11-30 11:48:47,335   GET     200       0 ms  /3/Jobs/$0301ac11000232d4ffffffff$_b17e3485c751e82967b473292d614697
2017-11-30 11:48:48,847   GET     200       1 ms  /3/Jobs/$0301ac11000232d4ffffffff$_b17e3485c751e82967b473292d614697
2017-11-30 11:48:50,360   GET     200       1 ms  /3/Jobs/$0301ac11000232d4ffffffff$_b17e3485c751e82967b473292d614697
2017-11-30 11:48:51,873   GET     200       1 ms  /3/Jobs/$0301ac11000232d4ffffffff$_b17e3485c751e82967b473292d614697
2017-11-30 11:48:53,388   GET     200       1 ms  /3/Jobs/$0301ac11000232d4ffffffff$_b17e3485c751e82967b473292d614697
2017-11-30 11:48:53,433   GET     200      30 ms  /3/PartialDependence/_845465b8764cd9b0b60dee5037f84da3
2017-11-30 11:48:53,594   POST    200       7 ms  /99/Rapids
2017-11-30 11:48:53,604   POST    200       2 ms  /99/Rapids
2017-11-30 11:48:53,740   POST    200       4 ms  /3/PartialDependence/
2017-11-30 11:48:53,785   GET     200      21 ms  /3/Jobs/$0301ac11000232d4ffffffff$_96d0d9560edd30e73e1dc0cbbd9c4eca
2017-11-30 11:48:53,997   GET     200       0 ms  /3/Jobs/$0301ac11000232d4ffffffff$_96d0d9560edd30e73e1dc0cbbd9c4eca
2017-11-30 11:48:54,218   GET     200       0 ms  /3/Jobs/$0301ac11000232d4ffffffff$_96d0d9560edd30e73e1dc0cbbd9c4eca
2017-11-30 11:48:54,448   GET     200       1 ms  /3/Jobs/$0301ac11000232d4ffffffff$_96d0d9560edd30e73e1dc0cbbd9c4eca
2017-11-30 11:48:54,668   GET     200       1 ms  /3/Jobs/$0301ac11000232d4ffffffff$_96d0d9560edd30e73e1dc0cbbd9c4eca
2017-11-30 11:48:54,882   GET     200       0 ms  /3/Jobs/$0301ac11000232d4ffffffff$_96d0d9560edd30e73e1dc0cbbd9c4eca
2017-11-30 11:48:55,115   GET     200       1 ms  /3/Jobs/$0301ac11000232d4ffffffff$_96d0d9560edd30e73e1dc0cbbd9c4eca
2017-11-30 11:48:55,398   GET     200       1 ms  /3/Jobs/$0301ac11000232d4ffffffff$_96d0d9560edd30e73e1dc0cbbd9c4eca
2017-11-30 11:48:55,731   GET     200       1 ms  /3/Jobs/$0301ac11000232d4ffffffff$_96d0d9560edd30e73e1dc0cbbd9c4eca
2017-11-30 11:48:56,136   GET     200       1 ms  /3/Jobs/$0301ac11000232d4ffffffff$_96d0d9560edd30e73e1dc0cbbd9c4eca
2017-11-30 11:48:56,618   GET     200       0 ms  /3/Jobs/$0301ac11000232d4ffffffff$_96d0d9560edd30e73e1dc0cbbd9c4eca
2017-11-30 11:48:57,197   GET     200       1 ms  /3/Jobs/$0301ac11000232d4ffffffff$_96d0d9560edd30e73e1dc0cbbd9c4eca
2017-11-30 11:48:57,892   GET     200       0 ms  /3/Jobs/$0301ac11000232d4ffffffff$_96d0d9560edd30e73e1dc0cbbd9c4eca
2017-11-30 11:48:58,730   GET     200       1 ms  /3/Jobs/$0301ac11000232d4ffffffff$_96d0d9560edd30e73e1dc0cbbd9c4eca
2017-11-30 11:48:59,738   GET     200       1 ms  /3/Jobs/$0301ac11000232d4ffffffff$_96d0d9560edd30e73e1dc0cbbd9c4eca
2017-11-30 11:49:00,939   GET     200       1 ms  /3/Jobs/$0301ac11000232d4ffffffff$_96d0d9560edd30e73e1dc0cbbd9c4eca
2017-11-30 11:49:02,400   GET     200       1 ms  /3/Jobs/$0301ac11000232d4ffffffff$_96d0d9560edd30e73e1dc0cbbd9c4eca
2017-11-30 11:49:03,914   GET     200       0 ms  /3/Jobs/$0301ac11000232d4ffffffff$_96d0d9560edd30e73e1dc0cbbd9c4eca
